1	4	40078	1544458921511657463
50	4	40078	1544458921511680752
51	4	40078	1544458921511741523
5	4	40078	1544458921511749417
6	6	40070	1544458921511784857
7	6	40070	1544458921511787763
6	3	40072	1544458921511842975
7	3	40072	1544458921511845882
6	1	40073	1544458921511853922
7	1	40073	1544458921511856833
6	5	40074	1544458921511921982
7	5	40074	1544458921511924665
6	4	40076	1544458921511936019
7	4	40076	1544458921511937825
6	7	40075	1544458921511953588
7	7	40075	1544458921511956040
6	6	40077	1544458921511970654
7	6	40077	1544458921511972979
6	2	40071	1544458921514461933
7	2	40071	1544458921514467477
8	4	40078	1544458921514523390
9	4	40078	1544458921514577337
11	4	40078	1544458921514581590
12	4	40078	1544458921514582165
16	4	40078	1544458921514585248
1	0	40083	1544458922023429432
50	0	40083	1544458922023443715
51	0	40083	1544458922023457818
5	0	40083	1544458922023464382
6	6	40070	1544458922023606359
6	2	40071	1544458922023609046
7	2	40071	1544458922023626450
6	3	40072	1544458922023632756
7	3	40072	1544458922023637329
7	6	40070	1544458922023641405
6	5	40074	1544458922023646445
6	1	40073	1544458922023649207
6	4	40076	1544458922023649947
7	5	40074	1544458922023651030
6	6	40077	1544458922023651858
7	1	40073	1544458922023653042
7	4	40076	1544458922023653194
7	6	40077	1544458922023653447
6	7	40075	1544458922023656978
7	7	40075	1544458922023660065
8	0	40083	1544458922023700332
9	0	40083	1544458922023721512
11	0	40083	1544458922023722887
12	0	40083	1544458922023723385
16	0	40083	1544458922023726220
1	5	40084	1544458922424991351
50	5	40084	1544458922424999126
51	5	40084	1544458922425005609
5	5	40084	1544458922425008117
6	6	40070	1544458922425065013
6	1	40073	1544458922425081872
6	5	40074	1544458922425083252
7	5	40074	1544458922425086269
7	1	40073	1544458922425086837
7	6	40070	1544458922425092843
6	7	40075	1544458922425123102
6	3	40072	1544458922425125103
7	7	40075	1544458922425125362
7	3	40072	1544458922425126379
6	2	40071	1544458922425128199
7	2	40071	1544458922425131527
6	4	40076	1544458922425154134
7	4	40076	1544458922425156419
6	6	40077	1544458922425171186
7	6	40077	1544458922425172869
8	5	40084	1544458922425211760
9	5	40084	1544458922425225378
11	5	40084	1544458922425226285
12	5	40084	1544458922425226688
16	5	40084	1544458922425228145
1	1	40081	1544458922753491630
50	1	40081	1544458922753498904
51	1	40081	1544458922753505650
5	1	40081	1544458922753507940
6	6	40070	1544458922753538360
7	6	40070	1544458922753540760
6	1	40073	1544458922753554868
7	1	40073	1544458922753555913
6	5	40074	1544458922753596417
7	5	40074	1544458922753599225
6	3	40072	1544458922753606186
6	7	40075	1544458922753612085
6	4	40076	1544458922753613079
7	7	40075	1544458922753614166
7	4	40076	1544458922753615121
6	6	40077	1544458922753615979
7	3	40072	1544458922753616426
7	6	40077	1544458922753617890
6	2	40071	1544458922753620772
7	2	40071	1544458922753623010
8	1	40081	1544458922753661871
9	1	40081	1544458922753667600
11	1	40081	1544458922753668355
12	1	40081	1544458922753668697
16	1	40081	1544458922753669822
1	0	40083	1544458923121243133
50	0	40083	1544458923121250303
51	0	40083	1544458923121257412
5	0	40083	1544458923121260155
6	6	40070	1544458923121288250
7	6	40070	1544458923121290871
6	6	40077	1544458923121356224
6	5	40074	1544458923121358435
7	6	40077	1544458923121359110
7	5	40074	1544458923121361358
6	3	40072	1544458923121364274
7	3	40072	1544458923121366643
6	1	40073	1544458923121387993
7	1	40073	1544458923121390725
6	4	40076	1544458923121394492
7	4	40076	1544458923121396726
6	2	40071	1544458923121400911
7	2	40071	1544458923121402828
6	7	40075	1544458923121403673
7	7	40075	1544458923121405705
8	0	40083	1544458923121434955
9	0	40083	1544458923121440943
11	0	40083	1544458923121441894
12	0	40083	1544458923121442249
16	0	40083	1544458923121443362
1	7	40079	1544458923486378358
50	7	40079	1544458923486385487
51	7	40079	1544458923486392617
5	7	40079	1544458923486401352
6	6	40070	1544458923486434606
7	6	40070	1544458923486436987
6	3	40072	1544458923486451353
7	3	40072	1544458923486453674
6	2	40071	1544458923486462680
7	2	40071	1544458923486465504
6	7	40075	1544458923486466754
6	1	40073	1544458923486467684
7	7	40075	1544458923486468928
7	1	40073	1544458923486469949
6	5	40074	1544458923486476998
7	5	40074	1544458923486478861
6	6	40077	1544458923486504380
7	6	40077	1544458923486506404
6	4	40076	1544458923486507345
7	4	40076	1544458923486508864
8	7	40079	1544458923486537259
9	7	40079	1544458923486543034
11	7	40079	1544458923486543824
12	7	40079	1544458923486544168
16	7	40079	1544458923486545196
1	1	40080	1544458923757421641
50	1	40080	1544458923757428997
51	1	40080	1544458923757435880
5	1	40080	1544458923757438357
6	3	40072	1544458923757493008
7	3	40072	1544458923757495417
6	6	40070	1544458923757501222
7	6	40070	1544458923757503236
6	6	40073	1544458923757514633
7	6	40073	1544458923757515419
6	5	40074	1544458923757518236
7	5	40074	1544458923757521084
6	7	40075	1544458923757531413
7	7	40075	1544458923757533522
6	6	40077	1544458923757539144
7	6	40077	1544458923757540335
6	4	40076	1544458923757553933
6	2	40071	1544458923757559103
7	4	40076	1544458923757559672
7	2	40071	1544458923757560882
8	1	40080	1544458923757589282
9	1	40080	1544458923757596065
11	1	40080	1544458923757596846
12	1	40080	1544458923757597201
16	1	40080	1544458923757598344
1	5	40084	1544458924291853502
50	5	40084	1544458924291861389
51	5	40084	1544458924291868073
5	5	40084	1544458924291870582
6	2	40071	1544458924291916693
7	2	40071	1544458924291919063
6	5	40074	1544458924291924162
7	5	40074	1544458924291925437
6	6	40073	1544458924291944912
7	6	40073	1544458924291947343
6	7	40075	1544458924291967357
7	7	40075	1544458924291969838
6	4	40076	1544458924291975739
6	6	40070	1544458924291976733
7	4	40076	1544458924291977666
7	6	40070	1544458924291977841
6	6	40077	1544458924291982317
7	6	40077	1544458924291983166
6	5	40072	1544458924293006617
7	5	40072	1544458924293008676
8	5	40084	1544458924293015017
9	5	40084	1544458924293021123
11	5	40084	1544458924293021757
12	5	40084	1544458924293022098
16	5	40084	1544458924293023028
1	4	40078	1544458924440746463
50	4	40078	1544458924440753588
51	4	40078	1544458924440765552
5	4	40078	1544458924440768467
6	2	40071	1544458924440817500
7	2	40071	1544458924440821781
6	5	40074	1544458924440824679
7	5	40074	1544458924440827352
6	4	40076	1544458924440832914
6	5	40072	1544458924440833407
7	4	40076	1544458924440834079
7	5	40072	1544458924440834332
6	7	40075	1544458924440852707
6	6	40073	1544458924440853384
7	7	40075	1544458924440855158
7	6	40073	1544458924440855546
6	6	40070	1544458924440861662
7	6	40070	1544458924440862534
6	6	40077	1544458924440866430
7	6	40077	1544458924440867441
8	4	40078	1544458924440937233
9	4	40078	1544458924440943846
11	4	40078	1544458924440944550
12	4	40078	1544458924440944899
16	4	40078	1544458924440946051
1	0	40082	1544458924774036398
50	0	40082	1544458924774044322
51	0	40082	1544458924774057560
5	0	40082	1544458924774059960
6	2	40071	1544458924774105411
7	2	40071	1544458924774108051
6	5	40074	1544458924774115379
7	5	40074	1544458924774117831
6	5	40072	1544458924774123802
7	5	40072	1544458924774124720
6	6	40073	1544458924774151302
7	6	40073	1544458924774175282
6	6	40070	1544458924774184216
7	6	40070	1544458924774185260
6	7	40075	1544458924774186266
6	6	40077	1544458924774189301
7	6	40077	1544458924774190281
7	7	40075	1544458924774218527
6	4	40076	1544458924774276733
7	4	40076	1544458924774280132
8	0	40082	1544458924774353332
9	0	40082	1544458924774359912
11	0	40082	1544458924774360636
12	0	40082	1544458924774361012
16	0	40082	1544458924774362315
1	7	40079	1544458925154041936
50	7	40079	1544458925154049013
51	7	40079	1544458925154055726
5	7	40079	1544458925154058301
6	6	40070	1544458925154087983
7	6	40070	1544458925154091120
6	2	40071	1544458925154122583
6	5	40074	1544458925154123848
6	7	40075	1544458925154124946
7	7	40075	1544458925154126296
7	5	40074	1544458925154126467
6	5	40072	1544458925154132837
7	5	40072	1544458925154133690
7	2	40071	1544458925154141516
6	6	40073	1544458925154147530
7	6	40073	1544458925154149975
6	2	40077	1544458925154154067
7	2	40077	1544458925154154987
6	4	40076	1544458925154162745
7	4	40076	1544458925154165052
8	7	40079	1544458925154233668
9	7	40079	1544458925154239745
11	7	40079	1544458925154240439
12	7	40079	1544458925154240917
16	7	40079	1544458925154242398
1	1	40081	1544458925423858802
50	1	40081	1544458925423865756
51	1	40081	1544458925423872322
5	1	40081	1544458925423874849
6	2	40071	1544458925423921706
7	2	40071	1544458925423924225
6	6	40073	1544458925423947657
6	5	40074	1544458925423949054
7	6	40073	1544458925423950631
7	5	40074	1544458925423951433
6	7	40075	1544458925423954176
7	7	40075	1544458925423955621
6	6	40070	1544458925423957286
6	5	40072	1544458925423957917
7	6	40070	1544458925423958232
7	5	40072	1544458925423959057
6	4	40076	1544458925423962447
7	4	40076	1544458925423964595
6	2	40077	1544458925423974274
7	2	40077	1544458925423976760
8	1	40081	1544458925423999997
9	1	40081	1544458925424006210
11	1	40081	1544458925424006956
12	1	40081	1544458925424007317
16	1	40081	1544458925424013795
