1	0	18251	1544088821582866164
5	0	18251	1544088821582924614
6	2	18241	1544088821582932698
7	2	18241	1544088821582933946
6	3	18242	1544088821582936669
7	3	18242	1544088821582937934
6	4	18243	1544088821582938223
7	4	18243	1544088821582939377
6	6	18244	1544088821582939917
7	6	18244	1544088821582941890
6	0	18245	1544088821582949296
7	0	18245	1544088821582950055
6	0	18247	1544088821582957401
7	0	18247	1544088821582958133
6	0	18248	1544088821582960481
7	0	18248	1544088821582961019
6	0	18246	1544088821582962842
7	0	18246	1544088821582963383
8	2	18251	1544088821582967038
9	2	18251	1544088821582984363
11	2	18251	1544088821582986627
12	2	18251	1544088821582986955
16	2	18251	1544088821582987811
1	6	18253	1544088823421574553
5	6	18253	1544088823421591607
6	6	18245	1544088823421612397
7	6	18245	1544088823421613199
6	4	18243	1544088823421625599
6	0	18248	1544088823421628175
7	0	18248	1544088823421629379
6	4	18247	1544088823421630441
7	4	18247	1544088823421631485
6	0	18241	1544088823421633229
7	4	18243	1544088823421633648
7	0	18241	1544088823421633819
6	1	18242	1544088823421634901
6	0	18246	1544088823421636178
7	0	18246	1544088823421636920
7	1	18242	1544088823421639314
6	4	18244	1544088823421640297
7	4	18244	1544088823421641861
8	6	18253	1544088823421647295
9	6	18253	1544088823421653312
11	6	18253	1544088823421654108
12	6	18253	1544088823421654538
16	6	18253	1544088823421655520
1	6	18249	1544088824960487710
5	6	18249	1544088824960502390
6	2	18241	1544088824960507916
7	2	18241	1544088824960508853
6	3	18242	1544088824960511530
7	3	18242	1544088824960513507
6	5	18243	1544088824960514655
7	5	18243	1544088824960516102
6	2	18245	1544088824960516298
7	2	18245	1544088824960517243
6	3	18247	1544088824960520251
6	2	18248	1544088824960520973
7	3	18247	1544088824960521174
7	2	18248	1544088824960521733
6	6	18246	1544088824960522215
7	6	18246	1544088824960523066
6	6	18244	1544088824960525639
7	6	18244	1544088824960526162
8	2	18249	1544088824960528981
9	2	18249	1544088824960533422
11	2	18249	1544088824960534076
12	2	18249	1544088824960534369
16	2	18249	1544088824960535160
