1	6	8651	1544093538630055314
5	6	8651	1544093538630121759
6	3	8642	1544093538630130359
7	3	8642	1544093538630131918
6	6	8644	1544093538630147460
7	6	8644	1544093538630148271
6	6	8647	1544093538630156295
7	6	8647	1544093538630157004
6	3	8643	1544093538630157205
7	3	8643	1544093538630158071
6	6	8648	1544093538630160177
7	6	8648	1544093538630161158
6	6	8645	1544093538630163788
7	6	8645	1544093538630164357
6	6	8646	1544093538630166664
7	6	8646	1544093538630167474
6	6	8649	1544093538630169863
7	6	8649	1544093538630170535
8	3	8651	1544093538630175932
9	3	8651	1544093538630197438
11	3	8651	1544093538630200786
12	3	8651	1544093538630201275
16	3	8651	1544093538630202415
1	1	8655	1544093541622594260
5	1	8655	1544093541622609750
6	4	8642	1544093541622616689
6	5	8643	1544093541622617147
7	4	8642	1544093541622618225
7	5	8643	1544093541622618394
6	5	8648	1544093541622625061
7	5	8648	1544093541622625731
6	4	8649	1544093541622627458
6	1	8647	1544093541622628288
7	4	8649	1544093541622628881
7	1	8647	1544093541622629365
6	1	8644	1544093541622631706
7	1	8644	1544093541622632209
6	1	8645	1544093541622634490
7	1	8645	1544093541622634981
6	1	8646	1544093541622636760
7	1	8646	1544093541622637371
8	4	8655	1544093541622641682
9	4	8655	1544093541622647029
11	4	8655	1544093541622647711
12	4	8655	1544093541622648383
16	4	8655	1544093541622649343
1	1	8651	1544093543627161845
5	1	8651	1544093543627180602
6	6	8642	1544093543627187984
7	6	8642	1544093543627189391
6	7	8643	1544093543627189997
7	7	8643	1544093543627191321
6	6	8648	1544093543627198627
7	6	8648	1544093543627199756
6	7	8649	1544093543627200370
6	1	8647	1544093543627200938
7	7	8649	1544093543627201558
7	1	8647	1544093543627202031
6	1	8644	1544093543627205317
7	1	8644	1544093543627205922
6	1	8645	1544093543627208322
7	1	8645	1544093543627209331
6	1	8646	1544093543627211757
7	1	8646	1544093543627212593
8	6	8651	1544093543627216443
9	6	8651	1544093543627223246
11	6	8651	1544093543627223929
12	6	8651	1544093543627224353
16	6	8651	1544093543627225206
1	5	8655	1544093544746378824
5	5	8655	1544093544746393288
6	6	8642	1544093544746399855
6	7	8643	1544093544746400667
7	6	8642	1544093544746401724
7	7	8643	1544093544746402162
6	3	8644	1544093544746403361
7	3	8644	1544093544746404159
6	1	8647	1544093544746409782
7	1	8647	1544093544746410821
6	6	8648	1544093544746412238
6	1	8646	1544093544746413156
6	7	8649	1544093544746413381
6	5	8645	1544093544746413835
7	6	8648	1544093544746413968
7	1	8646	1544093544746414500
7	7	8649	1544093544746414702
7	5	8645	1544093544746414862
8	6	8655	1544093544746421443
9	6	8655	1544093544746427680
11	6	8655	1544093544746428389
12	6	8655	1544093544746428795
16	6	8655	1544093544746429687
