1	2	35315	1544455040061276502
50	2	35315	1544455040061301223
51	2	35315	1544455040061343589
5	2	35315	1544455040061349425
6	5	35308	1544455040061427134
6	7	35309	1544455040061428248
6	4	35307	1544455040061428937
7	5	35308	1544455040061429733
7	4	35307	1544455040061430417
7	7	35309	1544455040061430663
6	3	35311	1544455040061432159
7	3	35311	1544455040061433487
6	1	35310	1544455040061435003
7	1	35310	1544455040061437266
6	6	35312	1544455040061445810
6	3	35313	1544455040061455259
7	3	35313	1544455040061456609
7	6	35312	1544455040061464306
6	6	35314	1544455040061470814
7	6	35314	1544455040061471806
8	2	35315	1544455040061705805
9	2	35315	1544455040061729089
11	2	35315	1544455040061732320
12	2	35315	1544455040061732723
16	2	35315	1544455040061734011
1	7	35318	1544455040644435017
50	7	35318	1544455040644442835
51	7	35318	1544455040644449521
5	7	35318	1544455040644452216
6	4	35307	1544455040644495411
7	4	35307	1544455040644497690
6	1	35310	1544455040644516514
6	7	35309	1544455040644519139
7	1	35310	1544455040644520034
7	7	35309	1544455040644521081
6	3	35311	1544455040644531209
7	3	35311	1544455040644534019
6	5	35308	1544455040644537421
7	5	35308	1544455040644538842
6	3	35313	1544455040644540159
6	6	35312	1544455040644541143
7	6	35312	1544455040644547005
7	3	35313	1544455040644547558
6	6	35314	1544455040644552723
7	6	35314	1544455040644553667
8	7	35318	1544455040644621563
9	7	35318	1544455040644629281
11	7	35318	1544455040644630870
12	7	35318	1544455040644631261
16	7	35318	1544455040644635336
1	1	35322	1544455041477541287
50	1	35322	1544455041477548277
51	1	35322	1544455041477555007
5	1	35322	1544455041477557353
6	1	35310	1544455041477601018
7	1	35310	1544455041477602154
6	4	35307	1544455041477625301
7	4	35307	1544455041477628133
6	3	35311	1544455041477648061
7	3	35311	1544455041477650568
6	3	35313	1544455041477657142
7	3	35313	1544455041477658102
6	7	35309	1544455041477659362
6	5	35308	1544455041477667352
7	7	35309	1544455041477667955
6	6	35312	1544455041477668941
7	5	35308	1544455041477669697
7	6	35312	1544455041477671256
6	6	35314	1544455041477676588
7	6	35314	1544455041477677636
8	1	35322	1544455041477702670
9	1	35322	1544455041477708491
11	1	35322	1544455041477709193
12	1	35322	1544455041477709548
16	1	35322	1544455041477710952
1	7	35320	1544455041985546951
50	7	35320	1544455041985555861
51	7	35320	1544455041985564062
5	7	35320	1544455041985567101
6	7	35309	1544455041985606513
7	7	35309	1544455041985607921
6	4	35307	1544455041985660181
7	4	35307	1544455041985662723
6	5	35308	1544455041985670295
7	5	35308	1544455041985672384
6	3	35311	1544455041985685532
7	3	35311	1544455041985687645
6	3	35313	1544455041985711032
7	3	35313	1544455041985712620
6	1	35310	1544455041985810339
7	1	35310	1544455041985812693
6	6	35312	1544455041985825247
7	6	35312	1544455041985827294
6	6	35314	1544455041985832525
7	6	35314	1544455041985833280
8	7	35320	1544455041985861645
9	7	35320	1544455041985868234
11	7	35320	1544455041985869109
12	7	35320	1544455041985869548
16	7	35320	1544455041985870798
1	3	35316	1544455042371292230
50	3	35316	1544455042371299638
51	3	35316	1544455042371306745
5	3	35316	1544455042371309073
6	4	35307	1544455042371341678
7	4	35307	1544455042371344015
6	7	35309	1544455042371360717
7	7	35309	1544455042371362853
6	3	35311	1544455042371364828
6	5	35308	1544455042371366090
7	3	35311	1544455042371366747
7	5	35308	1544455042371368618
6	1	35310	1544455042371380037
7	1	35310	1544455042371382506
6	3	35313	1544455042371391141
7	3	35313	1544455042371392865
6	6	35312	1544455042371408310
7	6	35312	1544455042371410525
6	6	35314	1544455042371417834
7	6	35314	1544455042371419228
8	3	35316	1544455042371487555
9	3	35316	1544455042371494138
11	3	35316	1544455042371494827
12	3	35316	1544455042371495180
16	3	35316	1544455042371496420
1	2	35315	1544455042861027608
50	2	35315	1544455042861035000
51	2	35315	1544455042861052145
5	2	35315	1544455042861054566
6	7	35309	1544455042861103237
7	7	35309	1544455042861105631
6	4	35307	1544455042861126834
7	4	35307	1544455042861129630
6	1	35310	1544455042861130493
7	1	35310	1544455042861132880
6	3	35311	1544455042861145134
7	3	35311	1544455042861147416
6	3	35313	1544455042861153644
6	6	35312	1544455042861154217
7	3	35313	1544455042861154661
7	6	35312	1544455042861156654
6	6	35314	1544455042861164358
7	6	35314	1544455042861165538
6	1	35308	1544455042861840849
7	1	35308	1544455042861842815
8	2	35315	1544455042861918104
9	2	35315	1544455042861929657
11	2	35315	1544455042861930526
12	2	35315	1544455042861931030
16	2	35315	1544455042861932920
1	7	35318	1544455043223784226
50	7	35318	1544455043223791401
51	7	35318	1544455043223798403
5	7	35318	1544455043223800867
6	1	35310	1544455043223869090
7	1	35310	1544455043223871936
6	7	35309	1544455043223876069
7	7	35309	1544455043223877641
6	1	35308	1544455043223878843
7	1	35308	1544455043223879633
6	3	35311	1544455043223880324
6	4	35307	1544455043223881352
7	4	35307	1544455043223882861
7	3	35311	1544455043223883589
6	6	35312	1544455043223889649
6	1	35313	1544455043223890088
7	1	35313	1544455043223890845
7	6	35312	1544455043223892043
6	6	35314	1544455043223898453
7	6	35314	1544455043223899382
8	7	35318	1544455043223926153
9	7	35318	1544455043223931758
11	7	35318	1544455043223932466
12	7	35318	1544455043223932841
16	7	35318	1544455043223933927
1	1	35322	1544455043583922659
50	1	35322	1544455043583929291
51	1	35322	1544455043583935443
5	1	35322	1544455043583938250
6	1	35308	1544455043583988932
7	1	35308	1544455043583990366
6	1	35310	1544455043583995418
7	1	35310	1544455043583996003
6	4	35307	1544455043584002634
7	4	35307	1544455043584005034
6	1	35313	1544455043584032837
7	1	35313	1544455043584034503
6	3	35311	1544455043584038614
7	3	35311	1544455043584040937
6	7	35309	1544455043584043171
6	6	35312	1544455043584044492
7	6	35312	1544455043584045986
7	7	35309	1544455043584046671
6	6	35314	1544455043584052961
7	6	35314	1544455043584053963
8	1	35322	1544455043584080993
9	1	35322	1544455043584087208
11	1	35322	1544455043584087891
12	1	35322	1544455043584088236
16	1	35322	1544455043584089372
1	7	35321	1544455044062751986
50	7	35321	1544455044062759319
51	7	35321	1544455044062766128
5	7	35321	1544455044062768673
6	7	35309	1544455044062803870
7	7	35309	1544455044062804993
6	4	35307	1544455044062806243
7	4	35307	1544455044062808906
6	1	35310	1544455044062832463
7	1	35310	1544455044062836217
6	1	35308	1544455044062840620
7	1	35308	1544455044062841624
6	3	35311	1544455044062853444
7	3	35311	1544455044062855916
6	6	35312	1544455044062857966
7	6	35312	1544455044062860058
6	1	35313	1544455044062868064
7	1	35313	1544455044062869449
6	6	35314	1544455044062879396
7	6	35314	1544455044062880841
8	7	35321	1544455044062907608
9	7	35321	1544455044062913789
11	7	35321	1544455044062914543
12	7	35321	1544455044062914901
16	7	35321	1544455044062916029
1	2	35319	1544455044312749404
50	2	35319	1544455044312756798
51	2	35319	1544455044312763716
5	2	35319	1544455044312766017
6	1	35308	1544455044312802933
7	1	35308	1544455044312805357
6	1	35310	1544455044312821590
6	7	35309	1544455044312823082
7	7	35309	1544455044312840240
7	1	35310	1544455044312846989
6	3	35311	1544455044312861770
6	6	35312	1544455044312864002
7	3	35311	1544455044312864377
7	6	35312	1544455044312865856
6	1	35313	1544455044312868529
7	1	35313	1544455044312869514
6	6	35314	1544455044312870358
7	6	35314	1544455044312871200
6	0	35307	1544455044313723966
7	0	35307	1544455044313726117
8	2	35319	1544455044313763110
9	2	35319	1544455044313770454
11	2	35319	1544455044313771184
12	2	35319	1544455044313771557
16	2	35319	1544455044313773019
1	7	35321	1544455044643739170
50	7	35321	1544455044643748482
51	7	35321	1544455044643758028
5	7	35321	1544455044643761008
6	7	35309	1544455044643790400
7	7	35309	1544455044643791918
6	0	35307	1544455044643795562
7	0	35307	1544455044643798298
6	1	35308	1544455044643800320
7	1	35308	1544455044643801877
6	1	35310	1544455044643822965
7	1	35310	1544455044643824748
6	3	35311	1544455044643837442
7	3	35311	1544455044643839725
6	1	35313	1544455044643867936
7	1	35313	1544455044643870538
6	6	35312	1544455044643878108
7	6	35312	1544455044643881363
6	6	35314	1544455044643887337
7	6	35314	1544455044643888554
8	7	35321	1544455044643920268
9	7	35321	1544455044643927302
11	7	35321	1544455044643928105
12	7	35321	1544455044643928471
16	7	35321	1544455044643929660
1	7	35318	1544455044996326030
50	7	35318	1544455044996335809
51	7	35318	1544455044996344723
5	7	35318	1544455044996347672
6	0	35307	1544455044996388438
7	0	35307	1544455044996391028
6	1	35310	1544455044996407486
7	1	35310	1544455044996410603
6	1	35308	1544455044996421378
7	1	35308	1544455044996422439
6	6	35312	1544455044996445116
6	1	35313	1544455044996452161
7	1	35313	1544455044996453741
6	7	35309	1544455044996458545
7	7	35309	1544455044996460464
7	6	35312	1544455044996461523
6	6	35314	1544455044996466628
7	6	35314	1544455044996467510
6	3	35311	1544455044996468824
7	3	35311	1544455044996471049
8	7	35318	1544455044996499582
9	7	35318	1544455044996506451
11	7	35318	1544455044996507381
12	7	35318	1544455044996513572
16	7	35318	1544455044996514672
1	1	35322	1544455045336686651
50	1	35322	1544455045336694370
51	1	35322	1544455045336700497
5	1	35322	1544455045336703166
6	1	35308	1544455045336755565
7	1	35308	1544455045336757133
6	1	35310	1544455045336762300
7	1	35310	1544455045336762857
6	0	35307	1544455045336763760
7	0	35307	1544455045336766165
6	1	35313	1544455045336794217
7	1	35313	1544455045336795605
6	7	35309	1544455045336814685
6	3	35311	1544455045336817426
7	7	35309	1544455045336817720
7	3	35311	1544455045336818850
6	6	35312	1544455045336871576
7	6	35312	1544455045336873960
6	6	35314	1544455045336880198
7	6	35314	1544455045336881256
8	1	35322	1544455045336910490
9	1	35322	1544455045336918903
11	1	35322	1544455045336919913
12	1	35322	1544455045336920564
16	1	35322	1544455045336923532
1	3	35316	1544455045588487179
50	3	35316	1544455045588494429
51	3	35316	1544455045588501652
5	3	35316	1544455045588508652
6	3	35311	1544455045588591967
7	3	35311	1544455045588593824
6	7	35309	1544455045588603543
7	7	35309	1544455045588605704
6	1	35310	1544455045588613854
7	1	35310	1544455045588616260
6	1	35313	1544455045588636946
7	1	35313	1544455045588637975
6	1	35308	1544455045588640760
7	1	35308	1544455045588641499
6	0	35307	1544455045588664678
7	0	35307	1544455045588667062
6	6	35312	1544455045588673371
7	6	35312	1544455045588674879
6	6	35314	1544455045588680273
7	6	35314	1544455045588681476
8	3	35316	1544455045588709480
9	3	35316	1544455045588715126
11	3	35316	1544455045588715885
12	3	35316	1544455045588716229
16	3	35316	1544455045588717399
1	2	35315	1544455045905325047
50	2	35315	1544455045905362054
51	2	35315	1544455045905368975
5	2	35315	1544455045905371224
6	1	35308	1544455045905408423
7	1	35308	1544455045905410799
6	1	35310	1544455045905426725
7	1	35310	1544455045905427840
6	7	35309	1544455045905429987
7	7	35309	1544455045905432184
6	0	35307	1544455045905448726
7	0	35307	1544455045905451237
6	1	35313	1544455045905473889
7	1	35313	1544455045905475330
6	6	35312	1544455045905490230
7	6	35312	1544455045905492590
6	3	35311	1544455045905497361
6	6	35314	1544455045905498235
7	6	35314	1544455045905499037
7	3	35311	1544455045905499459
8	2	35315	1544455045905524668
9	2	35315	1544455045905530641
11	2	35315	1544455045905531384
12	2	35315	1544455045905531749
16	2	35315	1544455045905532876
1	3	35316	1544455046083654032
50	3	35316	1544455046083661768
51	3	35316	1544455046083668385
5	3	35316	1544455046083671051
6	7	35309	1544455046083722095
6	3	35311	1544455046083722716
7	3	35311	1544455046083724059
7	7	35309	1544455046083724969
6	6	35312	1544455046083764195
6	1	35313	1544455046083765668
6	1	35310	1544455046083768463
7	1	35310	1544455046083770388
7	1	35313	1544455046083773827
6	1	35308	1544455046083776644
7	1	35308	1544455046083777377
7	6	35312	1544455046083778368
6	6	35314	1544455046083784156
7	6	35314	1544455046083784946
6	0	35307	1544455046083788873
7	0	35307	1544455046083792911
8	3	35316	1544455046083863943
9	3	35316	1544455046083870543
11	3	35316	1544455046083871261
12	3	35316	1544455046083871628
16	3	35316	1544455046083872815
1	7	35318	1544455046467221223
50	7	35318	1544455046467228615
51	7	35318	1544455046467235804
5	7	35318	1544455046467238259
6	0	35307	1544455046467267333
7	0	35307	1544455046467269700
6	1	35310	1544455046467277636
7	1	35310	1544455046467279974
6	1	35308	1544455046467285377
7	1	35308	1544455046467286072
6	3	35311	1544455046467300377
7	3	35311	1544455046467302578
6	1	35313	1544455046467313454
7	1	35313	1544455046467314738
6	7	35309	1544455046467323211
7	7	35309	1544455046467325179
6	6	35312	1544455046467331348
7	6	35312	1544455046467333457
6	6	35314	1544455046467339413
7	6	35314	1544455046467340646
8	7	35318	1544455046467378858
9	7	35318	1544455046467385017
11	7	35318	1544455046467385728
12	7	35318	1544455046467386087
16	7	35318	1544455046467387179
1	7	35321	1544455046653460657
50	7	35321	1544455046653467419
51	7	35321	1544455046653474154
5	7	35321	1544455046653476820
6	7	35309	1544455046653517154
6	0	35307	1544455046653517893
7	7	35309	1544455046653518767
7	0	35307	1544455046653519320
6	1	35308	1544455046653530095
6	1	35310	1544455046653550272
7	1	35310	1544455046653552501
7	1	35308	1544455046653557972
6	6	35312	1544455046653582990
6	3	35311	1544455046653583746
7	6	35312	1544455046653585003
6	1	35313	1544455046653585651
7	3	35311	1544455046653585999
7	1	35313	1544455046653586914
6	6	35314	1544455046653589835
7	6	35314	1544455046653590631
8	7	35321	1544455046653615108
9	7	35321	1544455046653621302
11	7	35321	1544455046653622330
12	7	35321	1544455046653622687
16	7	35321	1544455046653623800
1	3	35316	1544455046912111861
50	3	35316	1544455046912122838
51	3	35316	1544455046912132351
5	3	35316	1544455046912135018
6	0	35307	1544455046912179061
7	0	35307	1544455046912182229
6	3	35311	1544455046912200100
7	3	35311	1544455046912201888
6	1	35310	1544455046912212355
7	1	35310	1544455046912215118
6	1	35308	1544455046912223477
7	1	35308	1544455046912224701
6	6	35312	1544455046912237526
6	1	35313	1544455046912249207
7	1	35313	1544455046912251187
7	6	35312	1544455046912256257
6	1	35314	1544455046912262802
7	1	35314	1544455046912263955
6	7	35309	1544455046912282237
7	7	35309	1544455046912290373
8	3	35316	1544455046912341403
9	3	35316	1544455046912350890
11	3	35316	1544455046912351915
12	3	35316	1544455046912352397
16	3	35316	1544455046912353919
1	1	35322	1544455047161812003
50	1	35322	1544455047161823411
51	1	35322	1544455047161829867
5	1	35322	1544455047161832473
6	0	35307	1544455047161866291
7	0	35307	1544455047161868709
6	1	35308	1544455047161870567
7	1	35308	1544455047161872777
6	1	35310	1544455047161879236
7	1	35310	1544455047161879900
6	7	35309	1544455047161882540
7	7	35309	1544455047161884315
6	1	35313	1544455047161921208
6	6	35312	1544455047161922737
7	1	35313	1544455047161923310
6	3	35311	1544455047161924287
7	6	35312	1544455047161924854
7	3	35311	1544455047161926473
6	1	35314	1544455047161926686
7	1	35314	1544455047161927443
8	1	35322	1544455047161930674
9	1	35322	1544455047161935629
11	1	35322	1544455047161936363
12	1	35322	1544455047161936707
16	1	35322	1544455047161937534
