1	1	18065	1544088792990922225
5	1	18065	1544088792990982028
6	3	18056	1544088792990991114
6	2	18057	1544088792990992796
7	3	18056	1544088792990993332
7	2	18057	1544088792990994575
6	0	18058	1544088792990995426
7	0	18058	1544088792990996745
6	1	18060	1544088792991005633
7	1	18060	1544088792991006489
6	1	18059	1544088792991017693
7	1	18059	1544088792991018501
6	3	18061	1544088792991019322
7	3	18061	1544088792991020325
6	1	18062	1544088792991021359
7	1	18062	1544088792991022080
6	1	18063	1544088792991024846
7	1	18063	1544088792991025765
8	2	18065	1544088792991030442
9	2	18065	1544088792991051621
11	2	18065	1544088792991054572
12	2	18065	1544088792991055027
16	2	18065	1544088792991056195
1	6	18069	1544088795015567677
5	6	18069	1544088795015580521
6	7	18056	1544088795015586774
6	2	18057	1544088795015587952
7	7	18056	1544088795015588503
7	2	18057	1544088795015589011
6	4	18058	1544088795015592024
7	4	18058	1544088795015593431
6	6	18059	1544088795015596189
7	6	18059	1544088795015596833
6	7	18060	1544088795015602134
7	7	18060	1544088795015603284
6	2	18061	1544088795015603459
7	2	18061	1544088795015604452
6	4	18062	1544088795015606106
6	6	18063	1544088795015606447
7	6	18063	1544088795015607207
7	4	18062	1544088795015607409
8	6	18069	1544088795015612406
9	6	18069	1544088795015617240
11	6	18069	1544088795015617847
12	6	18069	1544088795015618465
16	6	18069	1544088795015619361
