1	4	14422	1544195456331323694
50	4	14422	1544195456331339971
51	4	14422	1544195456331365073
5	4	14422	1544195456331369113
6	6	14413	1544195456331382427
6	0	14415	1544195456331383061
7	0	14415	1544195456331384518
6	1	14414	1544195456331391199
7	6	14413	1544195456331391794
6	4	14418	1544195456331392947
7	4	14418	1544195456331393892
7	1	14414	1544195456331395528
6	7	14412	1544195456331402965
6	3	14419	1544195456331405726
6	1	14417	1544195456331406096
7	3	14419	1544195456331406938
7	7	14412	1544195456331407280
7	1	14417	1544195456331408118
6	7	14416	1544195456331409627
7	7	14416	1544195456331410718
8	4	14422	1544195456331415593
9	4	14422	1544195456331432860
11	4	14422	1544195456331435130
12	4	14422	1544195456331435438
16	4	14422	1544195456331436350
1	7	14421	1544195457332156958
50	7	14421	1544195457332174077
51	7	14421	1544195457332193235
5	7	14421	1544195457332199111
6	3	14416	1544195457332255675
6	4	14417	1544195457332262469
7	3	14416	1544195457332265651
6	7	14419	1544195457332274419
7	7	14419	1544195457332278177
6	2	14415	1544195457332280580
6	5	14418	1544195457332285254
6	0	14412	1544195457332295048
7	4	14417	1544195457332298538
6	6	14413	1544195457332301901
7	0	14412	1544195457332304116
7	5	14418	1544195457332305556
6	1	14414	1544195457332307711
7	1	14414	1544195457332314251
7	6	14413	1544195457332317534
7	2	14415	1544195457332319485
8	7	14421	1544195457332378705
9	7	14421	1544195457332419537
11	7	14421	1544195457332422234
12	7	14421	1544195457332423984
16	7	14421	1544195457332429404
1	2	14423	1544195458332585038
50	2	14423	1544195458332602083
51	2	14423	1544195458332621211
5	2	14423	1544195458332626842
6	6	14413	1544195458332663329
7	6	14413	1544195458332668895
6	4	14416	1544195458332689317
6	1	14414	1544195458332705228
6	0	14412	1544195458332709554
7	4	14416	1544195458332711494
6	7	14418	1544195458332714504
7	1	14414	1544195458332724190
7	0	14412	1544195458332725137
6	5	14417	1544195458332729261
6	6	14419	1544195458332732558
6	3	14415	1544195458332734719
7	7	14418	1544195458332737236
7	5	14417	1544195458332739440
7	6	14419	1544195458332741422
7	3	14415	1544195458332743936
8	2	14423	1544195458332779193
9	2	14423	1544195458332796126
11	2	14423	1544195458332798611
12	2	14423	1544195458332800307
16	2	14423	1544195458332804364
1	3	14424	1544195459332745252
50	3	14424	1544195459332756571
51	3	14424	1544195459332769328
5	3	14424	1544195459332773262
6	7	14416	1544195459332808181
7	7	14416	1544195459332811319
6	2	14417	1544195459332812943
6	0	14412	1544195459332818484
7	2	14417	1544195459332819878
6	4	14415	1544195459332821434
6	3	14419	1544195459332823749
6	5	14413	1544195459332825625
7	3	14419	1544195459332826673
7	4	14415	1544195459332827514
7	0	14412	1544195459332830211
6	0	14418	1544195459332837851
7	0	14418	1544195459332840722
6	1	14414	1544195459332843586
7	5	14413	1544195459332844885
7	1	14414	1544195459332847009
8	3	14424	1544195459332883681
9	3	14424	1544195459332896038
11	3	14424	1544195459332897566
12	3	14424	1544195459332898430
16	3	14424	1544195459332901374
1	2	14425	1544195460333160673
50	2	14425	1544195460333178022
51	2	14425	1544195460333197252
5	2	14425	1544195460333202768
6	0	14412	1544195460333230939
7	0	14412	1544195460333239578
6	4	14415	1544195460333248094
7	4	14415	1544195460333252968
6	3	14416	1544195460333261653
6	6	14417	1544195460333269651
7	3	14416	1544195460333272160
6	1	14414	1544195460333277297
6	2	14418	1544195460333279195
6	0	14419	1544195460333281426
7	0	14419	1544195460333289854
7	2	14418	1544195460333295772
7	1	14414	1544195460333297075
6	5	14413	1544195460333299908
7	6	14417	1544195460333301493
7	5	14413	1544195460333307229
8	2	14425	1544195460333329402
9	2	14425	1544195460333345492
11	2	14425	1544195460333347991
12	2	14425	1544195460333349564
16	2	14425	1544195460333352794
1	1	14427	1544195461333163247
50	1	14427	1544195461333169064
51	1	14427	1544195461333176764
5	1	14427	1544195461333178725
6	5	14413	1544195461333185957
7	5	14413	1544195461333186913
6	0	14412	1544195461333187866
7	0	14412	1544195461333189675
6	7	14416	1544195461333195626
6	5	14417	1544195461333196033
6	0	14418	1544195461333197025
7	7	14416	1544195461333197207
7	0	14418	1544195461333197936
7	5	14417	1544195461333204640
6	1	14419	1544195461333207765
7	1	14419	1544195461333209218
6	6	14415	1544195461333216965
7	6	14415	1544195461333220708
6	2	14414	1544195461333221034
7	2	14414	1544195461333222287
8	1	14427	1544195461333254268
9	1	14427	1544195461333259500
11	1	14427	1544195461333260100
12	1	14427	1544195461333260406
16	1	14427	1544195461333261323
1	7	14426	1544195462333727907
50	7	14426	1544195462333750932
51	7	14426	1544195462333772866
5	7	14426	1544195462333779977
6	0	14412	1544195462333842631
6	4	14417	1544195462333849917
7	0	14412	1544195462333850768
6	5	14413	1544195462333856215
7	4	14417	1544195462333859500
6	7	14418	1544195462333866460
6	6	14415	1544195462333868906
7	7	14418	1544195462333871268
6	1	14419	1544195462333872643
7	1	14419	1544195462333880402
7	5	14413	1544195462333882459
6	5	14416	1544195462333896365
7	5	14416	1544195462333901681
7	6	14415	1544195462333906240
6	2	14414	1544195462333909400
7	2	14414	1544195462333916222
8	7	14426	1544195462333945392
9	7	14426	1544195462333966701
11	7	14426	1544195462333969513
12	7	14426	1544195462333971233
16	7	14426	1544195462333975625
1	3	14420	1544195463333818078
50	3	14420	1544195463333824278
51	3	14420	1544195463333831571
5	3	14420	1544195463333833656
6	7	14415	1544195463333847790
7	7	14415	1544195463333849131
6	0	14416	1544195463333850890
7	0	14416	1544195463333852755
6	7	14418	1544195463333854963
7	7	14418	1544195463333855895
6	3	14417	1544195463333856236
7	3	14417	1544195463333857793
6	3	14419	1544195463333860933
7	3	14419	1544195463333861723
6	5	14412	1544195463333864340
7	5	14412	1544195463333866235
6	2	14414	1544195463333874954
6	6	14413	1544195463333875791
7	2	14414	1544195463333877061
7	6	14413	1544195463333877164
8	3	14420	1544195463333884139
9	3	14420	1544195463333889177
11	3	14420	1544195463333889916
12	3	14420	1544195463333890296
16	3	14420	1544195463333891199
1	4	14422	1544195464334310692
50	4	14422	1544195464334328536
51	4	14422	1544195464334346355
5	4	14422	1544195464334351869
6	0	14416	1544195464334401665
7	0	14416	1544195464334407359
6	5	14412	1544195464334411615
6	1	14418	1544195464334416663
7	5	14412	1544195464334420036
7	1	14418	1544195464334420969
6	6	14413	1544195464334423155
6	4	14419	1544195464334426139
6	2	14414	1544195464334430907
7	6	14413	1544195464334432863
6	7	14415	1544195464334435168
6	3	14417	1544195464334438447
7	7	14415	1544195464334443744
7	4	14419	1544195464334462756
7	3	14417	1544195464334470822
7	2	14414	1544195464334472930
8	4	14422	1544195464334501360
9	4	14422	1544195464334521343
11	4	14422	1544195464334523933
12	4	14422	1544195464334525692
16	4	14422	1544195464334529971
1	7	14421	1544195465334701338
50	7	14421	1544195465334719378
51	7	14421	1544195465334737524
5	7	14421	1544195465334743178
6	1	14416	1544195465334803690
6	3	14417	1544195465334807316
6	2	14414	1544195465334813080
6	7	14419	1544195465334816636
7	3	14417	1544195465334818194
7	7	14419	1544195465334821872
6	0	14415	1544195465334828461
7	1	14416	1544195465334836784
6	5	14412	1544195465334840449
7	2	14414	1544195465334844584
6	6	14413	1544195465334846615
7	0	14415	1544195465334848758
7	5	14412	1544195465334849419
6	4	14418	1544195465334852389
7	6	14413	1544195465334855157
7	4	14418	1544195465334860468
8	7	14421	1544195465334925268
9	7	14421	1544195465334945180
11	7	14421	1544195465334947829
12	7	14421	1544195465334949518
16	7	14421	1544195465334954573
1	2	14423	1544195466335108026
50	2	14423	1544195466335126198
51	2	14423	1544195466335144577
5	2	14423	1544195466335149926
6	6	14413	1544195466335185259
7	6	14413	1544195466335190759
6	5	14412	1544195466335211759
6	6	14419	1544195466335227355
6	7	14418	1544195466335233752
7	5	14412	1544195466335237688
7	6	14419	1544195466335239747
6	4	14417	1544195466335244035
6	1	14416	1544195466335251476
7	7	14418	1544195466335253721
6	3	14414	1544195466335257467
7	1	14416	1544195466335259241
7	3	14414	1544195466335264259
6	0	14415	1544195466335265929
7	0	14415	1544195466335281563
7	4	14417	1544195466335283059
8	2	14423	1544195466335347871
9	2	14423	1544195466335367250
11	2	14423	1544195466335369891
12	2	14423	1544195466335371508
16	2	14423	1544195466335376424
1	3	14424	1544195467335506338
50	3	14424	1544195467335524841
51	3	14424	1544195467335543232
5	3	14424	1544195467335549012
6	7	14417	1544195467335610370
6	1	14416	1544195467335615503
6	3	14419	1544195467335619903
7	7	14417	1544195467335620760
7	3	14419	1544195467335623385
6	2	14418	1544195467335631503
6	0	14415	1544195467335635649
6	5	14412	1544195467335647374
7	2	14418	1544195467335652077
6	6	14413	1544195467335653699
7	0	14415	1544195467335655361
6	4	14414	1544195467335657394
7	6	14413	1544195467335662094
7	5	14412	1544195467335664419
7	4	14414	1544195467335665423
7	1	14416	1544195467335676702
8	3	14424	1544195467335740248
9	3	14424	1544195467335760564
11	3	14424	1544195467335763128
12	3	14424	1544195467335764801
16	3	14424	1544195467335769684
1	2	14425	1544195468335918676
50	2	14425	1544195468335937196
51	2	14425	1544195468335955284
5	2	14425	1544195468335960755
6	6	14413	1544195468335998283
6	5	14414	1544195468336003199
7	6	14413	1544195468336006797
7	5	14414	1544195468336013163
6	0	14415	1544195468336015138
6	7	14417	1544195468336031913
6	3	14412	1544195468336034844
6	2	14419	1544195468336039581
7	3	14412	1544195468336042449
7	0	14415	1544195468336044182
7	2	14419	1544195468336045308
6	1	14416	1544195468336050206
7	1	14416	1544195468336058513
6	4	14418	1544195468336064096
7	4	14418	1544195468336079667
7	7	14417	1544195468336082046
8	2	14425	1544195468336157007
9	2	14425	1544195468336176654
11	2	14425	1544195468336179541
12	2	14425	1544195468336181186
16	2	14425	1544195468336186204
1	1	14427	1544195469336280073
50	1	14427	1544195469336302091
51	1	14427	1544195469336321950
5	1	14427	1544195469336328395
6	5	14414	1544195469336364708
7	5	14414	1544195469336370125
6	7	14417	1544195469336389303
6	1	14419	1544195469336416282
6	2	14416	1544195469336418590
7	1	14419	1544195469336420336
6	6	14413	1544195469336423994
7	2	14416	1544195469336426307
6	0	14415	1544195469336428681
7	6	14413	1544195469336430521
7	7	14417	1544195469336432291
6	3	14412	1544195469336445216
6	4	14418	1544195469336448524
7	0	14415	1544195469336450836
7	3	14412	1544195469336454717
7	4	14418	1544195469336456586
8	1	14427	1544195469336530353
9	1	14427	1544195469336550357
11	1	14427	1544195469336553357
12	1	14427	1544195469336555047
16	1	14427	1544195469336560335
1	7	14426	1544195470336726803
50	7	14426	1544195470336745347
51	7	14426	1544195470336763618
5	7	14426	1544195470336768862
6	3	14412	1544195470336792651
7	3	14412	1544195470336798736
6	6	14413	1544195470336837125
6	3	14419	1544195470336841914
7	3	14419	1544195470336847563
6	1	14417	1544195470336854533
6	0	14415	1544195470336858250
7	6	14413	1544195470336861583
6	2	14416	1544195470336863917
7	2	14416	1544195470336870907
6	5	14414	1544195470336875474
7	1	14417	1544195470336877616
7	0	14415	1544195470336878333
6	4	14418	1544195470336879854
7	5	14414	1544195470336883315
7	4	14418	1544195470336887986
8	7	14426	1544195470336953582
9	7	14426	1544195470336973866
11	7	14426	1544195470336976441
12	7	14426	1544195470336978074
16	7	14426	1544195470336982975
1	3	14420	1544195471336863228
50	3	14420	1544195471336869892
51	3	14420	1544195471336877124
5	3	14420	1544195471336879397
6	7	14418	1544195471336899143
6	3	14419	1544195471336899484
7	3	14419	1544195471336900338
7	7	14418	1544195471336900407
6	0	14415	1544195471336910857
7	0	14415	1544195471336915886
6	4	14412	1544195471336916538
7	4	14412	1544195471336918239
6	5	14414	1544195471336927194
6	1	14417	1544195471336927582
6	6	14413	1544195471336928388
7	5	14414	1544195471336929506
7	1	14417	1544195471336930086
6	2	14416	1544195471336933035
7	6	14413	1544195471336933810
7	2	14416	1544195471336934840
8	3	14420	1544195471336968528
9	3	14420	1544195471336974413
11	3	14420	1544195471336975080
12	3	14420	1544195471336975473
16	3	14420	1544195471336976730
1	4	14422	1544195472337330078
50	4	14422	1544195472337348077
51	4	14422	1544195472337365966
5	4	14422	1544195472337371526
6	0	14415	1544195472337418984
7	0	14415	1544195472337424288
6	1	14417	1544195472337435255
6	4	14419	1544195472337444318
7	4	14419	1544195472337448077
6	7	14414	1544195472337454191
6	3	14418	1544195472337456050
6	2	14416	1544195472337458960
7	7	14414	1544195472337461987
7	3	14418	1544195472337464465
6	5	14412	1544195472337468529
7	2	14416	1544195472337479051
6	6	14413	1544195472337481000
7	1	14417	1544195472337485721
7	6	14413	1544195472337488584
7	5	14412	1544195472337496704
8	4	14422	1544195472337559392
9	4	14422	1544195472337579023
11	4	14422	1544195472337581641
12	4	14422	1544195472337583284
16	4	14422	1544195472337588309
1	7	14421	1544195473337719413
50	7	14421	1544195473337737437
51	7	14421	1544195473337756041
5	7	14421	1544195473337761666
6	1	14415	1544195473337821604
6	3	14417	1544195473337823929
6	6	14413	1544195473337831158
6	7	14419	1544195473337833308
7	3	14417	1544195473337834120
7	7	14419	1544195473337836904
6	0	14414	1544195473337843412
6	5	14412	1544195473337851912
7	1	14415	1544195473337854457
7	6	14413	1544195473337858131
7	0	14414	1544195473337863933
6	4	14418	1544195473337867041
6	2	14416	1544195473337868753
7	5	14412	1544195473337870924
7	4	14418	1544195473337874953
7	2	14416	1544195473337876182
8	7	14421	1544195473337947944
9	7	14421	1544195473337967737
11	7	14421	1544195473337970324
12	7	14421	1544195473337972028
16	7	14421	1544195473337977224
1	2	14423	1544195474338137272
50	2	14423	1544195474338156369
51	2	14423	1544195474338174940
5	2	14423	1544195474338180540
6	6	14413	1544195474338212202
7	6	14413	1544195474338217444
6	0	14414	1544195474338225993
7	0	14414	1544195474338233519
6	1	14415	1544195474338249604
6	2	14418	1544195474338255368
6	6	14419	1544195474338258368
7	2	14418	1544195474338259342
7	6	14419	1544195474338262126
6	7	14417	1544195474338271163
7	1	14415	1544195474338280480
6	5	14412	1544195474338282093
7	5	14412	1544195474338289990
6	3	14416	1544195474338293385
7	3	14416	1544195474338307617
7	7	14417	1544195474338309264
8	2	14423	1544195474338373033
9	2	14423	1544195474338393671
11	2	14423	1544195474338396555
12	2	14423	1544195474338398227
16	2	14423	1544195474338403462
1	3	14424	1544195475338593795
50	3	14424	1544195475338612167
51	3	14424	1544195475338631020
5	3	14424	1544195475338636221
6	7	14417	1544195475338707721
6	5	14412	1544195475338712261
6	3	14419	1544195475338714439
7	7	14417	1544195475338717574
7	3	14419	1544195475338717903
6	6	14413	1544195475338738186
6	0	14414	1544195475338742470
7	5	14412	1544195475338744953
6	1	14415	1544195475338747016
7	1	14415	1544195475338753664
7	6	14413	1544195475338758689
6	2	14418	1544195475338760637
7	0	14414	1544195475338762552
6	4	14416	1544195475338764278
7	2	14418	1544195475338768487
7	4	14416	1544195475338771611
8	3	14424	1544195475338836076
9	3	14424	1544195475338856219
11	3	14424	1544195475338858843
12	3	14424	1544195475338860497
16	3	14424	1544195475338865410
1	2	14425	1544195476338990879
50	2	14425	1544195476339009204
51	2	14425	1544195476339027567
5	2	14425	1544195476339032799
6	6	14413	1544195476339067705
7	6	14413	1544195476339072972
6	1	14415	1544195476339096849
6	2	14419	1544195476339103758
7	2	14419	1544195476339107871
6	4	14416	1544195476339110607
6	0	14414	1544195476339117281
7	4	14416	1544195476339118097
7	0	14414	1544195476339121716
6	3	14418	1544195476339127711
6	5	14412	1544195476339131323
7	5	14412	1544195476339147093
7	1	14415	1544195476339148614
6	7	14417	1544195476339151051
7	3	14418	1544195476339166982
7	7	14417	1544195476339169024
8	2	14425	1544195476339240144
9	2	14425	1544195476339263530
11	2	14425	1544195476339266584
12	2	14425	1544195476339268769
16	2	14425	1544195476339274326
1	1	14427	1544195477339397219
50	1	14427	1544195477339416145
51	1	14427	1544195477339434403
5	1	14427	1544195477339439998
6	5	14412	1544195477339465431
7	5	14412	1544195477339471161
6	0	14414	1544195477339486307
7	0	14414	1544195477339494361
6	5	14418	1544195477339502991
7	5	14418	1544195477339507382
6	2	14416	1544195477339510504
6	1	14419	1544195477339514349
7	1	14419	1544195477339518091
6	3	14415	1544195477339526169
6	6	14413	1544195477339541907
7	2	14416	1544195477339543819
7	3	14415	1544195477339546511
6	7	14417	1544195477339549305
7	7	14417	1544195477339565790
7	6	14413	1544195477339566449
8	1	14427	1544195477339632090
9	1	14427	1544195477339652508
11	1	14427	1544195477339655160
12	1	14427	1544195477339656788
16	1	14427	1544195477339661947
1	7	14426	1544195478339825476
50	7	14426	1544195478339844231
51	7	14426	1544195478339862637
5	7	14426	1544195478339868060
6	3	14415	1544195478339908779
7	3	14415	1544195478339914483
6	5	14412	1544195478339928471
6	7	14419	1544195478339941608
7	7	14419	1544195478339945350
6	0	14414	1544195478339960162
6	6	14413	1544195478339964355
7	5	14412	1544195478339968457
6	1	14417	1544195478339970787
7	1	14417	1544195478339979300
6	4	14418	1544195478339981032
7	0	14414	1544195478339983048
7	6	14413	1544195478339984237
6	2	14416	1544195478339985938
7	4	14418	1544195478339989213
7	2	14416	1544195478339993154
8	7	14426	1544195478340061765
9	7	14426	1544195478340081299
11	7	14426	1544195478340084201
12	7	14426	1544195478340085808
16	7	14426	1544195478340090724
1	3	14420	1544195479340193678
50	3	14420	1544195479340211932
51	3	14420	1544195479340230332
5	3	14420	1544195479340235634
6	1	14417	1544195479340296967
6	7	14418	1544195479340301361
6	3	14419	1544195479340304373
7	7	14418	1544195479340307056
7	3	14419	1544195479340307574
6	0	14414	1544195479340324923
6	2	14416	1544195479340329252
6	5	14412	1544195479340332367
6	4	14415	1544195479340344993
7	0	14414	1544195479340347510
7	1	14417	1544195479340349758
7	4	14415	1544195479340351909
7	5	14412	1544195479340354563
7	2	14416	1544195479340356776
6	6	14413	1544195479340368924
7	6	14413	1544195479340375377
8	3	14420	1544195479340440642
9	3	14420	1544195479340458680
11	3	14420	1544195479340461263
12	3	14420	1544195479340462896
16	3	14420	1544195479340467816
1	4	14422	1544195480340489159
50	4	14422	1544195480340511803
51	4	14422	1544195480340526838
5	4	14422	1544195480340530574
6	5	14412	1544195480340549768
6	0	14414	1544195480340553900
7	5	14412	1544195480340555087
7	0	14414	1544195480340557503
6	6	14413	1544195480340560833
6	7	14415	1544195480340564899
7	6	14413	1544195480340567100
7	7	14415	1544195480340569735
6	7	14418	1544195480340584300
6	0	14417	1544195480340586227
7	7	14418	1544195480340586721
7	0	14417	1544195480340590566
6	0	14419	1544195480340598682
7	0	14419	1544195480340600846
6	0	14416	1544195480340606082
7	0	14416	1544195480340607657
8	4	14422	1544195480340645223
9	4	14422	1544195480340657431
11	4	14422	1544195480340659109
12	4	14422	1544195480340660037
16	4	14422	1544195480340662729
1	7	14421	1544195481340865195
50	7	14421	1544195481340904530
51	7	14421	1544195481340923632
5	7	14421	1544195481340928978
6	2	14415	1544195481340981499
6	3	14416	1544195481340986564
6	5	14412	1544195481340992653
7	3	14416	1544195481340994402
7	2	14415	1544195481340995861
6	0	14413	1544195481341006736
7	5	14412	1544195481341025501
6	1	14414	1544195481341028130
7	1	14414	1544195481341035269
7	0	14413	1544195481341038110
6	4	14417	1544195481341040511
6	7	14418	1544195481341045944
7	4	14417	1544195481341050402
7	7	14418	1544195481341054552
6	0	14419	1544195481341056714
7	0	14419	1544195481341060863
8	1	14421	1544195481341136112
9	1	14421	1544195481341155309
11	1	14421	1544195481341158260
12	1	14421	1544195481341159903
16	1	14421	1544195481341165133
1	2	14423	1544195482341281987
50	2	14423	1544195482341312962
51	2	14423	1544195482341331898
5	2	14423	1544195482341337373
6	0	14413	1544195482341377530
7	0	14413	1544195482341385113
6	6	14416	1544195482341390668
7	6	14416	1544195482341396318
6	5	14412	1544195482341402130
6	0	14419	1544195482341412725
6	2	14418	1544195482341415064
7	0	14419	1544195482341417209
6	3	14415	1544195482341420289
7	5	14412	1544195482341435805
6	1	14414	1544195482341438142
7	2	14418	1544195482341440255
7	3	14415	1544195482341442517
7	1	14414	1544195482341451820
6	7	14417	1544195482341456676
7	7	14417	1544195482341466738
8	2	14423	1544195482341533956
9	2	14423	1544195482341552912
11	2	14423	1544195482341555766
12	2	14423	1544195482341557379
16	2	14423	1544195482341562784
1	3	14424	1544195483341743449
50	3	14424	1544195483341777233
51	3	14424	1544195483341797185
5	3	14424	1544195483341802582
6	0	14413	1544195483341842281
7	0	14413	1544195483341849897
6	7	14416	1544195483341859135
7	7	14416	1544195483341864697
6	1	14414	1544195483341866939
6	3	14418	1544195483341884697
6	2	14417	1544195483341887347
6	0	14419	1544195483341889672
7	3	14418	1544195483341891173
7	0	14419	1544195483341893922
7	1	14414	1544195483341899272
6	5	14412	1544195483341900999
7	5	14412	1544195483341908734
6	6	14415	1544195483341910942
7	6	14415	1544195483341926113
7	2	14417	1544195483341927285
8	3	14424	1544195483342010476
9	3	14424	1544195483342030796
11	3	14424	1544195483342033524
12	3	14424	1544195483342035146
16	3	14424	1544195483342040304
1	2	14425	1544195484342116671
50	2	14425	1544195484342148262
51	2	14425	1544195484342167040
5	2	14425	1544195484342172447
6	6	14415	1544195484342217605
7	6	14415	1544195484342223253
6	1	14414	1544195484342232345
6	4	14418	1544195484342241533
6	2	14419	1544195484342243190
7	2	14419	1544195484342246908
6	7	14416	1544195484342260394
6	5	14412	1544195484342264973
6	0	14413	1544195484342274761
7	1	14414	1544195484342281240
7	5	14412	1544195484342282011
7	7	14416	1544195484342284978
6	3	14417	1544195484342287147
7	0	14413	1544195484342291557
7	4	14418	1544195484342292769
7	3	14417	1544195484342296806
8	2	14425	1544195484342361771
9	2	14425	1544195484342380897
11	2	14425	1544195484342383532
12	2	14425	1544195484342385173
16	2	14425	1544195484342390070
1	1	14427	1544195485342447272
50	1	14427	1544195485342479872
51	1	14427	1544195485342498469
5	1	14427	1544195485342503932
6	5	14412	1544195485342529199
7	5	14412	1544195485342535294
6	4	14418	1544195485342571710
6	5	14419	1544195485342575954
7	5	14419	1544195485342580677
6	6	14415	1544195485342582860
6	3	14417	1544195485342593968
6	2	14414	1544195485342603393
6	0	14413	1544195485342611781
7	3	14417	1544195485342614673
7	2	14414	1544195485342616476
7	4	14418	1544195485342619823
7	0	14413	1544195485342625009
6	7	14416	1544195485342630728
7	6	14415	1544195485342635163
7	7	14416	1544195485342640098
8	1	14427	1544195485342704817
9	1	14427	1544195485342723701
11	1	14427	1544195485342726305
12	1	14427	1544195485342727929
16	1	14427	1544195485342732828
1	7	14426	1544195486342941702
50	7	14426	1544195486342972690
51	7	14426	1544195486342991385
5	7	14426	1544195486342997107
6	3	14417	1544195486343052157
6	1	14416	1544195486343058863
7	3	14417	1544195486343062522
6	7	14419	1544195486343065464
7	7	14419	1544195486343070225
6	4	14418	1544195486343087255
6	2	14414	1544195486343091219
6	5	14412	1544195486343095766
6	0	14413	1544195486343108343
7	5	14412	1544195486343110797
6	6	14415	1544195486343114043
7	0	14413	1544195486343124713
7	4	14418	1544195486343126218
7	2	14414	1544195486343129010
7	1	14416	1544195486343131597
7	6	14415	1544195486343140951
8	7	14426	1544195486343204372
9	7	14426	1544195486343224017
11	7	14426	1544195486343226692
12	7	14426	1544195486343228321
16	7	14426	1544195486343233175
1	3	14420	1544195487343359670
50	3	14420	1544195487343380068
51	3	14420	1544195487343400049
5	3	14420	1544195487343405899
6	0	14413	1544195487343444577
7	0	14413	1544195487343452179
6	7	14417	1544195487343465061
6	5	14412	1544195487343469780
7	7	14417	1544195487343472739
6	3	14418	1544195487343475990
6	2	14414	1544195487343481148
6	6	14415	1544195487343483694
6	7	14419	1544195487343488781
7	6	14415	1544195487343490994
7	7	14419	1544195487343493036
7	5	14412	1544195487343503065
6	1	14416	1544195487343505770
7	2	14414	1544195487343509726
7	1	14416	1544195487343513690
7	3	14418	1544195487343516223
8	5	14420	1544195487343541222
9	5	14420	1544195487343560256
11	5	14420	1544195487343562897
12	5	14420	1544195487343564606
16	5	14420	1544195487343568318
1	6	14422	1544195488343728280
50	6	14422	1544195488343746605
51	6	14422	1544195488343765080
5	6	14422	1544195488343770304
6	2	14414	1544195488343809362
7	2	14414	1544195488343814906
6	5	14412	1544195488343825894
6	4	14418	1544195488343841978
6	1	14416	1544195488343844904
6	6	14419	1544195488343846144
7	5	14412	1544195488343846937
7	6	14419	1544195488343850195
7	1	14416	1544195488343851636
6	3	14417	1544195488343855816
7	4	14418	1544195488343875282
6	0	14413	1544195488343877049
7	3	14417	1544195488343878489
7	0	14413	1544195488343885374
6	7	14415	1544195488343893278
7	7	14415	1544195488343900453
8	6	14422	1544195488343927306
9	6	14422	1544195488343956440
11	6	14422	1544195488343958835
12	6	14422	1544195488343960477
16	6	14422	1544195488343964043
1	1	14421	1544195489344073835
50	1	14421	1544195489344091768
51	1	14421	1544195489344110279
5	1	14421	1544195489344115926
6	5	14412	1544195489344142400
7	5	14412	1544195489344148303
6	5	14418	1544195489344177464
7	5	14418	1544195489344181118
6	4	14417	1544195489344186259
6	0	14413	1544195489344207392
7	4	14417	1544195489344208783
6	2	14414	1544195489344216151
6	3	14416	1544195489344220607
7	0	14413	1544195489344235868
7	2	14414	1544195489344239088
7	3	14416	1544195489344241521
6	7	14415	1544195489344253750
7	7	14415	1544195489344267387
6	6	14419	1544195489344269962
7	6	14419	1544195489344278300
8	1	14421	1544195489344341759
9	1	14421	1544195489344360724
11	1	14421	1544195489344363401
12	1	14421	1544195489344365078
16	1	14421	1544195489344370070
1	2	14423	1544195490344510791
50	2	14423	1544195490344528662
51	2	14423	1544195490344547063
5	2	14423	1544195490344552559
6	5	14412	1544195490344614871
6	1	14418	1544195490344618234
6	6	14419	1544195490344626014
7	1	14418	1544195490344628206
6	3	14414	1544195490344632307
7	6	14419	1544195490344633975
6	0	14413	1544195490344636873
6	5	14417	1544195490344638840
7	5	14417	1544195490344647036
7	5	14412	1544195490344663185
7	3	14414	1544195490344664145
6	7	14415	1544195490344667282
6	4	14416	1544195490344669817
7	7	14415	1544195490344674914
7	4	14416	1544195490344693831
7	0	14413	1544195490344694690
8	2	14423	1544195490344759883
9	2	14423	1544195490344779647
11	2	14423	1544195490344782176
12	2	14423	1544195490344783809
16	2	14423	1544195490344788774
1	3	14424	1544195491344864985
50	3	14424	1544195491344883297
51	3	14424	1544195491344901703
5	3	14424	1544195491344907334
6	7	14415	1544195491344955143
7	7	14415	1544195491344960522
6	5	14412	1544195491344968822
6	1	14417	1544195491344972607
7	5	14412	1544195491344978418
7	1	14417	1544195491344980132
6	3	14419	1544195491344980673
7	3	14419	1544195491344984643
6	6	14414	1544195491344991292
6	0	14413	1544195491344995524
7	6	14414	1544195491345012131
6	4	14416	1544195491345014179
7	0	14413	1544195491345016798
7	4	14416	1544195491345021398
6	2	14418	1544195491345025625
7	2	14418	1544195491345033565
8	3	14424	1544195491345099439
9	3	14424	1544195491345119590
11	3	14424	1544195491345122229
12	3	14424	1544195491345123858
16	3	14424	1544195491345129000
1	2	14425	1544195492345344997
50	2	14425	1544195492345363760
51	2	14425	1544195492345382718
5	2	14425	1544195492345388035
6	6	14414	1544195492345425145
6	0	14413	1544195492345427694
7	6	14414	1544195492345431097
7	0	14413	1544195492345435515
6	5	14412	1544195492345457039
6	6	14418	1544195492345465218
7	6	14418	1544195492345469277
6	7	14415	1544195492345471622
6	3	14416	1544195492345483625
6	1	14417	1544195492345487638
7	5	14412	1544195492345489639
7	3	14416	1544195492345492318
7	7	14415	1544195492345494103
7	1	14417	1544195492345497155
6	0	14419	1544195492345501044
7	0	14419	1544195492345511588
8	2	14425	1544195492345580700
9	2	14425	1544195492345601554
11	2	14425	1544195492345604120
12	2	14425	1544195492345605817
16	2	14425	1544195492345611045
1	1	14427	1544195493345687306
50	1	14427	1544195493345705742
51	1	14427	1544195493345724163
5	1	14427	1544195493345729659
6	5	14412	1544195493345755538
7	5	14412	1544195493345761389
6	0	14413	1544195493345797513
6	4	14418	1544195493345799686
6	5	14419	1544195493345802300
7	0	14413	1544195493345805184
7	5	14419	1544195493345807258
7	4	14418	1544195493345809458
6	3	14416	1544195493345826478
6	6	14414	1544195493345830557
6	7	14415	1544195493345846033
7	3	14416	1544195493345848676
7	6	14414	1544195493345851100
6	2	14417	1544195493345853977
7	7	14415	1544195493345868066
7	2	14417	1544195493345870225
8	1	14427	1544195493345940803
9	1	14427	1544195493345960008
11	1	14427	1544195493345962628
12	1	14427	1544195493345964269
16	1	14427	1544195493345969214
1	7	14426	1544195494346086305
50	7	14426	1544195494346104795
51	7	14426	1544195494346122956
5	7	14426	1544195494346128225
6	3	14416	1544195494346181973
6	5	14412	1544195494346186754
7	3	14416	1544195494346190287
6	7	14419	1544195494346196580
7	7	14419	1544195494346199862
6	4	14418	1544195494346217245
7	5	14412	1544195494346219611
6	1	14415	1544195494346221841
6	6	14414	1544195494346226213
7	6	14414	1544195494346235512
6	0	14413	1544195494346237853
7	4	14418	1544195494346239878
7	1	14415	1544195494346242159
6	2	14417	1544195494346243320
7	0	14413	1544195494346245675
7	2	14417	1544195494346253307
8	7	14426	1544195494346320434
9	7	14426	1544195494346339991
11	7	14426	1544195494346342649
12	7	14426	1544195494346344294
16	7	14426	1544195494346349318
1	6	14420	1544195495346466760
50	6	14420	1544195495346485415
51	6	14420	1544195495346504147
5	6	14420	1544195495346509416
6	2	14417	1544195495346567575
6	5	14412	1544195495346571491
7	2	14417	1544195495346575712
6	6	14419	1544195495346576723
7	6	14419	1544195495346580130
6	3	14416	1544195495346592295
6	4	14418	1544195495346596661
6	1	14415	1544195495346603583
7	5	14412	1544195495346605820
7	1	14415	1544195495346610635
7	3	14416	1544195495346615075
6	7	14414	1544195495346616745
7	7	14414	1544195495346643185
7	4	14418	1544195495346661281
6	0	14413	1544195495346676575
7	0	14413	1544195495346685603
8	6	14420	1544195495346749628
9	6	14420	1544195495346768877
11	6	14420	1544195495346771513
12	6	14420	1544195495346773128
16	6	14420	1544195495346777972
1	7	14422	1544195496346807896
50	7	14422	1544195496346830662
51	7	14422	1544195496346850369
5	7	14422	1544195496346856367
6	6	14417	1544195496346924201
6	5	14412	1544195496346927844
6	4	14416	1544195496346930683
6	7	14418	1544195496346932695
7	7	14418	1544195496346936161
6	0	14413	1544195496346948026
7	4	14416	1544195496346949423
7	0	14413	1544195496346953776
6	1	14415	1544195496346956005
7	6	14417	1544195496346958143
7	5	14412	1544195496346960320
7	1	14415	1544195496346961421
6	2	14414	1544195496346962677
7	2	14414	1544195496346969117
6	6	14419	1544195496346988135
7	6	14419	1544195496346990918
8	7	14422	1544195496347015921
9	7	14422	1544195496347036391
11	7	14422	1544195496347038932
12	7	14422	1544195496347041100
16	7	14422	1544195496347045275
1	1	14421	1544195497346902762
50	1	14421	1544195497346910196
51	1	14421	1544195497346917838
5	1	14421	1544195497346919823
6	5	14412	1544195497346925500
7	5	14412	1544195497346926769
6	4	14413	1544195497346929946
7	4	14413	1544195497346931480
6	5	14416	1544195497346932916
7	5	14416	1544195497346933780
6	6	14414	1544195497346935645
7	6	14414	1544195497346937469
6	5	14419	1544195497346939958
6	1	14417	1544195497346940313
7	5	14419	1544195497346941510
7	1	14417	1544195497346941935
6	7	14415	1544195497346945957
7	7	14415	1544195497346947476
6	7	14418	1544195497346951865
7	7	14418	1544195497346952657
8	1	14421	1544195497346984662
9	1	14421	1544195497346990496
11	1	14421	1544195497346991306
12	1	14421	1544195497346991923
16	1	14421	1544195497346992985
1	0	14423	1544195498347324920
50	0	14423	1544195498347338376
51	0	14423	1544195498347352609
5	0	14423	1544195498347356621
6	5	14412	1544195498347377812
6	4	14413	1544195498347380499
7	5	14412	1544195498347384927
7	4	14413	1544195498347386011
6	6	14414	1544195498347388920
7	6	14414	1544195498347394525
6	4	14417	1544195498347411783
6	5	14419	1544195498347413385
6	3	14416	1544195498347414912
7	5	14419	1544195498347416314
7	4	14417	1544195498347416969
6	7	14418	1544195498347422807
7	7	14418	1544195498347427043
7	3	14416	1544195498347428521
6	0	14415	1544195498347432356
7	0	14415	1544195498347437184
8	3	14423	1544195498347451820
9	3	14423	1544195498347465042
11	3	14423	1544195498347466814
12	3	14423	1544195498347467865
16	3	14423	1544195498347470463
1	3	14424	1544195499347765765
50	3	14424	1544195499347790707
51	3	14424	1544195499347813409
5	3	14424	1544195499347820356
6	5	14412	1544195499347882841
6	1	14416	1544195499347886258
6	2	14417	1544195499347888707
6	6	14414	1544195499347891468
7	1	14416	1544195499347892814
7	5	14412	1544195499347894794
6	0	14415	1544195499347897585
7	2	14417	1544195499347901206
7	6	14414	1544195499347903299
6	3	14418	1544195499347910777
7	3	14418	1544195499347915147
6	5	14419	1544195499347918393
7	5	14419	1544195499347922830
6	4	14413	1544195499347930388
7	0	14415	1544195499347932726
7	4	14413	1544195499347937597
8	3	14424	1544195499347963852
9	3	14424	1544195499347984960
11	3	14424	1544195499347988521
12	3	14424	1544195499347990613
16	3	14424	1544195499347995375
1	2	14425	1544195500347883093
50	2	14425	1544195500347889274
51	2	14425	1544195500347896530
5	2	14425	1544195500347898453
6	6	14414	1544195500347908380
7	6	14414	1544195500347909755
6	6	14419	1544195500347918218
7	6	14419	1544195500347919242
6	1	14416	1544195500347927063
6	5	14412	1544195500347931479
7	1	14416	1544195500347931856
7	5	14412	1544195500347933535
6	0	14415	1544195500347941877
6	4	14413	1544195500347942422
6	7	14418	1544195500347943084
7	4	14413	1544195500347943497
7	0	14415	1544195500347944071
7	7	14418	1544195500347947636
6	3	14417	1544195500347948301
7	3	14417	1544195500347950557
8	2	14425	1544195500347983471
9	2	14425	1544195500347989320
11	2	14425	1544195500347989921
12	2	14425	1544195500347990283
16	2	14425	1544195500347991537
