1	3	12336	1545238785917829846	7843694749965
50	3	12336	1545238785917868621	7843694818264
51	3	12336	1545238785917870452	7843694821677
5	3	12336	1545238785917873888	7843694828434
6	5	12335	1545238785917907005	7843694895662
7	5	12335	1545238785917911381	7843694903112
8	3	12336	1545238785918020228	7843695120987
12	3	12336	1545238785918044238	7843695167821
100	3	12336	1545238785918064925	7843695209147
1	3	12336	1545238785950659349	7843760137604
50	3	12336	1545238785950663254	7843760143741
51	3	12336	1545238785950664766	7843760146744
5	3	12336	1545238785950666331	7843760149859
6	5	12335	1545238785950736088	7843760289917
7	5	12335	1545238785950739938	7843760296488
8	3	12336	1545238785950759498	7843760335476
12	3	12336	1545238785950763827	7843760344067
100	3	12336	1545238785950765735	7843760347926
1	3	12336	1545238785979144423	7843816878954
50	3	12336	1545238785979148283	7843816884967
51	3	12336	1545238785979149458	7843816887268
5	3	12336	1545238785979150805	7843816889943
6	5	12335	1545238785979178328	7843816945443
7	5	12335	1545238785979180953	7843816949962
8	3	12336	1545238785979197157	7843816982561
12	3	12336	1545238785979201792	7843816991555
100	3	12336	1545238785979203389	7843816994709
1	3	12336	1545238786003876417	7843866143843
50	3	12336	1545238786003879075	7843866147748
51	3	12336	1545238786003879847	7843866149285
5	3	12336	1545238786003880700	7843866150985
6	5	12335	1545238786003895032	7843866195900
7	5	12335	1545238786003905063	7843866199607
8	3	12336	1545238786003965837	7843866321097
12	3	12336	1545238786003969021	7843866326921
100	3	12336	1545238786003970353	7843866329571
1	3	12336	1545238786027626126	7843913452050
50	3	12336	1545238786027628223	7843913455212
51	3	12336	1545238786027628765	7843913456293
5	3	12336	1545238786027629386	7843913457534
6	5	12335	1545238786027673584	7843913545918
7	5	12335	1545238786027675037	7843913548477
8	3	12336	1545238786027710841	7843913620313
12	3	12336	1545238786027713842	7843913625764
100	3	12336	1545238786027714586	7843913627252
1	6	12336	1545238786048297575	7843954628848
50	6	12336	1545238786048299553	7843954631817
51	6	12336	1545238786048300044	7843954632787
5	6	12336	1545238786048300657	7843954634002
6	5	12335	1545238786048312974	7843954658885
7	5	12335	1545238786048314159	7843954660886
8	6	12336	1545238786048321822	7843954676279
12	6	12336	1545238786048324003	7843954680522
100	6	12336	1545238786048324640	7843954681779
1	6	12336	1545238786072790171	7844003418614
50	6	12336	1545238786072795159	7844003426432
51	6	12336	1545238786072796968	7844003430036
5	6	12336	1545238786072798987	7844003434064
6	5	12335	1545238786072825913	7844003488873
7	5	12335	1545238786072829980	7844003495723
8	6	12336	1545238786072852726	7844003541480
12	6	12336	1545238786072859380	7844003554329
100	6	12336	1545238786072861594	7844003558712
1	6	12336	1545238786091701357	7844041088786
50	6	12336	1545238786091705988	7844041096160
51	6	12336	1545238786091707728	7844041099620
5	6	12336	1545238786091709711	7844041103511
6	5	12335	1545238786091734909	7844041154781
7	5	12335	1545238786091738887	7844041161660
8	6	12336	1545238786091760878	7844041206034
12	6	12336	1545238786091767199	7844041218083
100	6	12336	1545238786091769508	7844041222673
1	6	12336	1545238786127477973	7844112353962
50	6	12336	1545238786127480880	7844112358391
51	6	12336	1545238786127481664	7844112359944
5	6	12336	1545238786127482558	7844112361728
6	7	12335	1545238786127528629	7844112454003
7	7	12335	1545238786127530381	7844112456957
8	6	12336	1545238786127542099	7844112480401
12	6	12336	1545238786127545328	7844112486809
100	6	12336	1545238786127546337	7844112488768
1	6	12336	1545238786162118724	7844181357686
50	6	12336	1545238786162122924	7844181364259
51	6	12336	1545238786162124414	7844181367245
5	6	12336	1545238786162125974	7844181370345
6	7	12335	1545238786162191750	7844181502594
7	7	12335	1545238786162195885	7844181509597
8	6	12336	1545238786162217602	7844181553159
12	6	12336	1545238786162222276	7844181562160
100	6	12336	1545238786162224125	7844181565854
1	7	12336	1545238786183935327	7844224815934
50	7	12336	1545238786183939405	7844224821962
51	7	12336	1545238786183940919	7844224824973
5	7	12336	1545238786183942520	7844224828161
6	0	12335	1545238786184014649	7844224972897
7	0	12335	1545238786184018691	7844224979885
8	7	12336	1545238786184092817	7844225128613
12	7	12336	1545238786184099000	7844225139858
100	7	12336	1545238786184100984	7844225143808
1	7	12336	1545238786212090654	7844280900896
50	7	12336	1545238786212095374	7844280907682
51	7	12336	1545238786212096887	7844280910704
5	7	12336	1545238786212098516	7844280913966
6	0	12335	1545238786212128587	7844280975122
7	0	12335	1545238786212132804	7844280982319
8	7	12336	1545238786212162883	7844281042678
12	7	12336	1545238786212168744	7844281053857
100	7	12336	1545238786212170819	7844281057993
1	7	12336	1545238786235068239	7844326669786
50	7	12336	1545238786235070831	7844326673896
51	7	12336	1545238786235071374	7844326674975
5	7	12336	1545238786235072014	7844326676252
6	0	12335	1545238786235115398	7844326763127
7	0	12335	1545238786235116872	7844326765611
8	7	12336	1545238786235123611	7844326779112
12	7	12336	1545238786235125601	7844326783003
100	7	12336	1545238786235126247	7844326784286
1	7	12336	1545238786258192783	7844372734044
50	7	12336	1545238786258197635	7844372741854
51	7	12336	1545238786258199394	7844372745366
5	7	12336	1545238786258201092	7844372748726
6	0	12335	1545238786258282515	7844372912079
7	0	12335	1545238786258286947	7844372919759
8	7	12336	1545238786258359032	7844373064519
12	7	12336	1545238786258365937	7844373077091
100	7	12336	1545238786258368096	7844373081394
1	7	12336	1545238786284946730	7844426025930
50	7	12336	1545238786284948608	7844426028734
51	7	12336	1545238786284949081	7844426029676
5	7	12336	1545238786284949621	7844426030751
6	0	12335	1545238786284987102	7844426105770
7	0	12335	1545238786284988386	7844426107969
8	7	12336	1545238786284994554	7844426120308
12	7	12336	1545238786284996237	7844426123609
100	7	12336	1545238786284996859	7844426124852
1	7	12336	1545238786322079503	7844499994563
50	7	12336	1545238786322084420	7844500002168
51	7	12336	1545238786322085962	7844500005231
5	7	12336	1545238786322088009	7844500009315
6	0	12335	1545238786322165679	7844500165182
7	0	12335	1545238786322169916	7844500172480
8	7	12336	1545238786322221701	7844500276125
12	7	12336	1545238786322228130	7844500288444
100	7	12336	1545238786322230348	7844500292853
1	7	12336	1545238786349390880	7844554396350
50	7	12336	1545238786349392994	7844554399777
51	7	12336	1545238786349393450	7844554400686
5	7	12336	1545238786349394017	7844554401818
6	0	12335	1545238786349405355	7844554424969
7	0	12335	1545238786349406949	7844554427684
8	7	12336	1545238786349446097	7844554505726
12	7	12336	1545238786349448110	7844554509566
100	7	12336	1545238786349448777	7844554510896
1	0	12336	1545238786374947928	7844605305250
50	0	12336	1545238786374949528	7844605307528
51	0	12336	1545238786374949972	7844605308414
5	0	12336	1545238786374950477	7844605309423
6	1	12335	1545238786375000727	7844605409814
7	1	12335	1545238786375001887	7844605411826
8	0	12336	1545238786375046605	7844605508531
12	0	12336	1545238786375052728	7844605513139
100	0	12336	1545238786375053349	7844605514339
1	0	12336	1545238786399268740	7844653752466
50	0	12336	1545238786399272779	7844653758774
51	0	12336	1545238786399274267	7844653761743
5	0	12336	1545238786399276043	7844653765272
6	1	12335	1545238786399358911	7844653931373
7	1	12335	1545238786399362854	7844653938210
8	0	12336	1545238786399421925	7844654056900
12	0	12336	1545238786399427729	7844654067432
100	0	12336	1545238786399429646	7844654071259
1	0	12336	1545238786432814448	7844720573486
50	0	12336	1545238786432816698	7844720576994
51	0	12336	1545238786432817242	7844720578075
5	0	12336	1545238786432817877	7844720579343
6	1	12335	1545238786432859449	7844720662497
7	1	12335	1545238786432860830	7844720664904
8	0	12336	1545238786432899015	7844720741336
12	0	12336	1545238786432901418	7844720745756
100	0	12336	1545238786432902160	7844720747234
1	0	12336	1545238786458647233	7844772032952
50	0	12336	1545238786458651582	7844772039349
51	0	12336	1545238786458653090	7844772042365
5	0	12336	1545238786458654678	7844772045511
6	1	12335	1545238786458723811	7844772184265
7	1	12335	1545238786458727625	7844772190832
8	0	12336	1545238786458797717	7844772331460
12	0	12336	1545238786458803860	7844772342690
100	0	12336	1545238786458805781	7844772346516
1	0	12336	1545238786483153314	7844820847641
50	0	12336	1545238786483156463	7844820852179
51	0	12336	1545238786483157488	7844820854222
5	0	12336	1545238786483158605	7844820856439
6	1	12335	1545238786483220773	7844820980983
7	1	12335	1545238786483223473	7844820985657
8	0	12336	1545238786483277292	7844821093563
12	0	12336	1545238786483281358	7844821100961
100	0	12336	1545238786483282688	7844821103617
1	0	12336	1545238786510298378	7844874918887
50	0	12336	1545238786510300576	7844874922266
51	0	12336	1545238786510301114	7844874923341
5	0	12336	1545238786510301721	7844874924548
6	2	12335	1545238786510353153	7844875027512
7	2	12335	1545238786510354927	7844875030536
8	0	12336	1545238786510399109	7844875118901
12	0	12336	1545238786510401674	7844875123648
100	0	12336	1545238786510402390	7844875125078
1	0	12336	1545238786534872852	7844923870263
50	0	12336	1545238786534874547	7844923872769
51	0	12336	1545238786534874974	7844923873623
5	0	12336	1545238786534875475	7844923874619
6	2	12335	1545238786534886683	7844923897339
7	2	12335	1545238786534888043	7844923899675
8	0	12336	1545238786534942840	7844924009102
12	0	12336	1545238786534944762	7844924012640
100	0	12336	1545238786534945366	7844924013843
1	0	12336	1545238786560602291	7844975124384
50	0	12336	1545238786560607457	7844975132047
51	0	12336	1545238786560609154	7844975135438
5	0	12336	1545238786560611024	7844975139163
6	2	12335	1545238786560643338	7844975205075
7	2	12335	1545238786560648613	7844975214063
8	0	12336	1545238786560737114	7844975391697
12	0	12336	1545238786560745274	7844975406704
100	0	12336	1545238786560747556	7844975411125
1	2	12336	1545238786589637994	7845032961163
50	2	12336	1545238786589641236	7845032966220
51	2	12336	1545238786589642031	7845032967803
5	2	12336	1545238786589642931	7845032969589
6	3	12335	1545238786589700096	7845033084007
7	3	12335	1545238786589702389	7845033088034
8	2	12336	1545238786589753726	7845033191233
12	2	12336	1545238786589758158	7845033199231
100	2	12336	1545238786589759446	7845033201750
1	2	12336	1545238786617721862	7845088904392
50	2	12336	1545238786617727585	7845088913510
51	2	12336	1545238786617729324	7845088916915
5	2	12336	1545238786617731233	7845088920686
6	4	12335	1545238786617809727	7845089078234
7	4	12335	1545238786617813808	7845089085142
8	2	12336	1545238786617835402	7845089166498
12	2	12336	1545238786617860807	7845089178804
100	2	12336	1545238786617863069	7845089183292
1	4	12336	1545238786674380668	7845201766855
50	4	12336	1545238786674385547	7845201774124
51	4	12336	1545238786674387085	7845201777197
5	4	12336	1545238786674388742	7845201780509
6	5	12335	1545238786674463862	7845201931278
7	5	12335	1545238786674468189	7845201938762
8	4	12336	1545238786674544928	7845202092773
12	4	12336	1545238786674552445	7845202106598
100	4	12336	1545238786674554549	7845202110782
1	4	12336	1545238786695568559	7845243971622
50	4	12336	1545238786695572409	7845243977650
51	4	12336	1545238786695573903	7845243980616
5	4	12336	1545238786695575460	7845243983726
6	5	12335	1545238786695601606	7845244037034
7	5	12335	1545238786695605821	7845244044198
8	4	12336	1545238786695666717	7845244166524
12	4	12336	1545238786695672661	7845244177342
100	4	12336	1545238786695674623	7845244181249
1	7	12336	1545238786733941409	7845320409047
50	7	12336	1545238786733945178	7845320414901
51	7	12336	1545238786733946684	7845320417901
5	7	12336	1545238786733948250	7845320421021
6	5	12335	1545238786733976091	7845320477686
7	5	12335	1545238786733979990	7845320484257
8	7	12336	1545238786734000280	7845320525062
12	7	12336	1545238786734006168	7845320536464
100	7	12336	1545238786734008352	7845320540828
1	7	12336	1545238786758772958	7845369872139
50	7	12336	1545238786758775630	7845369876207
51	7	12336	1545238786758776268	7845369877480
5	7	12336	1545238786758776977	7845369878891
6	5	12335	1545238786758822675	7845369970361
7	5	12335	1545238786758824366	7845369973290
8	7	12336	1545238786758864642	7845370053709
12	7	12336	1545238786758867189	7845370058596
100	7	12336	1545238786758868125	7845370060456
1	7	12336	1545238786791548583	7845435160628
50	7	12336	1545238786791552316	7845435166383
51	7	12336	1545238786791553783	7845435169319
5	7	12336	1545238786791555343	7845435172414
6	5	12335	1545238786791625239	7845435312787
7	5	12335	1545238786791629211	7845435319549
8	7	12336	1545238786791648197	7845435357753
12	7	12336	1545238786791653203	7845435367352
100	7	12336	1545238786791655091	7845435382831
1	0	12336	1545238786828317691	7845508404844
50	0	12336	1545238786828324267	7845508414768
51	0	12336	1545238786828325373	7845508416972
5	0	12336	1545238786828326920	7845508420053
6	1	12335	1545238786828353741	7845508474647
7	1	12335	1545238786828356455	7845508478876
8	0	12336	1545238786828377234	7845508520494
12	0	12336	1545238786828382167	7845508530103
100	0	12336	1545238786828384280	7845508534314
1	0	12336	1545238786858658325	7845568840383
50	0	12336	1545238786858660168	7845568842813
51	0	12336	1545238786858660592	7845568843655
5	0	12336	1545238786858661097	7845568844663
6	2	12335	1545238786858703250	7845568928912
7	2	12335	1545238786858704378	7845568930878
8	0	12336	1545238786858747321	7845569016663
12	0	12336	1545238786858749314	7845569020392
100	0	12336	1545238786858749889	7845569021536
1	0	12336	1545238786888746309	7845628775254
50	0	12336	1545238786888750596	7845628782078
51	0	12336	1545238786888752092	7845628785054
5	0	12336	1545238786888753675	7845628788220
6	2	12335	1545238786888821215	7845628923838
7	2	12335	1545238786888825223	7845628930727
8	0	12336	1545238786888887378	7845629055590
12	0	12336	1545238786888893330	7845629066410
100	0	12336	1545238786888895294	7845629070301
1	6	12336	1545238786913047650	7845677183326
50	6	12336	1545238786913052669	7845677190980
51	6	12336	1545238786913054199	7845677194035
5	6	12336	1545238786913055919	7845677197468
6	2	12335	1545238786913084605	7845677255301
7	2	12335	1545238786913088711	7845677262806
8	6	12336	1545238786913108545	7845677302660
12	6	12336	1545238786913114463	7845677314079
100	6	12336	1545238786913117342	7845677319827
1	6	12336	1545238786941611270	7845734080233
50	6	12336	1545238786941614561	7845734085247
51	6	12336	1545238786941615588	7845734087292
5	6	12336	1545238786941616695	7845734089488
6	2	12335	1545238786941635345	7845734127063
7	2	12335	1545238786941638058	7845734132132
8	6	12336	1545238786941652828	7845734161777
12	6	12336	1545238786941656771	7845734169326
100	6	12336	1545238786941658649	7845734173075
1	6	12336	1545238786962921972	7845776529623
50	6	12336	1545238786962923957	7845776532765
51	6	12336	1545238786962924388	7845776533623
5	6	12336	1545238786962924874	7845776534589
6	2	12335	1545238786962933680	7845776552296
7	2	12335	1545238786962934657	7845776554378
8	6	12336	1545238786962940321	7845776565449
12	6	12336	1545238786962942107	7845776568925
100	6	12336	1545238786962942972	7845776570641
1	6	12336	1545238786985733725	7845821970876
50	6	12336	1545238786985737805	7845821977334
51	6	12336	1545238786985739331	7845821980369
5	6	12336	1545238786985740930	7845821983547
6	2	12335	1545238786985769643	7845822041501
7	2	12335	1545238786985773447	7845822048321
8	6	12336	1545238786985788001	7845822077554
12	6	12336	1545238786985793818	7845822088947
100	6	12336	1545238786985795854	7845822093014
1	6	12336	1545238787004530164	7845859413565
50	6	12336	1545238787004533510	7845859417620
51	6	12336	1545238787004534194	7845859418980
5	6	12336	1545238787004535005	7845859420594
6	2	12335	1545238787004555473	7845859461575
7	2	12335	1545238787004556934	7845859464276
8	6	12336	1545238787004564241	7845859478983
12	6	12336	1545238787004569415	7845859489154
100	6	12336	1545238787004570840	7845859491982
1	6	12336	1545238787035035339	7845920179175
50	6	12336	1545238787035040811	7845920187137
51	6	12336	1545238787035041544	7845920188598
5	6	12336	1545238787035042585	7845920190665
6	2	12335	1545238787035069520	7845920244646
7	2	12335	1545238787035071949	7845920249168
8	6	12336	1545238787035082242	7845920269795
12	6	12336	1545238787035087312	7845920279767
100	6	12336	1545238787035088327	7845920281791
1	6	12336	1545238787069734760	7845989298245
50	6	12336	1545238787069738639	7845989304162
51	6	12336	1545238787069740135	7845989307142
5	6	12336	1545238787069741707	7845989310270
6	2	12335	1545238787069767548	7845989362416
7	2	12335	1545238787069771407	7845989369440
8	6	12336	1545238787069790682	7845989408264
12	6	12336	1545238787069796269	7845989419036
100	6	12336	1545238787069799088	7845989424569
1	6	12336	1545238787092536773	7846034718857
50	6	12336	1545238787092540431	7846034724576
51	6	12336	1545238787092541952	7846034727604
5	6	12336	1545238787092543500	7846034730677
6	2	12335	1545238787092570404	7846034784974
7	2	12335	1545238787092574285	7846034792227
8	6	12336	1545238787092594175	7846034832162
12	6	12336	1545238787092599631	7846034842478
100	6	12336	1545238787092601463	7846034846145
1	6	12336	1545238787122357380	7846094119973
50	6	12336	1545238787122359575	7846094123168
51	6	12336	1545238787122360114	7846094124242
5	6	12336	1545238787122360720	7846094125447
6	2	12335	1545238787122371665	7846094147495
7	2	12335	1545238787122373113	7846094150145
8	6	12336	1545238787122380288	7846094164544
12	6	12336	1545238787122382885	7846094169607
100	6	12336	1545238787122383561	7846094170947
1	6	12336	1545238787147218614	7846143643032
50	6	12336	1545238787147220750	7846143645786
51	6	12336	1545238787147221541	7846143647358
5	6	12336	1545238787147222079	7846143648433
6	2	12335	1545238787147233569	7846143671532
7	2	12335	1545238787147234940	7846143674052
8	6	12336	1545238787147240067	7846143684368
12	6	12336	1545238787147241905	7846143687923
100	6	12336	1545238787147242733	7846143689577
1	6	12336	1545238787174717586	7846198421105
50	6	12336	1545238787174721957	7846198427413
51	6	12336	1545238787174723472	7846198430430
5	6	12336	1545238787174725087	7846198433650
6	2	12335	1545238787174753902	7846198491809
7	2	12335	1545238787174758164	7846198499530
8	6	12336	1545238787174777631	7846198538445
12	6	12336	1545238787174782611	7846198548435
100	6	12336	1545238787174785361	7846198553707
1	6	12336	1545238787199344503	7846247476334
50	6	12336	1545238787199348429	7846247504097
51	6	12336	1545238787199360870	7846247507386
5	6	12336	1545238787199362540	7846247510641
6	2	12335	1545238787199403007	7846247591479
7	2	12335	1545238787199405386	7846247595905
8	6	12336	1545238787199417658	7846247620637
12	6	12336	1545238787199421834	7846247628673
100	6	12336	1545238787199423325	7846247631647
1	6	12336	1545238787223407155	7846295407526
50	6	12336	1545238787223409107	7846295410445
51	6	12336	1545238787223409650	7846295411524
5	6	12336	1545238787223410263	7846295412741
6	2	12335	1545238787223420586	7846295433479
7	2	12335	1545238787223422046	7846295436218
8	6	12336	1545238787223428077	7846295448356
12	6	12336	1545238787223430267	7846295452666
100	6	12336	1545238787223431062	7846295454178
1	6	12336	1545238787249297394	7846346981951
50	6	12336	1545238787249302611	7846346989419
51	6	12336	1545238787249303718	7846346991623
5	6	12336	1545238787249304436	7846346993051
6	2	12335	1545238787249334557	7846347053384
7	2	12335	1545238787249337351	7846347058625
8	6	12336	1545238787249345245	7846347074429
12	6	12336	1545238787249352745	7846347089284
100	6	12336	1545238787249353939	7846347091661
1	6	12336	1545238787270380520	7846388976835
50	6	12336	1545238787270382286	7846388979433
51	6	12336	1545238787270382760	7846388980370
5	6	12336	1545238787270383293	7846388981437
6	2	12335	1545238787270393455	7846389001885
7	2	12335	1545238787270394718	7846389004195
8	6	12336	1545238787270399959	7846389014742
12	6	12336	1545238787270401958	7846389018665
100	6	12336	1545238787270402647	7846389020291
1	6	12336	1545238787293629699	7846435289307
50	6	12336	1545238787293633634	7846435295477
51	6	12336	1545238787293635148	7846435298486
5	6	12336	1545238787293636705	7846435301601
6	2	12335	1545238787293662961	7846435354511
7	2	12335	1545238787293667144	7846435362230
8	6	12336	1545238787293683524	7846435395338
12	6	12336	1545238787293689217	7846435406230
100	6	12336	1545238787293691653	7846435411094
1	6	12336	1545238787318790689	7846485409248
50	6	12336	1545238787318794450	7846485414987
51	6	12336	1545238787318795934	7846485417928
5	6	12336	1545238787318797508	7846485421078
6	2	12335	1545238787318823856	7846485474176
7	2	12335	1545238787318827675	7846485481243
8	6	12336	1545238787318841369	7846485508724
12	6	12336	1545238787318846485	7846485518684
100	6	12336	1545238787318848496	7846485522678
1	6	12336	1545238787406889334	7846660898745
50	6	12336	1545238787406893811	7846660905954
51	6	12336	1545238787406895328	7846660908972
5	6	12336	1545238787406896941	7846660912179
6	2	12335	1545238787406924883	7846660968550
7	2	12335	1545238787406929240	7846660976526
8	6	12336	1545238787406949245	7846661016811
12	6	12336	1545238787406954850	7846661027537
100	6	12336	1545238787406957572	7846661032944
1	6	12336	1545238787440012932	7846726879771
50	6	12336	1545238787440016866	7846726885960
51	6	12336	1545238787440018381	7846726888976
5	6	12336	1545238787440019970	7846726892146
6	2	12335	1545238787440047803	7846726948270
7	2	12335	1545238787440051887	7846726955730
8	6	12336	1545238787440072095	7846726996396
12	6	12336	1545238787440078112	7846727007962
100	6	12336	1545238787440080696	7846727013132
1	0	12336	1545238787461699102	7846770077396
50	0	12336	1545238787461702282	7846770082516
51	0	12336	1545238787461703309	7846770084565
5	0	12336	1545238787461704429	7846770086796
6	2	12335	1545238787461750851	7846770179997
7	2	12335	1545238787461753674	7846770184885
8	0	12336	1545238787461810762	7846770299332
12	0	12336	1545238787461815087	7846770307223
100	0	12336	1545238787461816491	7846770310005
1	0	12336	1545238787485494885	7846817477583
50	0	12336	1545238787485496817	7846817480346
51	0	12336	1545238787485497290	7846817481286
5	0	12336	1545238787485497841	7846817482383
6	2	12335	1545238787485546452	7846817579511
7	2	12335	1545238787485547595	7846817581493
8	0	12336	1545238787485598689	7846817683583
12	0	12336	1545238787485600666	7846817687209
100	0	12336	1545238787485601250	7846817688373
1	0	12336	1545238787511875139	7846870027306
50	0	12336	1545238787511880145	7846870035193
51	0	12336	1545238787511881661	7846870038218
5	0	12336	1545238787511883308	7846870041499
6	2	12335	1545238787511956355	7846870188118
7	2	12335	1545238787511960563	7846870195387
8	0	12336	1545238787512046065	7846870366839
12	0	12336	1545238787512052495	7846870378510
100	0	12336	1545238787512054554	7846870382621
1	0	12336	1545238787535857210	7846917799149
50	0	12336	1545238787535862080	7846917806414
51	0	12336	1545238787535863615	7846917809463
5	0	12336	1545238787535865289	7846917812795
6	2	12335	1545238787535935635	7846917954061
7	2	12335	1545238787535939895	7846917961422
8	0	12336	1545238787536007340	7846918097163
12	0	12336	1545238787536014517	7846918110067
100	0	12336	1545238787536016636	7846918114271
1	0	12336	1545238787560183255	7846966254419
50	0	12336	1545238787560185756	7846966258231
51	0	12336	1545238787560186394	7846966259500
5	0	12336	1545238787560187112	7846966260931
6	2	12335	1545238787560240041	7846966366819
7	2	12335	1545238787560241758	7846966369787
8	0	12336	1545238787560286257	7846966458878
12	0	12336	1545238787560289093	7846966464079
100	0	12336	1545238787560289991	7846966465858
1	0	12336	1545238787593607909	7847032836197
50	0	12336	1545238787593612683	7847032843667
51	0	12336	1545238787593614227	7847032846748
5	0	12336	1545238787593615921	7847032850123
6	2	12335	1545238787593688593	7847032996033
7	2	12335	1545238787593692763	7847033003191
8	0	12336	1545238787593738931	7847033095665
12	0	12336	1545238787593745839	7847033108917
100	0	12336	1545238787593748014	7847033113249
1	0	12336	1545238787616107949	7847077655045
50	0	12336	1545238787616111887	7847077661325
51	0	12336	1545238787616113387	7847077664311
5	0	12336	1545238787616115063	7847077692490
6	2	12335	1545238787616204382	7847077846555
7	2	12335	1545238787616208464	7847077853719
8	0	12336	1545238787616282811	7847078003052
12	0	12336	1545238787616290240	7847078016607
100	0	12336	1545238787616292406	7847078020907
1	0	12336	1545238787640940185	7847127120286
50	0	12336	1545238787640944165	7847127126387
51	0	12336	1545238787640945666	7847127129382
5	0	12336	1545238787640947248	7847127132529
6	2	12335	1545238787641009178	7847127256953
7	2	12335	1545238787641013020	7847127263554
8	0	12336	1545238787641068387	7847127374922
12	0	12336	1545238787641074168	7847127385364
100	0	12336	1545238787641076423	7847127389844
1	0	12336	1545238787671792352	7847188576684
50	0	12336	1545238787671796315	7847188582839
51	0	12336	1545238787671797822	7847188585845
5	0	12336	1545238787671799425	7847188589035
6	2	12335	1545238787671830066	7847188651494
7	2	12335	1545238787671834669	7847188659440
8	0	12336	1545238787671914688	7847188819747
12	0	12336	1545238787671920839	7847188830887
100	0	12336	1545238787671922762	7847188834719
1	6	12336	1545238787709928911	7847264543360
50	6	12336	1545238787709932769	7847264549372
51	6	12336	1545238787709934247	7847264552324
5	6	12336	1545238787709935802	7847264555409
6	2	12335	1545238787709960715	7847264605768
7	2	12335	1545238787709964711	7847264613063
8	6	12336	1545238787709980628	7847264644966
12	6	12336	1545238787709996569	7847264676492
100	6	12336	1545238787709998375	7847264680071
1	6	12336	1545238787742306204	7847329041028
50	6	12336	1545238787742317463	7847329058529
51	6	12336	1545238787742319158	7847329061908
5	6	12336	1545238787742321015	7847329065596
6	2	12335	1545238787742357825	7847329139646
7	2	12335	1545238787742360991	7847329146651
8	6	12336	1545238787742377043	7847329177484
12	6	12336	1545238787742385562	7847329194173
100	6	12336	1545238787742387291	7847329197623
1	6	12336	1545238787769339557	7847382886739
50	6	12336	1545238787769341532	7847382889482
51	6	12336	1545238787769341975	7847382890365
5	6	12336	1545238787769342498	7847382891408
6	2	12335	1545238787769351408	7847382909386
7	2	12335	1545238787769352537	7847382911407
8	6	12336	1545238787769358095	7847382922597
12	6	12336	1545238787769360166	7847382926604
100	6	12336	1545238787769360743	7847382927752
1	6	12336	1545238787794362763	7847432732248
50	6	12336	1545238787794365095	7847432735637
51	6	12336	1545238787794365676	7847432736748
5	6	12336	1545238787794366364	7847432738133
6	7	12335	1545238787794412833	7847432831032
7	7	12335	1545238787794414125	7847432833257
8	6	12336	1545238787794484668	7847432974098
12	6	12336	1545238787794487201	7847432978821
100	6	12336	1545238787794487881	7847432980175
1	6	12336	1545238787815444323	7847474726270
50	6	12336	1545238787815447801	7847474731774
51	6	12336	1545238787815449331	7847474734819
5	6	12336	1545238787815450895	7847474737932
6	7	12335	1545238787815523109	7847474882865
7	7	12335	1545238787815527155	7847474889837
8	6	12336	1545238787815599760	7847475035550
12	6	12336	1545238787815605747	7847475046494
100	6	12336	1545238787815607755	7847475050401
1	6	12336	1545238787843829225	7847531267805
50	6	12336	1545238787843831699	7847531271425
51	6	12336	1545238787843832318	7847531272654
5	6	12336	1545238787843833152	7847531274318
6	1	12335	1545238787843899912	7847531407844
7	1	12335	1545238787843901684	7847531410836
8	6	12336	1545238787843910149	7847531427768
12	6	12336	1545238787843912674	7847531432720
100	6	12336	1545238787843913548	7847531434467
1	6	12336	1545238787867281787	7847577984586
50	6	12336	1545238787867284774	7847577989145
51	6	12336	1545238787867285338	7847577990272
5	6	12336	1545238787867286165	7847577991945
6	7	12335	1545238787867299039	7847578018023
7	7	12335	1545238787867300514	7847578020499
8	6	12336	1545238787867308728	7847578037105
12	6	12336	1545238787867311611	7847578042688
100	6	12336	1545238787867312466	7847578044320
1	6	12336	1545238787906028588	7847655167873
50	6	12336	1545238787906033743	7847655175942
51	6	12336	1545238787906035635	7847655179815
5	6	12336	1545238787906037654	7847655183752
6	7	12335	1545238787906103891	7847655316892
7	7	12335	1545238787906108121	7847655324083
8	6	12336	1545238787906134177	7847655376408
12	6	12336	1545238787906140198	7847655388072
100	6	12336	1545238787906142411	7847655392453
1	7	12336	1545238787933370777	7847709631617
50	7	12336	1545238787933373615	7847709635935
51	7	12336	1545238787933374395	7847709637492
5	7	12336	1545238787933375260	7847709639218
6	0	12335	1545238787933434719	7847709758342
7	0	12335	1545238787933437031	7847709762261
8	7	12336	1545238787933447951	7847709784090
12	7	12336	1545238787933450840	7847709789770
100	7	12336	1545238787933451806	7847709791693
1	7	12336	1545238787973132657	7847788836262
50	7	12336	1545238787973136657	7847788842610
51	7	12336	1545238787973137702	7847788844697
5	7	12336	1545238787973138857	7847788846997
6	0	12335	1545238787973198090	7847788965719
7	0	12335	1545238787973200925	7847788970635
8	7	12336	1545238787973235841	7847789040521
12	7	12336	1545238787973240123	7847789048709
100	7	12336	1545238787973241604	7847789051661
1	0	12336	1545238787998043755	7847838458601
50	0	12336	1545238787998047618	7847838464409
51	0	12336	1545238787998048666	7847838466496
5	0	12336	1545238787998049833	7847838468828
6	1	12335	1545238787998111519	7847838592460
7	1	12335	1545238787998114489	7847838597616
8	0	12336	1545238787998171991	7847838712994
12	0	12336	1545238787998177223	7847838722578
100	0	12336	1545238787998178653	7847838725430
1	6	12336	1545238788020549232	7847883289306
50	6	12336	1545238788020554447	7847883297337
51	6	12336	1545238788020555981	7847883300384
5	6	12336	1545238788020557594	7847883303582
6	1	12335	1545238788020642133	7847883473141
7	1	12335	1545238788020646362	7847883520643
8	6	12336	1545238788020744239	7847883676667
12	6	12336	1545238788020751255	7847883689366
100	6	12336	1545238788020753380	7847883693597
1	6	12336	1545238788047449365	7847936873323
50	6	12336	1545238788047453616	7847936879473
51	6	12336	1545238788047454544	7847936881363
5	6	12336	1545238788047455863	7847936883969
6	1	12335	1545238788047485932	7847936944520
7	1	12335	1545238788047488302	7847936948555
8	6	12336	1545238788047502010	7847936976206
12	6	12336	1545238788047505690	7847936983215
100	6	12336	1545238788047507139	7847936986114
1	7	12336	1545238788073015862	7847987801368
50	7	12336	1545238788073021128	7847987809194
51	7	12336	1545238788073022643	7847987812226
5	7	12336	1545238788073024337	7847987815593
6	1	12335	1545238788073066681	7847987901314
7	1	12335	1545238788073071150	7847987908844
8	7	12336	1545238788073164715	7847988096433
12	7	12336	1545238788073172562	7847988110846
100	7	12336	1545238788073174793	7847988115296
1	0	12336	1545238788101228648	7848043999726
50	0	12336	1545238788101231974	7848044004162
51	0	12336	1545238788101232776	7848044005757
5	0	12336	1545238788101233685	7848044007567
6	1	12335	1545238788101298990	7848044138182
7	1	12335	1545238788101301177	7848044142008
8	0	12336	1545238788101351013	7848044241851
12	0	12336	1545238788101354798	7848044248819
100	0	12336	1545238788101355912	7848044251042
1	0	12336	1545238788123720620	7848088801729
50	0	12336	1545238788123722761	7848088805033
51	0	12336	1545238788123723233	7848088805950
5	0	12336	1545238788123723819	7848088807120
6	3	12335	1545238788123772101	7848088903700
7	3	12335	1545238788123773399	7848088905886
8	0	12336	1545238788123779480	7848088918069
12	0	12336	1545238788123781436	7848088921891
100	0	12336	1545238788123782075	7848088923166
1	0	12336	1545238788146336560	7848133853615
50	0	12336	1545238788146341435	7848133860794
51	0	12336	1545238788146342969	7848133863863
5	0	12336	1545238788146344635	7848133867160
6	3	12335	1545238788146377084	7848133933479
7	3	12335	1545238788146381871	7848133941362
8	0	12336	1545238788146456662	7848134091615
12	0	12336	1545238788146463953	7848134104856
100	0	12336	1545238788146466074	7848134109073
1	0	12336	1545238788169554497	7848180101505
50	0	12336	1545238788169557658	7848180106667
51	0	12336	1545238788169558708	7848180108778
5	0	12336	1545238788169559910	7848180111153
6	3	12335	1545238788169616539	7848180224624
7	3	12335	1545238788169619316	7848180229499
8	0	12336	1545238788169666001	7848180322829
12	0	12336	1545238788169671062	7848180332581
100	0	12336	1545238788169672723	7848180335931
1	0	12336	1545238788191758076	7848224330842
50	0	12336	1545238788191761868	7848224336784
51	0	12336	1545238788191763367	7848224339770
5	0	12336	1545238788191765152	7848224343325
6	3	12335	1545238788191806758	7848224427396
7	3	12335	1545238788191811080	7848224434809
8	0	12336	1545238788191831293	7848224475697
12	0	12336	1545238788191837570	7848224487662
100	0	12336	1545238788191839752	7848224492002
1	7	12336	1545238788219333302	7848279260094
50	7	12336	1545238788219336690	7848279264846
51	7	12336	1545238788219337717	7848279266884
5	7	12336	1545238788219338814	7848279269065
6	3	12335	1545238788219372810	7848279337131
7	3	12335	1545238788219374965	7848279341076
8	7	12336	1545238788219385364	7848279361968
12	7	12336	1545238788219388722	7848279368450
100	7	12336	1545238788219389756	7848279370511
1	7	12336	1545238788253946087	7848348207672
50	7	12336	1545238788253951135	7848348215859
51	7	12336	1545238788253952942	7848348219389
5	7	12336	1545238788253954819	7848348223132
6	0	12335	1545238788253989366	7848348292786
7	0	12335	1545238788253993129	7848348299367
8	7	12336	1545238788254012309	7848348337930
12	7	12336	1545238788254018384	7848348349790
100	7	12336	1545238788254020542	7848348354046
1	7	12336	1545238788281044377	7848402186099
50	7	12336	1545238788281047877	7848402191494
51	7	12336	1545238788281049013	7848402193773
5	7	12336	1545238788281050348	7848402196431
6	0	12335	1545238788281107519	7848402310921
7	0	12335	1545238788281110231	7848402315666
8	7	12336	1545238788281126455	7848402348374
12	7	12336	1545238788281131107	7848402357318
100	7	12336	1545238788281132705	7848402360465
1	7	12336	1545238788304790009	7848449485981
50	7	12336	1545238788304792061	7848449489001
51	7	12336	1545238788304792534	7848449489944
5	7	12336	1545238788304793078	7848449491026
6	0	12335	1545238788304835521	7848449575943
7	0	12335	1545238788304836818	7848449578159
8	7	12336	1545238788304842726	7848449590006
12	7	12336	1545238788304844458	7848449593375
100	7	12336	1545238788304845015	7848449594486
1	7	12336	1545238788345170093	7848529922765
50	7	12336	1545238788345174267	7848529929148
51	7	12336	1545238788345175781	7848529932178
5	7	12336	1545238788345177365	7848529935334
6	0	12335	1545238788345238672	7848530058486
7	0	12335	1545238788345242565	7848530065195
8	7	12336	1545238788345303707	7848530188108
12	7	12336	1545238788345309653	7848530198829
100	7	12336	1545238788345311574	7848530202655
1	7	12336	1545238788372653076	7848584667864
50	7	12336	1545238788372657029	7848584673860
51	7	12336	1545238788372658450	7848584676705
5	7	12336	1545238788372659829	7848584679454
6	0	12335	1545238788372723436	7848584806913
7	0	12335	1545238788372726337	7848584811889
8	7	12336	1545238788372745372	7848584849946
12	7	12336	1545238788372749463	7848584858007
100	7	12336	1545238788372751108	7848584861268
1	7	12336	1545238788398648691	7848636449287
50	7	12336	1545238788398650938	7848636452746
51	7	12336	1545238788398651424	7848636453714
5	7	12336	1545238788398652396	7848636455653
6	0	12335	1545238788398697512	7848636545842
7	0	12335	1545238788398698782	7848636548049
8	7	12336	1545238788398734517	7848636619609
12	7	12336	1545238788398737167	7848636638102
100	7	12336	1545238788398744803	7848636639762
1	6	12336	1545238788428911083	7848696731618
50	6	12336	1545238788428914709	7848696737323
51	6	12336	1545238788428915893	7848696739643
5	6	12336	1545238788428917318	7848696742479
6	7	12335	1545238788428980616	7848696869406
7	7	12335	1545238788428983428	7848696874133
8	6	12336	1545238788429002751	7848696913066
12	6	12336	1545238788429008132	7848696923376
100	6	12336	1545238788429009793	7848696926692
1	6	12336	1545238788452502784	7848743725938
50	6	12336	1545238788452507036	7848743732453
51	6	12336	1545238788452508556	7848743735457
5	6	12336	1545238788452510158	7848743738650
6	7	12335	1545238788452566133	7848743851214
7	7	12335	1545238788452570171	7848743858196
8	6	12336	1545238788452629029	7848743976388
12	6	12336	1545238788452635069	7848743987476
100	6	12336	1545238788452637255	7848743991824
1	6	12336	1545238788475641889	7848789817970
50	6	12336	1545238788475645934	7848789824343
51	6	12336	1545238788475647467	7848789827402
5	6	12336	1545238788475649093	7848789830639
6	7	12335	1545238788475683904	7848789901294
7	7	12335	1545238788475688601	7848789909384
8	6	12336	1545238788475760041	7848790052718
12	6	12336	1545238788475766207	7848790063930
100	6	12336	1545238788475768181	7848790067849
1	6	12336	1545238788495059188	7848828496456
50	6	12336	1545238788495062544	7848828501487
51	6	12336	1545238788495063336	7848828503062
5	6	12336	1545238788495064248	7848828504882
6	7	12335	1545238788495080176	7848828537312
7	7	12335	1545238788495082596	7848828541432
8	6	12336	1545238788495170061	7848828716270
12	6	12336	1545238788495173985	7848828723506
100	6	12336	1545238788495175093	7848828725676
1	7	12336	1545238788522276458	7848882712485
50	7	12336	1545238788522280390	7848882718627
51	7	12336	1545238788522281910	7848882721654
5	7	12336	1545238788522283482	7848882724785
6	0	12335	1545238788522353221	7848882864744
7	0	12335	1545238788522357016	7848882871268
8	7	12336	1545238788522461533	7848883080507
12	7	12336	1545238788522467507	7848883091348
100	7	12336	1545238788522469419	7848883095158
1	7	12336	1545238788545343700	7848928661465
50	7	12336	1545238788545347512	7848928667553
51	7	12336	1545238788545349008	7848928670545
5	7	12336	1545238788545350562	7848928673630
6	0	12335	1545238788545423098	7848928819141
7	0	12335	1545238788545426991	7848928825894
8	7	12336	1545238788545486118	7848928944700
12	7	12336	1545238788545491814	7848928955000
100	7	12336	1545238788545493744	7848928958840
1	7	12336	1545238788577641096	7848992996346
50	7	12336	1545238788577643616	7848993000193
51	7	12336	1545238788577644238	7848993001434
5	7	12336	1545238788577644922	7848993002794
6	0	12335	1545238788577688963	7848993090966
7	0	12335	1545238788577690578	7848993093740
8	7	12336	1545238788577728452	7848993169373
12	7	12336	1545238788577730954	7848993174171
100	7	12336	1545238788577731826	7848993175906
1	7	12336	1545238788600195940	7849037924672
50	7	12336	1545238788600198188	7849037928133
51	7	12336	1545238788600198740	7849037929237
5	7	12336	1545238788600199414	7849037930577
6	0	12335	1545238788600246196	7849038024150
7	0	12335	1545238788600247603	7849038026571
8	1	12336	1545238788600293638	7849038118671
12	1	12336	1545238788600296300	7849038123578
100	1	12336	1545238788600297101	7849038125169
1	1	12336	1545238788622637187	7849082628589
50	1	12336	1545238788622642365	7849082636533
51	1	12336	1545238788622644176	7849082639988
5	1	12336	1545238788622646073	7849082643822
6	0	12335	1545238788622714573	7849082781236
7	0	12335	1545238788622718557	7849082788103
8	1	12336	1545238788622792796	7849082937157
12	1	12336	1545238788622799140	7849082948611
100	1	12336	1545238788622801183	7849082952678
1	1	12336	1545238788645717478	7849128602293
50	1	12336	1545238788645719923	7849128605998
51	1	12336	1545238788645720571	7849128607218
5	1	12336	1545238788645721389	7849128608860
6	0	12335	1545238788645772616	7849128710991
7	0	12335	1545238788645774078	7849128713792
8	1	12336	1545238788645824365	7849128814396
12	1	12336	1545238788645830512	7849128826197
100	1	12336	1545238788645832487	7849128830136
1	1	12336	1545238788673918946	7849184779551
50	1	12336	1545238788673923768	7849184787270
51	1	12336	1545238788673925530	7849184790742
5	1	12336	1545238788673927380	7849184794439
6	0	12335	1545238788673957268	7849184855549
7	0	12335	1545238788673962130	7849184863632
8	1	12336	1545238788673994931	7849184929326
12	1	12336	1545238788674000144	7849184939304
100	1	12336	1545238788674002137	7849184943270
1	1	12336	1545238788702870570	7849242449180
50	1	12336	1545238788702872864	7849242452662
51	1	12336	1545238788702873422	7849242453784
5	1	12336	1545238788702874097	7849242455108
6	0	12335	1545238788702922673	7849242552201
7	0	12335	1545238788702924093	7849242554693
8	1	12336	1545238788702973887	7849242654196
12	1	12336	1545238788702976520	7849242659132
100	1	12336	1545238788702977340	7849242660763
1	7	12336	1545238788733647762	7849303756555
50	7	12336	1545238788733650741	7849303761232
51	7	12336	1545238788733651780	7849303763297
5	7	12336	1545238788733652928	7849303765594
6	0	12335	1545238788733711630	7849303883325
7	0	12335	1545238788733714393	7849303888019
8	7	12336	1545238788733782909	7849304024830
12	7	12336	1545238788733787008	7849304032666
100	7	12336	1545238788733788444	7849304035530
1	7	12336	1545238788764720533	7849365653443
50	7	12336	1545238788764724633	7849365659451
51	7	12336	1545238788764726117	7849365662405
5	7	12336	1545238788764727697	7849365665545
6	0	12335	1545238788764756481	7849365724050
7	0	12335	1545238788764760523	7849365730939
8	7	12336	1545238788764782288	7849365774777
12	7	12336	1545238788764788060	7849365785877
100	7	12336	1545238788764790439	7849365790670
1	7	12336	1545238788789354450	7849414780754
50	7	12336	1545238788789387132	7849414786358
51	7	12336	1545238788789388219	7849414788421
5	7	12336	1545238788789389374	7849414800033
6	0	12335	1545238788789453540	7849414919245
7	0	12335	1545238788789456217	7849414923873
8	7	12336	1545238788789510168	7849415032036
12	7	12336	1545238788789514301	7849415039571
100	7	12336	1545238788789515657	7849415042287
1	7	12336	1545238788818373370	7849472527573
50	7	12336	1545238788818377616	7849472534401
51	7	12336	1545238788818379111	7849472537377
5	7	12336	1545238788818380668	7849472540462
6	0	12335	1545238788818450631	7849472680874
7	0	12335	1545238788818454505	7849472687563
8	7	12336	1545238788818518253	7849472815563
12	7	12336	1545238788818524633	7849472827242
100	7	12336	1545238788818526562	7849472831084
1	0	12336	1545238788845091987	7849525754155
50	0	12336	1545238788845100731	7849525765874
51	0	12336	1545238788845101959	7849525768275
5	0	12336	1545238788845103819	7849525771996
6	1	12335	1545238788845177735	7849525919866
7	1	12335	1545238788845180969	7849525925662
8	0	12336	1545238788845192909	7849525949606
12	0	12336	1545238788845201391	7849525966366
100	0	12336	1545238788845203485	7849525970514
1	0	12336	1545238788879188597	7849593669217
50	0	12336	1545238788879191306	7849593673110
51	0	12336	1545238788879191950	7849593674397
5	0	12336	1545238788879192669	7849593675825
6	1	12335	1545238788879245292	7849593781044
7	1	12335	1545238788879247017	7849593784087
8	0	12336	1545238788879299347	7849593888778
12	0	12336	1545238788879302429	7849593894463
100	0	12336	1545238788879303314	7849593896232
1	0	12336	1545238788901621608	7849638355453
50	0	12336	1545238788901625506	7849638361411
51	0	12336	1545238788901626988	7849638364361
5	0	12336	1545238788901628680	7849638367725
6	1	12335	1545238788901708342	7849638527622
7	1	12335	1545238788901712323	7849638534349
8	0	12336	1545238788901729921	7849638569587
12	0	12336	1545238788901734550	7849638578618
100	0	12336	1545238788901736373	7849638582248
1	0	12336	1545238788932161239	7849699189338
50	0	12336	1545238788932165348	7849699195747
51	0	12336	1545238788932166855	7849699198763
5	0	12336	1545238788932168432	7849699201893
6	1	12335	1545238788932240042	7849699345590
7	1	12335	1545238788932243979	7849699352380
8	0	12336	1545238788932306543	7849699478076
12	0	12336	1545238788932312529	7849699488945
100	0	12336	1545238788932314481	7849699492820
1	0	12336	1545238788955781169	7849746238829
50	0	12336	1545238788955783559	7849746242321
51	0	12336	1545238788955784200	7849746243592
5	0	12336	1545238788955784924	7849746245036
6	1	12335	1545238788955799350	7849746274444
7	1	12335	1545238788955801219	7849746277495
8	0	12336	1545238788955856024	7849746387162
12	0	12336	1545238788955858925	7849746392442
100	0	12336	1545238788955859818	7849746394227
1	4	12336	1545238788977947908	7849790395236
50	4	12336	1545238788977952896	7849790403087
51	4	12336	1545238788977954822	7849790406927
5	4	12336	1545238788977956787	7849790410848
6	1	12335	1545238788977984185	7849790466800
7	1	12335	1545238788977989128	7849790475272
8	4	12336	1545238788978014936	7849790527028
12	4	12336	1545238788978022243	7849790541199
100	4	12336	1545238788978024397	7849790545523
1	4	12336	1545238789001375669	7849837062049
50	4	12336	1545238789001379723	7849837068468
51	4	12336	1545238789001381256	7849837071521
5	4	12336	1545238789001382836	7849837074675
6	1	12335	1545238789001445747	7849837200881
7	1	12335	1545238789001449628	7849837207722
8	4	12336	1545238789001503205	7849837315326
12	4	12336	1545238789001509087	7849837326175
100	4	12336	1545238789001511063	7849837330104
1	4	12336	1545238789027894517	7849889888184
50	4	12336	1545238789027900271	7849889896622
51	4	12336	1545238789027901966	7849889899909
5	4	12336	1545238789027903870	7849889903687
6	1	12335	1545238789027938554	7849889974182
7	1	12335	1545238789027942797	7849889981229
8	4	12336	1545238789027964142	7849890024146
12	4	12336	1545238789027970347	7849890036153
100	4	12336	1545238789027972567	7849890040603
1	4	12336	1545238789051511194	7849936930665
50	4	12336	1545238789051515627	7849936937526
51	4	12336	1545238789051517489	7849936941238
5	4	12336	1545238789051519151	7849936944546
6	6	12335	1545238789051600700	7849937107947
7	6	12335	1545238789051604841	7849937115229
8	4	12336	1545238789051678226	7849937262540
12	4	12336	1545238789051684779	7849937274483
100	4	12336	1545238789051686855	7849937278611
1	4	12336	1545238789078364160	7849990419758
50	4	12336	1545238789078366284	7849990423013
51	4	12336	1545238789078366922	7849990424289
5	4	12336	1545238789078367620	7849990425675
6	6	12335	1545238789078417215	7849990524903
7	6	12335	1545238789078418946	7849990527917
8	4	12336	1545238789078474711	7849990639443
12	4	12336	1545238789078477422	7849990644394
100	4	12336	1545238789078478269	7849990646089
1	4	12336	1545238789096396235	7850026338965
50	4	12336	1545238789096398307	7850026342182
51	4	12336	1545238789096398780	7850026343124
5	4	12336	1545238789096399317	7850026344194
6	6	12335	1545238789096441860	7850026429217
7	6	12335	1545238789096443082	7850026431371
8	4	12336	1545238789096483408	7850026512025
12	4	12336	1545238789096485524	7850026515913
100	4	12336	1545238789096486218	7850026517296
1	4	12336	1545238789119588720	7850072537778
50	4	12336	1545238789119590663	7850072540583
51	4	12336	1545238789119591139	7850072541531
5	4	12336	1545238789119591673	7850072542600
6	6	12335	1545238789119637108	7850072633379
7	6	12335	1545238789119638301	7850072635475
8	4	12336	1545238789119681040	7850072720936
12	4	12336	1545238789119683102	7850072724720
100	4	12336	1545238789119683740	7850072725987
1	4	12336	1545238789168052290	7850169075487
50	4	12336	1545238789168054558	7850169079054
51	4	12336	1545238789168055085	7850169093072
5	4	12336	1545238789168062231	7850169094368
6	6	12335	1545238789168105080	7850169180056
7	6	12335	1545238789168106446	7850169182413
8	4	12336	1545238789168151143	7850169271814
12	4	12336	1545238789168153681	7850169276502
100	4	12336	1545238789168154382	7850169277897
1	4	12336	1545238789197911080	7850228554060
50	4	12336	1545238789197915260	7850228560710
51	4	12336	1545238789197916735	7850228563651
5	4	12336	1545238789197918282	7850228566749
6	6	12335	1545238789197947214	7850228625960
7	6	12335	1545238789197951991	7850228633942
8	4	12336	1545238789198032227	7850228794746
12	4	12336	1545238789198038071	7850228805352
100	4	12336	1545238789198039977	7850228809139
1	6	12336	1545238789220871788	7850274290785
50	6	12336	1545238789220875398	7850274296550
51	6	12336	1545238789220876918	7850274299575
5	6	12336	1545238789220878512	7850274302741
6	7	12335	1545238789220906874	7850274360432
7	7	12335	1545238789220910943	7850274367347
8	6	12336	1545238789220938519	7850274422733
12	6	12336	1545238789220943677	7850274432571
100	6	12336	1545238789220945849	7850274436885
1	7	12336	1545238789252780367	7850337855207
50	7	12336	1545238789252787960	7850337865234
51	7	12336	1545238789252789476	7850337868256
5	7	12336	1545238789252792164	7850337873613
6	1	12335	1545238789252828009	7850337945841
7	1	12335	1545238789252830997	7850337950967
8	7	12336	1545238789252916040	7850338121159
12	7	12336	1545238789252924457	7850338137132
100	7	12336	1545238789252926653	7850338141519
1	7	12336	1545238789277831814	7850387753479
50	7	12336	1545238789277834010	7850387756056
51	7	12336	1545238789277834688	7850387757407
5	7	12336	1545238789277835209	7850387758437
6	2	12335	1545238789277884233	7850387856355
7	2	12335	1545238789277885367	7850387858355
8	7	12336	1545238789277934812	7850387957125
12	7	12336	1545238789277936937	7850387961082
100	7	12336	1545238789277937684	7850387962570
1	7	12336	1545238789307374132	7850446601129
50	7	12336	1545238789307378589	7850446608024
51	7	12336	1545238789307380124	7850446611079
5	7	12336	1545238789307381736	7850446614284
6	2	12335	1545238789307464293	7850446779808
7	2	12335	1545238789307468208	7850446786543
8	7	12336	1545238789307538700	7850446928038
12	7	12336	1545238789307544838	7850446939178
100	7	12336	1545238789307556407	7850446962228
1	7	12336	1545238789330770293	7850493204566
50	7	12336	1545238789330772823	7850493208417
51	7	12336	1545238789330773366	7850493209498
5	7	12336	1545238789330773996	7850493210753
6	2	12335	1545238789330821750	7850493306247
7	2	12335	1545238789330823440	7850493309249
8	7	12336	1545238789330832917	7850493328364
12	7	12336	1545238789330835960	7850493334188
100	7	12336	1545238789330836959	7850493336178
1	7	12336	1545238789351215680	7850533931371
50	7	12336	1545238789351218904	7850533936405
51	7	12336	1545238789351219952	7850533938488
5	7	12336	1545238789351221080	7850533940735
6	2	12335	1545238789351284201	7850534067215
7	2	12335	1545238789351287082	7850534072214
8	7	12336	1545238789351342041	7850534182375
12	7	12336	1545238789351346483	7850534190535
100	7	12336	1545238789351347908	7850534193371
1	7	12336	1545238789375060384	7850581429734
50	7	12336	1545238789375064849	7850581436815
51	7	12336	1545238789375066329	7850581439755
5	7	12336	1545238789375067925	7850581442931
6	2	12335	1545238789375138510	7850581584568
7	2	12335	1545238789375142704	7850581591890
8	7	12336	1545238789375163844	7850581634293
12	7	12336	1545238789375168773	7850581643815
100	7	12336	1545238789375170752	7850581647755
1	7	12336	1545238789402809316	7850636704121
50	7	12336	1545238789402812144	7850636708412
51	7	12336	1545238789402812882	7850636709835
5	7	12336	1545238789402813774	7850636711615
6	2	12335	1545238789402863465	7850636811140
7	2	12335	1545238789402865248	7850636814144
8	7	12336	1545238789402884354	7850636852397
12	7	12336	1545238789402887378	7850636858225
100	7	12336	1545238789402888267	7850636860001
1	7	12336	1545238789430905049	7850692670338
50	7	12336	1545238789430908472	7850692675367
51	7	12336	1545238789430909521	7850692677456
5	7	12336	1545238789430910908	7850692680215
6	2	12335	1545238789430977482	7850692813489
7	2	12335	1545238789430980375	7850692818599
8	7	12336	1545238789431050646	7850692959417
12	7	12336	1545238789431055825	7850692968908
100	7	12336	1545238789431057272	7850692971764
1	7	12336	1545238789455570096	7850741802666
50	7	12336	1545238789455574942	7850741810209
51	7	12336	1545238789455576480	7850741813282
5	7	12336	1545238789455578134	7850741816576
6	2	12335	1545238789455640825	7850741942620
7	2	12335	1545238789455645026	7850741949825
8	7	12336	1545238789455708300	7850742077449
12	7	12336	1545238789455715862	7850742090929
100	7	12336	1545238789455718082	7850742095354
1	7	12336	1545238789478936314	7850788346991
50	7	12336	1545238789478940588	7850788353761
51	7	12336	1545238789478941787	7850788356174
5	7	12336	1545238789478943208	7850788359000
6	0	12335	1545238789479010389	7850788493727
7	0	12335	1545238789479013428	7850788498841
8	7	12336	1545238789479034509	7850788541343
12	7	12336	1545238789479040030	7850788551967
100	7	12336	1545238789479041710	7850788555187
1	7	12336	1545238789509183508	7850848598683
50	7	12336	1545238789509187216	7850848604052
51	7	12336	1545238789509188041	7850848605623
5	7	12336	1545238789509189043	7850848607633
6	0	12335	1545238789509247447	7850848724653
7	0	12335	1545238789509249722	7850848728501
8	1	12336	1545238789509303198	7850848835784
12	1	12336	1545238789509307660	7850848843910
100	1	12336	1545238789509308799	7850848846171
1	1	12336	1545238789535164046	7850900352740
50	1	12336	1545238789535170815	7850900362619
51	1	12336	1545238789535172624	7850900366188
5	1	12336	1545238789535174786	7850900370496
6	0	12335	1545238789535252175	7850900563777
7	0	12335	1545238789535276298	7850900572846
8	1	12336	1545238789535304359	7850900629010
12	1	12336	1545238789535311501	7850900642793
100	1	12336	1545238789535313668	7850900647109
1	1	12336	1545238789555745718	7850941350187
50	1	12336	1545238789555751575	7850941358906
51	1	12336	1545238789555753476	7850941362562
5	1	12336	1545238789555755434	7850941366479
6	0	12335	1545238789555830511	7850941517007
7	0	12335	1545238789555834761	7850941524451
8	1	12336	1545238789555909608	7850941674774
12	1	12336	1545238789555917157	7850941688570
100	1	12336	1545238789555919528	7850941693279
1	1	12336	1545238789582846429	7850995333138
50	1	12336	1545238789582851342	7850995340608
51	1	12336	1545238789582853096	7850995344098
5	1	12336	1545238789582854962	7850995347839
6	0	12335	1545238789582928699	7850995495691
7	0	12335	1545238789582932604	7850995502446
8	1	12336	1545238789583000527	7850995638805
12	1	12336	1545238789583006560	7850995649753
100	1	12336	1545238789583008549	7850995653731
1	1	12336	1545238789611586929	7851052582311
50	1	12336	1545238789611589647	7851052586220
51	1	12336	1545238789611590251	7851052587402
5	1	12336	1545238789611591372	7851052589625
6	0	12335	1545238789611639499	7851052685950
7	0	12335	1545238789611641147	7851052688786
8	1	12336	1545238789611689605	7851052785825
12	1	12336	1545238789611692556	7851052791174
100	1	12336	1545238789611693397	7851052792848
1	7	12336	1545238789643119955	7851115396094
50	7	12336	1545238789643124869	7851115403442
51	7	12336	1545238789643126652	7851115407031
5	7	12336	1545238789643128556	7851115410864
6	1	12335	1545238789643192524	7851115539255
7	1	12335	1545238789643196388	7851115545903
8	7	12336	1545238789643269295	7851115692165
12	7	12336	1545238789643275338	7851115703159
100	7	12336	1545238789643277326	7851115707125
1	7	12336	1545238789670495452	7851169928300
50	7	12336	1545238789670503096	7851169939811
51	7	12336	1545238789670503664	7851169940941
5	7	12336	1545238789670504834	7851169943273
6	1	12335	1545238789670528819	7851169991692
7	1	12335	1545238789670530953	7851169995299
8	7	12336	1545238789670588881	7851170111064
12	7	12336	1545238789670593875	7851170120636
100	7	12336	1545238789670594883	7851170122648
1	7	12336	1545238789698160716	7851225033903
50	7	12336	1545238789698162719	7851225036857
51	7	12336	1545238789698163258	7851225037932
5	7	12336	1545238789698163883	7851225039175
6	1	12335	1545238789698207877	7851225127189
7	1	12335	1545238789698209259	7851225129566
8	7	12336	1545238789698256329	7851225223730
12	7	12336	1545238789698258795	7851225228237
100	7	12336	1545238789698259677	7851225229996
1	7	12336	1545238789725250146	7851278995414
50	7	12336	1545238789725252438	7851278998675
51	7	12336	1545238789725252990	7851278999776
5	7	12336	1545238789725253641	7851279001074
6	1	12335	1545238789725301221	7851279096200
7	1	12335	1545238789725302602	7851279098603
8	7	12336	1545238789725342096	7851279177445
12	7	12336	1545238789725344439	7851279181937
100	7	12336	1545238789725345179	7851279183411
1	7	12336	1545238789752916417	7851334105497
50	7	12336	1545238789752918673	7851334108888
51	7	12336	1545238789752919161	7851334109859
5	7	12336	1545238789752919726	7851334110985
6	1	12335	1545238789752929446	7851334130646
7	1	12335	1545238789752930763	7851334132968
8	7	12336	1545238789752981139	7851334233671
12	7	12336	1545238789752983372	7851334237764
100	7	12336	1545238789752984016	7851334239048
1	7	12336	1545238789781004790	7851390057159
50	7	12336	1545238789781007074	7851390060048
51	7	12336	1545238789781007570	7851390061036
5	7	12336	1545238789781008148	7851390062188
6	1	12335	1545238789781054422	7851390154715
7	1	12335	1545238789781055723	7851390156958
8	7	12336	1545238789781097243	7851390240036
12	7	12336	1545238789781099583	7851390244322
100	7	12336	1545238789781100251	7851390245656
1	7	12336	1545238789806638320	7851441118038
50	7	12336	1545238789806640687	7851441121360
51	7	12336	1545238789806641259	7851441122496
5	7	12336	1545238789806641922	7851441123822
6	1	12335	1545238789806657801	7851441155935
7	1	12335	1545238789806659360	7851441158557
8	7	12336	1545238789806666296	7851441172434
12	7	12336	1545238789806668402	7851441176566
100	7	12336	1545238789806669085	7851441177928
1	7	12336	1545238789828590665	7851484846167
50	7	12336	1545238789828593132	7851484849904
51	7	12336	1545238789828593919	7851484851473
5	7	12336	1545238789828594677	7851484852992
6	1	12335	1545238789828612606	7851484889139
7	1	12335	1545238789828614251	7851484891985
8	7	12336	1545238789828692731	7851485048776
12	7	12336	1545238789828695679	7851485054180
100	7	12336	1545238789828696562	7851485055937
1	7	12336	1545238789851475909	7851530438418
50	7	12336	1545238789851513444	7851530506443
51	7	12336	1545238789851514253	7851530508047
5	7	12336	1545238789851515420	7851530510371
6	1	12335	1545238789851542285	7851530564337
7	1	12335	1545238789851544403	7851530568078
8	7	12336	1545238789851553679	7851530586609
12	7	12336	1545238789851556036	7851530591249
100	7	12336	1545238789851557178	7851530593524
1	7	12336	1545238789883906027	7851595032726
50	7	12336	1545238789883908546	7851595036388
51	7	12336	1545238789883909282	7851595037850
5	7	12336	1545238789883910088	7851595039457
6	1	12335	1545238789883958911	7851595137233
7	1	12335	1545238789883960799	7851595140472
8	7	12336	1545238789884000862	7851595220784
12	7	12336	1545238789884004093	7851595226715
100	7	12336	1545238789884005063	7851595228645
1	7	12336	1545238789914208529	7851655395110
50	7	12336	1545238789914212701	7851655401359
51	7	12336	1545238789914214169	7851655404299
5	7	12336	1545238789914215869	7851655407667
6	1	12335	1545238789914290952	7851655558306
7	1	12335	1545238789914294800	7851655564916
8	7	12336	1545238789914363391	7851655725853
12	7	12336	1545238789914381875	7851655738509
100	7	12336	1545238789914383951	7851655742485
1	7	12336	1545238789940644679	7851708058357
50	7	12336	1545238789940653796	7851708071017
51	7	12336	1545238789940655607	7851708074625
5	7	12336	1545238789940657411	7851708078220
6	1	12335	1545238789940694298	7851708152313
7	1	12335	1545238789940696828	7851708156736
8	7	12336	1545238789940749868	7851708262571
12	7	12336	1545238789940753269	7851708269169
100	7	12336	1545238789940755196	7851708273007
1	7	12336	1545238789970225428	7851766978948
50	7	12336	1545238789970230559	7851766987108
51	7	12336	1545238789970232321	7851766990630
5	7	12336	1545238789970234296	7851766994552
6	1	12335	1545238789970307132	7851767140581
7	1	12335	1545238789970310984	7851767147272
8	7	12336	1545238789970443080	7851767411475
12	7	12336	1545238789970459114	7851767442359
100	7	12336	1545238789970461171	7851767446446
1	7	12336	1545238789994096826	7851814529439
50	7	12336	1545238789994100513	7851814535166
51	7	12336	1545238789994101662	7851814537450
5	7	12336	1545238789994102951	7851814540049
6	1	12335	1545238789994126749	7851814588246
7	1	12335	1545238789994129430	7851814592762
8	7	12336	1545238789994144939	7851814624128
12	7	12336	1545238789994149767	7851814633296
100	7	12336	1545238789994151419	7851814636582
1	7	12336	1545238790015473929	7851857112004
50	7	12336	1545238790015477469	7851857117429
51	7	12336	1545238790015478648	7851857119737
5	7	12336	1545238790015480392	7851857123199
6	1	12335	1545238790015510833	7851857184676
7	1	12335	1545238790015513526	7851857189172
8	7	12336	1545238790015529461	7851857221315
12	7	12336	1545238790015534399	7851857230791
100	7	12336	1545238790015535978	7851857233931
1	7	12336	1545238790035652484	7851897306645
50	7	12336	1545238790035655933	7851897312165
51	7	12336	1545238790035656821	7851897313931
5	7	12336	1545238790035657933	7851897316172
6	1	12335	1545238790035681300	7851897363350
7	1	12335	1545238790035683437	7851897366931
8	7	12336	1545238790035696311	7851897392882
12	7	12336	1545238790035700404	7851897400744
100	7	12336	1545238790035701627	7851897403186
1	7	12336	1545238790060603947	7851947009059
50	7	12336	1545238790060607027	7851947013885
51	7	12336	1545238790060607824	7851947015474
5	7	12336	1545238790060608706	7851947017233
6	1	12335	1545238790060656099	7851947112214
7	1	12335	1545238790060658209	7851947115848
8	7	12336	1545238790060707305	7851947213937
12	7	12336	1545238790060710862	7851947220725
100	7	12336	1545238790060711989	7851947222974
1	7	12336	1545238790096565230	7852018648883
50	7	12336	1545238790096576040	7852018662975
51	7	12336	1545238790096577519	7852018665919
5	7	12336	1545238790096578474	7852018667822
6	1	12335	1545238790096611066	7852018733319
7	1	12335	1545238790096613175	7852018736942
8	7	12336	1545238790096662616	7852018835828
12	7	12336	1545238790096672218	7852018854563
100	7	12336	1545238790096674966	7852018860031
1	7	12336	1545238790116355752	7852058064583
50	7	12336	1545238790116358068	7852058068116
51	7	12336	1545238790116358849	7852058069669
5	7	12336	1545238790116359736	7852058071446
6	1	12335	1545238790116420758	7852058193533
7	1	12335	1545238790116422815	7852058197094
8	7	12336	1545238790116463829	7852058279061
12	7	12336	1545238790116471144	7852058293410
100	7	12336	1545238790116473119	7852058297305
1	1	12336	1545238790139950352	7852105064524
50	1	12336	1545238790139953322	7852105069079
51	1	12336	1545238790139954092	7852105070613
5	1	12336	1545238790139954944	7852105072310
6	4	12335	1545238790140006628	7852105175778
7	4	12335	1545238790140008608	7852105179214
8	1	12336	1545238790140052775	7852105267712
12	1	12336	1545238790140056069	7852105273742
100	1	12336	1545238790140057080	7852105275761
1	1	12336	1545238790166881263	7852158709944
50	1	12336	1545238790166884280	7852158714683
51	1	12336	1545238790166885157	7852158716418
5	1	12336	1545238790166886445	7852158719021
6	4	12335	1545238790166938389	7852158822990
7	4	12335	1545238790166940433	7852158826510
8	1	12336	1545238790166989995	7852158925768
12	1	12336	1545238790166993404	7852158932018
100	1	12336	1545238790166994752	7852158934716
1	1	12336	1545238790194385017	7852213496944
50	1	12336	1545238790194388424	7852213502024
51	1	12336	1545238790194389348	7852213503850
5	1	12336	1545238790194390701	7852213506568
6	6	12335	1545238790194451132	7852213627530
7	6	12335	1545238790194453256	7852213631141
8	1	12336	1545238790194469696	7852213664112
12	1	12336	1545238790194472973	7852213670414
100	1	12336	1545238790194474159	7852213672777
1	1	12336	1545238790219440757	7852263407377
50	1	12336	1545238790219445586	7852263415298
51	1	12336	1545238790219447272	7852263418548
5	1	12336	1545238790219449444	7852263422882
6	6	12335	1545238790219521295	7852263567000
7	6	12335	1545238790219525283	7852263573889
8	1	12336	1545238790219596630	7852263717070
12	1	12336	1545238790219603030	7852263728767
100	1	12336	1545238790219605041	7852263732769
1	1	12336	1545238790245422699	7852315161808
50	1	12336	1545238790245425131	7852315165452
51	1	12336	1545238790245425764	7852315166671
5	1	12336	1545238790245426875	7852315168882
6	6	12335	1545238790245469760	7852315254659
7	6	12335	1545238790245471211	7852315257183
8	1	12336	1545238790245515521	7852315345835
12	1	12336	1545238790245518208	7852315350801
100	1	12336	1545238790245519057	7852315352486
1	1	12336	1545238790267048872	7852358241410
50	1	12336	1545238790267053574	7852358248738
51	1	12336	1545238790267055300	7852358252169
5	1	12336	1545238790267057187	7852358255910
6	6	12335	1545238790267115390	7852358372841
7	6	12335	1545238790267119362	7852358379712
8	1	12336	1545238790267171644	7852358484893
12	1	12336	1545238790267177622	7852358495756
100	1	12336	1545238790267179613	7852358522355
1	1	12336	1545238790290307033	7852404570042
50	1	12336	1545238790290309870	7852404574358
51	1	12336	1545238790290310789	7852404576178
5	1	12336	1545238790290311779	7852404578166
6	6	12335	1545238790290363179	7852404681112
7	6	12335	1545238790290365282	7852404684714
8	1	12336	1545238790290380254	7852404714885
12	1	12336	1545238790290384057	7852404722153
100	1	12336	1545238790290385307	7852404724645
1	1	12336	1545238790326951964	7852477565969
50	1	12336	1545238790326955608	7852477571528
51	1	12336	1545238790326957094	7852477574492
5	1	12336	1545238790326958663	7852477577623
6	4	12335	1545238790327029772	7852477720543
7	4	12335	1545238790327033886	7852477727453
8	1	12336	1545238790327058210	7852477776022
12	1	12336	1545238790327062340	7852477784142
100	1	12336	1545238790327064179	7852477787812
1	1	12336	1545238790364186821	7852551736927
50	1	12336	1545238790364192192	7852551745591
51	1	12336	1545238790364193859	7852551748972
5	1	12336	1545238790364195812	7852551752861
6	4	12335	1545238790364269063	7852551899807
7	4	12335	1545238790364273031	7852551906611
8	1	12336	1545238790364340951	7852552042997
12	1	12336	1545238790364347419	7852552054776
100	1	12336	1545238790364349481	7852552058882
1	1	12336	1545238790436018300	7852694823083
50	1	12336	1545238790436023508	7852694831348
51	1	12336	1545238790436025280	7852694834763
5	1	12336	1545238790436027180	7852694838555
6	4	12335	1545238790436112039	7852695008650
7	4	12335	1545238790436115989	7852695015404
8	1	12336	1545238790436171173	7852695125763
12	1	12336	1545238790436176948	7852695136816
100	1	12336	1545238790436179076	7852695141074
1	1	12336	1545238790467609144	7852757750275
50	1	12336	1545238790467613122	7852757756640
51	1	12336	1545238790467614622	7852757759620
5	1	12336	1545238790467616238	7852757762835
6	2	12335	1545238790467689718	7852757910340
7	2	12335	1545238790467693796	7852757917330
8	1	12336	1545238790467725543	7852757981345
12	1	12336	1545238790467732298	7852757994156
100	1	12336	1545238790467734631	7852757998699
1	1	12336	1545238790494141526	7852810601291
50	1	12336	1545238790494143946	7852810605103
51	1	12336	1545238790494144572	7852810606271
5	1	12336	1545238790494145345	7852810607827
6	2	12335	1545238790494191805	7852810700757
7	2	12335	1545238790494193282	7852810703296
8	1	12336	1545238790494234814	7852810786433
12	1	12336	1545238790494237574	7852810791545
100	1	12336	1545238790494238449	7852810793298
1	1	12336	1545238790520492618	7852863093539
50	1	12336	1545238790520498544	7852863102704
51	1	12336	1545238790520500239	7852863106030
5	1	12336	1545238790520502327	7852863110222
6	2	12335	1545238790520574633	7852863255549
7	2	12335	1545238790520579188	7852863263291
8	1	12336	1545238790520608201	7852863321783
12	1	12336	1545238790520616000	7852863336790
100	1	12336	1545238790520618609	7852863341884
1	1	12336	1545238790543732343	7852909384818
50	1	12336	1545238790543735394	7852909389545
51	1	12336	1545238790543735986	7852909390737
5	1	12336	1545238790543736762	7852909392298
6	2	12335	1545238790543751673	7852909422423
7	2	12335	1545238790543753226	7852909425061
8	1	12336	1545238790543807873	7852909534311
12	1	12336	1545238790543810875	7852909539902
100	1	12336	1545238790543811697	7852909541534
1	1	12336	1545238790573193488	7852968072075
50	1	12336	1545238790573199345	7852968081078
51	1	12336	1545238790573201082	7852968084420
5	1	12336	1545238790573203214	7852968088631
6	2	12335	1545238790573275573	7852968233955
7	2	12335	1545238790573280070	7852968241693
8	1	12336	1545238790573310198	7852968302688
12	1	12336	1545238790573317931	7852968317105
100	1	12336	1545238790573320363	7852968321966
1	1	12336	1545238790609628276	7853040647396
50	1	12336	1545238790609630927	7853040651298
51	1	12336	1545238790609631659	7853040652763
5	1	12336	1545238790609632554	7853040654543
6	2	12335	1545238790609682816	7853040755274
7	2	12335	1545238790609684663	7853040758311
8	1	12336	1545238790609694566	7853040778273
12	1	12336	1545238790609697742	7853040784379
100	1	12336	1545238790609698667	7853040786219
1	1	12336	1545238790633156890	7853087515496
50	1	12336	1545238790633159995	7853087520432
51	1	12336	1545238790633160711	7853087521845
5	1	12336	1545238790633161584	7853087523560
6	2	12335	1545238790633206720	7853087613995
7	2	12335	1545238790633208530	7853087617078
8	1	12336	1545238790633220468	7853087641278
12	1	12336	1545238790633223732	7853087647389
100	1	12336	1545238790633224825	7853087649564
1	1	12336	1545238790660071034	7853141133085
50	1	12336	1545238790660081072	7853141146337
51	1	12336	1545238790660082536	7853141149212
5	1	12336	1545238790660084549	7853141153242
6	2	12335	1545238790660177307	7853141338715
7	2	12335	1545238790660180032	7853141343412
8	1	12336	1545238790660238955	7853141461569
12	1	12336	1545238790660249151	7853141481100
100	1	12336	1545238790660251189	7853141485151
1	1	12336	1545238790682837510	7853186477500
50	1	12336	1545238790682840391	7853186482127
51	1	12336	1545238790682841112	7853186483563
5	1	12336	1545238790682842004	7853186485312
6	3	12335	1545238790682896172	7853186593677
7	3	12335	1545238790682897797	7853186596447
8	1	12336	1545238790682945175	7853186691281
12	1	12336	1545238790682948235	7853186696921
100	1	12336	1545238790682949106	7853186698656
1	1	12336	1545238790709413316	7853239415750
50	1	12336	1545238790709416038	7853239419918
51	1	12336	1545238790709416753	7853239421353
5	1	12336	1545238790709417595	7853239423024
6	3	12335	1545238790709434066	7853239456594
7	3	12335	1545238790709436019	7853239459718
8	1	12336	1545238790709487653	7853239563032
12	1	12336	1545238790709490740	7853239568705
100	1	12336	1545238790709491622	7853239570466
1	1	12336	1545238790733127204	7853286652941
50	1	12336	1545238790733129813	7853286674796
51	1	12336	1545238790733139626	7853286676580
5	1	12336	1545238790733140607	7853286678460
6	3	12335	1545238790733156350	7853286710520
7	3	12335	1545238790733158461	7853286714023
8	1	12336	1545238790733214744	7853286826607
12	1	12336	1545238790733217762	7853286832144
100	1	12336	1545238790733218691	7853286833998
1	1	12336	1545238790757071156	7853334349786
50	1	12336	1545238790757076902	7853334358881
51	1	12336	1545238790757078383	7853334361835
5	1	12336	1545238790757080073	7853334365201
6	3	12335	1545238790757175163	7853334556067
7	3	12335	1545238790757179881	7853334565122
8	1	12336	1545238790757248920	7853334702619
12	1	12336	1545238790757255065	7853334713773
100	1	12336	1545238790757256998	7853334717635
1	1	12336	1545238790783599823	7853387193181
50	1	12336	1545238790783603933	7853387199971
51	1	12336	1545238790783605152	7853387202258
5	1	12336	1545238790783606509	7853387204947
6	3	12335	1545238790783625769	7853387244129
7	3	12335	1545238790783628401	7853387248518
8	1	12336	1545238790783646387	7853387284732
12	1	12336	1545238790783650517	7853387292574
100	1	12336	1545238790783652022	7853387295573
1	6	12336	1545238790816731835	7853453190597
50	6	12336	1545238790816734470	7853453194657
51	6	12336	1545238790816735115	7853453195943
5	6	12336	1545238790816735858	7853453197423
6	3	12335	1545238790816751297	7853453228930
7	3	12335	1545238790816753509	7853453232631
8	6	12336	1545238790816824452	7853453374381
12	6	12336	1545238790816827300	7853453379567
100	6	12336	1545238790816828449	7853453381859
1	7	12336	1545238790843109065	7853505737625
50	7	12336	1545238790843118471	7853505750727
51	7	12336	1545238790843119473	7853505752731
5	7	12336	1545238790843120803	7853505755379
6	3	12335	1545238790843150220	7853505814125
7	3	12335	1545238790843152640	7853505818791
8	7	12336	1545238790843162125	7853505837792
12	7	12336	1545238790843169889	7853505853165
100	7	12336	1545238790843171798	7853505856953
1	7	12336	1545238790870636114	7853560566158
50	7	12336	1545238790870638566	7853560569846
51	7	12336	1545238790870639303	7853560571312
5	7	12336	1545238790870640117	7853560572928
6	3	12335	1545238790870653081	7853560598988
7	3	12335	1545238790870655120	7853560602822
8	7	12336	1545238790870663328	7853560619361
12	7	12336	1545238790870666203	7853560624904
100	7	12336	1545238790870667649	7853560627780
1	7	12336	1545238790892374828	7853603869058
50	7	12336	1545238790892377350	7853603872783
51	7	12336	1545238790892378091	7853603874252
5	7	12336	1545238790892378896	7853603875854
6	3	12335	1545238790892394967	7853603908236
7	3	12335	1545238790892396775	7853603911479
8	7	12336	1545238790892405040	7853603928111
12	7	12336	1545238790892408079	7853603934095
100	7	12336	1545238790892409513	7853603936852
1	7	12336	1545238790920617467	7853660127962
50	7	12336	1545238790920620694	7853660132636
51	7	12336	1545238790920621819	7853660134873
5	7	12336	1545238790920623000	7853660137240
6	3	12335	1545238790920644958	7853660181464
7	3	12335	1545238790920647592	7853660186222
8	7	12336	1545238790920659822	7853660210875
12	7	12336	1545238790920664059	7853660219067
100	7	12336	1545238790920665650	7853660222211
1	7	12336	1545238790957976693	7853734546047
50	7	12336	1545238790957979876	7853734550890
51	7	12336	1545238790957980964	7853734553056
5	7	12336	1545238790957982143	7853734555404
6	3	12335	1545238790958003172	7853734597608
7	3	12335	1545238790958006208	7853734603433
8	7	12336	1545238790958018590	7853734628369
12	7	12336	1545238790958022975	7853734636882
100	7	12336	1545238790958025187	7853734641157
1	7	12336	1545238790977972799	7853774377108
50	7	12336	1545238790977975157	7853774380786
51	7	12336	1545238790977975972	7853774382409
5	7	12336	1545238790977977167	7853774384786
6	3	12335	1545238790977993032	7853774416686
7	3	12335	1545238790977995297	7853774420913
8	7	12336	1545238790978004449	7853774439319
12	7	12336	1545238790978007748	7853774445749
100	7	12336	1545238790978009273	7853774448747
1	7	12336	1545238791001371521	7853820987353
50	7	12336	1545238791001375623	7853820993831
51	7	12336	1545238791001377161	7853820996902
5	7	12336	1545238791001378730	7853821000025
6	3	12335	1545238791001405118	7853821053125
7	3	12335	1545238791001409363	7853821061061
8	7	12336	1545238791001426018	7853821094645
12	7	12336	1545238791001431577	7853821105352
100	7	12336	1545238791001433856	7853821109828
1	7	12336	1545238791027937992	7853873906232
50	7	12336	1545238791027940271	7853873909596
51	7	12336	1545238791027940812	7853873910679
5	7	12336	1545238791027941425	7853873911900
6	3	12335	1545238791027953680	7853873936456
7	3	12335	1545238791027955007	7853873938954
8	7	12336	1545238791027959953	7853873948885
12	7	12336	1545238791027962384	7853873953665
100	7	12336	1545238791027963124	7853873955133
1	7	12336	1545238791055093926	7853928000607
50	7	12336	1545238791055098235	7853928007500
51	7	12336	1545238791055099741	7853928010492
5	7	12336	1545238791055101342	7853928013699
6	3	12335	1545238791055127522	7853928066487
7	3	12335	1545238791055131665	7853928074194
8	7	12336	1545238791055151730	7853928114422
12	7	12336	1545238791055157633	7853928125818
100	7	12336	1545238791055159610	7853928129755
1	7	12336	1545238791080018449	7853977648739
50	7	12336	1545238791080020694	7853977652090
51	7	12336	1545238791080021340	7853977653375
5	7	12336	1545238791080022050	7853977654796
6	3	12335	1545238791080035187	7853977681322
7	3	12335	1545238791080036855	7853977684324
8	7	12336	1545238791080044497	7853977699673
12	7	12336	1545238791080047564	7853977705619
100	7	12336	1545238791080048698	7853977707876
1	7	12336	1545238791115777318	7854048879368
50	7	12336	1545238791115780139	7854048883730
51	7	12336	1545238791115780778	7854048885000
5	7	12336	1545238791115781505	7854048911479
6	3	12335	1545238791115808512	7854048940510
7	3	12335	1545238791115810079	7854048943369
8	7	12336	1545238791115817745	7854048958825
12	7	12336	1545238791115820697	7854048964528
100	7	12336	1545238791115821848	7854048966815
1	7	12336	1545238791146891627	7854110859391
50	7	12336	1545238791146895964	7854110865541
51	7	12336	1545238791146897478	7854110868553
5	7	12336	1545238791146899513	7854110872608
6	3	12335	1545238791146927102	7854110928247
7	3	12335	1545238791146931181	7854110935759
8	7	12336	1545238791146950878	7854110975293
12	7	12336	1545238791146956128	7854110985385
100	7	12336	1545238791146958875	7854110990871
1	7	12336	1545238791178620291	7854174061486
50	7	12336	1545238791178624627	7854174067992
51	7	12336	1545238791178626142	7854174071013
5	7	12336	1545238791178627740	7854174074191
6	3	12335	1545238791178657207	7854174133577
7	3	12335	1545238791178660790	7854174140038
8	7	12336	1545238791178675068	7854174168686
12	7	12336	1545238791178692665	7854174203580
100	7	12336	1545238791178694588	7854174207347
1	0	12336	1545238791205942402	7854228485764
50	0	12336	1545238791205946423	7854228492103
51	0	12336	1545238791205947904	7854228495060
5	0	12336	1545238791205949469	7854228498176
6	3	12335	1545238791205975717	7854228551873
7	3	12335	1545238791205979596	7854228558254
8	0	12336	1545238791205994826	7854228588540
12	0	12336	1545238791205998849	7854228596541
100	0	12336	1545238791206000619	7854228600069
1	0	12336	1545238791237253570	7854290856454
50	0	12336	1545238791237257187	7854290862108
51	0	12336	1545238791237258375	7854290864453
5	0	12336	1545238791237259697	7854290867068
6	3	12335	1545238791237316950	7854290982256
7	3	12335	1545238791237320126	7854290987588
8	0	12336	1545238791237338085	7854291023454
12	0	12336	1545238791237342395	7854291031823
100	0	12336	1545238791237344252	7854291035544
1	0	12336	1545238791258936553	7854334048733
50	0	12336	1545238791258941204	7854334056027
51	0	12336	1545238791258942936	7854334059489
5	0	12336	1545238791258944865	7854334063299
6	3	12335	1545238791259013955	7854334202073
7	3	12335	1545238791259018050	7854334209037
8	0	12336	1545238791259043081	7854334259478
12	0	12336	1545238791259049503	7854334271819
100	0	12336	1545238791259051849	7854334276433
1	0	12336	1545238791285573484	7854387108931
50	0	12336	1545238791285577824	7854387115229
51	0	12336	1545238791285579335	7854387118231
5	0	12336	1545238791285580938	7854387121445
6	3	12335	1545238791285626605	7854387213545
7	3	12335	1545238791285630515	7854387220189
8	0	12336	1545238791285676975	7854387313206
12	0	12336	1545238791285682755	7854387324257
100	0	12336	1545238791285684810	7854387328342
1	0	12336	1545238791326549504	7854468730872
50	0	12336	1545238791326552555	7854468735471
51	0	12336	1545238791326553594	7854468737542
5	0	12336	1545238791326554717	7854468739779
6	3	12335	1545238791326599644	7854468829947
7	3	12335	1545238791326602322	7854468834605
8	0	12336	1545238791326657450	7854468945165
12	0	12336	1545238791326661633	7854468952757
100	0	12336	1545238791326662987	7854468955443
1	0	12336	1545238791367666148	7854550633964
50	0	12336	1545238791367669751	7854550639561
51	0	12336	1545238791367670788	7854550641630
5	0	12336	1545238791367671898	7854550643851
6	3	12335	1545238791367737106	7854550774533
7	3	12335	1545238791367739882	7854550779277
8	0	12336	1545238791367796452	7854550892922
12	0	12336	1545238791367801294	7854550901592
100	0	12336	1545238791367802641	7854550904289
1	0	12336	1545238791394185231	7854603458476
50	0	12336	1545238791394187077	7854603461126
51	0	12336	1545238791394187545	7854603462061
5	0	12336	1545238791394188148	7854603463267
6	3	12335	1545238791394200834	7854603488955
7	3	12335	1545238791394202044	7854603490937
8	0	12336	1545238791394209620	7854603506237
12	0	12336	1545238791394211865	7854603510502
100	0	12336	1545238791394212609	7854603511994
1	0	12336	1545238791426615609	7854668059914
50	0	12336	1545238791426620315	7854668067210
51	0	12336	1545238791426621815	7854668070198
5	0	12336	1545238791426623401	7854668073358
6	3	12335	1545238791426694449	7854668216009
7	3	12335	1545238791426698558	7854668223076
8	0	12336	1545238791426768184	7854668362866
12	0	12336	1545238791426774247	7854668373838
100	0	12336	1545238791426776267	7854668377851
1	0	12336	1545238791449962167	7854714565776
50	0	12336	1545238791449966374	7854714571679
51	0	12336	1545238791449966999	7854714572914
5	0	12336	1545238791449967774	7854714574452
6	3	12335	1545238791450025394	7854714689782
7	3	12335	1545238791450027309	7854714693051
8	0	12336	1545238791450037483	7854714713390
12	0	12336	1545238791450041915	7854714722144
100	0	12336	1545238791450042930	7854714724170
1	0	12336	1545238791481477418	7854777342644
50	0	12336	1545238791481481788	7854777349450
51	0	12336	1545238791481483633	7854777353126
5	0	12336	1545238791481485258	7854777356381
6	3	12335	1545238791481571062	7854777528410
7	3	12335	1545238791481575174	7854777535477
8	0	12336	1545238791481655753	7854777697137
12	0	12336	1545238791481661890	7854777708226
100	0	12336	1545238791481663902	7854777712226
1	6	12336	1545238791510412215	7854834978795
50	6	12336	1545238791510414206	7854834981741
51	6	12336	1545238791510414750	7854834982822
5	6	12336	1545238791510415370	7854834984059
6	3	12335	1545238791510429393	7854835012503
7	3	12335	1545238791510430849	7854835014890
8	6	12336	1545238791510443431	7854835040156
12	6	12336	1545238791510445938	7854835044952
100	6	12336	1545238791510446742	7854835046551
1	6	12336	1545238791544394026	7854902670652
50	6	12336	1545238791544398234	7854902676935
51	6	12336	1545238791544399760	7854902679970
5	6	12336	1545238791544401674	7854902683782
6	3	12335	1545238791544431036	7854902744074
7	3	12335	1545238791544435765	7854902779463
8	6	12336	1545238791544529717	7854902939938
12	6	12336	1545238791544535712	7854902950791
100	6	12336	1545238791544537621	7854902954585
1	6	12336	1545238791566511533	7854946727714
50	6	12336	1545238791566515399	7854946733594
51	6	12336	1545238791566516895	7854946736578
5	6	12336	1545238791566518460	7854946739700
6	3	12335	1545238791566574877	7854946853161
7	3	12335	1545238791566578829	7854946859949
8	6	12336	1545238791566631251	7854946965440
12	6	12336	1545238791566636890	7854946975622
100	6	12336	1545238791566638832	7854946979463
1	6	12336	1545238791593899623	7855001286895
50	6	12336	1545238791593906749	7855001296120
51	6	12336	1545238791593907723	7855001298060
5	6	12336	1545238791593908685	7855001299975
6	3	12335	1545238791593985730	7855001453875
7	3	12335	1545238791593987602	7855001457173
8	6	12336	1545238791594054830	7855001591629
12	6	12336	1545238791594063681	7855001608721
100	6	12336	1545238791594065325	7855001611998
1	6	12336	1545238791617762720	7855048817400
50	6	12336	1545238791617764739	7855048820455
51	6	12336	1545238791617765244	7855048821459
5	6	12336	1545238791617765833	7855048822635
6	0	12335	1545238791617812149	7855048915261
7	0	12335	1545238791617813481	7855048917544
8	6	12336	1545238791617858247	7855049007087
12	6	12336	1545238791617860492	7855049011217
100	6	12336	1545238791617861170	7855049012541
1	6	12336	1545238791639749022	7855092613481
50	6	12336	1545238791639751207	7855092616787
51	6	12336	1545238791639751820	7855092618002
5	6	12336	1545238791639752499	7855092619360
6	0	12335	1545238791639769110	7855092653115
7	0	12335	1545238791639771113	7855092656445
8	6	12336	1545238791639822675	7855092759616
12	6	12336	1545238791639825533	7855092764871
100	6	12336	1545238791639826380	7855092766529
1	7	12336	1545238791667534088	7855147961319
50	7	12336	1545238791667538345	7855147967959
51	7	12336	1545238791667539709	7855147970668
5	7	12336	1545238791667541148	7855147973546
6	0	12335	1545238791667571125	7855148034648
7	0	12335	1545238791667575594	7855148042205
8	7	12336	1545238791667667284	7855148225810
12	7	12336	1545238791667672913	7855148235996
100	7	12336	1545238791667674692	7855148239543
1	0	12336	1545238791694405700	7855201488570
50	0	12336	1545238791694409655	7855201494716
51	0	12336	1545238791694411004	7855201497394
5	0	12336	1545238791694412455	7855201500287
6	2	12335	1545238791694486219	7855201648229
7	2	12335	1545238791694489893	7855201654543
8	0	12336	1545238791694561346	7855201797783
12	0	12336	1545238791694566805	7855201807743
100	0	12336	1545238791694568609	7855201811334
1	0	12336	1545238791717459024	7855247409451
50	0	12336	1545238791717462069	7855247414269
51	0	12336	1545238791717462814	7855247415759
5	0	12336	1545238791717463643	7855247417411
6	2	12335	1545238791717517787	7855247525841
7	2	12335	1545238791717519862	7855247529398
8	0	12336	1545238791717569654	7855247629164
12	0	12336	1545238791717573356	7855247635946
100	0	12336	1545238791717574375	7855247637987
1	0	12336	1545238791750206746	7855312644356
50	0	12336	1545238791750214424	7855312655867
51	0	12336	1545238791750216030	7855312659063
5	0	12336	1545238791750217686	7855312662359
6	2	12335	1545238791750290271	7855312807657
7	2	12335	1545238791750292681	7855312811753
8	0	12336	1545238791750302833	7855312832078
12	0	12336	1545238791750305738	7855312837764
100	0	12336	1545238791750306777	7855312839831
1	0	12336	1545238791771132578	7855354326130
50	0	12336	1545238791771136773	7855354332614
51	0	12336	1545238791771138286	7855354335626
5	0	12336	1545238791771139929	7855354338902
6	2	12335	1545238791771229037	7855354517544
7	2	12335	1545238791771233013	7855354524334
8	0	12336	1545238791771316678	7855354692032
12	0	12336	1545238791771322706	7855354703001
100	0	12336	1545238791771324758	7855354707082
1	0	12336	1545238791800625654	7855413074309
50	0	12336	1545238791800627494	7855413077008
51	0	12336	1545238791800627943	7855413077905
5	0	12336	1545238791800628527	7855413079073
6	3	12335	1545238791800674842	7855413171666
7	3	12335	1545238791800676055	7855413173743
8	0	12336	1545238791800721751	7855413265106
12	0	12336	1545238791800723929	7855413269108
100	0	12336	1545238791800724534	7855413270311
1	0	12336	1545238791829180460	7855469954726
50	0	12336	1545238791829182854	7855469958345
51	0	12336	1545238791829183309	7855469959252
5	0	12336	1545238791829183925	7855469960479
6	3	12335	1545238791829196090	7855469985144
7	3	12335	1545238791829197511	7855469987543
8	0	12336	1545238791829203396	7855469999349
12	0	12336	1545238791829205193	7855470002847
100	0	12336	1545238791829205870	7855470004194
1	0	12336	1545238791854285273	7855519964145
50	0	12336	1545238791854290373	7855519971847
51	0	12336	1545238791854291898	7855519974876
5	0	12336	1545238791854293561	7855519978186
6	3	12335	1545238791854369550	7855520131258
7	3	12335	1545238791854374408	7855520139236
8	0	12336	1545238791854397634	7855520185828
12	0	12336	1545238791854402719	7855520195644
100	0	12336	1545238791854404681	7855520199541
1	0	12336	1545238791879915608	7855571018123
50	0	12336	1545238791879920142	7855571025496
51	0	12336	1545238791879921709	7855571028617
5	0	12336	1545238791879923365	7855571031911
6	3	12335	1545238791880019959	7855571225609
7	3	12335	1545238791880024158	7855571232686
8	0	12336	1545238791880096837	7855571378699
12	0	12336	1545238791880103815	7855571391368
100	0	12336	1545238791880105984	7855571395676
1	0	12336	1545238791899909349	7855610848106
50	0	12336	1545238791899916753	7855610857947
51	0	12336	1545238791899917504	7855610859443
5	0	12336	1545238791899918623	7855610861672
6	3	12335	1545238791899973438	7855610971768
7	3	12335	1545238791899976086	7855610976137
8	0	12336	1545238791899984831	7855610993761
12	0	12336	1545238791899989565	7855611041931
100	0	12336	1545238791900010426	7855611044565
1	0	12336	1545238791921869219	7855654588309
50	0	12336	1545238791921873507	7855654595206
51	0	12336	1545238791921874974	7855654598291
5	0	12336	1545238791921876589	7855654601354
6	3	12335	1545238791921904466	7855654658237
7	3	12335	1545238791921908791	7855654665509
8	0	12336	1545238791921930002	7855654708169
12	0	12336	1545238791921934949	7855654717598
100	0	12336	1545238791921936898	7855654721475
1	0	12336	1545238791950432673	7855711485811
50	0	12336	1545238791950435272	7855711489181
51	0	12336	1545238791950435900	7855711490438
5	0	12336	1545238791950436611	7855711491853
6	3	12335	1545238791950485815	7855711590338
7	3	12335	1545238791950487548	7855711593318
8	0	12336	1545238791950539026	7855711696319
12	0	12336	1545238791950541884	7855711701556
100	0	12336	1545238791950542745	7855711703271
1	0	12336	1545238791978053646	7855766504972
50	0	12336	1545238791978055597	7855766507938
51	0	12336	1545238791978056042	7855766508824
5	0	12336	1545238791978056571	7855766509875
6	3	12335	1545238791978100751	7855766598313
7	3	12335	1545238791978102036	7855766600440
8	0	12336	1545238791978108506	7855766613409
12	0	12336	1545238791978110427	7855766617152
100	0	12336	1545238791978111066	7855766618429
1	0	12336	1545238792003492953	7855817179260
50	0	12336	1545238792003494958	7855817182302
51	0	12336	1545238792003495440	7855817183262
5	0	12336	1545238792003496026	7855817184430
6	3	12335	1545238792003541708	7855817275734
7	3	12335	1545238792003542950	7855817277898
8	0	12336	1545238792003587024	7855817366034
12	0	12336	1545238792003589554	7855817370737
100	0	12336	1545238792003590219	7855817372059
1	0	12336	1545238792030706049	7855871391025
50	0	12336	1545238792030713203	7855871400159
51	0	12336	1545238792030714755	7855871403251
5	0	12336	1545238792030717346	7855871408417
6	3	12335	1545238792030780429	7855871534901
7	3	12335	1545238792030782614	7855871538425
8	0	12336	1545238792030834661	7855871642578
12	0	12336	1545238792030840879	7855871654490
100	0	12336	1545238792030842162	7855871657047
1	0	12336	1545238792056479293	7855922726264
50	0	12336	1545238792056481460	7855922729667
51	0	12336	1545238792056481931	7855922730609
5	0	12336	1545238792056482467	7855922731678
6	3	12335	1545238792056535244	7855922837154
7	3	12335	1545238792056536525	7855922839359
8	0	12336	1545238792056578025	7855922922369
12	0	12336	1545238792056580099	7855922926153
100	0	12336	1545238792056580723	7855922927408
1	0	12336	1545238792081753559	7855973071898
50	0	12336	1545238792081755666	7855973075070
51	0	12336	1545238792081756213	7855973076158
5	0	12336	1545238792081756838	7855973077403
6	3	12335	1545238792081769079	7855973102315
7	3	12335	1545238792081770465	7855973104544
8	0	12336	1545238792081776771	7855973117170
12	0	12336	1545238792081778738	7855973121024
100	0	12336	1545238792081779393	7855973122330
1	0	12336	1545238792105580865	7856020535736
50	0	12336	1545238792105584808	7856020542046
51	0	12336	1545238792105586157	7856020544740
5	0	12336	1545238792105587592	7856020547593
6	3	12335	1545238792105613167	7856020599694
7	3	12335	1545238792105616763	7856020605705
8	0	12336	1545238792105676044	7856020724208
12	0	12336	1545238792105680753	7856020733181
100	0	12336	1545238792105682537	7856020736719
1	0	12336	1545238792131810706	7856072784845
50	0	12336	1545238792131814368	7856072790467
51	0	12336	1545238792131815713	7856072793147
5	0	12336	1545238792131817123	7856072795953
6	3	12335	1545238792131889521	7856072941134
7	3	12335	1545238792131893352	7856072947812
8	0	12336	1545238792131961132	7856073083789
12	0	12336	1545238792131966412	7856073093330
100	0	12336	1545238792131968179	7856073096854
1	0	12336	1545238792155978015	7856120924738
50	0	12336	1545238792155980656	7856120928863
51	0	12336	1545238792155981594	7856120930730
5	0	12336	1545238792155982609	7856120932762
6	3	12335	1545238792156035941	7856121039658
7	3	12335	1545238792156038417	7856121043920
8	0	12336	1545238792156088156	7856121143686
12	0	12336	1545238792156092183	7856121151020
100	0	12336	1545238792156093414	7856121153480
1	0	12336	1545238792176462408	7856161729712
50	0	12336	1545238792176466371	7856161735797
51	0	12336	1545238792176467825	7856161738714
5	0	12336	1545238792176469395	7856161741830
6	3	12335	1545238792176515995	7856161835891
7	3	12335	1545238792176519818	7856161842272
8	0	12336	1545238792176536293	7856161875462
12	0	12336	1545238792176540839	7856161884151
100	0	12336	1545238792176542663	7856161887782
1	0	12336	1545238792204231082	7856217046594
50	0	12336	1545238792204240614	7856217061123
51	0	12336	1545238792204241937	7856217063755
5	0	12336	1545238792204243684	7856217067235
6	3	12335	1545238792204319897	7856217219994
7	3	12335	1545238792204324451	7856217228121
8	0	12336	1545238792204387430	7856217354324
12	0	12336	1545238792204397183	7856217373007
100	0	12336	1545238792204400330	7856217379279
1	0	12336	1545238792232621036	7856273595845
50	0	12336	1545238792232625073	7856273602094
51	0	12336	1545238792232626584	7856273605110
5	0	12336	1545238792232628272	7856273608465
6	3	12335	1545238792232659012	7856273671170
7	3	12335	1545238792232663715	7856273679128
8	0	12336	1545238792232734503	7856273821250
12	0	12336	1545238792232740919	7856273832860
100	0	12336	1545238792232742871	7856273836769
1	0	12336	1545238792255747616	7856319668309
50	0	12336	1545238792255759016	7856319684085
51	0	12336	1545238792255760731	7856319687502
5	0	12336	1545238792255762531	7856319691083
6	3	12335	1545238792255807624	7856319783278
7	3	12335	1545238792255811677	7856319789017
8	0	12336	1545238792255903072	7856319971939
12	0	12336	1545238792255916129	7856319997045
100	0	12336	1545238792255918415	7856320001606
1	0	12336	1545238792284069179	7856376103203
50	0	12336	1545238792284085756	7856376110248
51	0	12336	1545238792284087339	7856376113238
5	0	12336	1545238792284088907	7856376116366
6	1	12335	1545238792284164820	7856376268845
7	1	12335	1545238792284169049	7856376275999
8	0	12336	1545238792284235091	7856376408809
12	0	12336	1545238792284241012	7856376419340
100	0	12336	1545238792284243024	7856376423360
1	0	12336	1545238792308979558	7856425698711
50	0	12336	1545238792308981877	7856425702220
51	0	12336	1545238792308982521	7856425703503
5	0	12336	1545238792308983245	7856425704942
6	1	12335	1545238792309031096	7856425800688
7	1	12335	1545238792309032996	7856425804050
8	0	12336	1545238792309079825	7856425897814
12	0	12336	1545238792309082693	7856425903049
100	0	12336	1545238792309083580	7856425904812
1	0	12336	1545238792345813787	7856499074139
50	0	12336	1545238792345822850	7856499088245
51	0	12336	1545238792345825009	7856499092546
5	0	12336	1545238792345827124	7856499096759
6	1	12335	1545238792345897360	7856499238304
7	1	12335	1545238792345901005	7856499244048
8	0	12336	1545238792345930800	7856499303636
12	0	12336	1545238792345937422	7856499316470
100	0	12336	1545238792345939369	7856499320351
1	6	12336	1545238792372832413	7856552892529
50	6	12336	1545238792372837206	7856552900066
51	6	12336	1545238792372838710	7856552903054
5	6	12336	1545238792372840304	7856552906222
6	1	12335	1545238792372904643	7856553035489
7	1	12335	1545238792372908713	7856553042500
8	6	12336	1545238792372970208	7856553166115
12	6	12336	1545238792372976379	7856553177292
100	6	12336	1545238792372978386	7856553181274
1	6	12336	1545238792400889994	7856608782385
50	6	12336	1545238792400893517	7856608787241
51	6	12336	1545238792400894554	7856608789314
5	6	12336	1545238792400895667	7856608791521
6	1	12335	1545238792400956018	7856608912423
7	1	12335	1545238792400958768	7856608917219
8	6	12336	1545238792401015313	7856609030632
12	6	12336	1545238792401019721	7856609038689
100	6	12336	1545238792401021454	7856609042092
1	6	12336	1545238792435612346	7856677948080
50	6	12336	1545238792435616841	7856677955038
51	6	12336	1545238792435618591	7856677958504
5	6	12336	1545238792435620221	7856677961751
6	1	12335	1545238792435690655	7856678103051
7	1	12335	1545238792435694664	7856678110038
8	6	12336	1545238792435763453	7856678248186
12	6	12336	1545238792435769722	7856678259565
100	6	12336	1545238792435771778	7856678263646
1	7	12336	1545238792459248465	7856725029917
50	7	12336	1545238792459251337	7856725034090
51	7	12336	1545238792459252142	7856725035665
5	7	12336	1545238792459253029	7856725037434
6	1	12335	1545238792459316679	7856725164835
7	1	12335	1545238792459318909	7856725168663
8	7	12336	1545238792459355388	7856725241660
12	7	12336	1545238792459358716	7856725247958
100	7	12336	1545238792459359896	7856725250307
