1	3	5741	1551347174293341816
100	3	5741	1551347174293613272
1	3	5741	1551347175293116169
100	3	5741	1551347175293215595
1	3	5741	1551347176293148853
100	3	5741	1551347176293266353
1	3	5741	1551347177293120757
100	3	5741	1551347177293248881
1	3	5741	1551347178293092713
100	3	5741	1551347178293160577
1	3	5741	1551347179293123574
100	3	5741	1551347179293233938
1	3	5741	1551347180293117926
100	3	5741	1551347180293227612
1	3	5741	1551347181293097277
100	3	5741	1551347181293170141
1	3	5741	1551347182293131419
100	3	5741	1551347182293243450
1	3	5741	1551347183293121604
100	3	5741	1551347183293231082
1	3	5741	1551347184293095069
100	3	5741	1551347184293161319
1	3	5741	1551347185293127858
100	3	5741	1551347185293241659
1	3	5741	1551347186293120021
100	3	5741	1551347186293226166
1	3	5741	1551347187293092809
100	3	5741	1551347187293158486
1	3	5741	1551347188293122160
100	3	5741	1551347188293229242
1	3	5741	1551347189293116041
100	3	5741	1551347189293224999
1	3	5741	1551347190293110704
100	3	5741	1551347190293180339
1	3	5741	1551347191293117607
100	3	5741	1551347191293225106
1	3	5741	1551347192293126228
100	3	5741	1551347192293235394
1	3	5741	1551347193293092193
100	3	5741	1551347193293157974
1	3	5741	1551347194293121595
100	3	5741	1551347194293227375
1	3	5741	1551347195293117299
100	3	5741	1551347195293225892
1	3	5741	1551347196293093628
100	3	5741	1551347196293158003
1	3	5741	1551347197293118082
100	3	5741	1551347197293225425
1	3	5741	1551347198293116078
100	3	5741	1551347198293226233
1	3	5741	1551347199293095428
100	3	5741	1551347199293161052
1	3	5741	1551347200293116132
100	3	5741	1551347200293223527
1	3	5741	1551347201293119856
100	3	5741	1551347201293228241
1	3	5741	1551347202293141185
100	3	5741	1551347202293252642
1	3	5741	1551347203293128295
100	3	5741	1551347203293244856
1	3	5741	1551347204293162540
100	3	5741	1551347204293270924
1	3	5741	1551347205293140014
100	3	5741	1551347205293249440
1	3	5741	1551347206293123843
100	3	5741	1551347206293238946
1	3	5741	1551347207293129285
100	3	5741	1551347207293245587
1	3	5741	1551347208293136291
100	3	5741	1551347208293244832
1	3	5741	1551347209293129754
100	3	5741	1551347209293241785
1	3	5741	1551347210293123791
100	3	5741	1551347210293241759
1	3	5741	1551347211293092307
100	3	5741	1551347211293158296
1	3	5741	1551347212293118009
100	3	5741	1551347212293223425
1	3	5741	1551347213293121681
100	3	5741	1551347213293234389
1	3	5741	1551347214293093009
100	3	5741	1551347214293154936
1	3	5741	1551347215293114284
100	3	5741	1551347215293222357
1	3	5741	1551347216293116810
100	3	5741	1551347216293225924
1	3	5741	1551347217293094284
100	3	5741	1551347217293164387
1	3	5741	1551347218293118528
100	3	5741	1551347218293229881
1	3	5741	1551347219293136157
100	3	5741	1551347219293248135
1	3	5741	1551347220293094464
100	3	5741	1551347220293157536
1	3	5741	1551347221293116989
100	3	5741	1551347221293224957
1	3	5741	1551347222293115920
100	3	5741	1551347222293224878
1	3	5741	1551347223293119747
100	3	5741	1551347223293228028
