1	3	4648	1551346369890960171
100	3	4648	1551346369891514855
1	3	4648	1551346370890775928
100	3	4648	1551346370891888889
1	3	4648	1551346371890757256
100	3	4648	1551346371892249538
1	3	4648	1551346372890769366
100	3	4648	1551346372891817327
1	3	4648	1551346373890780849
100	3	4648	1551346373893194948
1	3	4648	1551346374890752906
100	3	4648	1551346374891646442
1	3	4648	1551346375890787306
100	3	4648	1551346375894017909
1	3	4648	1551346376890773789
100	3	4648	1551346376891752636
1	3	4648	1551346377890751000
100	3	4648	1551346377894670714
1	3	4648	1551346378890777795
100	3	4648	1551346378891820236
1	3	4648	1551346379890767714
100	3	4648	1551346379895664869
1	3	4648	1551346380890772841
100	3	4648	1551346380891702054
1	3	4648	1551346381890765624
100	3	4648	1551346381896585430
1	3	4648	1551346382890775230
100	3	4648	1551346382891762879
1	3	4648	1551346383890762908
100	3	4648	1551346383897321927
1	3	4648	1551346384890771419
100	3	4648	1551346384891754173
1	3	4648	1551346385890772117
100	3	4648	1551346385898255557
1	3	4648	1551346386890754690
100	3	4648	1551346386891557601
1	3	4648	1551346387890773408
100	3	4648	1551346387899218196
1	3	4648	1551346388890767230
100	3	4648	1551346388891757484
1	3	4648	1551346389890747771
100	3	4648	1551346389891117664
1	3	4648	1551346390890772738
100	3	4648	1551346390891763773
1	3	4648	1551346391890767653
100	3	4648	1551346391892257747
1	3	4648	1551346392890750744
100	3	4648	1551346392891583655
1	3	4648	1551346393890787325
100	3	4648	1551346393893164601
1	3	4648	1551346394890781561
100	3	4648	1551346394891759263
1	3	4648	1551346395890755798
100	3	4648	1551346395893968589
1	3	4648	1551346396890773471
100	3	4648	1551346396891766954
1	3	4648	1551346397890767967
100	3	4648	1551346397894802003
1	3	4648	1551346398890753660
100	3	4648	1551346398891559697
1	3	4648	1551346399890768259
100	3	4648	1551346399895673904
1	3	4648	1551346400890777806
100	3	4648	1551346400891773529
