1	0	2399	1552904541464544425
100	0	2399	1552904541464855415
1	0	2399	1552904543474909404
100	0	2399	1552904543475033935
1	0	2399	1552904545484857508
100	2	2399	1552904545484973341
1	2	2399	1552904547495123476
100	2	2399	1552904547495255716
1	2	2399	1552904549505374601
100	2	2399	1552904549505484080
1	0	2399	1552904551515116976
100	2	2399	1552904551515233851
1	2	2399	1552904553527281330
100	2	2399	1552904553527385340
1	0	2399	1552904555537884173
100	0	2399	1552904555537986777
1	0	2399	1552904557548647850
100	0	2399	1552904557548745975
1	0	2399	1552904559559546527
100	0	2399	1552904559559655225
1	0	2399	1552904561569967964
100	0	2399	1552904561570075568
1	0	2399	1552904563580260495
100	0	2399	1552904563580371641
1	0	2399	1552904565592178078
100	1	2399	1552904565592285474
1	0	2399	1552904567602749463
100	0	2399	1552904567602861859
1	0	2399	1552904569616003556
100	0	2399	1552904569616108348
1	0	2399	1552904571626937181
100	0	2399	1552904571627043119
1	0	2399	1552904573636993775
100	0	2399	1552904573637098983
1	0	2399	1552904575647382452
100	0	2399	1552904575647512816
1	0	2399	1552904577658032587
100	0	2399	1552904577658137274
1	0	2399	1552904579668312357
100	0	2399	1552904579668741836
1	0	2399	1552904581678519576
100	0	2399	1552904581678625409
1	0	2399	1552904583685966274
100	0	2399	1552904583686106795
1	0	2399	1552904585699086669
100	0	2399	1552904585699231148
1	0	2399	1552904587709497898
100	0	2399	1552904587709621284
1	0	2399	1552904589719870065
100	0	2399	1552904589720015638
1	0	2399	1552904591729857283
100	0	2399	1552904591730015408
1	0	2399	1552904593739835596
100	0	2399	1552904593739943460
1	0	2399	1552904595750171095
100	0	2399	1552904595750284220
1	0	2399	1552904597760715085
100	0	2399	1552904597760866335
1	0	2399	1552904599771265220
100	0	2399	1552904599771391783
1	0	2399	1552904601782032595
100	0	2399	1552904601782137647
1	0	2399	1552904603792744345
100	0	2399	1552904603792849084
1	0	2399	1552904605806076251
100	0	2399	1552904605806182344
1	0	2399	1552904607819778886
100	0	2399	1552904607819883261
1	0	2399	1552904609830508083
100	0	2399	1552904609830665583
1	0	2399	1552904611843261135
100	0	2399	1552904611843381500
1	0	2399	1552904613853550020
100	0	2399	1552904613853735698
1	0	2399	1552904615864474531
100	0	2399	1552904615864584947
1	0	2399	1552904617874972479
100	0	2399	1552904617875113572
1	0	2399	1552904619885501676
100	0	2399	1552904619885631155
1	0	2399	1552904621895671864
100	0	2399	1552904621895821499
1	0	2399	1552904623906001426
100	0	2399	1552904623906148561
1	0	2399	1552904625915992916
100	0	2399	1552904625916102186
1	0	2399	1552904627927323520
100	0	2399	1552904627927450082
1	0	2399	1552904629937662769
100	0	2399	1552904629937775842
1	0	2399	1552904631948505561
100	0	2399	1552904631948618374
1	0	2399	1552904633960871321
100	0	2399	1552904633960977155
