1	1	3264	1552905725411888297
230	3	3263	1552905725412318713
100	1	3264	1552905725412434389
1	1	3264	1552905725925677051
230	3	3263	1552905725925817936
100	1	3264	1552905725925895332
1	1	3264	1552905726438314612
230	3	3263	1552905726438427997
100	3	3264	1552905726438480705
1	3	3264	1552905726949970613
230	3	3263	1552905726950070248
100	3	3264	1552905726950115352
1	0	3264	1552905727460373910
230	0	3263	1552905727460510680
100	0	3264	1552905727460560732
1	0	3264	1552905727972204912
230	0	3263	1552905727972308870
100	0	3264	1552905727972353297
1	0	3264	1552905728483457636
230	0	3263	1552905728483567271
100	0	3264	1552905728483606437
1	0	3264	1552905728995142389
230	0	3263	1552905728995292806
100	0	3264	1552905728995359055
1	0	3264	1552905729505986939
230	0	3263	1552905729506102042
100	0	3264	1552905729506142876
1	0	3264	1552905730017556955
230	0	3263	1552905730017666590
100	0	3264	1552905730017709767
1	0	3264	1552905730529065305
230	0	3263	1552905730529230930
100	0	3264	1552905730529268274
1	0	3264	1552905731042908806
230	0	3263	1552905731043022608
100	0	3264	1552905731043055837
1	0	3264	1552905731565741555
230	0	3263	1552905731565858013
100	0	3264	1552905731565889159
1	0	3264	1552905732076672357
230	0	3263	1552905732076816680
100	0	3264	1552905732076854544
1	0	3264	1552905732586492538
230	0	3263	1552905732586608267
100	0	3264	1552905732586640298
1	0	3264	1552905733097764643
230	0	3263	1552905733097868914
100	0	3264	1552905733097899747
1	0	3264	1552905733610056746
230	0	3263	1552905733610206642
100	0	3264	1552905733610243100
1	0	3264	1552905734121761299
230	0	3263	1552905734121887913
100	0	3264	1552905734121921924
1	0	3264	1552905734634387153
230	0	3263	1552905734634512934
100	0	3264	1552905734634545850
1	0	3264	1552905735145227959
230	0	3263	1552905735145394886
100	0	3264	1552905735145433219
1	0	3264	1552905735655642466
230	0	3263	1552905735655773403
100	0	3264	1552905735655808299
1	0	3264	1552905736165993120
230	0	3263	1552905736166112182
100	0	3264	1552905736166145098
1	0	3264	1552905736677633666
230	0	3263	1552905736677778666
100	0	3264	1552905736677817416
1	0	3264	1552905737188435830
230	0	3263	1552905737188552080
100	0	3264	1552905737188583851
1	0	3264	1552905737699369193
230	0	3263	1552905737699529140
100	0	3264	1552905737699590442
1	0	3264	1552905738211781510
230	0	3263	1552905738211974062
100	0	3264	1552905738212029843
1	0	3264	1552905738721593210
230	0	3263	1552905738721723991
100	0	3264	1552905738721756908
1	0	3264	1552905739232747355
230	0	3263	1552905739232892928
100	0	3264	1552905739232926938
1	0	3264	1552905739742818744
230	0	3263	1552905739742967494
100	0	3264	1552905739743003431
1	0	3264	1552905740256620644
230	0	3263	1552905740256750279
100	0	3264	1552905740256779966
1	0	3264	1552905740767293334
230	0	3263	1552905740767461094
100	0	3264	1552905740767497552
1	0	3264	1552905741277893786
230	0	3263	1552905741278018473
100	0	3264	1552905741278050817
1	0	3264	1552905741788471530
230	0	3263	1552905741788589915
100	0	3264	1552905741788626217
1	0	3264	1552905742298742088
230	0	3263	1552905742298925890
100	0	3264	1552905742298963390
1	0	3264	1552905742809357333
230	0	3263	1552905742809497802
100	0	3264	1552905742809534729
1	0	3264	1552905743320786848
230	0	3263	1552905743320901692
100	0	3264	1552905743320934504
1	0	3264	1552905743830193765
230	0	3263	1552905743830340119
100	0	3264	1552905743830376525
1	0	3264	1552905744340135108
230	0	3263	1552905744340256202
100	0	3264	1552905744340291931
1	0	3264	1552905744850002858
230	0	3263	1552905744850131712
100	0	3264	1552905744850162702
1	0	3264	1552905745361808521
230	0	3263	1552905745361958885
100	0	3264	1552905745361995396
1	0	3264	1552905745871648564
230	0	3263	1552905745871767054
100	0	3264	1552905745871804606
1	0	3264	1552905746382632981
230	0	3263	1552905746382748710
100	0	3264	1552905746382780532
1	0	3264	1552905746894172917
230	0	3263	1552905746894325573
100	0	3264	1552905746894361979
1	0	3264	1552905747404683950
230	0	3263	1552905747404792179
100	0	3264	1552905747404824262
1	0	3264	1552905747914337070
230	0	3263	1552905747914449205
100	0	3264	1552905747914480819
1	0	3264	1552905748424052847
230	0	3263	1552905748424203888
100	0	3264	1552905748424241023
1	0	3264	1552905748933852113
230	0	3263	1552905748933970967
100	0	3264	1552905748934002425
1	0	3264	1552905749444212108
230	0	3263	1552905749444346483
100	0	3264	1552905749444381847
1	0	3264	1552905749954068824
230	0	3263	1552905749954215125
100	0	3264	1552905749954248979
1	0	3264	1552905750463886947
230	0	3263	1552905750464013405
100	0	3264	1552905750464045592
1	0	3264	1552905750973694237
230	0	3263	1552905750973804340
100	0	3264	1552905750973836163
1	0	3264	1552905751483886943
230	0	3263	1552905751484039703
100	0	3264	1552905751484074964
1	0	3264	1552905751993207465
230	0	3263	1552905751993340850
100	0	3264	1552905751993373975
1	0	3264	1552905752503382569
230	0	3263	1552905752503498507
100	0	3264	1552905752503535329
1	0	3264	1552905753014442255
230	0	3263	1552905753014593921
100	0	3264	1552905753014630379
1	0	3264	1552905753524927516
230	0	3263	1552905753525056526
100	0	3264	1552905753525087880
1	1	3264	1552905754031862942
230	1	3263	1552905754032019296
100	1	3264	1552905754032056535
1	1	3264	1552905754542194403
230	1	3263	1552905754542342528
100	1	3264	1552905754542378309
1	1	3264	1552905755051905813
230	1	3263	1552905755052023105
100	1	3264	1552905755052057271
1	1	3264	1552905755564035187
230	1	3263	1552905755564161229
100	1	3264	1552905755564194874
1	1	3264	1552905756073760401
230	1	3263	1552905756073914619
100	1	3264	1552905756073952640
1	0	3264	1552905756583058430
230	0	3263	1552905756583201919
100	0	3264	1552905756583238846
1	0	3264	1552905757093644945
230	0	3263	1552905757093793955
100	0	3264	1552905757093826976
1	0	3264	1552905757603386880
230	0	3263	1552905757603537036
100	0	3264	1552905757603574171
1	0	3264	1552905758113453294
230	0	3263	1552905758113574231
100	0	3264	1552905758113605897
1	0	3264	1552905758624345644
230	0	3263	1552905758624462050
100	0	3264	1552905758624493560
1	0	3264	1552905759135469660
230	0	3263	1552905759135618983
100	0	3264	1552905759135657212
1	0	3264	1552905759645886336
230	0	3263	1552905759646006179
100	0	3264	1552905759646041231
1	0	3264	1552905760157002593
230	0	3263	1552905760157152385
100	0	3264	1552905760157188426
1	0	3264	1552905760667608749
230	0	3263	1552905760667763019
100	0	3264	1552905760667800051
1	0	3264	1552905761178460894
230	0	3263	1552905761178593290
100	0	3264	1552905761178629383
1	0	3264	1552905761690254340
230	0	3263	1552905761690385381
100	0	3264	1552905761690419287
1	0	3264	1552905762201764349
230	0	3263	1552905762201921171
100	0	3264	1552905762201956692
1	0	3264	1552905762711068271
230	0	3263	1552905762711211135
100	0	3264	1552905762711260875
1	0	3264	1552905763220401881
230	0	3263	1552905763220518027
100	0	3264	1552905763220550995
1	0	3264	1552905763732439860
230	0	3263	1552905763732591474
100	0	3264	1552905763732631630
1	0	3264	1552905764242501855
230	0	3263	1552905764242620969
100	0	3264	1552905764242655449
1	0	3264	1552905764753609369
230	0	3263	1552905764753724369
100	0	3264	1552905764753757077
1	0	3264	1552905765265981099
230	0	3263	1552905765266136620
100	0	3264	1552905765266173390
1	0	3264	1552905765777873039
230	0	3263	1552905765777988404
100	0	3264	1552905765778021581
1	0	3264	1552905766290655551
230	0	3263	1552905766290808415
100	0	3264	1552905766290843675
1	0	3264	1552905766802714680
230	0	3263	1552905766802835773
100	0	3264	1552905766802873585
1	0	3264	1552905767315382558
230	0	3263	1552905767315494120
100	0	3264	1552905767315525890
1	0	3264	1552905767826682158
230	0	3263	1552905767826834502
100	0	3264	1552905767826873043
1	0	3264	1552905768339490610
230	0	3263	1552905768339608787
100	0	3264	1552905768339639360
1	0	3264	1552905768851155628
230	0	3263	1552905768851286305
100	0	3264	1552905768851321617
1	0	3264	1552905769362439033
230	0	3263	1552905769362592522
100	0	3264	1552905769362632106
1	0	3264	1552905769873949469
230	0	3263	1552905769874064834
100	0	3264	1552905769874122438
1	0	3264	1552905770385420584
230	0	3263	1552905770385536677
100	0	3264	1552905770385569177
1	0	3264	1552905770897813779
230	0	3263	1552905770897965029
100	0	3264	1552905770898002685
1	0	3264	1552905771409091771
230	0	3263	1552905771409239791
100	0	3264	1552905771409274843
1	0	3264	1552905771918883829
230	0	3263	1552905771918993255
100	0	3264	1552905771919025130
1	0	3264	1552905772430104894
230	0	3263	1552905772430254529
100	0	3264	1552905772430293331
1	0	3264	1552905772939800912
230	0	3263	1552905772939926224
100	0	3264	1552905772939960339
1	0	3264	1552905773450000992
230	0	3263	1552905773450118700
100	0	3264	1552905773450153544
1	0	3264	1552905773959376752
230	0	3263	1552905773959529408
100	0	3264	1552905773959566283
1	0	3264	1552905774469766677
230	0	3263	1552905774469881728
100	0	3264	1552905774469916937
1	0	3264	1552905774979550353
230	0	3263	1552905774979666707
100	0	3264	1552905774979698582
1	0	3264	1552905775489552103
230	0	3263	1552905775489705540
100	0	3264	1552905775489746478
1	0	3264	1552905776000174477
230	0	3263	1552905776000322081
100	0	3264	1552905776000357914
1	0	3264	1552905776510187739
230	0	3263	1552905776510305290
100	0	3264	1552905776510342530
1	0	3264	1552905777021303446
230	0	3263	1552905777021440997
100	0	3264	1552905777021474383
1	0	3264	1552905777531453844
230	0	3263	1552905777531571396
100	0	3264	1552905777531606031
1	0	3264	1552905778041861689
230	0	3263	1552905778041972054
100	0	3264	1552905778042004502
1	0	3264	1552905778552969482
230	0	3263	1552905778553138024
100	0	3264	1552905778553174482
1	0	3264	1552905779063722016
230	0	3263	1552905779063847484
100	0	3264	1552905779063880505
1	0	3264	1552905779573683407
230	0	3263	1552905779573814136
100	0	3264	1552905779573848719
1	0	3264	1552905780086160156
230	0	3263	1552905780086318437
100	0	3264	1552905780086355989
1	0	3264	1552905780596364933
230	0	3263	1552905780596482276
100	0	3264	1552905780596514672
1	0	3264	1552905781106345805
230	0	3263	1552905781106494815
100	0	3264	1552905781106530335
1	0	3264	1552905781618630525
230	0	3263	1552905781618780733
100	0	3264	1552905781618818390
1	0	3264	1552905782129019106
230	0	3263	1552905782129157230
100	0	3264	1552905782129191084
1	0	3264	1552905782639793259
230	0	3263	1552905782639904665
100	0	3264	1552905782639937738
1	0	3264	1552905783150474808
230	0	3263	1552905783150625016
100	0	3264	1552905783150660381
1	0	3264	1552905783661736982
230	0	3263	1552905783661855315
100	0	3264	1552905783661890836
1	0	3264	1552905784172243221
230	0	3263	1552905784172359784
100	0	3264	1552905784172392283
1	0	3264	1552905784682731284
230	0	3263	1552905784682886180
100	0	3264	1552905784682921700
1	0	3264	1552905785192980442
230	0	3263	1552905785193117889
100	0	3264	1552905785193152108
1	0	3264	1552905785702979132
230	0	3263	1552905785703110694
100	0	3264	1552905785703144548
1	0	3264	1552905786213743967
230	0	3263	1552905786213893341
100	0	3264	1552905786213931726
1	0	3264	1552905786724928436
230	0	3263	1552905786725044426
100	0	3264	1552905786725095103
1	0	3264	1552905787235534471
230	0	3263	1552905787235655304
100	0	3264	1552905787235692491
1	0	3264	1552905787744507593
230	0	3263	1552905787744659259
100	0	3264	1552905787744699572
1	0	3264	1552905788255273576
230	0	3263	1552905788255391753
100	0	3264	1552905788255424461
1	0	3264	1552905788765510916
230	0	3263	1552905788765617843
100	0	3264	1552905788765649092
1	0	3264	1552905789276030078
230	0	3263	1552905789276183775
100	0	3264	1552905789276221327
1	0	3264	1552905789786520960
230	0	3263	1552905789786651063
100	0	3264	1552905789786688980
1	0	3264	1552905790296812624
230	0	3263	1552905790296989915
100	0	3264	1552905790297025748
1	0	3264	1552905790807774912
230	0	3263	1552905790807892724
100	0	3264	1552905790807926890
1	0	3264	1552905791318445274
230	0	3263	1552905791318551316
100	0	3264	1552905791318583920
1	0	3264	1552905791828980325
230	0	3263	1552905791829193762
100	0	3264	1552905791829229439
1	0	3264	1552905792339581366
230	0	3263	1552905792339697668
100	0	3264	1552905792339730897
1	0	3264	1552905792849718711
230	0	3263	1552905792849827512
100	0	3264	1552905792849859856
1	0	3264	1552905793360107722
230	0	3263	1552905793360255482
100	0	3264	1552905793360293243
1	0	3264	1552905793870600796
230	0	3263	1552905793870721369
100	0	3264	1552905793870754754
1	0	3264	1552905794381202934
230	0	3263	1552905794381307361
100	0	3264	1552905794381338819
1	0	3264	1552905794891420750
230	0	3263	1552905794891570020
100	0	3264	1552905794891606374
1	0	3264	1552905795401706327
230	0	3263	1552905795401827316
100	0	3264	1552905795401861483
1	0	3264	1552905795914253200
230	0	3263	1552905795914378148
100	0	3264	1552905795914414346
1	0	3264	1552905796425215287
230	0	3263	1552905796425366537
100	0	3264	1552905796425403360
1	0	3264	1552905796935213523
230	0	3263	1552905796935331023
100	0	3264	1552905796935362793
1	0	3264	1552905797448540345
230	0	3263	1552905797448648365
100	0	3264	1552905797448683886
1	0	3264	1552905797958794623
230	0	3263	1552905797958985456
100	0	3264	1552905797959021133
1	0	3264	1552905798469372338
230	0	3263	1552905798469486817
100	0	3264	1552905798469519890
1	0	3264	1552905798979191358
230	0	3263	1552905798979305212
100	0	3264	1552905798979337451
1	0	3264	1552905799487854340
230	0	3263	1552905799487989600
100	0	3264	1552905799488023663
1	0	3264	1552905799998908619
230	0	3263	1552905799999102472
100	0	3264	1552905799999200128
1	0	3264	1552905800508611756
230	0	3263	1552905800508762328
100	0	3264	1552905800508800089
