1	3	41039	1544459430490714214
50	3	41039	1544459430490731233
51	3	41039	1544459430490759007
5	3	41039	1544459430490764410
6	1	41030	1544459430490809007
7	1	41030	1544459430490811768
6	3	41034	1544459430490815647
6	0	41031	1544459430490817024
7	3	41034	1544459430490817519
6	5	41033	1544459430490818320
7	0	41031	1544459430490819774
7	5	41033	1544459430490820563
6	6	41032	1544459430490828323
7	6	41032	1544459430490830461
6	2	41035	1544459430490858652
7	2	41035	1544459430490879968
6	2	41037	1544459430490885618
7	2	41037	1544459430490887002
6	7	41036	1544459430490889413
7	7	41036	1544459430490891775
8	3	41039	1544459430490927109
9	3	41039	1544459430490958019
11	3	41039	1544459430490960939
12	3	41039	1544459430490961314
16	3	41039	1544459430490962509
1	3	41041	1544459431098079943
50	3	41041	1544459431098086820
51	3	41041	1544459431098093662
5	3	41041	1544459431098096177
6	1	41030	1544459431098138073
6	0	41031	1544459431098138959
7	1	41030	1544459431098140565
7	0	41031	1544459431098141205
6	3	41034	1544459431098156417
7	3	41034	1544459431098157469
6	6	41032	1544459431098166880
6	5	41033	1544459431098169674
7	6	41032	1544459431098170406
7	5	41033	1544459431098172242
6	7	41036	1544459431098207013
7	7	41036	1544459431098208950
6	3	41035	1544459431098214396
7	3	41035	1544459431098215608
6	2	41037	1544459431098591857
7	2	41037	1544459431098593947
8	3	41041	1544459431098632468
9	3	41041	1544459431098640034
11	3	41041	1544459431098640847
12	3	41041	1544459431098641291
16	3	41041	1544459431098642731
1	5	41043	1544459431580556530
50	5	41043	1544459431580563167
51	5	41043	1544459431580569715
5	5	41043	1544459431580572333
6	1	41030	1544459431580605175
7	1	41030	1544459431580608038
6	0	41031	1544459431580620496
7	0	41031	1544459431580623173
6	6	41032	1544459431580631344
7	6	41032	1544459431580635394
6	3	41035	1544459431580638894
7	3	41035	1544459431580641334
6	7	41036	1544459431580647831
6	5	41033	1544459431580649151
6	3	41034	1544459431580650349
7	5	41033	1544459431580650878
7	7	41036	1544459431580651179
7	3	41034	1544459431580652305
6	2	41037	1544459431580666223
7	2	41037	1544459431580668270
8	5	41043	1544459431580703994
9	5	41043	1544459431580710491
11	5	41043	1544459431580711242
12	5	41043	1544459431580711574
16	5	41043	1544459431580712738
1	0	41042	1544459432055653230
50	0	41042	1544459432055660921
51	0	41042	1544459432055668715
5	0	41042	1544459432055680071
6	1	41030	1544459432055724206
7	1	41030	1544459432055726854
6	6	41032	1544459432055739400
7	6	41032	1544459432055743025
6	5	41033	1544459432055775424
7	5	41033	1544459432055777802
6	3	41034	1544459432055778614
7	3	41034	1544459432055781453
6	3	41035	1544459432055788214
7	3	41035	1544459432055789542
6	0	41031	1544459432055801393
7	0	41031	1544459432055803872
6	7	41036	1544459432055805152
7	7	41036	1544459432055806771
6	2	41037	1544459432055813020
7	2	41037	1544459432055817592
8	0	41042	1544459432055843560
9	0	41042	1544459432055850365
11	0	41042	1544459432055851155
12	0	41042	1544459432055851539
16	0	41042	1544459432055853143
1	5	41045	1544459432484136077
50	5	41045	1544459432484152811
51	5	41045	1544459432484161786
5	5	41045	1544459432484164709
6	3	41035	1544459432484242762
7	3	41035	1544459432484245201
6	3	41034	1544459432484251803
7	3	41034	1544459432484252664
6	5	41033	1544459432484254697
6	7	41036	1544459432484256173
7	5	41033	1544459432484256606
7	7	41036	1544459432484258406
6	1	41030	1544459432484292685
6	0	41031	1544459432484294228
7	1	41030	1544459432484295609
7	0	41031	1544459432484296715
6	6	41032	1544459432484302207
7	6	41032	1544459432484304993
6	2	41037	1544459432484306102
7	2	41037	1544459432484308743
8	5	41045	1544459432484346919
9	5	41045	1544459432484353771
11	5	41045	1544459432484354479
12	5	41045	1544459432484354830
16	5	41045	1544459432484355976
