1	4	42145	1544459837426393148
50	4	42145	1544459837426409997
51	4	42145	1544459837426437375
5	4	42145	1544459837426442910
6	4	42135	1544459837426475070
7	4	42135	1544459837426476344
6	5	42136	1544459837426516483
6	1	42134	1544459837426519705
7	1	42134	1544459837426521844
7	5	42136	1544459837426531777
6	5	42138	1544459837426547901
7	5	42138	1544459837426548947
6	6	42137	1544459837426557018
7	6	42137	1544459837426559154
6	4	42141	1544459837426559428
7	4	42141	1544459837426560422
6	6	42140	1544459837426570449
7	6	42140	1544459837426571639
6	7	42139	1544459837426580175
7	7	42139	1544459837426582374
8	4	42145	1544459837426604816
9	4	42145	1544459837426632856
11	4	42145	1544459837426636035
12	4	42145	1544459837426636476
16	4	42145	1544459837426637777
1	7	42148	1544459837779374216
50	7	42148	1544459837779382015
51	7	42148	1544459837779389345
5	7	42148	1544459837779392064
6	1	42134	1544459837779436280
7	1	42134	1544459837779439382
6	5	42136	1544459837779456590
6	6	42137	1544459837779466184
7	6	42137	1544459837779468746
6	7	42139	1544459837779469676
7	7	42139	1544459837779470986
6	6	42140	1544459837779475440
7	6	42140	1544459837779476289
7	5	42136	1544459837779476483
6	4	42135	1544459837779480564
7	4	42135	1544459837779483714
6	4	42141	1544459837779488931
7	4	42141	1544459837779490037
6	4	42138	1544459837779493343
7	4	42138	1544459837779494367
8	7	42148	1544459837779524330
9	7	42148	1544459837779531042
11	7	42148	1544459837779531931
12	7	42148	1544459837779532345
16	7	42148	1544459837779533848
1	0	42142	1544459838061897461
50	0	42142	1544459838061905839
51	0	42142	1544459838061931063
5	0	42142	1544459838061936210
6	4	42135	1544459838061996406
7	4	42135	1544459838061999756
6	5	42136	1544459838062003270
7	5	42136	1544459838062005026
6	1	42134	1544459838062019349
6	6	42137	1544459838062021626
7	1	42134	1544459838062022611
7	6	42137	1544459838062024759
6	4	42138	1544459838062028241
7	4	42138	1544459838062030457
6	6	42140	1544459838062064190
7	6	42140	1544459838062067813
6	7	42139	1544459838062075235
7	7	42139	1544459838062078033
6	4	42141	1544459838062088156
7	4	42141	1544459838062090625
8	0	42142	1544459838062170277
9	0	42142	1544459838062177940
11	0	42142	1544459838062178770
12	0	42142	1544459838062179177
16	0	42142	1544459838062180828
1	0	42146	1544459838389662857
50	0	42146	1544459838389669643
51	0	42146	1544459838389676700
5	0	42146	1544459838389679395
6	1	42134	1544459838389716517
7	1	42134	1544459838389718765
6	4	42135	1544459838389729752
7	4	42135	1544459838389732162
6	4	42138	1544459838389741675
7	4	42138	1544459838389742885
6	7	42139	1544459838389773795
7	7	42139	1544459838389776129
6	5	42136	1544459838389794043
6	4	42141	1544459838389796865
6	6	42140	1544459838389798172
7	4	42141	1544459838389798923
7	6	42140	1544459838389800380
7	5	42136	1544459838389811902
6	6	42137	1544459838389820347
7	6	42137	1544459838389823038
8	0	42146	1544459838389894125
9	0	42146	1544459838389900763
11	0	42146	1544459838389901510
12	0	42146	1544459838389901851
16	0	42146	1544459838389902985
1	7	42148	1544459838563332769
50	7	42148	1544459838563342582
51	7	42148	1544459838563352601
5	7	42148	1544459838563357249
6	1	42134	1544459838563443298
7	1	42134	1544459838563446281
6	5	42136	1544459838563447612
7	5	42136	1544459838563449259
6	4	42135	1544459838563451335
7	4	42135	1544459838563474326
6	4	42138	1544459838563486625
7	4	42138	1544459838563487850
6	7	42139	1544459838563503582
7	7	42139	1544459838563505295
6	4	42141	1544459838563507494
7	4	42141	1544459838563509289
6	3	42137	1544459838563786377
7	3	42137	1544459838563790759
6	3	42140	1544459838563839525
7	3	42140	1544459838563841063
8	7	42148	1544459838563941502
9	7	42148	1544459838563959168
11	7	42148	1544459838563960533
12	7	42148	1544459838563960874
16	7	42148	1544459838563964894
1	0	42142	1544459838775900790
50	0	42142	1544459838775908524
51	0	42142	1544459838775916087
5	0	42142	1544459838775919063
6	4	42135	1544459838775990142
7	4	42135	1544459838775993362
6	1	42134	1544459838775997311
6	4	42138	1544459838776001431
7	4	42138	1544459838776002830
6	7	42139	1544459838776016520
7	1	42134	1544459838776017428
7	7	42139	1544459838776019097
6	3	42137	1544459838776020171
7	3	42137	1544459838776022496
6	3	42140	1544459838776027255
7	3	42140	1544459838776028156
6	4	42141	1544459838776037162
7	4	42141	1544459838776039388
6	5	42136	1544459838776064133
7	5	42136	1544459838776066612
8	0	42142	1544459838776102345
9	0	42142	1544459838776112333
11	0	42142	1544459838776113295
12	0	42142	1544459838776113913
16	0	42142	1544459838776115436
