1	7	37306	1544455962702678569
50	7	37306	1544455962702696731
51	7	37306	1544455962702725472
5	7	37306	1544455962702731330
6	5	37297	1544455962702787204
7	5	37297	1544455962702789518
6	7	37301	1544455962702814323
6	0	37299	1544455962702816266
6	3	37300	1544455962702828233
7	3	37300	1544455962702830790
7	0	37299	1544455962702834004
7	7	37301	1544455962702841832
6	4	37298	1544455962702851712
7	4	37298	1544455962702854046
6	1	37302	1544455962702856653
7	1	37302	1544455962702859202
6	6	37303	1544455962702876410
7	6	37303	1544455962702878945
6	2	37304	1544455962702894368
7	2	37304	1544455962702896993
8	7	37306	1544455962702935030
9	7	37306	1544455962702961903
11	7	37306	1544455962702965119
12	7	37306	1544455962702965500
16	7	37306	1544455962702966743
1	3	37308	1544455963284693773
50	3	37308	1544455963284700838
51	3	37308	1544455963284707659
5	3	37308	1544455963284710055
6	5	37297	1544455963284756482
7	5	37297	1544455963284759760
6	3	37300	1544455963284768481
7	3	37300	1544455963284770124
6	4	37298	1544455963284771549
7	4	37298	1544455963284773933
6	0	37299	1544455963284775216
7	0	37299	1544455963284777026
6	7	37301	1544455963284814987
7	7	37301	1544455963284817557
6	1	37302	1544455963284827975
7	1	37302	1544455963284830006
6	6	37303	1544455963284831167
7	6	37303	1544455963284833449
6	2	37304	1544455963284839717
7	2	37304	1544455963284841756
8	3	37308	1544455963284870725
9	3	37308	1544455963284877179
11	3	37308	1544455963284877921
12	3	37308	1544455963284878271
16	3	37308	1544455963284879423
