1	0	34324	1544454886015714196
50	0	34324	1544454886015731399
51	0	34324	1544454886015758981
5	0	34324	1544454886015764666
6	5	34316	1544454886015795744
7	5	34316	1544454886015798230
6	2	34317	1544454886015808115
7	2	34317	1544454886015810289
6	4	34319	1544454886015837494
7	4	34319	1544454886015839640
6	1	34320	1544454886015852372
7	1	34320	1544454886015854428
6	6	34321	1544454886015878133
7	6	34321	1544454886015880427
6	7	34318	1544454886015885655
6	4	34323	1544454886015887616
7	4	34323	1544454886015889817
7	7	34318	1544454886015890969
6	3	34322	1544454886015893921
7	3	34322	1544454886015895753
8	0	34324	1544454886015940579
9	0	34324	1544454886015964140
11	0	34324	1544454886015967109
12	0	34324	1544454886015967470
16	0	34324	1544454886015968636
1	1	34328	1544454887398395708
50	1	34328	1544454887398402655
51	1	34328	1544454887398409567
5	1	34328	1544454887398411838
6	5	34316	1544454887398452725
7	5	34316	1544454887398455376
6	2	34317	1544454887398461878
7	2	34317	1544454887398464555
6	7	34318	1544454887398481735
7	7	34318	1544454887398484355
6	4	34319	1544454887398486075
7	4	34319	1544454887398488450
6	6	34321	1544454887398506387
7	6	34321	1544454887398509051
6	1	34320	1544454887398514555
7	1	34320	1544454887398515758
6	4	34323	1544454887398521155
7	4	34323	1544454887398522987
6	3	34322	1544454887398524828
7	3	34322	1544454887398526926
8	1	34328	1544454887398538445
9	1	34328	1544454887398544566
11	1	34328	1544454887398545283
12	1	34328	1544454887398545641
16	1	34328	1544454887398546673
1	3	34331	1544454888531542069
50	3	34331	1544454888531549319
51	3	34331	1544454888531556024
5	3	34331	1544454888531558509
6	2	34317	1544454888531610293
7	2	34317	1544454888531612988
6	7	34318	1544454888531616303
7	7	34318	1544454888531618587
6	5	34316	1544454888531634560
6	4	34319	1544454888531636555
7	5	34316	1544454888531636897
7	4	34319	1544454888531637843
6	1	34320	1544454888531639738
7	1	34320	1544454888531642493
6	3	34322	1544454888531648675
6	6	34321	1544454888531650286
7	3	34322	1544454888531651300
7	6	34321	1544454888531653183
6	4	34323	1544454888531689548
7	4	34323	1544454888531691844
8	3	34331	1544454888531723217
9	3	34331	1544454888531729754
11	3	34331	1544454888531730418
12	3	34331	1544454888531730772
16	3	34331	1544454888531731969
1	1	34326	1544454889516701269
50	1	34326	1544454889516708631
51	1	34326	1544454889516715253
5	1	34326	1544454889516717502
6	5	34316	1544454889516757369
7	5	34316	1544454889516759730
6	4	34319	1544454889516790635
7	4	34319	1544454889516793080
6	7	34318	1544454889516804421
7	7	34318	1544454889516806858
6	2	34317	1544454889516811479
6	1	34320	1544454889516812321
6	6	34321	1544454889516812984
7	2	34317	1544454889516813499
7	1	34320	1544454889516814091
7	6	34321	1544454889516814653
6	4	34323	1544454889516821053
6	3	34322	1544454889516822316
7	4	34323	1544454889516823177
7	3	34322	1544454889516824907
8	1	34326	1544454889516870682
9	1	34326	1544454889516877255
11	1	34326	1544454889516878314
12	1	34326	1544454889516878673
16	1	34326	1544454889516880062
1	1	34328	1544454890599762618
50	1	34328	1544454890599770066
51	1	34328	1544454890599776656
5	1	34328	1544454890599779188
6	5	34316	1544454890599812399
7	5	34316	1544454890599814857
6	7	34318	1544454890599831098
7	7	34318	1544454890599833250
6	1	34320	1544454890599855760
7	1	34320	1544454890599857014
6	2	34317	1544454890599864682
6	4	34319	1544454890599865766
7	2	34317	1544454890599867214
7	4	34319	1544454890599867569
6	6	34321	1544454890599870806
7	6	34321	1544454890599872996
6	3	34322	1544454890599873524
6	4	34323	1544454890599874109
7	4	34323	1544454890599875335
7	3	34322	1544454890599876060
8	1	34328	1544454890599967564
9	1	34328	1544454890599973854
11	1	34328	1544454890599974543
12	1	34328	1544454890599974879
16	1	34328	1544454890599976080
1	6	34325	1544454891801637237
50	6	34325	1544454891801644309
51	6	34325	1544454891801651227
5	6	34325	1544454891801653483
6	5	34316	1544454891801696242
7	5	34316	1544454891801698920
6	2	34317	1544454891801708824
6	7	34318	1544454891801709905
7	7	34318	1544454891801711673
7	2	34317	1544454891801712326
6	6	34321	1544454891801723172
7	6	34321	1544454891801724373
6	2	34319	1544454891801725533
7	2	34319	1544454891801726626
6	1	34320	1544454891801734895
7	1	34320	1544454891801736961
6	3	34322	1544454891801760290
7	3	34322	1544454891801762911
6	4	34323	1544454891801764401
7	4	34323	1544454891801766433
8	6	34325	1544454891801835866
9	6	34325	1544454891801841833
11	6	34325	1544454891801842514
12	6	34325	1544454891801842857
16	6	34325	1544454891801844129
1	0	34327	1544454892570495884
50	0	34327	1544454892570511793
51	0	34327	1544454892570525745
5	0	34327	1544454892570530846
6	7	34318	1544454892570635508
7	7	34318	1544454892570640066
6	5	34316	1544454892570657450
6	1	34320	1544454892570660629
7	5	34316	1544454892570662584
7	1	34320	1544454892570665189
6	2	34319	1544454892570675047
7	2	34319	1544454892570677681
6	2	34317	1544454892570688219
7	2	34317	1544454892570689395
6	6	34321	1544454892570689895
7	6	34321	1544454892570692589
6	3	34322	1544454892570696494
7	3	34322	1544454892570700248
6	4	34323	1544454892570738934
7	4	34323	1544454892570740980
8	0	34327	1544454892570828435
9	0	34327	1544454892570843495
11	0	34327	1544454892570844290
12	0	34327	1544454892570844632
16	0	34327	1544454892570846800
1	3	34330	1544454893338378526
50	3	34330	1544454893338396465
51	3	34330	1544454893338403143
5	3	34330	1544454893338405668
6	7	34318	1544454893338460532
7	7	34318	1544454893338463835
6	3	34322	1544454893338478487
7	3	34322	1544454893338480492
6	1	34320	1544454893338485996
7	1	34320	1544454893338488139
6	2	34319	1544454893338493538
7	2	34319	1544454893338496170
6	6	34321	1544454893338501348
6	2	34317	1544454893338502609
6	5	34316	1544454893338502975
7	2	34317	1544454893338503586
7	6	34321	1544454893338504130
7	5	34316	1544454893338505705
6	4	34323	1544454893338542279
7	4	34323	1544454893338543964
8	3	34330	1544454893338688718
9	3	34330	1544454893338696166
11	3	34330	1544454893338696914
12	3	34330	1544454893338697273
16	3	34330	1544454893338698648
1	1	34326	1544454894089542528
50	1	34326	1544454894089549794
51	1	34326	1544454894089564636
5	1	34326	1544454894089567225
6	5	34316	1544454894089626047
7	5	34316	1544454894089628782
6	5	34320	1544454894089643341
7	5	34320	1544454894089644319
6	7	34318	1544454894089645100
7	7	34318	1544454894089646756
6	6	34321	1544454894089666329
7	6	34321	1544454894089668584
6	2	34319	1544454894089671458
7	2	34319	1544454894089681066
6	3	34322	1544454894089684043
7	3	34322	1544454894089685914
6	2	34317	1544454894089686933
7	2	34317	1544454894089687850
6	4	34323	1544454894089696782
7	4	34323	1544454894089699386
8	1	34326	1544454894089727633
9	1	34326	1544454894089737163
11	1	34326	1544454894089737945
12	1	34326	1544454894089738301
16	1	34326	1544454894089739496
1	1	34329	1544454894742208322
50	1	34329	1544454894742216260
51	1	34329	1544454894742223701
5	1	34329	1544454894742226118
6	5	34320	1544454894742297601
7	5	34320	1544454894742300719
6	7	34318	1544454894742304949
6	2	34319	1544454894742306635
6	5	34316	1544454894742307578
7	7	34318	1544454894742308030
7	5	34316	1544454894742309110
7	2	34319	1544454894742310443
6	6	34321	1544454894742311245
7	6	34321	1544454894742313201
6	2	34317	1544454894742320412
7	2	34317	1544454894742321987
6	3	34322	1544454894742333361
7	3	34322	1544454894742335680
6	3	34323	1544454894742349224
7	3	34323	1544454894742350345
8	1	34329	1544454894742379810
9	1	34329	1544454894742389062
11	1	34329	1544454894742389944
12	1	34329	1544454894742390482
16	1	34329	1544454894742391860
1	6	34325	1544454895239260612
50	6	34325	1544454895239268253
51	6	34325	1544454895239274784
5	6	34325	1544454895239277467
6	5	34316	1544454895239310431
7	5	34316	1544454895239313227
6	2	34319	1544454895239326096
7	2	34319	1544454895239328259
6	7	34318	1544454895239333388
6	2	34317	1544454895239334550
6	6	34321	1544454895239335571
7	2	34317	1544454895239336391
7	6	34321	1544454895239337342
6	5	34320	1544454895239338833
7	5	34320	1544454895239340080
7	7	34318	1544454895239344649
6	3	34322	1544454895239379746
7	3	34322	1544454895239382200
6	3	34323	1544454895239387489
7	3	34323	1544454895239388232
8	6	34325	1544454895239456405
9	6	34325	1544454895239462433
11	6	34325	1544454895239463124
12	6	34325	1544454895239463463
16	6	34325	1544454895239464605
1	0	34327	1544454895775079852
50	0	34327	1544454895775087359
51	0	34327	1544454895775094395
5	0	34327	1544454895775097174
6	2	34317	1544454895775139426
6	5	34316	1544454895775141457
7	2	34317	1544454895775142012
7	5	34316	1544454895775177146
6	5	34320	1544454895775180377
6	6	34321	1544454895775192135
7	5	34320	1544454895775193345
7	6	34321	1544454895775194432
6	3	34322	1544454895775201330
6	2	34319	1544454895775202294
7	3	34322	1544454895775203909
6	3	34323	1544454895775210997
7	3	34323	1544454895775212017
7	2	34319	1544454895775219737
6	7	34318	1544454895775275277
7	7	34318	1544454895775278336
8	0	34327	1544454895775349901
9	0	34327	1544454895775356670
11	0	34327	1544454895775357436
12	0	34327	1544454895775357787
16	0	34327	1544454895775363921
1	1	34328	1544454896239801229
50	1	34328	1544454896239816179
51	1	34328	1544454896239832213
5	1	34328	1544454896239836632
6	5	34316	1544454896239880144
7	5	34316	1544454896239884020
6	5	34320	1544454896239921802
7	5	34320	1544454896239924253
6	3	34322	1544454896239960573
6	2	34319	1544454896239962522
6	6	34321	1544454896239963338
7	3	34322	1544454896239963790
7	2	34319	1544454896239965184
7	6	34321	1544454896239966104
6	3	34323	1544454896239973807
6	7	34318	1544454896239974761
6	2	34317	1544454896239975138
7	3	34323	1544454896239975611
7	2	34317	1544454896239976521
7	7	34318	1544454896239977867
8	1	34328	1544454896240028271
9	1	34328	1544454896240041565
11	1	34328	1544454896240043267
12	1	34328	1544454896240043904
16	1	34328	1544454896240047304
1	4	34324	1544454896977871036
50	4	34324	1544454896977880174
51	4	34324	1544454896977889165
5	4	34324	1544454896977891919
6	7	34318	1544454896977947720
6	2	34319	1544454896977950734
7	7	34318	1544454896977951578
7	2	34319	1544454896977954382
6	2	34317	1544454896977960804
7	2	34317	1544454896977961820
6	6	34321	1544454896977962393
6	5	34320	1544454896977964752
7	5	34320	1544454896977980757
6	3	34322	1544454896977982530
7	3	34322	1544454896977984794
6	5	34316	1544454896977986824
7	5	34316	1544454896977987676
6	3	34323	1544454896977990770
7	3	34323	1544454896977991811
7	6	34321	1544454896977992709
8	4	34324	1544454896978066294
9	4	34324	1544454896978074654
11	4	34324	1544454896978075354
12	4	34324	1544454896978075699
16	4	34324	1544454896978077236
1	3	34331	1544454897169892652
50	3	34331	1544454897169900139
51	3	34331	1544454897169906846
5	3	34331	1544454897169909049
6	2	34319	1544454897169962216
7	2	34319	1544454897169964847
6	3	34322	1544454897169966654
7	3	34322	1544454897169967897
6	2	34317	1544454897169972861
6	6	34321	1544454897169973577
7	2	34317	1544454897169974593
6	3	34323	1544454897169974970
7	3	34323	1544454897169975703
6	7	34318	1544454897169981678
6	5	34320	1544454897169991247
7	5	34320	1544454897169993444
6	5	34316	1544454897169999009
7	5	34316	1544454897169999707
7	7	34318	1544454897170000374
7	6	34321	1544454897170006524
8	3	34331	1544454897170082519
9	3	34331	1544454897170088962
11	3	34331	1544454897170089655
12	3	34331	1544454897170089986
16	3	34331	1544454897170091132
1	6	34325	1544454897783769177
50	6	34325	1544454897783777401
51	6	34325	1544454897783784525
5	6	34325	1544454897783786978
6	2	34319	1544454897783851148
7	2	34319	1544454897783854653
6	6	34321	1544454897783858657
6	7	34318	1544454897783859677
7	6	34321	1544454897783860713
7	7	34318	1544454897783861494
6	2	34317	1544454897783863261
7	2	34317	1544454897783864257
6	5	34320	1544454897783867161
7	5	34320	1544454897783869111
6	5	34316	1544454897783874350
7	5	34316	1544454897783875188
6	3	34322	1544454897783908859
7	3	34322	1544454897783911440
6	3	34323	1544454897783918024
7	3	34323	1544454897783918897
8	6	34325	1544454897784025159
9	6	34325	1544454897784031450
11	6	34325	1544454897784032273
12	6	34325	1544454897784032617
16	6	34325	1544454897784034208
1	0	34327	1544454898210314538
50	0	34327	1544454898210322298
51	0	34327	1544454898210328966
5	0	34327	1544454898210331201
6	5	34316	1544454898210360889
7	5	34316	1544454898210363271
6	7	34318	1544454898210382896
7	7	34318	1544454898210384964
6	5	34320	1544454898210389941
7	5	34320	1544454898210391517
6	6	34321	1544454898210420806
7	6	34321	1544454898210422792
6	3	34322	1544454898210425703
6	2	34319	1544454898210427388
7	3	34322	1544454898210428672
7	2	34319	1544454898210429706
6	3	34323	1544454898210434995
6	2	34317	1544454898210435579
7	3	34323	1544454898210436504
7	2	34317	1544454898210436765
8	0	34327	1544454898210505045
9	0	34327	1544454898210511840
11	0	34327	1544454898210512531
12	0	34327	1544454898210512873
16	0	34327	1544454898210514067
1	1	34329	1544454898726062017
50	1	34329	1544454898726069456
51	1	34329	1544454898726076183
5	1	34329	1544454898726078641
6	5	34316	1544454898726109243
7	5	34316	1544454898726111828
6	2	34317	1544454898726121504
6	2	34319	1544454898726136765
7	2	34319	1544454898726138547
7	2	34317	1544454898726143302
6	5	34320	1544454898726148114
7	5	34320	1544454898726149416
6	6	34321	1544454898726171359
7	6	34321	1544454898726173449
6	7	34318	1544454898726175008
7	7	34318	1544454898726177443
6	3	34322	1544454898726179256
7	3	34322	1544454898726180846
6	3	34323	1544454898726185644
7	3	34323	1544454898726186700
8	1	34329	1544454898726261371
9	1	34329	1544454898726268240
11	1	34329	1544454898726268938
12	1	34329	1544454898726269277
16	1	34329	1544454898726270518
1	3	34324	1544454899192411677
50	3	34324	1544454899192420116
51	3	34324	1544454899192427612
5	3	34324	1544454899192430051
6	5	34316	1544454899192482541
7	5	34316	1544454899192485582
6	7	34318	1544454899192499589
7	7	34318	1544454899192502901
6	2	34319	1544454899192512546
7	2	34319	1544454899192514896
6	5	34320	1544454899192518188
6	7	34317	1544454899192518564
7	7	34317	1544454899192519769
7	5	34320	1544454899192520739
6	3	34322	1544454899192529341
7	3	34322	1544454899192531160
6	3	34323	1544454899192535917
7	3	34323	1544454899192536865
6	6	34321	1544454899192540750
7	6	34321	1544454899192543268
8	3	34324	1544454899192583581
9	3	34324	1544454899192592769
11	3	34324	1544454899192593637
12	3	34324	1544454899192594140
16	3	34324	1544454899192616294
1	3	34330	1544454899595253171
50	3	34330	1544454899595260953
51	3	34330	1544454899595267745
5	3	34330	1544454899595269994
6	5	34316	1544454899595300259
7	5	34316	1544454899595302682
6	5	34320	1544454899595329939
7	5	34320	1544454899595331193
6	2	34319	1544454899595342213
6	3	34322	1544454899595342926
7	3	34322	1544454899595344216
7	2	34319	1544454899595344611
6	6	34321	1544454899595347328
7	6	34321	1544454899595348838
6	3	34323	1544454899595351499
7	3	34323	1544454899595352225
6	7	34318	1544454899595362323
7	7	34318	1544454899595364482
6	7	34317	1544454899595369723
7	7	34317	1544454899595370502
8	3	34330	1544454899595444039
9	3	34330	1544454899595450497
11	3	34330	1544454899595451177
12	3	34330	1544454899595451528
16	3	34330	1544454899595452784
1	1	34328	1544454900150521616
50	1	34328	1544454900150529321
51	1	34328	1544454900150536242
5	1	34328	1544454900150538559
6	5	34316	1544454900150570593
7	5	34316	1544454900150573946
6	7	34318	1544454900150589248
7	7	34318	1544454900150591434
6	7	34317	1544454900150598260
7	7	34317	1544454900150599271
6	5	34320	1544454900150608729
7	5	34320	1544454900150610187
6	2	34319	1544454900150610841
7	2	34319	1544454900150613248
6	6	34321	1544454900150635202
7	6	34321	1544454900150637553
6	3	34322	1544454900150647891
7	3	34322	1544454900150649996
6	3	34323	1544454900150655862
7	3	34323	1544454900150656600
8	1	34328	1544454900150710026
9	1	34328	1544454900150717279
11	1	34328	1544454900150718028
12	1	34328	1544454900150718466
16	1	34328	1544454900150719981
1	1	34326	1544454900562800512
50	1	34326	1544454900562808011
51	1	34326	1544454900562814977
5	1	34326	1544454900562817579
6	5	34316	1544454900562855656
7	5	34316	1544454900562858183
6	7	34317	1544454900562876929
7	7	34317	1544454900562880237
6	7	34318	1544454900562886822
7	7	34318	1544454900562887840
6	5	34320	1544454900562890357
7	5	34320	1544454900562892143
6	6	34321	1544454900562904070
7	6	34321	1544454900562906192
6	3	34322	1544454900562920310
7	3	34322	1544454900562923683
6	3	34323	1544454900562930094
7	3	34323	1544454900562930968
6	2	34319	1544454900563144735
7	2	34319	1544454900563146757
8	1	34326	1544454900563219853
9	1	34326	1544454900563227615
11	1	34326	1544454900563228293
12	1	34326	1544454900563228652
16	1	34326	1544454900563230187
1	4	34331	1544454901087267046
50	4	34331	1544454901087278392
51	4	34331	1544454901087291141
5	4	34331	1544454901087294094
6	5	34320	1544454901087407277
7	5	34320	1544454901087412093
6	2	34319	1544454901087423868
7	2	34319	1544454901087425915
6	5	34316	1544454901087428448
7	5	34316	1544454901087429971
6	7	34318	1544454901087469049
6	6	34321	1544454901087470403
7	6	34321	1544454901087473826
7	7	34318	1544454901087474279
6	7	34317	1544454901087485811
6	3	34322	1544454901087488137
7	7	34317	1544454901087488569
7	3	34322	1544454901087491150
6	3	34323	1544454901087502260
7	3	34323	1544454901087503430
8	4	34331	1544454901087542896
9	4	34331	1544454901087571138
11	4	34331	1544454901087572234
12	4	34331	1544454901087572675
16	4	34331	1544454901087574592
1	3	34324	1544454901747019865
50	3	34324	1544454901747027200
51	3	34324	1544454901747033311
5	3	34324	1544454901747035832
6	5	34316	1544454901747066986
7	5	34316	1544454901747069414
6	5	34320	1544454901747100701
7	5	34320	1544454901747102340
6	3	34322	1544454901747112409
7	3	34322	1544454901747113913
6	3	34323	1544454901747118024
7	3	34323	1544454901747119058
6	7	34317	1544454901747128415
7	7	34317	1544454901747130599
6	7	34318	1544454901747135792
7	7	34318	1544454901747136664
6	2	34319	1544454901747173264
7	2	34319	1544454901747180896
6	6	34321	1544454901747185977
7	6	34321	1544454901747188271
8	3	34324	1544454901747214311
9	3	34324	1544454901747220654
11	3	34324	1544454901747221339
12	3	34324	1544454901747221687
16	3	34324	1544454901747222773
1	3	34330	1544454901922126186
50	3	34330	1544454901922133492
51	3	34330	1544454901922140442
5	3	34330	1544454901922142829
6	7	34317	1544454901922186387
7	7	34317	1544454901922188774
6	5	34320	1544454901922194189
6	7	34318	1544454901922195072
7	7	34318	1544454901922195858
7	5	34320	1544454901922196983
6	5	34316	1544454901922204342
7	5	34316	1544454901922205205
6	3	34322	1544454901922211498
6	2	34319	1544454901922212355
7	3	34322	1544454901922213289
7	2	34319	1544454901922214193
6	3	34323	1544454901922221461
7	3	34323	1544454901922222432
6	6	34321	1544454901922223314
7	6	34321	1544454901922227524
8	3	34330	1544454901922237044
9	3	34330	1544454901922245173
11	3	34330	1544454901922246116
12	3	34330	1544454901922246582
16	3	34330	1544454901922247905
1	1	34329	1544454902392682286
50	1	34329	1544454902392689932
51	1	34329	1544454902392696237
5	1	34329	1544454902392698766
6	5	34316	1544454902392733182
7	5	34316	1544454902392735731
6	5	34320	1544454902392764714
7	5	34320	1544454902392766639
6	2	34319	1544454902392770745
7	2	34319	1544454902392773124
6	7	34317	1544454902392783284
7	7	34317	1544454902392785819
6	6	34321	1544454902392788918
7	6	34321	1544454902392791259
6	7	34318	1544454902392793382
7	7	34318	1544454902392794365
6	3	34322	1544454902392810918
7	3	34322	1544454902392812673
6	3	34323	1544454902392818394
7	3	34323	1544454902392819465
8	1	34329	1544454902392893990
9	1	34329	1544454902392901885
11	1	34329	1544454902392902568
12	1	34329	1544454902392902917
16	1	34329	1544454902392904207
1	1	34326	1544454902915833417
50	1	34326	1544454902915840956
51	1	34326	1544454902915847444
5	1	34326	1544454902915849728
6	5	34316	1544454902915884718
7	5	34316	1544454902915887194
6	2	34319	1544454902915906752
6	5	34320	1544454902915909077
7	5	34320	1544454902915910603
6	7	34317	1544454902915912022
7	7	34317	1544454902915914294
7	2	34319	1544454902915923771
6	6	34321	1544454902915931620
7	6	34321	1544454902915933895
6	7	34318	1544454902915936556
7	7	34318	1544454902915938521
6	3	34322	1544454902915945223
7	3	34322	1544454902915947771
6	3	34323	1544454902915953583
7	3	34323	1544454902915954295
8	1	34326	1544454902916019729
9	1	34326	1544454902916026420
11	1	34326	1544454902916027121
12	1	34326	1544454902916027481
16	1	34326	1544454902916028721
1	4	34331	1544454903431894185
50	4	34331	1544454903431902244
51	4	34331	1544454903431908811
5	4	34331	1544454903431911205
6	5	34316	1544454903431961036
6	7	34318	1544454903431968298
6	2	34319	1544454903431969944
7	7	34318	1544454903431971514
7	2	34319	1544454903431972206
6	7	34317	1544454903431978590
7	7	34317	1544454903431979414
6	5	34320	1544454903431985339
7	5	34320	1544454903431987089
7	5	34316	1544454903431991408
6	3	34322	1544454903432020061
7	3	34322	1544454903432022222
6	3	34323	1544454903432027486
7	3	34323	1544454903432028193
6	6	34321	1544454903432116832
7	6	34321	1544454903432119019
8	4	34331	1544454903432146800
9	4	34331	1544454903432152707
11	4	34331	1544454903432153460
12	4	34331	1544454903432153801
16	4	34331	1544454903432155122
1	1	34328	1544454903915363927
50	1	34328	1544454903915374750
51	1	34328	1544454903915383412
5	1	34328	1544454903915386356
6	6	34321	1544454903915473173
6	5	34320	1544454903915474815
7	6	34321	1544454903915476815
7	5	34320	1544454903915478145
6	3	34322	1544454903915482589
7	3	34322	1544454903915484381
6	5	34316	1544454903915485689
7	5	34316	1544454903915486633
6	3	34323	1544454903915490041
7	3	34323	1544454903915490992
6	2	34319	1544454903915493387
6	7	34317	1544454903915498133
7	7	34317	1544454903915500523
7	2	34319	1544454903915514748
6	7	34318	1544454903915531537
7	7	34318	1544454903915534707
8	1	34328	1544454903915568643
9	1	34328	1544454903915578500
11	1	34328	1544454903915579445
12	1	34328	1544454903915579970
16	1	34328	1544454903915581596
