1	4	41200	1544459448544506425
50	4	41200	1544459448544523525
51	4	41200	1544459448544552204
5	4	41200	1544459448544558062
6	5	41193	1544459448544628731
7	5	41193	1544459448544631424
6	0	41192	1544459448544633828
6	1	41191	1544459448544636581
6	4	41195	1544459448544648885
7	4	41195	1544459448544650313
6	2	41197	1544459448544652216
7	2	41197	1544459448544654597
7	1	41191	1544459448544655041
7	0	41192	1544459448544659945
6	2	41196	1544459448544661121
7	2	41196	1544459448544662097
6	4	41194	1544459448545218979
7	4	41194	1544459448545232585
6	6	41198	1544459448545237545
7	6	41198	1544459448545239559
8	4	41200	1544459448545274778
9	4	41200	1544459448545317296
11	4	41200	1544459448545320030
12	4	41200	1544459448545320401
16	4	41200	1544459448545321370
1	4	41201	1544459449029977885
50	4	41201	1544459449029998745
51	4	41201	1544459449030015060
5	4	41201	1544459449030021027
6	1	41191	1544459449030082181
7	1	41191	1544459449030085458
6	0	41192	1544459449030097381
7	0	41192	1544459449030100062
6	4	41195	1544459449030140090
6	5	41193	1544459449030142132
7	4	41195	1544459449030143451
7	5	41193	1544459449030144601
6	4	41194	1544459449030150048
7	4	41194	1544459449030151271
6	6	41198	1544459449030165823
7	6	41198	1544459449030168229
6	2	41197	1544459449030172472
7	2	41197	1544459449030175185
6	2	41196	1544459449030182733
7	2	41196	1544459449030184152
8	4	41201	1544459449030237033
9	4	41201	1544459449030245689
11	4	41201	1544459449030246569
12	4	41201	1544459449030247074
16	4	41201	1544459449030248920
1	7	41206	1544459449311935156
50	7	41206	1544459449311942712
51	7	41206	1544459449311981118
5	7	41206	1544459449311984324
6	1	41191	1544459449312014134
7	1	41191	1544459449312017099
6	0	41192	1544459449312040623
7	0	41192	1544459449312043434
6	4	41195	1544459449312056752
7	4	41195	1544459449312059876
6	5	41193	1544459449312062670
7	5	41193	1544459449312065272
6	4	41194	1544459449312068416
7	4	41194	1544459449312069805
6	2	41197	1544459449312078735
7	2	41197	1544459449312081270
6	2	41196	1544459449312087415
7	2	41196	1544459449312088628
6	6	41198	1544459449312092045
7	6	41198	1544459449312094885
8	7	41206	1544459449312127561
9	7	41206	1544459449312136240
11	7	41206	1544459449312137391
12	7	41206	1544459449312138149
16	7	41206	1544459449312141933
1	4	41200	1544459449510332794
50	4	41200	1544459449510340895
51	4	41200	1544459449510348480
5	4	41200	1544459449510350964
6	0	41192	1544459449510407392
7	0	41192	1544459449510410121
6	5	41193	1544459449510447045
7	5	41193	1544459449510450013
6	0	41195	1544459449510450749
7	0	41195	1544459449510453254
6	1	41191	1544459449510456534
6	0	41194	1544459449510458552
7	1	41191	1544459449510459252
7	0	41194	1544459449510459676
6	2	41197	1544459449510462387
7	2	41197	1544459449510465333
6	6	41198	1544459449510469391
7	6	41198	1544459449510471126
6	2	41196	1544459449510472164
7	2	41196	1544459449510473119
8	4	41200	1544459449510507449
9	4	41200	1544459449510515423
11	4	41200	1544459449510516274
12	4	41200	1544459449510516662
16	4	41200	1544459449510518007
1	7	41205	1544459449714258965
50	7	41205	1544459449714267027
51	7	41205	1544459449714275004
5	7	41205	1544459449714277618
6	1	41191	1544459449714324520
7	1	41191	1544459449714328212
6	0	41195	1544459449714338833
7	0	41195	1544459449714341021
6	5	41193	1544459449714347258
6	0	41194	1544459449714348351
7	0	41194	1544459449714349824
7	5	41193	1544459449714350548
6	0	41192	1544459449714354211
7	0	41192	1544459449714355268
6	2	41197	1544459449714379201
7	2	41197	1544459449714381946
6	2	41196	1544459449714393669
7	2	41196	1544459449714394837
6	6	41198	1544459449714400122
7	6	41198	1544459449714403012
8	7	41205	1544459449714442101
9	7	41205	1544459449714449608
11	7	41205	1544459449714450521
12	7	41205	1544459449714450937
16	7	41205	1544459449714452361
1	6	41199	1544459449905216733
50	6	41199	1544459449905224517
51	6	41199	1544459449905231193
5	6	41199	1544459449905233623
6	1	41191	1544459449905277857
7	1	41191	1544459449905280776
6	5	41193	1544459449905300757
6	0	41194	1544459449905304299
6	6	41198	1544459449905305510
7	0	41194	1544459449905306728
7	6	41198	1544459449905307065
6	2	41197	1544459449905318867
7	5	41193	1544459449905320229
7	2	41197	1544459449905321047
6	0	41195	1544459449905326216
6	2	41196	1544459449905326545
7	2	41196	1544459449905327812
7	0	41195	1544459449905328573
6	0	41192	1544459449905332048
7	0	41192	1544459449905333159
8	6	41199	1544459449905367966
9	6	41199	1544459449905385454
11	6	41199	1544459449905386373
12	6	41199	1544459449905386738
16	6	41199	1544459449905387894
1	0	41203	1544459450078638306
50	0	41203	1544459450078646465
51	0	41203	1544459450078663543
5	0	41203	1544459450078666228
6	0	41192	1544459450078706394
7	0	41192	1544459450078707903
6	0	41194	1544459450078713725
7	0	41194	1544459450078714379
6	5	41193	1544459450078722302
7	5	41193	1544459450078728831
6	1	41191	1544459450078743699
6	0	41195	1544459450078745168
7	1	41191	1544459450078746186
7	0	41195	1544459450078749141
6	2	41197	1544459450078780712
7	2	41197	1544459450078782984
6	2	41196	1544459450078789038
7	2	41196	1544459450078790155
6	6	41198	1544459450078802577
7	6	41198	1544459450078804889
8	0	41203	1544459450078839038
9	0	41203	1544459450078846680
11	0	41203	1544459450078847458
12	0	41203	1544459450078847865
16	0	41203	1544459450078849170
1	5	41204	1544459450250712416
50	5	41204	1544459450250721374
51	5	41204	1544459450250729353
5	5	41204	1544459450250732045
6	1	41191	1544459450250785576
6	0	41195	1544459450250787406
7	1	41191	1544459450250789423
7	0	41195	1544459450250790101
6	0	41194	1544459450250797103
7	0	41194	1544459450250798361
6	5	41193	1544459450250801626
6	2	41197	1544459450250802862
7	5	41193	1544459450250804338
6	6	41198	1544459450250819359
7	2	41197	1544459450250822490
6	0	41192	1544459450250828558
7	0	41192	1544459450250831057
6	2	41196	1544459450250837823
7	2	41196	1544459450250839038
7	6	41198	1544459450250856313
8	5	41204	1544459450250906774
9	5	41204	1544459450250917041
11	5	41204	1544459450250918244
12	5	41204	1544459450250918863
16	5	41204	1544459450250920601
