1	6	37383	1544455986400962793
50	6	37383	1544455986400979387
51	6	37383	1544455986401007630
5	6	37383	1544455986401013487
6	4	37376	1544455986401072011
7	4	37376	1544455986401080253
6	0	37375	1544455986401084503
7	0	37375	1544455986401086610
6	3	37374	1544455986401089088
7	3	37374	1544455986401091774
6	1	37377	1544455986401109732
7	1	37377	1544455986401112660
6	6	37379	1544455986401117709
7	6	37379	1544455986401119378
6	1	37380	1544455986401119536
7	1	37380	1544455986401121234
6	5	37378	1544455986401122480
7	5	37378	1544455986401124216
6	5	37381	1544455986401129185
7	5	37381	1544455986401130221
8	6	37383	1544455986401159481
9	6	37383	1544455986401185871
11	6	37383	1544455986401190864
12	6	37383	1544455986401191272
16	6	37383	1544455986401192692
1	4	37385	1544455988174541094
50	4	37385	1544455988174548823
51	4	37385	1544455988174555663
5	4	37385	1544455988174558229
6	3	37374	1544455988174638943
7	3	37374	1544455988174641435
6	3	37376	1544455988174656802
7	3	37376	1544455988174657781
6	6	37379	1544455988174672016
7	6	37379	1544455988174674818
6	5	37378	1544455988174681087
6	1	37377	1544455988174682905
7	5	37378	1544455988174683669
7	1	37377	1544455988174686016
6	5	37381	1544455988174690478
7	5	37381	1544455988174691863
6	0	37375	1544455988174692455
7	0	37375	1544455988174700244
6	1	37380	1544455988174703428
7	1	37380	1544455988174704537
8	4	37385	1544455988174755924
9	4	37385	1544455988174764032
11	4	37385	1544455988174764792
12	4	37385	1544455988174765131
16	4	37385	1544455988174766383
1	7	37388	1544455989075169625
50	7	37388	1544455989075188890
51	7	37388	1544455989075221828
5	7	37388	1544455989075229437
6	0	37375	1544455989075296169
7	0	37375	1544455989075300332
6	1	37377	1544455989075318153
6	5	37378	1544455989075321608
7	5	37378	1544455989075324026
6	3	37376	1544455989075325567
7	3	37376	1544455989075328067
6	3	37374	1544455989075335931
7	3	37374	1544455989075336870
6	6	37379	1544455989075338104
7	6	37379	1544455989075340929
7	1	37377	1544455989075342255
6	1	37380	1544455989075350530
7	1	37380	1544455989075351982
6	6	37381	1544455989075358098
7	6	37381	1544455989075359969
8	7	37388	1544455989075393381
9	7	37388	1544455989075407378
11	7	37388	1544455989075408528
12	7	37388	1544455989075409397
16	7	37388	1544455989075411964
1	4	37384	1544455989788191891
50	4	37384	1544455989788201134
51	4	37384	1544455989788210241
5	4	37384	1544455989788213366
6	3	37374	1544455989788252480
6	3	37376	1544455989788270599
7	3	37376	1544455989788272051
7	3	37374	1544455989788277112
6	0	37375	1544455989788278158
7	0	37375	1544455989788280832
6	1	37377	1544455989788294775
7	1	37377	1544455989788297321
6	5	37378	1544455989788303034
7	5	37378	1544455989788305813
6	6	37379	1544455989788324806
7	6	37379	1544455989788327149
6	4	37380	1544455989788332261
6	6	37381	1544455989788333795
7	4	37380	1544455989788334143
7	6	37381	1544455989788334901
8	4	37384	1544455989788396560
9	4	37384	1544455989788403470
11	4	37384	1544455989788404335
12	4	37384	1544455989788404821
16	4	37384	1544455989788406086
