1	2	36860	1544455838534247802
50	2	36860	1544455838534267659
51	2	36860	1544455838534297472
5	2	36860	1544455838534303445
6	7	36851	1544455838534334856
7	7	36851	1544455838534337329
6	1	36853	1544455838534361995
6	0	36852	1544455838534365018
7	1	36853	1544455838534366018
7	0	36852	1544455838534367786
6	6	36855	1544455838534389525
6	4	36854	1544455838534402465
7	4	36854	1544455838534405720
6	2	36856	1544455838534411131
7	2	36856	1544455838534412612
7	6	36855	1544455838534414478
6	3	36857	1544455838534416248
7	3	36857	1544455838534418443
6	6	36858	1544455838534420679
7	6	36858	1544455838534422086
8	2	36860	1544455838534453142
9	2	36860	1544455838534479139
11	2	36860	1544455838534482328
12	2	36860	1544455838534482788
16	2	36860	1544455838534484131
1	1	36863	1544455839626130265
50	1	36863	1544455839626138299
51	1	36863	1544455839626145830
5	1	36863	1544455839626148226
6	0	36852	1544455839626230187
6	4	36854	1544455839626231820
7	0	36852	1544455839626233616
7	4	36854	1544455839626235127
6	7	36851	1544455839626242966
7	7	36851	1544455839626245545
6	1	36853	1544455839626247018
7	1	36853	1544455839626248343
6	6	36855	1544455839626253687
7	6	36855	1544455839626255516
6	7	36857	1544455839626260619
6	6	36858	1544455839626261368
7	7	36857	1544455839626261791
7	6	36858	1544455839626262290
6	2	36856	1544455839626270299
7	2	36856	1544455839626272363
8	1	36863	1544455839626309969
9	1	36863	1544455839626317685
11	1	36863	1544455839626318451
12	1	36863	1544455839626318798
16	1	36863	1544455839626320249
1	5	36866	1544455840213900487
50	5	36866	1544455840213907693
51	5	36866	1544455840213914001
5	5	36866	1544455840213916980
6	7	36851	1544455840213945010
7	7	36851	1544455840213947284
6	1	36853	1544455840213968920
7	1	36853	1544455840213971265
6	6	36855	1544455840213997201
6	7	36857	1544455840214009229
6	4	36854	1544455840214010064
7	7	36857	1544455840214011240
7	6	36855	1544455840214023712
6	0	36852	1544455840214026062
7	4	36854	1544455840214027382
7	0	36852	1544455840214028654
6	6	36858	1544455840214029013
7	6	36858	1544455840214029860
6	2	36856	1544455840214033543
7	2	36856	1544455840214035560
8	5	36866	1544455840214061074
9	5	36866	1544455840214066896
11	5	36866	1544455840214068412
12	5	36866	1544455840214068755
16	5	36866	1544455840214069898
1	2	36860	1544455840728382625
50	2	36860	1544455840728391761
51	2	36860	1544455840728399825
5	2	36860	1544455840728402605
6	7	36851	1544455840728516690
6	0	36852	1544455840728518270
7	0	36852	1544455840728520634
7	7	36851	1544455840728520715
6	4	36854	1544455840728537124
7	4	36854	1544455840728539690
6	2	36856	1544455840728543891
7	2	36856	1544455840728545576
6	7	36857	1544455840728551204
7	7	36857	1544455840728553403
6	6	36855	1544455840728561334
7	6	36855	1544455840728563485
6	6	36858	1544455840728571146
7	6	36858	1544455840728572274
6	6	36853	1544455840728582762
7	6	36853	1544455840728584056
8	2	36860	1544455840728615106
9	2	36860	1544455840728625079
11	2	36860	1544455840728626174
12	2	36860	1544455840728626738
16	2	36860	1544455840728630072
1	1	36863	1544455841181079574
50	1	36863	1544455841181087158
51	1	36863	1544455841181094347
5	1	36863	1544455841181096588
6	7	36851	1544455841181135538
6	6	36853	1544455841181136795
6	0	36852	1544455841181144482
6	4	36854	1544455841181150289
7	6	36853	1544455841181150916
7	4	36854	1544455841181152451
6	6	36855	1544455841181158034
7	6	36855	1544455841181158798
7	0	36852	1544455841181164589
6	7	36857	1544455841181177120
6	2	36856	1544455841181177932
7	7	36857	1544455841181179046
6	6	36858	1544455841181179555
7	2	36856	1544455841181180448
7	6	36858	1544455841181181215
7	7	36851	1544455841181183684
8	1	36863	1544455841181208678
9	1	36863	1544455841181215204
11	1	36863	1544455841181215924
12	1	36863	1544455841181216314
16	1	36863	1544455841181217522
1	1	36859	1544455841640354286
50	1	36859	1544455841640365924
51	1	36859	1544455841640374435
5	1	36859	1544455841640377399
6	0	36852	1544455841640459126
6	7	36851	1544455841640460941
7	0	36852	1544455841640461990
7	7	36851	1544455841640463276
6	6	36853	1544455841640470322
7	6	36853	1544455841640472743
6	7	36855	1544455841640474303
7	7	36855	1544455841640475147
6	4	36854	1544455841640479069
7	4	36854	1544455841640481228
6	2	36856	1544455841640501091
6	7	36857	1544455841640503354
7	2	36856	1544455841640504321
7	7	36857	1544455841640505286
6	6	36858	1544455841640515908
7	6	36858	1544455841640517799
8	1	36859	1544455841640583635
9	1	36859	1544455841640589982
11	1	36859	1544455841640590714
12	1	36859	1544455841640591057
16	1	36859	1544455841640592245
1	1	36865	1544455842127967908
50	1	36865	1544455842127976403
51	1	36865	1544455842127983732
5	1	36865	1544455842127986061
6	7	36851	1544455842128038465
7	7	36851	1544455842128041237
6	0	36852	1544455842128041839
7	0	36852	1544455842128043883
6	6	36853	1544455842128061756
7	6	36853	1544455842128064051
6	4	36854	1544455842128071580
7	4	36854	1544455842128074065
6	7	36855	1544455842128078652
7	7	36855	1544455842128080717
6	2	36856	1544455842128091529
7	2	36856	1544455842128093730
6	7	36857	1544455842128100850
7	7	36857	1544455842128101904
6	6	36858	1544455842128116059
7	6	36858	1544455842128118047
8	1	36865	1544455842128142947
9	1	36865	1544455842128149923
11	1	36865	1544455842128150837
12	1	36865	1544455842128151177
16	1	36865	1544455842128152300
1	0	36866	1544455842573924460
50	0	36866	1544455842573932091
51	0	36866	1544455842573938598
5	0	36866	1544455842573941000
6	7	36851	1544455842573977842
7	7	36851	1544455842573980094
6	6	36853	1544455842573993750
7	6	36853	1544455842573996400
6	4	36854	1544455842573998152
7	4	36854	1544455842574000281
6	7	36855	1544455842574010189
7	7	36855	1544455842574012249
6	2	36856	1544455842574040559
6	7	36857	1544455842574040989
7	2	36856	1544455842574042332
7	7	36857	1544455842574042424
6	0	36852	1544455842574048528
7	0	36852	1544455842574051267
6	6	36858	1544455842574062785
7	6	36858	1544455842574064987
8	0	36866	1544455842574112439
9	0	36866	1544455842574119939
11	0	36866	1544455842574120782
12	0	36866	1544455842574121207
16	0	36866	1544455842574122649
1	2	36861	1544455843006585941
50	2	36861	1544455843006593788
51	2	36861	1544455843006600339
5	2	36861	1544455843006602591
6	7	36851	1544455843006631013
7	7	36851	1544455843006633185
6	6	36853	1544455843006653101
7	6	36853	1544455843006655138
6	2	36856	1544455843006672548
7	2	36856	1544455843006673590
6	7	36855	1544455843006674848
6	4	36854	1544455843006675946
7	7	36855	1544455843006676541
7	4	36854	1544455843006677610
6	0	36852	1544455843006686387
7	0	36852	1544455843006688376
6	7	36857	1544455843006700169
7	7	36857	1544455843006703765
6	6	36858	1544455843006708771
7	6	36858	1544455843006710418
8	2	36861	1544455843006740318
9	2	36861	1544455843006746800
11	2	36861	1544455843006747516
12	2	36861	1544455843006747869
16	2	36861	1544455843006749167
1	1	36864	1544455848032249363
50	1	36864	1544455848032257277
51	1	36864	1544455848032264227
5	1	36864	1544455848032267138
6	7	36851	1544455848032305115
7	7	36851	1544455848032308322
6	4	36854	1544455848032354219
7	4	36854	1544455848032356878
6	0	36852	1544455848032366485
6	6	36853	1544455848032367522
7	6	36853	1544455848032370001
7	0	36852	1544455848032370815
6	4	36855	1544455848032378014
7	4	36855	1544455848032379245
6	2	36856	1544455848032399974
7	2	36856	1544455848032402414
6	1	36857	1544455848032406011
7	1	36857	1544455848032407629
6	6	36858	1544455848032415410
7	6	36858	1544455848032417792
8	1	36864	1544455848032453873
9	1	36864	1544455848032461322
11	1	36864	1544455848032462082
12	1	36864	1544455848032462497
16	1	36864	1544455848032463863
1	1	36863	1544455848562842221
50	1	36863	1544455848562850155
51	1	36863	1544455848562857066
5	1	36863	1544455848562859361
6	0	36852	1544455848562911067
7	0	36852	1544455848562913744
6	6	36853	1544455848562922256
7	6	36853	1544455848562924263
6	4	36855	1544455848562937617
6	2	36856	1544455848562951501
7	4	36855	1544455848562952098
6	6	36857	1544455848562953619
7	2	36856	1544455848562954446
6	7	36851	1544455848562955552
6	6	36858	1544455848562958213
6	4	36854	1544455848562958860
7	6	36858	1544455848562959486
7	4	36854	1544455848562960442
7	7	36851	1544455848562973508
7	6	36857	1544455848562978402
8	1	36863	1544455848563005334
9	1	36863	1544455848563010661
11	1	36863	1544455848563011473
12	1	36863	1544455848563011814
16	1	36863	1544455848563012942
1	1	36865	1544455848955531101
50	1	36865	1544455848955542808
51	1	36865	1544455848955548974
5	1	36865	1544455848955551513
6	7	36851	1544455848955616899
7	7	36851	1544455848955619367
6	6	36853	1544455848955632836
7	6	36853	1544455848955635549
6	2	36856	1544455848955663099
6	0	36852	1544455848955664808
6	6	36857	1544455848955665894
7	2	36856	1544455848955666381
7	6	36857	1544455848955668187
6	4	36854	1544455848955668956
7	4	36854	1544455848955671104
6	6	36858	1544455848955673104
7	6	36858	1544455848955673998
7	0	36852	1544455848955683602
6	4	36855	1544455848955694047
7	4	36855	1544455848955696626
8	1	36865	1544455848955723942
9	1	36865	1544455848955731011
11	1	36865	1544455848955731671
12	1	36865	1544455848955732004
16	1	36865	1544455848955740468
1	1	36864	1544455849298381585
50	1	36864	1544455849298388706
51	1	36864	1544455849298395517
5	1	36864	1544455849298398255
6	0	36852	1544455849298439947
7	0	36852	1544455849298442341
6	6	36853	1544455849298459583
7	6	36853	1544455849298462121
6	4	36855	1544455849298468064
7	4	36855	1544455849298470084
6	4	36854	1544455849298475431
7	4	36854	1544455849298476205
6	7	36851	1544455849298477404
7	7	36851	1544455849298479739
6	2	36856	1544455849298490492
6	6	36857	1544455849298491914
7	2	36856	1544455849298492625
7	6	36857	1544455849298493635
6	6	36858	1544455849298497977
7	6	36858	1544455849298498822
8	1	36864	1544455849298525276
9	1	36864	1544455849298531553
11	1	36864	1544455849298532281
12	1	36864	1544455849298532634
16	1	36864	1544455849298533753
1	2	36862	1544455849671342166
50	2	36862	1544455849671349770
51	2	36862	1544455849671356583
5	2	36862	1544455849671358864
6	0	36852	1544455849671419820
6	6	36853	1544455849671421953
7	0	36852	1544455849671422797
7	6	36853	1544455849671423941
6	2	36856	1544455849671424330
7	2	36856	1544455849671425349
6	4	36855	1544455849671436585
7	4	36855	1544455849671439029
6	7	36851	1544455849671441941
7	7	36851	1544455849671443951
6	4	36854	1544455849671446394
7	4	36854	1544455849671447250
6	6	36857	1544455849671457494
7	6	36857	1544455849671459575
6	6	36858	1544455849671464429
7	6	36858	1544455849671465665
8	2	36862	1544455849671505001
9	2	36862	1544455849671510505
11	2	36862	1544455849671511199
12	2	36862	1544455849671511549
16	2	36862	1544455849671513037
1	1	36865	1544455850024612263
50	1	36865	1544455850024620191
51	1	36865	1544455850024666607
5	1	36865	1544455850024670263
6	0	36852	1544455850024708433
7	0	36852	1544455850024711057
6	7	36851	1544455850024712369
7	7	36851	1544455850024714730
6	6	36853	1544455850024741041
7	6	36853	1544455850024743423
6	4	36855	1544455850024750835
7	4	36855	1544455850024753126
6	2	36856	1544455850024755289
7	2	36856	1544455850024757767
6	4	36854	1544455850024758375
7	4	36854	1544455850024759315
6	6	36857	1544455850024767645
7	6	36857	1544455850024769086
6	6	36858	1544455850024773148
7	6	36858	1544455850024774363
8	1	36865	1544455850024804221
9	1	36865	1544455850024810896
11	1	36865	1544455850024811616
12	1	36865	1544455850024811966
16	1	36865	1544455850024813118
