1	7	3025	1566837850769792705
100	7	3025	1566837850769902830
1	7	3025	1566837850769908308
100	7	3025	1566837850769952614
1	7	3025	1566837850769957993
100	7	3025	1566837850770056656
1	7	3025	1566837850770061838
100	7	3025	1566837850770105963
1	7	3025	1566837850770111342
100	7	3025	1566837850770209988
1	7	3025	1566837850770215141
100	7	3025	1566837850770259096
1	7	3025	1566837850770263928
100	7	3025	1566837850770362316
1	7	3025	1566837850770367387
100	7	3025	1566837850770411154
1	7	3025	1566837850770416091
100	7	3025	1566837850770513827
1	7	3025	1566837850770518803
100	7	3025	1566837850770562428
1	7	3025	1566837850770567222
100	7	3025	1566837850770665723
1	7	3025	1566837850770670523
100	7	3025	1566837850770714240
1	7	3025	1566837850770719238
100	7	3025	1566837850770816988
1	7	3025	1566837850770822054
100	7	3025	1566837850770865881
1	7	3025	1566837850770870869
100	7	3025	1566837850771031731
1	7	3025	1566837850771036915
100	7	3025	1566837850771083881
1	7	3025	1566837850771088945
100	7	3025	1566837850771246517
1	7	3025	1566837850771252189
100	7	3025	1566837850771301560
1	7	3025	1566837850771306755
100	7	3025	1566837850771418984
1	7	3025	1566837850771424188
100	7	3025	1566837850771468887
1	7	3025	1566837850771473712
100	7	3025	1566837850771572903
1	7	3025	1566837850771578345
100	7	3025	1566837850771622686
1	7	3025	1566837850771627615
100	7	3025	1566837850771726140
1	7	3025	1566837850771730962
100	7	3025	1566837850771775614
1	7	3025	1566837850771780274
100	7	3025	1566837850771879623
1	7	3025	1566837850771884793
100	7	3025	1566837850771929468
1	7	3025	1566837850771934448
100	7	3025	1566837850772042755
1	7	3025	1566837850772047864
100	7	3025	1566837850772093580
1	7	3025	1566837850772098531
100	7	3025	1566837850772196972
1	7	3025	1566837850772201913
100	7	3025	1566837850772246276
1	7	3025	1566837850772251222
100	7	3025	1566837850772330596
1	7	3025	1566837850772336412
100	7	3025	1566837850772376984
1	7	3025	1566837850772381879
100	7	3025	1566837850772480839
1	7	3025	1566837850772485870
100	7	3025	1566837850772530881
1	7	3025	1566837850772597040
100	7	3025	1566837850772714421
1	7	3025	1566837850772719480
100	7	3025	1566837850772764503
1	7	3025	1566837850772769088
100	7	3025	1566837850772867028
1	7	3025	1566837850772872123
100	7	3025	1566837850772916729
1	7	3025	1566837850772921414
100	7	3025	1566837850773019136
1	7	3025	1566837850773024047
100	7	3025	1566837850773067672
1	7	3025	1566837850773072330
100	7	3025	1566837850773169316
1	7	3025	1566837850773174430
100	7	3025	1566837850773218255
1	7	3025	1566837850773223018
100	7	3025	1566837850773320625
1	7	3025	1566837850773325682
100	7	3025	1566837850773369472
1	7	3025	1566837850773374462
100	7	3025	1566837850773471352
1	7	3025	1566837850773476434
100	7	3025	1566837850773520420
1	7	3025	1566837850773525408
100	7	3025	1566837850773622532
1	7	3025	1566837850773627741
100	7	3025	1566837850773671209
1	7	3025	1566837850773675895
100	7	3025	1566837850773773673
1	7	3025	1566837850773840769
100	7	3025	1566837850773889406
1	7	3025	1566837850773894205
100	7	3025	1566837850774006285
1	7	3025	1566837850774011469
100	7	3025	1566837850774056094
1	7	3025	1566837850774060606
100	7	3025	1566837850774236530
1	7	3025	1566837850774241784
100	7	3025	1566837850774286551
1	7	3025	1566837850774291530
100	7	3025	1566837850774390581
1	7	3025	1566837850774395821
100	7	3025	1566837850774440062
1	7	3025	1566837850774444671
100	7	3025	1566837850774544546
1	7	3025	1566837850774549508
100	7	3025	1566837850774593508
1	7	3025	1566837850774598437
100	7	3025	1566837850774697740
1	7	3025	1566837850774702680
100	7	3025	1566837850774747073
1	7	3025	1566837850774751722
100	7	3025	1566837850774850136
1	7	3025	1566837850774855093
100	7	3025	1566837850774899632
1	7	3025	1566837850774904440
100	7	3025	1566837850775002348
1	7	3025	1566837850775007589
100	7	3025	1566837850775051752
1	7	3025	1566837850775056643
100	7	3025	1566837850775203411
1	7	3025	1566837850775209430
100	7	3025	1566837850775262776
1	7	3025	1566837850775268026
100	7	3025	1566837850775373155
1	7	3025	1566837850775378393
100	7	3025	1566837850775422114
1	7	3025	1566837850775427000
100	7	3025	1566837850775537325
1	7	3025	1566837850775542125
100	7	3025	1566837850775586913
1	7	3025	1566837850775591570
100	7	3025	1566837850775753777
1	7	3025	1566837850775759254
100	7	3025	1566837850775805532
1	7	3025	1566837850775810681
100	7	3025	1566837850775911235
1	7	3025	1566837850775916111
100	7	3025	1566837850775961023
1	7	3025	1566837850775965777
100	7	3025	1566837850776064560
1	7	3025	1566837850776069705
100	7	3025	1566837850776114126
1	7	3025	1566837850776119014
100	7	3025	1566837850776217555
1	7	3025	1566837850776222519
100	7	3025	1566837850776266900
1	7	3025	1566837850776271813
100	7	3025	1566837850776370840
1	7	3025	1566837850776375979
100	7	3025	1566837850776420866
1	7	3025	1566837850776425673
100	7	3025	1566837850776524084
1	7	3025	1566837850776528809
100	7	3025	1566837850776573421
1	7	3025	1566837850776578377
100	7	3025	1566837850776677178
1	7	3025	1566837850776681945
100	7	3025	1566837850776726494
1	7	3025	1566837850776731337
100	7	3025	1566837850776830257
1	7	3025	1566837850776835160
100	7	3025	1566837850776879352
1	7	3025	1566837850776884124
100	7	3025	1566837850776982702
1	7	3025	1566837850776987574
100	7	3025	1566837850777032173
1	7	3025	1566837850777097360
100	7	3025	1566837850777214210
1	7	3025	1566837850777219468
100	7	3025	1566837850777264233
1	7	3025	1566837850777268861
100	7	3025	1566837850777367617
1	7	3025	1566837850777372784
100	7	3025	1566837850777416749
1	7	3025	1566837850777421527
100	7	3025	1566837850777519425
1	7	3025	1566837850777524514
100	7	3025	1566837850777567288
1	7	3025	1566837850777571996
100	7	3025	1566837850777670420
1	7	3025	1566837850777676648
100	7	3025	1566837850777721336
1	7	3025	1566837850777726016
100	7	3025	1566837850777825041
1	7	3025	1566837850777830003
100	7	3025	1566837850777873944
1	7	3025	1566837850777878778
100	7	3025	1566837850777977023
1	7	3025	1566837850777982124
100	7	3025	1566837850778027273
9101	7	3025	1566837850778029473
1	7	3025	1566837856577997888
100	7	3025	1566837856655655990
1	7	3025	1566837856655662763
100	7	3025	1566837856655713448
1	7	3025	1566837856655718318
100	7	3025	1566837856655810620
1	7	3025	1566837856655815847
100	7	3025	1566837856655858555
1	7	3025	1566837856655862933
100	7	3025	1566837856655943761
1	7	3025	1566837856655948400
100	7	3025	1566837856655989650
1	7	3025	1566837856655993886
100	7	3025	1566837856656072759
1	7	3025	1566837856656077614
100	7	3025	1566837856656118215
1	7	3025	1566837856656122400
100	7	3025	1566837856656200182
1	7	3025	1566837856656205010
100	7	3025	1566837856656245510
1	7	3025	1566837856656249780
100	7	3025	1566837856656326619
1	7	3025	1566837856656331333
100	7	3025	1566837856656371515
1	7	3025	1566837856656375850
100	7	3025	1566837856656527556
1	7	3025	1566837856656532498
100	7	3025	1566837856656572905
1	7	3025	1566837856656577295
100	7	3025	1566837856656653544
1	7	3025	1566837856656658257
100	7	3025	1566837856656697473
1	7	3025	1566837856656701888
100	7	3025	1566837856656778544
1	7	3025	1566837856656783298
100	7	3025	1566837856656822730
1	7	3025	1566837856656826868
100	7	3025	1566837856656903389
1	7	3025	1566837856656908210
100	7	3025	1566837856656947621
1	7	3025	1566837856656951872
100	7	3025	1566837856657027782
1	7	3025	1566837856657032455
100	7	3025	1566837856657071721
1	7	3025	1566837856657075846
100	7	3025	1566837856657151024
1	7	3025	1566837856657155696
100	7	3025	1566837856657194104
1	7	3025	1566837856657198324
100	7	3025	1566837856657273406
1	7	3025	1566837856657278012
100	7	3025	1566837856657317187
1	7	3025	1566837856657321595
100	7	3025	1566837856657395886
1	7	3025	1566837856657400612
100	7	3025	1566837856657438817
1	7	3025	1566837856657443083
100	7	3025	1566837856657517999
1	7	3025	1566837856657522683
100	7	3025	1566837856657562536
1	7	3025	1566837856657566850
100	7	3025	1566837856657641452
1	7	3025	1566837856657646041
100	7	3025	1566837856657685519
1	7	3025	1566837856657689796
100	7	3025	1566837856657764935
1	7	3025	1566837856657769631
100	7	3025	1566837856657809560
1	7	3025	1566837856657813873
100	7	3025	1566837856657889723
1	7	3025	1566837856657894410
100	7	3025	1566837856657933521
1	7	3025	1566837856657937844
100	7	3025	1566837856658013592
1	7	3025	1566837856658018226
100	7	3025	1566837856658057479
1	7	3025	1566837856658061767
100	7	3025	1566837856658136152
1	7	3025	1566837856658140880
100	7	3025	1566837856658179170
1	7	3025	1566837856658183384
100	7	3025	1566837856658258336
1	7	3025	1566837856658263074
100	7	3025	1566837856658301576
1	7	3025	1566837856658305746
100	7	3025	1566837856658380467
1	7	3025	1566837856658385274
100	7	3025	1566837856658423883
1	7	3025	1566837856658428121
100	7	3025	1566837856658503359
1	7	3025	1566837856658508107
100	7	3025	1566837856658547008
1	7	3025	1566837856658551203
100	7	3025	1566837856658626146
1	7	3025	1566837856658630807
100	7	3025	1566837856658669830
1	7	3025	1566837856658674084
100	7	3025	1566837856658749370
1	7	3025	1566837856658754197
100	7	3025	1566837856658792834
1	7	3025	1566837856658797106
100	7	3025	1566837856658870797
1	7	3025	1566837856658875347
100	7	3025	1566837856658913443
1	7	3025	1566837856658917526
100	7	3025	1566837856658992071
1	7	3025	1566837856658996608
100	7	3025	1566837856659036305
1	7	3025	1566837856659040541
100	7	3025	1566837856659115442
1	7	3025	1566837856659120130
100	7	3025	1566837856659211088
1	7	3025	1566837856659216880
100	7	3025	1566837856659308791
1	7	3025	1566837856659313709
100	7	3025	1566837856659353296
1	7	3025	1566837856659357637
100	7	3025	1566837856659434258
1	7	3025	1566837856659441112
100	7	3025	1566837856659481654
1	7	3025	1566837856659485829
100	7	3025	1566837856659563099
1	7	3025	1566837856659567777
100	7	3025	1566837856659607223
1	7	3025	1566837856659611469
100	7	3025	1566837856659686432
1	7	3025	1566837856659691061
100	7	3025	1566837856659729978
1	7	3025	1566837856659734123
100	7	3025	1566837856659809647
1	7	3025	1566837856659814385
100	7	3025	1566837856659853843
1	7	3025	1566837856659858019
100	7	3025	1566837856659932856
1	7	3025	1566837856659937551
100	7	3025	1566837856659976371
1	7	3025	1566837856659980871
100	7	3025	1566837856660056301
1	7	3025	1566837856660061038
100	7	3025	1566837856660099688
1	7	3025	1566837856660103876
100	7	3025	1566837856660178743
1	7	3025	1566837856660183476
100	7	3025	1566837856660222871
1	7	3025	1566837856660226863
100	7	3025	1566837856660302883
1	7	3025	1566837856660307720
100	7	3025	1566837856660346702
1	7	3025	1566837856660351014
100	7	3025	1566837856660425672
1	7	3025	1566837856660430558
100	7	3025	1566837856660468935
1	7	3025	1566837856660473212
100	7	3025	1566837856660619074
1	7	3025	1566837856660624074
100	7	3025	1566837856660664034
1	7	3025	1566837856660668324
100	7	3025	1566837856660744207
1	7	3025	1566837856660748811
100	7	3025	1566837856660787435
1	7	3025	1566837856660791786
100	7	3025	1566837856660866573
1	7	3025	1566837856660871214
100	7	3025	1566837856660910319
1	7	3025	1566837856660914589
100	7	3025	1566837856660989235
1	7	3025	1566837856660993889
100	7	3025	1566837856661032114
1	7	3025	1566837856661036214
100	7	3025	1566837856661112005
1	7	3025	1566837856661116910
100	7	3025	1566837856661155493
1	7	3025	1566837856661159755
100	7	3025	1566837856661234635
1	7	3025	1566837856661239401
100	7	3025	1566837856661277676
1	7	3025	1566837856661281937
100	7	3025	1566837856661357725
1	7	3025	1566837856661362500
100	7	3025	1566837856661401859
1	7	3025	1566837856661406321
100	7	3025	1566837856661481765
1	7	3025	1566837856661486615
100	7	3025	1566837856661525942
1	7	3025	1566837856661530192
100	7	3025	1566837856661605318
1	7	3025	1566837856661609891
100	7	3025	1566837856661649160
1	7	3025	1566837856661653530
100	7	3025	1566837856661728607
1	7	3025	1566837856661733412
100	7	3025	1566837856661771891
1	7	3025	1566837856661776155
100	7	3025	1566837856661851721
1	7	3025	1566837856661856578
100	7	3025	1566837856661895451
1	7	3025	1566837856661899645
100	7	3025	1566837856661974043
1	7	3025	1566837856661978726
100	7	3025	1566837856662017262
9101	7	3025	1566837856662019463
1	7	3025	1566837862461933583
100	7	3025	1566837862462064980
1	7	3025	1566837862462070481
100	7	3025	1566837862462110830
1	7	3025	1566837862462115244
100	7	3025	1566837862462201589
1	7	3025	1566837862462206621
100	7	3025	1566837862462247912
1	7	3025	1566837862462252147
100	7	3025	1566837862462330098
1	7	3025	1566837862462334708
100	7	3025	1566837862462374497
1	7	3025	1566837862462378833
100	7	3025	1566837862462454862
1	7	3025	1566837862462459516
100	7	3025	1566837862462498870
1	7	3025	1566837862462503379
100	7	3025	1566837862462579088
1	7	3025	1566837862462583812
100	7	3025	1566837862462623580
1	7	3025	1566837862462627781
100	7	3025	1566837862462704388
1	7	3025	1566837862462709115
100	7	3025	1566837862462748145
1	7	3025	1566837862462752341
100	7	3025	1566837862462828471
1	7	3025	1566837862462833164
100	7	3025	1566837862462871910
1	7	3025	1566837862462876243
100	7	3025	1566837862462951248
1	7	3025	1566837862462955914
100	7	3025	1566837862462994451
1	7	3025	1566837862462998931
100	7	3025	1566837862463073471
1	7	3025	1566837862463077935
100	7	3025	1566837862463116454
1	7	3025	1566837862463120506
100	7	3025	1566837862463254572
1	7	3025	1566837862463260037
100	7	3025	1566837862463306334
1	7	3025	1566837862463310855
100	7	3025	1566837862463388866
1	7	3025	1566837862463393683
100	7	3025	1566837862463433059
1	7	3025	1566837862463437328
100	7	3025	1566837862463513511
1	7	3025	1566837862463519137
100	7	3025	1566837862463558991
1	7	3025	1566837862463563171
100	7	3025	1566837862463639665
1	7	3025	1566837862463644486
100	7	3025	1566837862463683937
1	7	3025	1566837862463688287
100	7	3025	1566837862463763581
1	7	3025	1566837862463768311
100	7	3025	1566837862463806657
1	7	3025	1566837862463810987
100	7	3025	1566837862463886885
1	7	3025	1566837862463891436
100	7	3025	1566837862463930207
1	7	3025	1566837862463934327
100	7	3025	1566837862464008622
1	7	3025	1566837862464013213
100	7	3025	1566837862464051214
1	7	3025	1566837862464055539
100	7	3025	1566837862464130144
1	7	3025	1566837862464134824
100	7	3025	1566837862464173893
1	7	3025	1566837862464178197
100	7	3025	1566837862464252759
1	7	3025	1566837862464257330
100	7	3025	1566837862464295845
1	7	3025	1566837862464300287
100	7	3025	1566837862464375893
1	7	3025	1566837862464380525
100	7	3025	1566837862464419100
1	7	3025	1566837862464423284
100	7	3025	1566837862464497680
1	7	3025	1566837862464502282
100	7	3025	1566837862464540442
1	7	3025	1566837862464607219
100	7	3025	1566837862464691582
1	7	3025	1566837862464696506
100	7	3025	1566837862464736524
1	7	3025	1566837862464740815
100	7	3025	1566837862464815710
1	7	3025	1566837862464820470
100	7	3025	1566837862464859333
1	7	3025	1566837862464863927
100	7	3025	1566837862464939224
1	7	3025	1566837862464943994
100	7	3025	1566837862464982582
1	7	3025	1566837862464986933
100	7	3025	1566837862465061664
1	7	3025	1566837862465066372
100	7	3025	1566837862465104981
1	7	3025	1566837862465109243
100	7	3025	1566837862465184290
1	7	3025	1566837862465189022
100	7	3025	1566837862465227863
1	7	3025	1566837862465232038
100	7	3025	1566837862465305999
1	7	3025	1566837862465310576
100	7	3025	1566837862465348584
1	7	3025	1566837862465352892
100	7	3025	1566837862465427664
1	7	3025	1566837862465432271
100	7	3025	1566837862465470358
1	7	3025	1566837862465474576
100	7	3025	1566837862465548437
1	7	3025	1566837862465553368
100	7	3025	1566837862465591705
1	7	3025	1566837862465596190
100	7	3025	1566837862465672495
1	7	3025	1566837862465677108
100	7	3025	1566837862465715550
1	7	3025	1566837862465720019
100	7	3025	1566837862465794037
1	7	3025	1566837862465798732
100	7	3025	1566837862465837187
1	7	3025	1566837862465841341
100	7	3025	1566837862465915636
1	7	3025	1566837862465920348
100	7	3025	1566837862465958817
1	7	3025	1566837862465963144
100	7	3025	1566837862466037483
1	7	3025	1566837862466041977
100	7	3025	1566837862466080476
1	7	3025	1566837862466084810
100	7	3025	1566837862466159685
1	7	3025	1566837862466164172
100	7	3025	1566837862466202923
1	7	3025	1566837862466207006
100	7	3025	1566837862466281310
1	7	3025	1566837862466286060
100	7	3025	1566837862466324535
1	7	3025	1566837862466328934
100	7	3025	1566837862466404363
1	7	3025	1566837862466408968
100	7	3025	1566837862466447405
1	7	3025	1566837862466451930
100	7	3025	1566837862466526730
1	7	3025	1566837862466531625
100	7	3025	1566837862466570238
1	7	3025	1566837862466574713
100	7	3025	1566837862466650429
1	7	3025	1566837862466654929
100	7	3025	1566837862466694041
1	7	3025	1566837862466698225
100	7	3025	1566837862466772387
1	7	3025	1566837862466776909
100	7	3025	1566837862466815949
1	7	3025	1566837862466820053
100	7	3025	1566837862466894902
1	7	3025	1566837862466899457
100	7	3025	1566837862466938757
1	7	3025	1566837862466943066
100	7	3025	1566837862467018194
1	7	3025	1566837862467022670
100	7	3025	1566837862467061419
1	7	3025	1566837862467066040
100	7	3025	1566837862467141453
1	7	3025	1566837862467146240
100	7	3025	1566837862467245135
1	7	3025	1566837862467250048
100	7	3025	1566837862467334187
1	7	3025	1566837862467338827
100	7	3025	1566837862467378822
1	7	3025	1566837862467383080
100	7	3025	1566837862467458826
1	7	3025	1566837862467463384
100	7	3025	1566837862467503484
1	7	3025	1566837862467507693
100	7	3025	1566837862467582203
1	7	3025	1566837862467587988
100	7	3025	1566837862467628220
1	7	3025	1566837862467632638
100	7	3025	1566837862467708505
1	7	3025	1566837862467713115
100	7	3025	1566837862467753229
1	7	3025	1566837862467757554
100	7	3025	1566837862467832875
1	7	3025	1566837862467837445
100	7	3025	1566837862467876863
1	7	3025	1566837862467881382
100	7	3025	1566837862467957076
1	7	3025	1566837862467961832
100	7	3025	1566837862468001154
1	7	3025	1566837862468005469
100	7	3025	1566837862468080407
1	7	3025	1566837862468085211
100	7	3025	1566837862468124195
1	7	3025	1566837862468128618
100	7	3025	1566837862468203815
1	7	3025	1566837862468208440
100	7	3025	1566837862468247450
1	7	3025	1566837862468251681
100	7	3025	1566837862468326401
1	7	3025	1566837862468331105
100	7	3025	1566837862468370318
9101	7	3025	1566837862468372527
1	7	3025	1566837868268461068
100	7	3025	1566837868268593825
1	7	3025	1566837868268598894
100	7	3025	1566837868268637995
1	7	3025	1566837868268642430
100	7	3025	1566837868268728196
1	7	3025	1566837868268732908
100	7	3025	1566837868268841893
1	7	3025	1566837868268846462
100	7	3025	1566837868268927782
1	7	3025	1566837868268932720
100	7	3025	1566837868268974039
1	7	3025	1566837868268978631
100	7	3025	1566837868269057411
1	7	3025	1566837868269062267
100	7	3025	1566837868269102149
1	7	3025	1566837868269106600
100	7	3025	1566837868269183947
1	7	3025	1566837868269188697
100	7	3025	1566837868269228244
1	7	3025	1566837868269232844
100	7	3025	1566837868269309489
1	7	3025	1566837868269314389
100	7	3025	1566837868269354499
1	7	3025	1566837868269358880
100	7	3025	1566837868269435047
1	7	3025	1566837868269439813
100	7	3025	1566837868269478759
1	7	3025	1566837868269482988
100	7	3025	1566837868269558421
1	7	3025	1566837868269562871
100	7	3025	1566837868269602513
1	7	3025	1566837868269606813
100	7	3025	1566837868269682104
1	7	3025	1566837868269686817
100	7	3025	1566837868269726081
1	7	3025	1566837868269730378
100	7	3025	1566837868269806365
1	7	3025	1566837868269811082
100	7	3025	1566837868269849903
1	7	3025	1566837868269854327
100	7	3025	1566837868269930639
1	7	3025	1566837868269935495
100	7	3025	1566837868269974736
1	7	3025	1566837868269979228
100	7	3025	1566837868270054157
1	7	3025	1566837868270058906
100	7	3025	1566837868270098478
1	7	3025	1566837868270102876
100	7	3025	1566837868270178502
1	7	3025	1566837868270183228
100	7	3025	1566837868270222399
1	7	3025	1566837868270226785
100	7	3025	1566837868270301329
1	7	3025	1566837868270305969
100	7	3025	1566837868270345185
1	7	3025	1566837868270349672
100	7	3025	1566837868270425539
1	7	3025	1566837868270430315
100	7	3025	1566837868270469835
1	7	3025	1566837868270474218
100	7	3025	1566837868270549088
1	7	3025	1566837868270553908
100	7	3025	1566837868270593268
1	7	3025	1566837868270597504
100	7	3025	1566837868270673078
1	7	3025	1566837868270677797
100	7	3025	1566837868270716570
1	7	3025	1566837868270720719
100	7	3025	1566837868270795737
1	7	3025	1566837868270800468
100	7	3025	1566837868270839286
1	7	3025	1566837868270843399
100	7	3025	1566837868270918444
1	7	3025	1566837868270923045
100	7	3025	1566837868270962182
1	7	3025	1566837868270966494
100	7	3025	1566837868271041669
1	7	3025	1566837868271046315
100	7	3025	1566837868271085153
1	7	3025	1566837868271089356
100	7	3025	1566837868271219510
1	7	3025	1566837868271225114
100	7	3025	1566837868271273699
1	7	3025	1566837868271278080
100	7	3025	1566837868271359926
1	7	3025	1566837868271364681
100	7	3025	1566837868271404313
1	7	3025	1566837868271408864
100	7	3025	1566837868271485271
1	7	3025	1566837868271490039
100	7	3025	1566837868271528950
1	7	3025	1566837868271533371
100	7	3025	1566837868271608246
1	7	3025	1566837868271613126
100	7	3025	1566837868271652097
1	7	3025	1566837868271656491
100	7	3025	1566837868271732242
1	7	3025	1566837868271737025
100	7	3025	1566837868271775746
1	7	3025	1566837868271780145
100	7	3025	1566837868271854978
1	7	3025	1566837868271860675
100	7	3025	1566837868271900940
1	7	3025	1566837868271905186
100	7	3025	1566837868271980532
1	7	3025	1566837868271985129
100	7	3025	1566837868272024364
1	7	3025	1566837868272028658
100	7	3025	1566837868272103214
1	7	3025	1566837868272107769
100	7	3025	1566837868272146407
1	7	3025	1566837868272150707
100	7	3025	1566837868272226487
1	7	3025	1566837868272231124
100	7	3025	1566837868272270447
1	7	3025	1566837868272274627
100	7	3025	1566837868272348901
1	7	3025	1566837868272353568
100	7	3025	1566837868272392052
1	7	3025	1566837868272396274
100	7	3025	1566837868272470969
1	7	3025	1566837868272475518
100	7	3025	1566837868272514003
1	7	3025	1566837868272518129
100	7	3025	1566837868272592160
1	7	3025	1566837868272596746
100	7	3025	1566837868272635426
1	7	3025	1566837868272639777
100	7	3025	1566837868272713051
1	7	3025	1566837868272717759
100	7	3025	1566837868272757247
1	7	3025	1566837868272761503
100	7	3025	1566837868272835735
1	7	3025	1566837868272840437
100	7	3025	1566837868272946633
1	7	3025	1566837868272950932
100	7	3025	1566837868273029474
1	7	3025	1566837868273034158
100	7	3025	1566837868273073550
1	7	3025	1566837868273077828
100	7	3025	1566837868273152359
1	7	3025	1566837868273157073
100	7	3025	1566837868273195627
1	7	3025	1566837868273199824
100	7	3025	1566837868273273991
1	7	3025	1566837868273278650
100	7	3025	1566837868273317610
1	7	3025	1566837868273321858
100	7	3025	1566837868273395714
1	7	3025	1566837868273400347
100	7	3025	1566837868273438671
1	7	3025	1566837868273442881
100	7	3025	1566837868273516963
1	7	3025	1566837868273521826
100	7	3025	1566837868273560901
1	7	3025	1566837868273565226
100	7	3025	1566837868273638563
1	7	3025	1566837868273643172
100	7	3025	1566837868273681821
1	7	3025	1566837868273686272
100	7	3025	1566837868273760707
1	7	3025	1566837868273765346
100	7	3025	1566837868273804884
1	7	3025	1566837868273809148
100	7	3025	1566837868273883415
1	7	3025	1566837868273888050
100	7	3025	1566837868273926329
1	7	3025	1566837868273930487
100	7	3025	1566837868274005050
1	7	3025	1566837868274009664
100	7	3025	1566837868274048879
1	7	3025	1566837868274053099
100	7	3025	1566837868274127770
1	7	3025	1566837868274132367
100	7	3025	1566837868274170616
1	7	3025	1566837868274174774
100	7	3025	1566837868274249550
1	7	3025	1566837868274254207
100	7	3025	1566837868274292949
1	7	3025	1566837868274297087
100	7	3025	1566837868274371744
1	7	3025	1566837868274376552
100	7	3025	1566837868274415019
1	7	3025	1566837868274419394
100	7	3025	1566837868274493829
1	7	3025	1566837868274498485
100	7	3025	1566837868274536643
1	7	3025	1566837868274541032
100	7	3025	1566837868274615747
1	7	3025	1566837868274620298
100	7	3025	1566837868274658506
1	7	3025	1566837868274662718
100	7	3025	1566837868274737934
1	7	3025	1566837868274742530
100	7	3025	1566837868274781426
1	7	3025	1566837868274785644
100	7	3025	1566837868274859300
1	7	3025	1566837868274863942
100	7	3025	1566837868274902296
9101	7	3025	1566837868274904536
