1	3	2442	1551341742122966797
100	3	2442	1551341742125337669
1	3	2442	1551341742125342357
100	3	2442	1551341742128479787
1	3	2442	1551341742133728923
100	3	2442	1551341742146350258
1	3	2442	1551341742153761257
100	3	2442	1551341742157054051
1	3	2442	1551341742173728383
100	3	2442	1551341742196505753
1	3	2442	1551341742196515232
100	3	2442	1551341742199833026
1	3	2442	1551341742213769300
100	3	2442	1551341742246472603
1	3	2442	1551341742246486405
100	3	2442	1551341742249718001
1	3	2442	1551341742253736312
100	3	2442	1551341742296074091
1	3	2442	1551341742296085341
100	3	2442	1551341742299370062
1	3	2442	1551341742299373968
100	3	2442	1551341742352222052
1	3	2442	1551341742352238042
100	3	2442	1551341742355507971
1	3	2442	1551341742355512294
100	3	2442	1551341742419010005
1	3	2442	1551341742419019015
100	3	2442	1551341742422222434
1	3	2442	1551341742422227017
