1	3	5256	1551346766444445863
100	3	5256	1551346766444739194
1	3	5256	1551346767444266202
100	3	5256	1551346767444396254
1	3	5256	1551346768444261436
100	3	5256	1551346768444338571
1	3	5256	1551346769444282451
100	3	5256	1551346769444423700
1	3	5256	1551346770444283987
100	3	5256	1551346770444404559
1	3	5256	1551346771444248127
100	3	5256	1551346771444331564
1	3	5256	1551346772444279089
100	3	5256	1551346772444401589
1	3	5256	1551346773444280625
100	3	5256	1551346773444401405
1	0	5256	1551346774444260962
100	0	5256	1551346774444372367
1	0	5256	1551346775444254164
100	0	5256	1551346775444382861
1	0	5256	1551346776444260959
100	0	5256	1551346776444384083
1	0	5256	1551346777444242754
100	0	5256	1551346777444334316
1	0	5256	1551346778444262465
100	0	5256	1551346778444389079
1	0	5256	1551346779444257176
100	0	5256	1551346779444380248
1	0	5256	1551346780444250325
100	0	5256	1551346780444343241
1	0	5256	1551346781444258786
100	0	5256	1551346781444382014
1	0	5256	1551346782444293392
100	0	5256	1551346782444428183
1	0	5256	1551346783444234614
100	0	5256	1551346783444304926
1	0	5256	1551346784444255678
100	0	5256	1551346784444377136
1	0	5256	1551346785444259138
100	0	5256	1551346785444383721
1	0	5256	1551346786444235047
100	0	5256	1551346786444301505
1	0	5256	1551346787444260954
100	0	5256	1551346787444378610
1	0	5256	1551346788444278997
100	0	5256	1551346788444404882
1	0	5256	1551346789444233707
100	0	5256	1551346789444303186
1	0	5256	1551346790444258104
100	0	5256	1551346790444380343
1	0	5256	1551346791444261563
100	0	5256	1551346791444383958
1	0	5256	1551346792444237627
100	0	5256	1551346792444306793
1	0	5256	1551346793444257804
100	0	5256	1551346793444387126
1	0	5256	1551346794444257669
100	0	5256	1551346794444376471
1	0	5256	1551346795444234774
100	0	5256	1551346795444304617
1	0	5256	1551346796444270940
100	0	5256	1551346796444392033
1	0	5256	1551346797444264659
100	0	5256	1551346797444388408
1	0	5256	1551346798444232024
100	0	5256	1551346798444297700
1	0	5256	1551346799444253763
100	0	5256	1551346799444377356
1	0	5256	1551346800444260345
100	0	5256	1551346800444380136
1	0	5256	1551346801444259220
100	0	5256	1551346801444387500
1	0	5256	1551346802444304760
100	0	5256	1551346802444531321
1	0	5256	1551346803444313426
100	0	5256	1551346803444561966
1	0	5256	1551346804444273914
100	0	5256	1551346804444424642
1	0	5256	1551346805444255549
100	0	5256	1551346805444376485
1	0	5256	1551346806444254682
100	0	5256	1551346806444377286
1	0	5256	1551346807444247410
100	0	5256	1551346807444359857
1	0	5256	1551346808444257741
100	0	5256	1551346808444389355
1	0	5256	1551346809444261927
100	0	5256	1551346809444402863
1	0	5256	1551346810444232571
100	0	5256	1551346810444299497
1	0	5256	1551346811444275610
100	0	5256	1551346811444403734
1	0	5256	1551346812444270732
100	0	5256	1551346812444397033
1	0	5256	1551346813444255646
100	0	5256	1551346813444371687
1	0	5256	1551346814444259675
100	0	5256	1551346814444389309
1	0	5256	1551346815444262453
100	0	5256	1551346815444396098
1	0	5256	1551346816444235283
100	0	5256	1551346816444304137
1	0	5256	1551346817444264728
100	0	5256	1551346817444395873
1	0	5256	1551346818444261620
100	0	5256	1551346818444398702
1	0	5256	1551346819444232054
100	0	5256	1551346819444309814
1	0	5256	1551346820444258581
100	0	5256	1551346820444383372
1	0	5256	1551346821444255109
100	0	5256	1551346821444387191
1	0	5256	1551346822444241115
100	0	5256	1551346822444321948
1	0	5256	1551346823444259204
100	0	5256	1551346823444390922
1	0	5256	1551346824444254273
100	0	5256	1551346824444389012
1	0	5256	1551346825444250696
100	0	5256	1551346825444327414
1	0	5256	1551346826444264566
100	0	5256	1551346826444390346
1	0	5256	1551346827444271977
100	0	5256	1551346827444400154
1	0	5256	1551346828444232514
100	0	5256	1551346828444313816
1	0	5256	1551346829444262061
100	0	5256	1551346829444386175
1	0	5256	1551346830444244056
100	0	5256	1551346830444378690
1	0	5256	1551346831444238602
100	0	5256	1551346831444303758
1	0	5256	1551346832444259867
100	0	5256	1551346832444392262
1	0	5256	1551346833444263841
100	0	5256	1551346833444412329
1	0	5256	1551346834444234793
100	0	5256	1551346834444304220
1	0	5256	1551346835444256579
100	0	5256	1551346835444384130
1	0	5256	1551346836444260604
100	0	5256	1551346836444392426
1	0	5256	1551346837444244629
100	0	5256	1551346837444343795
1	0	5256	1551346838444262924
100	0	5256	1551346838444395736
1	0	5256	1551346839444271324
100	0	5256	1551346839444401323
1	0	5256	1551346840444234775
100	0	5256	1551346840444308889
1	0	5256	1551346841444256976
100	0	5256	1551346841444387705
1	0	5256	1551346842444314490
100	0	5256	1551346842444549019
1	0	5256	1551346843444353774
100	0	5256	1551346843444582522
1	0	5256	1551346844444297589
100	0	5256	1551346844444503317
1	0	5256	1551346845444343748
100	0	5256	1551346845444558695
1	0	5256	1551346846444276835
100	0	5256	1551346846444399907
1	0	5256	1551346847444262368
100	0	5256	1551346847444395805
1	0	5256	1551346848444281287
100	0	5256	1551346848444409047
1	0	5256	1551346849444273279
100	0	5256	1551346849444404841
1	0	5256	1551346850444335062
100	0	5256	1551346850444554644
1	0	5256	1551346851444328199
100	0	5256	1551346851444548406
1	0	5256	1551346852444325607
100	0	5256	1551346852444536752
1	0	5256	1551346853444337234
100	0	5256	1551346853444547389
1	0	5256	1551346854444266986
100	0	5256	1551346854444387506
1	0	5256	1551346855444256112
100	0	5256	1551346855444369184
1	0	5256	1551346856444257686
100	0	5256	1551346856444378310
1	0	5256	1551346857444261448
100	0	5256	1551346857444389103
1	0	5256	1551346858444235469
100	0	5256	1551346858444311146
1	0	5256	1551346859444249387
100	0	5256	1551346859444369490
1	0	5256	1551346860444258408
100	0	5256	1551346860444381688
1	0	5256	1551346861444263783
100	0	5256	1551346861444387116
1	0	5256	1551346862444259888
100	0	5256	1551346862444384366
1	0	5256	1551346863444258596
100	0	5256	1551346863444389116
1	0	5256	1551346864444235326
100	0	5256	1551346864444302304
1	0	5256	1551346865444255700
100	0	5256	1551346865444375335
1	0	5256	1551346866444257481
100	0	5256	1551346866444381855
1	0	5256	1551346867444247231
100	0	5256	1551346867444319522
1	0	5256	1551346868444257657
100	0	5256	1551346868444383594
1	0	5256	1551346869444258813
100	0	5256	1551346869444378031
1	0	5256	1551346870444236947
100	0	5256	1551346870444303666
1	0	5256	1551346871444256644
100	0	5256	1551346871444374404
1	0	5256	1551346872444257435
100	0	5256	1551346872444379100
1	0	5256	1551346873444252444
100	0	5256	1551346873444381401
1	0	5256	1551346874444256203
100	0	5256	1551346874444385733
1	0	5256	1551346875444256055
100	0	5256	1551346875444382461
1	0	5256	1551346876444235022
100	0	5256	1551346876444306011
1	0	5256	1551346877444252843
100	0	5256	1551346877444375290
1	0	5256	1551346878444258685
100	0	5256	1551346878444383736
1	0	5256	1551346879444232287
100	0	5256	1551346879444298797
1	0	5256	1551346880444254951
100	0	5256	1551346880444376669
1	0	5256	1551346881444255688
100	0	5256	1551346881444379229
1	0	5256	1551346882444246842
100	0	5256	1551346882444320904
1	0	5256	1551346883444257579
100	0	5256	1551346883444382370
1	0	5256	1551346884444259201
100	0	5256	1551346884444380971
1	0	5256	1551346885444234104
100	0	5256	1551346885444303583
1	0	5256	1551346886444260570
100	0	5256	1551346886444382704
1	0	5256	1551346887444257192
100	0	5256	1551346887444377399
1	0	5256	1551346888444241209
100	0	5256	1551346888444330583
1	0	5256	1551346889444256007
100	0	5256	1551346889444377048
1	0	5256	1551346890444254868
100	0	5256	1551346890444381951
1	0	5256	1551346891444233573
100	0	5256	1551346891444300031
1	0	5256	1551346892444252538
100	0	5256	1551346892444369724
1	0	5256	1551346893444261554
100	0	5256	1551346893444383741
1	0	5256	1551346894444233019
100	0	5256	1551346894444299893
1	0	5256	1551346895444268962
100	0	5256	1551346895444395368
1	0	5256	1551346896444256572
100	0	5256	1551346896444377561
1	0	5256	1551346897444234443
100	0	5256	1551346897444320588
1	0	5256	1551346898444258771
100	0	5256	1551346898444381166
1	0	5256	1551346899444262214
100	0	5256	1551346899444386693
1	0	5256	1551346900444234043
100	0	5256	1551346900444305500
1	0	5256	1551346901444255246
100	0	5256	1551346901444378578
1	0	5256	1551346902444392750
100	0	5256	1551346902444629519
1	0	5256	1551346903444341140
100	0	5256	1551346903444560410
1	0	5256	1551346904444321302
100	0	5256	1551346904444532081
1	1	5256	1551346905444340785
100	1	5256	1551346905444570680
