1	2	2997	1551343367573635147
100	2	2997	1551343367574188528
1	2	2997	1551343367574191862
100	2	2997	1551343367575056126
1	2	2997	1551343367584510849
100	2	2997	1551343367585826829
1	2	2997	1551343367604509401
100	2	2997	1551343367605256687
1	2	2997	1551343367624502171
100	2	2997	1551343367626457938
1	2	2997	1551343367644503015
100	2	2997	1551343367645141135
1	2	2997	1551343367664508285
100	2	2997	1551343367667236703
1	2	2997	1551343367684509441
100	2	2997	1551343367685100739
1	2	2997	1551343367704501430
100	2	2997	1551343367708018905
1	2	2997	1551343367724507638
100	2	2997	1551343367725176279
1	2	2997	1551343367744501971
100	2	2997	1551343367748864804
1	2	2997	1551343367764509325
100	2	2997	1551343367765131821
1	2	2997	1551343367784501575
100	2	2997	1551343367789814088
1	2	2997	1551343367804505127
100	2	2997	1551343367805115122
1	2	2997	1551343367824501699
100	2	2997	1551343367830703060
1	2	2997	1551343367844505355
100	2	2997	1551343367845076810
1	2	2997	1551343367864502136
100	2	2997	1551343367871463544
1	2	2997	1551343367884511053
100	2	2997	1551343367885156777
1	2	2997	1551343367904503198
100	2	2997	1551343367912474025
1	2	2997	1551343367924510812
100	2	2997	1551343367925120548
1	2	2997	1551343367944502750
100	2	2997	1551343367944718425
1	2	2997	1551343367964504166
100	2	2997	1551343367965091558
1	2	2997	1551343367984501312
100	2	2997	1551343367985570210
1	2	2997	1551343368004501843
100	2	2997	1551343368005070797
1	2	2997	1551343368024501332
100	2	2997	1551343368026358662
1	2	2997	1551343368044501081
100	2	2997	1551343368045057952
1	2	2997	1551343368064501664
100	2	2997	1551343368067208363
1	2	2997	1551343368084504539
100	2	2997	1551343368085086827
1	2	2997	1551343368104501893
100	2	2997	1551343368108004680
1	2	2997	1551343368124505653
100	2	2997	1551343368125080597
1	2	2997	1551343368144501028
100	2	2997	1551343368148852454
1	2	2997	1551343368164505361
100	2	2997	1551343368165084315
1	2	2997	1551343368184518756
100	2	2997	1551343368189805853
1	2	2997	1551343368204533870
100	2	2997	1551343368205152876
1	2	2997	1551343368224503724
100	2	2997	1551343368230701544
1	2	2997	1551343368244507328
100	2	2997	1551343368245103261
1	2	2997	1551343368264502495
100	2	2997	1551343368271499683
1	2	2997	1551343368284510786
100	2	2997	1551343368285114583
1	2	2997	1551343368304501733
100	2	2997	1551343368312473759
1	2	2997	1551343368324511639
100	2	2997	1551343368325156010
1	2	2997	1551343368344503889
100	2	2997	1551343368344721752
1	2	2997	1551343368364503587
100	2	2997	1551343368365109259
1	2	2997	1551343368384501045
100	2	2997	1551343368385613849
1	2	2997	1551343368404498451
100	2	2997	1551343368405061676
1	2	2997	1551343368424501169
100	2	2997	1551343368426396416
1	2	2997	1551343368444502846
100	2	2997	1551343368445095810
1	2	2997	1551343368464503116
100	2	2997	1551343368467260648
1	2	2997	1551343368484505210
100	2	2997	1551343368485082341
1	2	2997	1551343368504502043
100	2	2997	1551343368508061704
1	2	2997	1551343368524504032
100	2	2997	1551343368525101632
1	2	2997	1551343368544500865
100	2	2997	1551343368548898749
1	2	2997	1551343368564507229
100	2	2997	1551343368565110037
1	2	2997	1551343368584502396
100	2	2997	1551343368589847617
1	2	2997	1551343368604508343
100	2	2997	1551343368605108547
1	2	2997	1551343368624538197
100	2	2997	1551343368630801380
1	2	2997	1551343368644510551
100	2	2997	1551343368645094244
1	2	2997	1551343368664503478
100	2	2997	1551343368671560145
1	2	2997	1551343368684509217
100	2	2997	1551343368685116400
1	2	2997	1551343368704503341
100	2	2997	1551343368712564793
1	2	2997	1551343368724512049
100	2	2997	1551343368725119910
1	2	2997	1551343368744503935
100	2	2997	1551343368744720339
1	2	2997	1551343368764503372
100	2	2997	1551343368765075659
1	2	2997	1551343368784502288
100	2	2997	1551343368785593322
1	2	2997	1551343368804502611
100	2	2997	1551343368805080211
1	2	2997	1551343368824503037
100	2	2997	1551343368826401409
1	2	2997	1551343368844504141
100	2	2997	1551343368845117314
1	2	2997	1551343368864502745
100	2	2997	1551343368867313141
1	2	2997	1551343368884532911
100	2	2997	1551343368885525612
1	2	2997	1551343368904507401
100	2	2997	1551343368908325810
1	2	2997	1551343368924506161
100	2	2997	1551343368925205739
1	2	2997	1551343368944503567
100	2	2997	1551343368949040721
1	2	2997	1551343368964499046
100	2	2997	1551343368965144978
1	2	2997	1551343368984503587
100	2	2997	1551343368989925214
1	2	2997	1551343369004516670
100	2	2997	1551343369005397705
1	2	2997	1551343369024503451
100	2	2997	1551343369031014028
1	2	2997	1551343369044504503
100	2	2997	1551343369045130331
1	2	2997	1551343369064501283
100	2	2997	1551343369071645294
1	2	2997	1551343369084513168
100	2	2997	1551343369085146185
1	2	2997	1551343369104503908
100	2	2997	1551343369112638223
1	2	2997	1551343369124511470
100	2	2997	1551343369125125267
1	2	2997	1551343369144498720
100	2	2997	1551343369144715437
1	2	2997	1551343369164531177
100	2	2997	1551343369165492420
1	2	2997	1551343369184506708
100	2	2997	1551343369185771335
1	2	2997	1551343369204504166
100	2	2997	1551343369205125151
1	2	2997	1551343369224503447
100	2	2997	1551343369226476245
1	2	2997	1551343369244502364
100	2	2997	1551343369245071839
1	2	2997	1551343369264502530
100	2	2997	1551343369267337822
1	2	2997	1551343369284503894
100	2	2997	1551343369285106911
1	2	2997	1551343369304503123
100	2	2997	1551343369308130388
1	2	2997	1551343369324504695
100	2	2997	1551343369325136149
1	2	2997	1551343369344501893
100	2	2997	1551343369348961548
1	2	2997	1551343369364504559
100	2	2997	1551343369365102628
1	2	2997	1551343369384500872
100	2	2997	1551343369389880416
1	2	2997	1551343369404501507
100	2	2997	1551343369405101815
1	2	2997	1551343369424502558
100	2	2997	1551343369430808450
1	2	2997	1551343369444501995
100	2	2997	1551343369445083606
1	2	2997	1551343369464501328
100	2	2997	1551343369471612631
1	2	2997	1551343369484510193
100	2	2997	1551343369485134251
1	2	2997	1551343369504502234
100	2	2997	1551343369512658008
1	2	2997	1551343369524525369
100	2	2997	1551343369525185260
1	2	2997	1551343369544502983
100	2	2997	1551343369544730950
1	2	2997	1551343369564501587
100	2	2997	1551343369565086479
1	2	2997	1551343369584501858
100	2	2997	1551343369585639349
1	2	2997	1551343369604501920
100	2	2997	1551343369605088895
1	2	2997	1551343369624500732
100	2	2997	1551343369626453374
1	2	2997	1551343369644502877
100	2	2997	1551343369645076623
1	2	2997	1551343369664501377
100	2	2997	1551343369667270628
1	2	2997	1551343369684501804
100	2	2997	1551343369685089091
1	2	2997	1551343369704500668
100	2	2997	1551343369708129964
1	2	2997	1551343369724506199
100	2	2997	1551343369725098538
1	2	2997	1551343369744500740
100	2	2997	1551343369749003676
1	2	2997	1551343369764508458
100	2	2997	1551343369765101110
1	2	2997	1551343369784497583
100	2	2997	1551343369789935877
1	2	2997	1551343369804506864
100	2	2997	1551343369805132589
1	2	2997	1551343369824501301
100	2	2997	1551343369830866567
1	2	2997	1551343369844505374
100	2	2997	1551343369845094692
1	2	2997	1551343369864500801
100	2	2997	1551343369871690592
1	2	2997	1551343369884509977
100	2	2997	1551343369885131535
1	2	2997	1551343369904500248
100	2	2997	1551343369912730969
1	2	2997	1551343369924510779
100	2	2997	1551343369925130201
1	2	2997	1551343369944503028
100	2	2997	1551343369944724277
1	2	2997	1551343369964501840
100	2	2997	1551343369965067305
1	2	2997	1551343369984522371
100	2	2997	1551343369985640175
1	2	2997	1551343370004506600
100	2	2997	1551343370005069356
1	2	2997	1551343370024501194
100	2	2997	1551343370026434513
1	2	2997	1551343370044501412
100	2	2997	1551343370045062554
1	2	2997	1551343370064501891
100	2	2997	1551343370067323693
1	2	2997	1551343370084501849
100	2	2997	1551343370085095021
1	2	2997	1551343370104499879
100	2	2997	1551343370108110686
1	2	2997	1551343370124508848
100	2	2997	1551343370125189520
1	2	2997	1551343370144503025
100	2	2997	1551343370149022262
1	2	2997	1551343370164504701
100	2	2997	1551343370165129540
1	2	2997	1551343370184503201
100	2	2997	1551343370189983369
1	2	2997	1551343370204506336
100	2	2997	1551343370205114092
1	2	2997	1551343370224500513
100	2	2997	1551343370230821091
1	2	2997	1551343370244502762
100	2	2997	1551343370245090310
1	2	2997	1551343370264500064
100	2	2997	1551343370271717095
1	2	2997	1551343370284509241
100	2	2997	1551343370285126944
1	2	2997	1551343370304502480
100	2	2997	1551343370312749815
1	2	2997	1551343370324509990
100	2	2997	1551343370325131079
1	2	2997	1551343370344501927
100	2	2997	1551343370344732134
1	2	2997	1551343370364504645
100	2	2997	1551343370365083964
1	2	2997	1551343370384534968
100	2	2997	1551343370386007717
1	2	2997	1551343370404506124
100	2	2997	1551343370405231223
1	2	2997	1551343370424516394
100	2	2997	1551343370426515442
1	2	2997	1551343370444501040
100	2	2997	1551343370445086973
1	2	2997	1551343370464502091
100	2	2997	1551343370467310352
1	2	2997	1551343370484502779
100	2	2997	1551343370485098399
1	2	2997	1551343370504498726
100	2	2997	1551343370508146876
1	2	2997	1551343370524505507
100	2	2997	1551343370525106284
1	2	2997	1551343370544503954
100	2	2997	1551343370549116160
1	2	2997	1551343370564509850
100	2	2997	1551343370565187553
1	2	2997	1551343370584503193
100	2	2997	1551343370590062215
1	2	2997	1551343370604509193
100	2	2997	1551343370605182157
1	2	2997	1551343370624502120
100	2	2997	1551343370630899573
1	2	2997	1551343370644505828
100	2	2997	1551343370645105771
1	2	2997	1551343370664501150
100	2	2997	1551343370671764899
1	2	2997	1551343370684509806
100	2	2997	1551343370685130270
1	2	2997	1551343370704501743
100	2	2997	1551343370712768610
1	2	2997	1551343370724509774
100	2	2997	1551343370725187477
1	2	2997	1551343370744501347
100	2	2997	1551343370744729001
1	2	2997	1551343370764503804
100	2	2997	1551343370765091456
1	2	2997	1551343370784501835
100	2	2997	1551343370785675368
1	2	2997	1551343370804502939
100	2	2997	1551343370805107206
1	2	2997	1551343370824504147
100	2	2997	1551343370826522622
1	2	2997	1551343370844503584
100	2	2997	1551343370845113319
1	2	2997	1551343370864515417
100	2	2997	1551343370867391802
1	2	2997	1551343370884503708
100	2	2997	1551343370885113496
1	2	2997	1551343370904502729
100	2	2997	1551343370908186556
1	2	2997	1551343370924505812
100	2	2997	1551343370925139870
1	2	2997	1551343370944501239
100	2	2997	1551343370949055841
1	2	2997	1551343370964505676
100	2	2997	1551343370965114005
1	2	2997	1551343370984501259
100	2	2997	1551343370989995333
1	2	2997	1551343371004505019
100	2	2997	1551343371005118504
1	2	2997	1551343371024499872
100	2	2997	1551343371030859774
1	2	2997	1551343371044505039
100	2	2997	1551343371045111701
1	2	2997	1551343371064504788
100	2	2997	1551343371071922390
1	2	2997	1551343371084511621
100	2	2997	1551343371085172502
1	2	2997	1551343371104502360
100	2	2997	1551343371112783758
1	2	2997	1551343371124513152
100	2	2997	1551343371125136689
1	2	2997	1551343371144500766
100	2	2997	1551343371144719045
1	2	2997	1551343371164503120
100	2	2997	1551343371165073584
1	2	2997	1551343371184499432
100	2	2997	1551343371185622601
1	2	2997	1551343371204501577
100	2	2997	1551343371205076833
1	2	2997	1551343371224501118
100	2	2997	1551343371226426938
1	2	2997	1551343371244501805
100	2	2997	1551343371245060239
1	2	2997	1551343371264501659
100	2	2997	1551343371267323618
1	2	2997	1551343371284505940
100	2	2997	1551343371285091196
1	2	2997	1551343371304516731
100	2	2997	1551343371308222537
1	2	2997	1551343371324507835
100	2	2997	1551343371325149914
1	2	2997	1551343371344501595
100	2	2997	1551343371349063697
1	2	2997	1551343371364504522
100	2	2997	1551343371365110142
1	2	2997	1551343371384501407
100	2	2997	1551343371390073606
1	2	2997	1551343371404510583
100	2	2997	1551343371405174224
1	2	2997	1551343371424502260
100	2	2997	1551343371431019973
1	2	2997	1551343371444507947
100	2	2997	1551343371445155807
1	2	2997	1551343371464502072
100	2	2997	1551343371471841549
1	2	2997	1551343371484503696
100	2	2997	1551343371485126140
1	2	2997	1551343371504515373
100	2	2997	1551343371512724115
1	2	2997	1551343371524513248
100	2	2997	1551343371525137826
1	2	2997	1551343371544501070
100	2	2997	1551343371544721433
1	2	2997	1551343371564503372
100	2	2997	1551343371565202638
1	2	2997	1551343371584499580
100	2	2997	1551343371585632228
1	2	2997	1551343371604500475
100	2	2997	1551343371605161877
1	2	2997	1551343371624498975
100	2	2997	1551343371626405263
1	2	2997	1551343371644499870
100	2	2997	1551343371645121324
1	2	2997	1551343371664500974
100	2	2997	1551343371667242673
1	2	2997	1551343371684501609
100	2	2997	1551343371685083324
1	2	2997	1551343371704499900
100	2	2997	1551343371708111593
1	2	2997	1551343371724502879
100	2	2997	1551343371725165218
1	2	2997	1551343371744500181
100	2	2997	1551343371749060304
1	2	2997	1551343371764513003
100	2	2997	1551343371765156488
1	2	2997	1551343371784503326
100	2	2997	1551343371789883599
1	2	2997	1551343371804503700
100	2	2997	1551343371805114060
1	2	2997	1551343371824502200
100	2	2997	1551343371830763821
1	2	2997	1551343371844503356
100	2	2997	1551343371845084549
1	2	2997	1551343371864500449
100	2	2997	1551343371871651282
1	2	2997	1551343371884536813
100	2	2997	1551343371885641336
1	2	2997	1551343371904505677
100	2	2997	1551343371912975043
1	2	2997	1551343371924505167
100	2	2997	1551343371925230734
1	2	2997	1551343371944501010
100	2	2997	1551343371944747883
1	2	2997	1551343371964503416
100	2	2997	1551343371965102682
1	2	2997	1551343371984499259
100	2	2997	1551343371985632636
1	2	2997	1551343372004499738
100	2	2997	1551343372005074942
1	2	2997	1551343372024498863
100	2	2997	1551343372026401088
1	2	2997	1551343372044500175
100	2	2997	1551343372045078556
1	2	2997	1551343372064499560
100	2	2997	1551343372067277039
1	2	2997	1551343372084501393
100	2	2997	1551343372085096596
1	2	2997	1551343372104500413
100	2	2997	1551343372108103355
1	2	2997	1551343372124502454
100	2	2997	1551343372125107085
1	2	2997	1551343372144499964
100	2	2997	1551343372148998681
1	2	2997	1551343372164504245
100	2	2997	1551343372165093355
1	2	2997	1551343372184500609
100	2	2997	1551343372189838487
1	2	2997	1551343372204517754
100	2	2997	1551343372205223895
1	2	2997	1551343372224501879
100	2	2997	1551343372230882405
1	2	2997	1551343372244505795
100	2	2997	1551343372245108916
1	2	2997	1551343372264502368
100	2	2997	1551343372271670961
1	2	2997	1551343372284509201
100	2	2997	1551343372285125082
1	2	2997	1551343372304504054
100	2	2997	1551343372312688422
1	2	2997	1551343372324511929
100	2	2997	1551343372325139112
1	2	2997	1551343372344500429
100	2	2997	1551343372344722302
1	2	2997	1551343372364502366
100	2	2997	1551343372365078664
1	2	2997	1551343372384499719
100	2	2997	1551343372385618305
1	2	2997	1551343372404499052
100	2	2997	1551343372405072121
1	2	2997	1551343372424499791
100	2	2997	1551343372426479673
1	2	2997	1551343372444500843
100	2	2997	1551343372445073443
1	2	2997	1551343372464501166
100	2	2997	1551343372467329530
1	2	2997	1551343372484503623
100	2	2997	1551343372485094140
1	2	2997	1551343372504503686
100	2	2997	1551343372508166888
1	2	2997	1551343372524506820
100	2	2997	1551343372525132701
1	2	2997	1551343372544501258
100	2	2997	1551343372549031954
1	2	2997	1551343372564504288
100	2	2997	1551343372565116003
1	2	2997	1551343372584501121
100	2	2997	1551343372589987904
1	2	2997	1551343372604506496
100	2	2997	1551343372605130554
1	2	2997	1551343372624502704
100	2	2997	1551343372630826199
1	2	2997	1551343372644517557
100	2	2997	1551343372645126772
1	2	2997	1551343372664504859
100	2	2997	1551343372671650692
1	2	2997	1551343372684508932
100	2	2997	1551343372685154031
1	2	2997	1551343372704502223
100	2	2997	1551343372712582060
1	2	2997	1551343372724509472
100	2	2997	1551343372725169207
1	2	2997	1551343372744500680
100	2	2997	1551343372744725627
1	2	2997	1551343372764504128
100	2	2997	1551343372765104384
1	2	2997	1551343372784501221
100	2	2997	1551343372785633765
1	2	2997	1551343372804502585
100	2	2997	1551343372805080394
1	2	2997	1551343372824500981
100	2	2997	1551343372826498518
1	2	2997	1551343372844504793
100	2	2997	1551343372845276662
1	2	2997	1551343372864506365
100	2	2997	1551343372867483739
1	2	2997	1551343372884510750
100	2	2997	1551343372885204495
1	2	2997	1551343372904505291
100	2	2997	1551343372908319951
1	2	2997	1551343372924506447
100	2	2997	1551343372925150870
1	2	2997	1551343372944500572
100	2	2997	1551343372949075174
1	2	2997	1551343372964502040
100	2	2997	1551343372965104900
1	2	2997	1551343372984501946
100	2	2997	1551343372989938677
1	2	2997	1551343373004510550
100	2	2997	1551343373005177264
1	2	2997	1551343373024502799
100	2	2997	1551343373030897023
1	2	2997	1551343373044504945
100	2	2997	1551343373045117596
1	2	2997	1551343373064501986
100	2	2997	1551343373071707298
1	2	2997	1551343373084521996
100	2	2997	1551343373085159335
1	2	2997	1551343373104501902
100	2	2997	1551343373112713196
1	2	2997	1551343373124512745
100	2	2997	1551343373125184980
1	2	2997	1551343373144501349
100	2	2997	1551343373144730982
1	2	2997	1551343373164506619
100	2	2997	1551343373165106510
1	2	2997	1551343373184498869
100	2	2997	1551343373185650944
1	2	2997	1551343373204502212
100	2	2997	1551343373205086843
1	2	2997	1551343373224500659
100	2	2997	1551343373226467155
1	2	2997	1551343373244500201
100	2	2997	1551343373245082436
1	2	2997	1551343373264500523
100	2	2997	1551343373267365294
1	2	2997	1551343373284502408
100	2	2997	1551343373285091674
1	2	2997	1551343373304500699
100	2	2997	1551343373308168329
1	2	2997	1551343373324504147
100	2	2997	1551343373325103309
1	2	2997	1551343373344499417
100	2	2997	1551343373349062717
1	2	2997	1551343373364524531
100	2	2997	1551343373365383691
1	2	2997	1551343373384536051
100	2	2997	1551343373390612413
1	2	2997	1551343373404514916
100	2	2997	1551343373405313608
1	2	2997	1551343373424504821
100	2	2997	1551343373431071440
1	2	2997	1551343373444507436
100	2	2997	1551343373445161597
1	2	2997	1551343373464501091
100	2	2997	1551343373471754215
1	2	2997	1551343373484505424
100	2	2997	1551343373485148388
1	2	2997	1551343373504501476
100	2	2997	1551343373512691833
1	2	2997	1551343373524508934
100	2	2997	1551343373525152054
1	2	2997	1551343373544512329
100	2	2997	1551343373544740088
1	2	2997	1551343373564506610
100	2	2997	1551343373565137387
1	2	2997	1551343373584501099
100	2	2997	1551343373585701559
1	2	2997	1551343373604501369
100	2	2997	1551343373605110792
1	2	2997	1551343373624503254
100	2	2997	1551343373626565323
1	2	2997	1551343373644502587
100	2	2997	1551343373645087270
1	2	2997	1551343373664501451
100	2	2997	1551343373667440024
1	2	2997	1551343373684507347
100	2	2997	1551343373685182811
1	2	2997	1551343373704501107
100	2	2997	1551343373708276600
1	2	2997	1551343373724503825
100	2	2997	1551343373725150643
1	2	2997	1551343373744499981
100	2	2997	1551343373749142603
1	2	2997	1551343373764502230
100	2	2997	1551343373765123892
1	2	2997	1551343373784502553
100	2	2997	1551343373790020012
1	2	2997	1551343373804504125
100	2	2997	1551343373805119589
1	2	2997	1551343373824500646
100	2	2997	1551343373830880859
1	2	2997	1551343373844503104
100	2	2997	1551343373845104141
1	2	2997	1551343373864500509
100	2	2997	1551343373871734311
1	2	2997	1551343373884505155
100	2	2997	1551343373885154785
1	2	2997	1551343373904505738
100	2	2997	1551343373912752917
1	2	2997	1551343373924511112
100	2	2997	1551343373925154337
1	2	2997	1551343373944503726
100	2	2997	1551343373944730339
1	2	2997	1551343373964503059
100	2	2997	1551343373965104044
1	2	2997	1551343373984508277
100	2	2997	1551343373985652019
1	2	2997	1551343374004502506
100	2	2997	1551343374005097710
1	2	2997	1551343374024500485
100	2	2997	1551343374026497710
1	2	2997	1551343374044500755
100	2	2997	1551343374045077001
1	2	2997	1551343374064500401
100	2	2997	1551343374067408192
1	2	2997	1551343374084504108
100	2	2997	1551343374085111864
1	2	2997	1551343374104501462
100	2	2997	1551343374108229351
1	2	2997	1551343374124526784
100	2	2997	1551343374125648964
1	2	2997	1551343374144510753
100	2	2997	1551343374149377800
1	2	2997	1551343374164506596
100	2	2997	1551343374165169612
1	2	2997	1551343374184509262
100	2	2997	1551343374190110992
1	2	2997	1551343374204506460
100	2	2997	1551343374205139788
1	2	2997	1551343374224503345
100	2	2997	1551343374230990693
1	2	2997	1551343374244505282
100	2	2997	1551343374245123194
1	2	2997	1551343374264500552
100	2	2997	1551343374271809301
1	2	2997	1551343374284508531
100	2	2997	1551343374285153057
1	2	2997	1551343374304504322
100	2	2997	1551343374312784574
1	2	2997	1551343374324511675
100	2	2997	1551343374325206254
1	2	2997	1551343374344503508
100	2	2997	1551343374344738194
1	2	2997	1551343374364506383
100	2	2997	1551343374365110076
1	2	2997	1551343374384503476
100	2	2997	1551343374385721957
1	2	2997	1551343374404500621
100	2	2997	1551343374405129992
1	2	2997	1551343374424518131
100	2	2997	1551343374426604470
1	2	2997	1551343374444501683
100	2	2997	1551343374445115949
1	2	2997	1551343374464500912
100	2	2997	1551343374467375839
1	2	2997	1551343374484503995
100	2	2997	1551343374485174667
1	2	2997	1551343374504502702
100	2	2997	1551343374508289029
1	2	2997	1551343374524506462
100	2	2997	1551343374525204478
1	2	2997	1551343374544500066
100	2	2997	1551343374549163365
1	2	2997	1551343374564504138
100	2	2997	1551343374565153405
1	2	2997	1551343374584503732
100	2	2997	1551343374590156920
1	2	2997	1551343374604506658
100	2	2997	1551343374605180924
1	2	2997	1551343374624505522
100	2	2997	1551343374631067922
1	2	2997	1551343374644505793
100	2	2997	1551343374645143913
1	2	2997	1551343374664502834
100	2	2997	1551343374671870124
1	2	2997	1551343374684509771
100	2	2997	1551343374685221537
1	2	2997	1551343374704502593
100	2	2997	1551343374712893834
1	2	2997	1551343374724512968
100	2	2997	1551343374725245463
1	2	2997	1551343374744501780
100	2	2997	1551343374744737507
1	2	2997	1551343374764505540
100	2	2997	1551343374765102567
1	2	2997	1551343374784502894
100	2	2997	1551343374785720697
1	2	2997	1551343374804502799
100	2	2997	1551343374805119566
