1	1	2156	1551341161844130292
100	1	2156	1551341161846466932
1	1	2156	1551341161846473026
100	1	2156	1551341161849507731
1	1	2156	1551341161849518356
100	1	2156	1551341161861401293
1	1	2156	1551341161861415825
100	1	2156	1551341161864658235
1	1	2156	1551341161864666360
100	1	2156	1551341161885954138
1	1	2156	1551341161885972992
100	1	2156	1551341161889207278
1	1	2156	1551341161889215403
100	1	2156	1551341161919923543
1	1	2156	1551341161919944793
100	1	2156	1551341161924946715
1	1	2156	1551341161924965360
100	1	2156	1551341162005187050
1	1	2156	1551341162005217622
100	1	2156	1551341162011301095
1	1	2156	1551341162011315209
100	2	2156	1551341162067492798
1	2	2156	1551341162067516652
100	2	2156	1551341162070725990
1	2	2156	1551341162070734167
100	2	2156	1551341162130387810
1	2	2156	1551341162130404112
100	2	2156	1551341162133632357
1	2	2156	1551341162133647148
