1	0	4121	1552911982076232783
100	0	4121	1552911982076955593
1	0	4121	1552911982585530840
100	0	4121	1552911982585866203
1	0	4121	1552911983094807230
100	0	4121	1552911983095167958
1	0	4121	1552911983603995287
100	0	4121	1552911983604407473
1	0	4121	1552911984112968345
100	0	4121	1552911984113372719
1	0	4121	1552911984621799632
100	0	4121	1552911984622144683
1	0	4121	1552911985130864096
100	0	4121	1552911985131310605
1	0	4121	1552911985639246531
100	0	4121	1552911985639584394
1	0	4121	1552911986147542664
100	0	4121	1552911986147888600
1	0	4121	1552911986656788742
100	0	4121	1552911986657126241
1	0	4121	1552911987166365652
100	0	4121	1552911987166619713
1	0	4121	1552911987675402616
100	0	4121	1552911987675646677
1	0	4121	1552911988184914318
100	0	4121	1552911988185247077
1	0	4121	1552911988694202739
100	0	4121	1552911988694461436
1	0	4121	1552911989226942856
100	0	4121	1552911989227233897
1	0	4121	1552911989735905133
100	0	4121	1552911989736197840
1	0	4121	1552911990244553348
100	0	4121	1552911990244807149
1	0	4121	1552911990753478229
100	0	4121	1552911990753821874
1	0	4121	1552911991261161603
100	0	4121	1552911991261559883
1	0	4121	1552911991768992686
100	0	4121	1552911991769359976
1	0	4121	1552911992278767147
100	0	4121	1552911992279138657
1	0	4121	1552911992787959527
100	0	4121	1552911992788253172
1	0	4121	1552911993296480295
100	0	4121	1552911993296732898
1	0	4121	1552911993804433669
100	0	4121	1552911993804732314
1	0	4121	1552911994362382820
100	0	4121	1552911994362677350
1	0	4121	1552911994871704887
100	0	4121	1552911994872128636
1	0	4121	1552911995399023355
100	0	4121	1552911995399453770
1	0	4121	1552911995908032767
100	0	4121	1552911995908335110
1	0	4121	1552911996415845151
100	0	4121	1552911996416096609
1	0	4121	1552911996924256284
100	0	4121	1552911996924546700
1	0	4121	1552911997433520226
100	0	4121	1552911997433773455
1	0	4121	1552911997942588544
100	0	4121	1552911997942846408
1	0	4121	1552911998453424773
100	0	4121	1552911998453725345
1	0	4121	1552911998962644549
100	0	4121	1552911998962892309
1	0	4121	1552911999471010890
100	0	4121	1552911999471276514
1	0	4121	1552911999981188267
100	0	4121	1552911999981489829
1	0	4121	1552912000491269498
100	0	4121	1552912000491535123
1	0	4121	1552912000999778808
100	0	4121	1552912001000085942
1	0	4121	1552912001508470981
100	0	4121	1552912001508767959
1	0	4121	1552912002018807420
100	0	4121	1552912002019190648
1	0	4121	1552912002528109852
100	0	4121	1552912002528343184
1	0	4121	1552912003039526652
100	0	4121	1552912003039821130
1	0	4121	1552912003548479293
100	0	4121	1552912003548737469
1	0	4121	1552912004057288497
100	0	4121	1552912004057589174
1	0	4121	1552912004566177024
100	0	4121	1552912004566474992
1	0	4121	1552912005074904198
100	0	4121	1552912005075207322
1	0	4121	1552912005583964495
100	0	4121	1552912005584242515
1	0	4121	1552912006093132344
100	0	4121	1552912006093432864
1	0	4121	1552912006602329515
100	0	4121	1552912006602595348
1	0	4121	1552912007110641534
100	0	4121	1552912007110922158
1	0	4121	1552912007619692977
100	0	4121	1552912007619987715
1	0	4121	1552912008127952964
100	0	4121	1552912008128191557
1	0	4121	1552912008636943522
100	0	4121	1552912008637209771
1	0	4121	1552912009146047309
100	0	4121	1552912009146342256
1	0	4121	1552912009656366664
100	0	4121	1552912009656619215
1	0	4121	1552912010165584930
100	0	4121	1552912010165872220
1	0	4121	1552912010675283350
100	0	4121	1552912010675578661
1	0	4121	1552912011185131457
100	0	4121	1552912011185396560
1	0	4121	1552912011694451232
100	0	4121	1552912011694704096
1	0	4121	1552912012203456374
100	0	4121	1552912012203753404
1	0	4121	1552912012712666931
100	0	4121	1552912012712937555
1	0	4121	1552912013223719826
100	0	4121	1552912013223971648
1	0	4121	1552912013734519805
100	0	4121	1552912013734815273
1	0	4121	1552912014243869997
100	0	4121	1552912014244166819
1	0	4121	1552912014752945867
100	0	4121	1552912014753266543
1	0	4121	1552912015262215070
100	0	4121	1552912015262517152
1	0	4121	1552912015772320572
100	0	4121	1552912015772582602
1	0	4121	1552912016281240870
100	0	4121	1552912016281504306
1	1	4121	1552912016791112883
100	1	4121	1552912016791426319
1	0	4121	1552912017300961980
100	0	4121	1552912017301243333
1	0	4121	1552912017809544935
100	0	4121	1552912017809805350
1	0	4121	1552912018319336844
100	0	4121	1552912018319636947
1	0	4121	1552912018828619015
100	0	4121	1552912018828928337
1	0	4121	1552912019338015457
100	0	4121	1552912019338261030
1	0	4121	1552912019847776429
100	0	4121	1552912019848097418
1	0	4121	1552912020357304538
100	0	4121	1552912020357557766
1	0	4121	1552912020868054361
100	0	4121	1552912020868346860
1	0	4121	1552912021377321116
100	0	4121	1552912021377621063
1	0	4121	1552912021886465423
100	0	4121	1552912021886741151
1	0	4121	1552912022397354100
100	0	4121	1552912022397649255
1	0	4121	1552912022909609178
100	0	4121	1552912022909869698
1	0	4121	1552912023419282390
100	0	4121	1552912023419535619
1	0	4121	1552912023930385910
100	0	4121	1552912023930681013
1	0	4121	1552912024439673186
100	0	4121	1552912024439936935
1	0	4121	1552912024949010669
100	0	4121	1552912024949280044
1	0	4121	1552912025459234453
100	0	4121	1552912025459526587
1	0	4121	1552912025969161101
100	0	4121	1552912025969422507
1	0	4121	1552912026478383377
100	0	4121	1552912026478625147
1	0	4121	1552912026988499244
100	0	4121	1552912026988790597
1	0	4121	1552912027497641259
100	0	4121	1552912027497908654
1	0	4121	1552912028007758480
100	0	4121	1552912028008011917
1	0	4121	1552912028517063048
100	0	4121	1552912028517358724
1	0	4121	1552912029026739697
100	0	4121	1552912029027062821
1	0	4121	1552912029536777856
100	0	4121	1552912029537069053
1	0	4121	1552912030046439036
100	0	4121	1552912030046739556
1	0	4121	1552912030555100481
100	0	4121	1552912030555352719
1	0	4121	1552912031064171142
100	0	4121	1552912031064443954
1	0	4121	1552912031573721490
100	0	4121	1552912031574020760
1	0	4121	1552912032083272515
100	0	4121	1552912032083535327
1	0	4121	1552912032592945623
100	0	4121	1552912032593209945
1	0	4121	1552912033104976275
100	0	4121	1552912033105272889
1	0	4121	1552912033619301399
100	0	4121	1552912033619567804
1	0	4121	1552912034129120183
100	0	4121	1552912034129388828
1	0	4121	1552912034643726557
100	0	4121	1552912034644025618
1	0	4121	1552912035153707997
100	0	4121	1552912035153976850
1	0	4121	1552912035663242511
100	0	4121	1552912035663496781
1	0	4121	1552912036172699474
100	0	4121	1552912036173028848
1	0	4121	1552912036681706229
100	0	4121	1552912036681957895
1	0	4121	1552912037190792620
100	0	4121	1552912037191090276
1	0	4121	1552912037699630991
100	0	4121	1552912037699927969
1	0	4121	1552912038215364496
100	0	4121	1552912038215650328
1	0	4121	1552912038729226288
100	0	4121	1552912038729485506
1	0	4121	1552912039238525960
100	0	4121	1552912039238868511
1	0	4121	1552912039748405629
100	0	4121	1552912039748666618
1	0	4121	1552912040258089414
100	0	4121	1552912040258341393
1	0	4121	1552912040768136739
100	0	4121	1552912040768436895
1	0	4121	1552912041290548088
100	0	4121	1552912041290817983
1	0	4121	1552912041800434893
100	0	4121	1552912041800693954
1	0	4121	1552912042319789480
100	0	4121	1552912042320087448
1	0	4121	1552912042829227432
100	0	4121	1552912042829486025
1	0	4121	1552912043339739079
100	0	4121	1552912043340005484
1	0	4121	1552912043849740727
100	0	4121	1552912043850035570
1	0	4121	1552912044359563209
100	0	4121	1552912044359817584
1	0	4121	1552912044869236526
100	0	4121	1552912044869498243
1	0	4121	1552912045378980883
100	0	4121	1552912045379274736
1	0	4121	1552912045891028983
100	0	4121	1552912045891292680
1	0	4121	1552912046402560210
100	0	4121	1552912046402886824
1	0	4121	1552912046913409408
100	0	4121	1552912046913654303
1	0	4121	1552912047433470763
100	0	4121	1552912047433713784
1	0	4121	1552912047943754807
100	0	4121	1552912047944061577
1	0	4121	1552912048455446398
100	0	4121	1552912048455706136
1	0	4121	1552912048969496314
100	0	4121	1552912048969748970
1	0	4121	1552912049478798850
100	0	4121	1552912049479136922
1	0	4121	1552912049987989408
100	0	4121	1552912049988233261
1	0	4121	1552912050497508870
100	0	4121	1552912050497762619
1	0	4121	1552912051008212704
100	0	4121	1552912051008505880
1	0	4121	1552912051528264216
100	0	4121	1552912051528517704
1	0	4121	1552912052041532103
100	0	4121	1552912052041789498
1	0	4121	1552912052550627765
100	0	4121	1552912052550958493
1	0	4121	1552912053060268633
100	0	4121	1552912053060518633
1	0	4121	1552912053571174914
100	0	4121	1552912053571421736
1	1	4121	1552912054086696441
100	1	4121	1552912054087039669
1	1	4121	1552912054595903456
100	1	4121	1552912054596210070
1	2	4121	1552912055105556773
100	2	4121	1552912055105818334
1	2	4121	1552912055614443008
100	2	4121	1552912055614741132
1	2	4121	1552912056123460388
100	2	4121	1552912056123714242
1	2	4121	1552912056643034871
100	2	4121	1552912056643285755
1	2	4121	1552912057153672923
100	2	4121	1552912057153994589
1	2	4121	1552912057664025821
100	2	4121	1552912057664288632
1	2	4121	1552912058172937472
100	2	4121	1552912058173200232
1	2	4121	1552912058681854176
100	2	4121	1552912058682152196
1	2	4121	1552912059192316344
100	2	4121	1552912059192576031
1	2	4121	1552912059702181691
100	2	4121	1552912059702432367
1	2	4121	1552912060212329433
100	2	4121	1552912060212625421
1	2	4121	1552912060720714055
100	2	4121	1552912060720977439
1	2	4121	1552912061229217062
100	2	4121	1552912061229512947
1	1	4121	1552912061746482906
100	2	4121	1552912061746793530
1	1	4121	1552912062257029501
100	2	4121	1552912062257292833
1	1	4121	1552912062769357392
100	1	4121	1552912062769615984
1	1	4121	1552912063279921121
100	1	4121	1552912063280214246
1	1	4121	1552912063789610479
100	1	4121	1552912063789853655
1	1	4121	1552912064298617183
100	1	4121	1552912064298898276
1	1	4121	1552912064806906441
100	1	4121	1552912064807208054
1	1	4121	1552912065316100644
100	1	4121	1552912065316353976
1	0	4121	1552912065826255313
100	0	4121	1552912065826514062
1	0	4121	1552912066334647539
100	0	4121	1552912066335005975
1	0	4121	1552912066857164252
100	0	4121	1552912066857416647
1	0	4121	1552912067367056317
100	0	4121	1552912067367318660
1	0	4121	1552912067878908897
100	0	4121	1552912067879204833
1	0	4121	1552912068389183617
100	0	4121	1552912068389437314
1	0	4121	1552912068898426883
100	0	4121	1552912068898743705
1	0	4121	1552912069406981817
100	0	4121	1552912069407241556
1	0	4121	1552912069916115916
100	0	4121	1552912069916362009
1	0	4121	1552912070424975953
100	0	4121	1552912070425271682
1	0	4121	1552912070934392760
100	0	4121	1552912070934657186
1	0	4121	1552912071443534672
100	0	4121	1552912071443795400
1	0	4121	1552912071952841635
100	0	4121	1552912071953138873
1	0	4121	1552912072461428340
100	0	4121	1552912072461672506
1	0	4121	1552912072969954264
100	0	4121	1552912072970199315
1	0	4121	1552912073478959665
100	0	4121	1552912073479254352
1	0	4121	1552912073988071212
100	0	4121	1552912073988353763
1	0	4121	1552912074497076249
100	0	4121	1552912074497333280
1	0	4121	1552912075006872794
100	0	4121	1552912075007170137
1	0	4121	1552912075515454187
100	0	4121	1552912075515745540
1	0	4121	1552912076023902350
100	0	4121	1552912076024150891
1	0	4121	1552912076532617597
100	0	4121	1552912076532949679
1	0	4121	1552912077041505238
100	0	4121	1552912077041753414
1	0	4121	1552912077549587101
100	0	4121	1552912077549838715
1	0	4121	1552912078058479378
100	0	4121	1552912078058793804
1	0	4121	1552912078569706491
100	0	4121	1552912078569965292
1	0	4121	1552912079078458300
100	0	4121	1552912079078731893
1	0	4121	1552912079587240942
100	0	4121	1552912079587540107
1	0	4121	1552912080096167073
100	0	4121	1552912080096418374
1	0	4121	1552912080605416901
100	0	4121	1552912080605680077
1	0	4121	1552912081115556830
100	0	4121	1552912081115847818
1	0	4121	1552912081625902071
100	0	4121	1552912081626165507
1	0	4121	1552912082134645494
100	0	4121	1552912082134949712
1	0	4121	1552912082643644750
100	0	4121	1552912082643943238
1	0	4121	1552912083155150456
100	0	4121	1552912083155409101
1	0	4121	1552912083665731738
100	0	4121	1552912083665993716
1	0	4121	1552912084176976924
100	0	4121	1552912084177277860
1	0	4121	1552912084686064148
100	0	4121	1552912084686333106
1	0	4121	1552912085194802728
100	0	4121	1552912085195072519
1	0	4121	1552912085703261204
100	0	4121	1552912085703555943
1	0	4121	1552912086212203168
100	0	4121	1552912086212455303
1	0	4121	1552912086725227203
100	0	4121	1552912086725484494
1	0	4121	1552912087233866356
100	0	4121	1552912087234166771
1	0	4121	1552912087744634460
100	0	4121	1552912087744919876
1	0	4121	1552912088255568449
100	0	4121	1552912088255819750
1	0	4121	1552912088764207706
100	0	4121	1552912088764501455
1	0	4121	1552912089273093212
100	0	4121	1552912089273344045
1	0	4121	1552912089781189346
100	0	4121	1552912089781447053
1	0	4121	1552912090290221570
100	0	4121	1552912090290520215
1	0	4121	1552912090799100149
100	0	4121	1552912090799352284
1	0	4121	1552912091307798573
100	0	4121	1552912091308062843
1	0	4121	1552912091816018300
100	0	4121	1552912091816317517
1	0	4121	1552912092324591307
100	0	4121	1552912092324877608
1	0	4121	1552912092832725409
100	0	4121	1552912092832987439
1	0	4121	1552912093342367788
100	0	4121	1552912093342685808
1	0	4121	1552912093851402773
100	0	4121	1552912093851656730
1	0	4121	1552912094362257439
100	0	4121	1552912094362536917
1	0	4121	1552912094874731632
100	0	4121	1552912094875048454
1	0	4121	1552912095383594065
100	0	4121	1552912095383864429
1	0	4121	1552912095892272332
100	0	4121	1552912095892522800
1	0	4121	1552912096400806381
100	0	4121	1552912096401099401
1	0	4121	1552912096909337774
100	0	4121	1552912096909581627
1	0	4121	1552912097418603956
100	0	4121	1552912097418979163
1	0	4121	1552912097927636805
100	0	4121	1552912097927880659
1	0	4121	1552912098437664651
100	0	4121	1552912098437920536
1	0	4121	1552912098947295468
100	0	4121	1552912098947592967
1	0	4121	1552912099456656337
100	0	4121	1552912099456926544
1	0	4121	1552912099974077076
100	0	4121	1552912099974341867
1	0	4121	1552912100485108721
100	0	4121	1552912100485399085
1	0	4121	1552912100994280685
100	0	4121	1552912100994526049
1	0	4121	1552912101502942806
100	0	4121	1552912101503195045
1	0	4121	1552912102012192009
100	0	4121	1552912102012496279
1	0	4121	1552912102522104075
100	0	4121	1552912102522372303
1	0	4121	1552912103031267340
100	0	4121	1552912103031520360
1	0	4121	1552912103540717949
100	0	4121	1552912103541059354
1	0	4121	1552912104051381418
100	0	4121	1552912104051627875
1	0	4121	1552912104560999370
100	0	4121	1552912104561242754
1	0	4121	1552912105070122062
100	0	4121	1552912105070420864
1	0	4121	1552912105579350432
100	0	4121	1552912105579600275
1	0	4121	1552912106089932495
100	0	4121	1552912106090185515
1	0	4121	1552912106598962949
100	0	4121	1552912106599365291
1	0	4121	1552912107106887729
100	0	4121	1552912107107225801
1	0	4121	1552912107614956675
100	0	4121	1552912107615240320
1	0	4121	1552912108123329110
100	0	4121	1552912108123622599
1	0	4121	1552912108631692795
100	0	4121	1552912108631949357
1	0	4121	1552912109139946637
100	0	4121	1552912109140196636
1	0	4121	1552912109649088392
100	0	4121	1552912109649390787
1	0	4121	1552912110157705097
100	0	4121	1552912110157972961
1	0	4121	1552912110667477527
100	0	4121	1552912110667730287
1	0	4121	1552912111176788969
100	0	4121	1552912111177086000
1	0	4121	1552912111685433747
100	0	4121	1552912111685687028
1	0	4121	1552912112195471802
100	0	4121	1552912112195725603
1	0	4121	1552912112705827459
100	0	4121	1552912112706126313
1	0	4121	1552912113214913798
100	0	4121	1552912113215175100
1	0	4121	1552912113790798205
100	0	4121	1552912113791089349
1	0	4121	1552912114366846881
100	0	4121	1552912114367146151
1	0	4121	1552912114875924522
100	0	4121	1552912114876343687
1	0	4121	1552912115400124406
100	0	4121	1552912115400471645
1	0	4121	1552912115908078405
100	0	4121	1552912115908447310
1	0	4121	1552912116416904276
100	0	4121	1552912116417156254
1	0	4121	1552912116927774307
100	0	4121	1552912116928044723
1	0	4121	1552912117438073559
100	0	4121	1552912117438331006
1	0	4121	1552912117947575261
100	0	4121	1552912117947829583
1	0	4121	1552912118457328472
100	0	4121	1552912118457629201
1	0	4121	1552912118966816268
100	0	4121	1552912118967076059
1	0	4121	1552912119476992499
100	0	4121	1552912119477242186
1	0	4121	1552912119987482323
100	0	4121	1552912119987780343
1	0	4121	1552912120496186163
100	0	4121	1552912120496440798
1	0	4121	1552912121004993493
100	0	4121	1552912121005378335
1	0	4121	1552912121522377357
100	0	4121	1552912121522828762
1	0	4121	1552912122030686928
100	0	4121	1552912122031003645
1	0	4121	1552912122538960300
100	0	4121	1552912122539233477
1	0	4121	1552912123047238829
100	0	4121	1552912123047548776
1	0	4121	1552912123556522407
100	0	4121	1552912123556823031
1	0	4121	1552912124065458538
100	0	4121	1552912124065725933
1	0	4121	1552912124574567325
100	0	4121	1552912124574880345
1	0	4121	1552912125083002468
100	0	4121	1552912125083268665
1	0	4121	1552912125591609485
100	0	4121	1552912125591865266
1	0	4121	1552912126100100253
100	0	4121	1552912126100397960
1	0	4121	1552912126611179658
100	0	4121	1552912126611431533
1	0	4121	1552912127124156662
100	0	4121	1552912127124408536
1	0	4121	1552912127632994824
100	0	4121	1552912127633294824
1	0	4121	1552912128141466269
100	0	4121	1552912128141715279
1	0	4121	1552912128649710476
100	0	4121	1552912128649969381
1	0	4121	1552912129159227751
100	0	4121	1552912129159527073
1	0	4121	1552912129667584717
100	0	4121	1552912129667845914
1	0	4121	1552912130175791527
100	0	4121	1552912130176038089
1	0	4121	1552912130685010522
100	0	4121	1552912130685302813
1	0	4121	1552912131194817744
100	0	4121	1552912131195072222
1	0	4121	1552912131703353512
100	0	4121	1552912131703633823
1	0	4121	1552912132213293598
100	0	4121	1552912132213589222
1	0	4121	1552912132723991390
100	0	4121	1552912132724255503
1	0	4121	1552912133232856531
100	0	4121	1552912133233115593
1	0	4121	1552912133741716569
100	0	4121	1552912133742017037
1	0	4121	1552912134251653165
100	0	4121	1552912134251941862
1	0	4121	1552912134762470645
100	0	4121	1552912134762756685
1	0	4121	1552912135271681254
100	0	4121	1552912135271980055
1	0	4121	1552912135796175668
100	0	4121	1552912135796438272
1	0	4121	1552912136304600499
100	0	4121	1552912136304870186
1	0	4121	1552912136813355797
100	0	4121	1552912136813653713
1	0	4121	1552912137322517865
100	0	4121	1552912137322795052
1	1	4121	1552912137831263059
100	1	4121	1552912137831524881
1	1	4121	1552912138342224965
100	1	4121	1552912138342523610
1	1	4121	1552912138850579171
100	1	4121	1552912138850828597
1	1	4121	1552912139359073480
100	1	4121	1552912139359315354
1	1	4121	1552912139868030080
100	1	4121	1552912139868330704
1	1	4121	1552912140376687410
100	1	4121	1552912140376941992
1	1	4121	1552912140892540862
100	1	4121	1552912140892817945
1	1	4121	1552912141401411629
100	1	4121	1552912141401708034
1	0	4121	1552912141909823699
100	0	4121	1552912141910107969
1	0	4121	1552912142418294831
100	0	4121	1552912142418567799
1	0	4121	1552912142927734763
100	0	4121	1552912142928007470
1	0	4121	1552912143438146150
100	0	4121	1552912143438410055
1	0	4121	1552912143946897802
100	0	4121	1552912143947196082
1	0	4121	1552912144457135283
100	0	4121	1552912144457386272
1	0	4121	1552912144965529853
100	0	4121	1552912144965796363
1	0	4121	1552912145473844893
100	0	4121	1552912145474144475
1	0	4121	1552912145982365192
100	0	4121	1552912145982659566
1	0	4121	1552912146490402784
100	0	4121	1552912146490685439
1	0	4121	1552912146999354227
100	0	4121	1552912146999652924
1	0	4121	1552912147508445149
100	0	4121	1552912147508736919
1	0	4121	1552912148017116906
100	0	4121	1552912148017376541
1	0	4121	1552912148529105684
100	0	4121	1552912148529408808
1	0	4121	1552912149037996242
100	0	4121	1552912149038249210
1	0	4121	1552912149546122584
100	0	4121	1552912149546368729
1	0	4121	1552912150055066215
100	0	4121	1552912150055373558
1	0	4121	1552912150563856513
100	0	4121	1552912150564146564
1	1	4121	1552912151072906758
100	1	4121	1552912151073179466
1	1	4121	1552912151581128204
100	1	4121	1552912151581427422
1	1	4121	1552912152090280012
100	1	4121	1552912152090546938
1	1	4121	1552912152598394322
100	1	4121	1552912152598661874
1	1	4121	1552912153107039985
100	1	4121	1552912153107365037
1	1	4121	1552912153615578149
100	1	4121	1552912153615843773
1	0	4121	1552912154125284278
100	1	4121	1552912154125551464
1	1	4121	1552912154633191089
100	1	4121	1552912154633498484
1	0	4121	1552912155141039411
100	0	4121	1552912155141312171
1	0	4121	1552912155651732724
100	0	4121	1552912155651989754
1	0	4121	1552912156160289116
100	0	4121	1552912156160623386
1	0	4121	1552912156669457695
100	0	4121	1552912156669718944
1	0	4121	1552912157177271590
100	0	4121	1552912157177522266
1	0	4121	1552912157684944600
100	0	4121	1552912157685240484
1	0	4121	1552912158193679481
100	0	4121	1552912158193918751
1	0	4121	1552912158702602435
100	0	4121	1552912158702861862
1	0	4121	1552912159210789194
100	0	4121	1552912159211075130
1	0	4121	1552912159720489958
100	0	4121	1552912159720795530
1	0	4121	1552912160229423224
100	0	4121	1552912160229674317
1	0	4121	1552912160739375342
100	0	4121	1552912160739677736
1	0	4121	1552912161249009022
100	0	4121	1552912161249262980
1	0	4121	1552912161757707863
100	0	4121	1552912161757971612
1	0	4121	1552912162266623629
100	0	4121	1552912162266924305
1	0	4121	1552912162776753975
100	0	4121	1552912162777018766
1	0	4121	1552912163285605002
100	0	4121	1552912163285863178
1	0	4121	1552912163794239363
100	0	4121	1552912163794546550
1	0	4121	1552912164304358043
100	0	4121	1552912164304645698
1	0	4121	1552912164816697965
100	0	4121	1552912164816956610
1	0	4121	1552912165326368885
100	0	4121	1552912165326694509
1	0	4121	1552912165836156159
100	0	4121	1552912165836421471
1	0	4121	1552912166345342810
100	0	4121	1552912166345596768
1	0	4121	1552912166854088265
100	0	4121	1552912166854388472
1	0	4121	1552912167363227208
100	0	4121	1552912167363480019
1	0	4121	1552912167871205581
100	0	4121	1552912167871471362
1	0	4121	1552912168380865460
100	0	4121	1552912168381164522
1	0	4121	1552912168890716744
100	0	4121	1552912168891010858
1	0	4121	1552912169399514491
100	0	4121	1552912169399779594
1	0	4121	1552912169908895620
100	0	4121	1552912169909189786
1	0	4121	1552912170417601231
100	0	4121	1552912170417863053
1	0	4121	1552912170925772885
100	0	4121	1552912170926030645
1	0	4121	1552912171434901203
100	0	4121	1552912171435188286
1	0	4121	1552912171943923636
100	0	4121	1552912171944182698
1	0	4121	1552912172452770080
100	0	4121	1552912172453064662
1	0	4121	1552912172962114335
100	0	4121	1552912172962399698
1	0	4121	1552912173473016136
100	0	4121	1552912173473278531
1	0	4121	1552912174066453664
100	0	4121	1552912174066768871
1	0	4121	1552912174579129887
100	0	4121	1552912174579547854
1	0	4121	1552912175089810543
100	0	4121	1552912175090177209
1	0	4121	1552912175598258134
100	0	4121	1552912175598697456
1	0	4121	1552912176106442757
100	0	4121	1552912176106744111
1	0	4121	1552912176614920192
100	0	4121	1552912176615166754
1	0	4121	1552912177123523772
100	0	4121	1552912177123820959
1	0	4121	1552912177633426619
100	0	4121	1552912177633686878
1	0	4121	1552912178143354830
100	0	4121	1552912178143610350
1	0	4121	1552912178656237667
100	0	4121	1552912178656573968
1	0	4121	1552912179165439631
100	0	4121	1552912179165689369
1	0	4121	1552912179681724853
100	0	4121	1552912179682009123
1	0	4121	1552912180190573380
100	0	4121	1552912180190864577
1	0	4121	1552912180699282480
100	0	4121	1552912180699537063
1	0	4121	1552912181207978664
100	0	4121	1552912181208234861
1	0	4121	1552912181716700681
100	0	4121	1552912181716990941
1	0	4121	1552912182227368526
100	0	4121	1552912182227626285
1	0	4121	1552912182735417368
100	0	4121	1552912182735666794
1	0	4121	1552912183244288916
100	0	4121	1552912183244596935
1	0	4121	1552912183753647337
100	0	4121	1552912183753948586
1	0	4121	1552912184262956436
100	0	4121	1552912184263218049
1	0	4121	1552912184773759956
100	0	4121	1552912184774049122
1	0	4121	1552912185282678848
100	0	4121	1552912185282933222
1	0	4121	1552912185791753833
100	0	4121	1552912185791999092
1	0	4121	1552912186303880214
100	0	4121	1552912186304175525
1	0	4121	1552912186816384459
100	0	4121	1552912186816662583
1	0	4121	1552912187324823664
100	0	4121	1552912187325070122
1	0	4121	1552912187833955940
100	0	4121	1552912187834285575
1	0	4121	1552912188342539989
100	0	4121	1552912188342799467
1	0	4121	1552912188851059038
100	0	4121	1552912188851311121
1	0	4121	1552912189360084596
100	0	4121	1552912189360399647
1	0	4121	1552912189868905155
100	0	4121	1552912189869168956
1	0	4121	1552912190377974618
100	0	4121	1552912190378214514
1	1	4121	1552912190893032761
100	1	4121	1552912190893346354
1	1	4121	1552912191400980197
100	1	4121	1552912191401236707
1	1	4121	1552912191910986794
100	1	4121	1552912191911233303
1	1	4121	1552912192420700787
100	1	4121	1552912192421012348
1	0	4121	1552912192930816029
100	0	4121	1552912192931074465
1	0	4121	1552912193439956378
100	0	4121	1552912193440208200
1	0	4121	1552912193950039380
100	0	4121	1552912193950350004
1	0	4121	1552912194461744252
100	0	4121	1552912194462028887
1	0	4121	1552912194970384551
100	0	4121	1552912194970700644
1	0	4121	1552912195478969954
100	0	4121	1552912195479226828
1	0	4121	1552912195988261865
100	0	4121	1552912195988544625
1	0	4121	1552912196496979872
100	0	4121	1552912196497276381
1	0	4121	1552912197006226158
100	0	4121	1552912197006536574
1	0	4121	1552912197515441351
100	0	4121	1552912197515689840
1	0	4121	1552912198024901282
100	0	4121	1552912198025196333
1	0	4121	1552912198535343190
100	0	4121	1552912198535600168
1	0	4121	1552912199043305626
100	0	4121	1552912199043550625
1	0	4121	1552912199552216132
100	0	4121	1552912199552555558
1	0	4121	1552912200061167888
100	0	4121	1552912200061415960
1	0	4121	1552912200570465633
100	0	4121	1552912200570716778
1	0	4121	1552912201080462854
100	0	4121	1552912201080756916
1	0	4121	1552912201589159455
100	0	4121	1552912201589423464
1	0	4121	1552912202097202620
100	0	4121	1552912202097470640
1	0	4121	1552912202607218591
100	0	4121	1552912202607522080
1	0	4121	1552912203117048990
100	0	4121	1552912203117306854
1	0	4121	1552912203626336005
100	0	4121	1552912203626600640
1	0	4121	1552912204134707190
100	0	4121	1552912204135002658
1	0	4121	1552912204644953786
100	0	4121	1552912204645217223
1	0	4121	1552912205154128250
100	0	4121	1552912205154438874
1	0	4121	1552912205663890315
100	0	4121	1552912205664188023
1	0	4121	1552912206173201029
100	0	4121	1552912206173483840
1	0	4121	1552912206682593669
100	0	4121	1552912206682857522
1	0	4121	1552912207191245530
100	0	4121	1552912207191535998
1	0	4121	1552912207700325619
100	0	4121	1552912207700596139
1	0	4121	1552912208211860596
100	0	4121	1552912208212120491
1	0	4121	1552912208721208704
100	0	4121	1552912208721511568
1	0	4121	1552912209233869199
100	0	4121	1552912209234123260
1	0	4121	1552912209743074547
100	0	4121	1552912209743325745
1	0	4121	1552912210251567763
100	0	4121	1552912210251862814
1	0	4121	1552912210760229520
100	0	4121	1552912210760547436
1	0	4121	1552912211274477509
100	0	4121	1552912211274729852
1	0	4121	1552912211783015777
100	0	4121	1552912211783310880
1	0	4121	1552912212292409771
100	0	4121	1552912212292667374
1	0	4121	1552912212802872772
100	0	4121	1552912212803129126
1	0	4121	1552912213313332596
100	0	4121	1552912213313631502
1	0	4121	1552912213822527216
100	0	4121	1552912213822779090
1	0	4121	1552912214332454386
100	0	4121	1552912214332705062
1	0	4121	1552912214844289622
100	0	4121	1552912214844575975
1	0	4121	1552912215357431313
100	0	4121	1552912215357705114
1	0	4121	1552912215865933070
100	0	4121	1552912215866221819
1	0	4121	1552912216376297842
100	0	4121	1552912216376609143
1	0	4121	1552912216886709333
100	0	4121	1552912216886977822
1	0	4121	1552912217396723846
100	0	4121	1552912217396973898
1	0	4121	1552912217906337267
100	0	4121	1552912217906648880
1	0	4121	1552912218415251002
100	0	4121	1552912218415507407
1	0	4121	1552912218925545775
100	0	4121	1552912218925800878
1	0	4121	1552912219434854821
100	0	4121	1552912219435151331
1	0	4121	1552912219945388239
100	0	4121	1552912219945659436
1	0	4121	1552912220453764007
100	0	4121	1552912220454015985
1	0	4121	1552912220963097689
100	0	4121	1552912220963384459
1	0	4121	1552912221472686057
100	0	4121	1552912221472945952
1	0	4121	1552912221981648543
100	0	4121	1552912221981943958
1	0	4121	1552912222490452903
100	0	4121	1552912222490710767
1	0	4121	1552912222999539398
100	0	4121	1552912222999784866
1	0	4121	1552912223508033031
100	0	4121	1552912223508360478
1	0	4121	1552912224016269581
100	0	4121	1552912224016540569
1	0	4121	1552912224527305393
100	0	4121	1552912224527548621
1	0	4121	1552912225035546526
100	0	4121	1552912225035873191
1	0	4121	1552912225544934635
100	0	4121	1552912225545207290
1	0	4121	1552912226055928780
100	0	4121	1552912226056189977
1	0	4121	1552912226565494128
100	0	4121	1552912226565788814
1	0	4121	1552912227074157499
100	0	4121	1552912227074454894
1	0	4121	1552912227583674462
100	0	4121	1552912227583933211
1	0	4121	1552912228094769648
100	0	4121	1552912228095063658
1	0	4121	1552912228603593957
100	0	4121	1552912228603855519
1	0	4121	1552912229112586702
100	0	4121	1552912229112852795
1	0	4121	1552912229621873718
100	0	4121	1552912229622171321
1	0	4121	1552912230130313652
100	0	4121	1552912230130579849
1	0	4121	1552912230641404777
100	0	4121	1552912230641654932
1	0	4121	1552912231150698979
100	0	4121	1552912231150995176
1	0	4121	1552912231659883391
100	0	4121	1552912231660137713
1	0	4121	1552912232168749053
100	0	4121	1552912232169032386
1	0	4121	1552912232677464508
100	0	4121	1552912232677737893
1	0	4121	1552912233186616836
100	0	4121	1552912233186876940
1	0	4121	1552912233695122448
100	0	4121	1552912233695414426
1	0	4121	1552912234233798953
100	0	4121	1552912234234123847
1	1	4121	1552912234742783990
100	1	4121	1552912234743092791
1	1	4121	1552912235250736791
100	1	4121	1552912235251002727
1	1	4121	1552912235759817869
100	1	4121	1552912235760119118
1	1	4121	1552912236271247586
100	1	4121	1552912236271494356
1	1	4121	1552912236781137256
100	1	4121	1552912236781391786
1	1	4121	1552912237289154379
100	1	4121	1552912237289461878
1	0	4121	1552912237797427804
100	0	4121	1552912237797698949
1	0	4121	1552912238305675448
100	0	4121	1552912238305936384
1	0	4121	1552912238815339649
100	0	4121	1552912238815633346
1	0	4121	1552912239325198955
100	0	4121	1552912239325452860
1	0	4121	1552912239835488310
100	0	4121	1552912239835773570
1	0	4121	1552912240347290057
100	0	4121	1552912240347588598
1	0	4121	1552912240858274203
100	0	4121	1552912240858549983
1	0	4121	1552912241366469190
100	0	4121	1552912241366734554
1	0	4121	1552912241875226936
100	0	4121	1552912241875595269
1	0	4121	1552912242384621191
100	0	4121	1552912242384882180
1	0	4121	1552912242893482322
100	0	4121	1552912242893720915
1	0	4121	1552912243401915747
100	0	4121	1552912243402227569
1	0	4121	1552912243910619379
100	0	4121	1552912243910965367
1	0	4121	1552912244417867182
100	0	4121	1552912244418247337
1	0	4121	1552912244925660764
100	0	4121	1552912244926076909
1	0	4121	1552912245434483927
100	0	4121	1552912245434782884
1	0	4121	1552912245942496884
100	0	4121	1552912245942751414
1	0	4121	1552912246452549261
100	0	4121	1552912246452841865
1	0	4121	1552912246964162363
100	0	4121	1552912246964433873
1	0	4121	1552912247477580407
100	0	4121	1552912247477845510
1	0	4121	1552912247987343046
100	0	4121	1552912247987659295
1	0	4121	1552912248497039747
100	0	4121	1552912248497294226
1	0	4121	1552912249006450616
100	0	4121	1552912249006745980
1	0	4121	1552912249515205758
100	0	4121	1552912249515477841
1	0	4121	1552912250024367878
100	0	4121	1552912250024624075
1	0	4121	1552912250533058906
100	0	4121	1552912250533352655
1	0	4121	1552912251043287377
100	0	4121	1552912251043547063
1	0	4121	1552912251552383872
100	0	4121	1552912251552630381
1	0	4121	1552912252061743908
100	0	4121	1552912252062039584
1	0	4121	1552912252570892590
100	0	4121	1552912252571145923
1	0	4121	1552912253079775128
100	0	4121	1552912253080058512
1	0	4121	1552912253589390371
100	0	4121	1552912253589680787
1	0	4121	1552912254098700980
100	0	4121	1552912254099024781
1	0	4121	1552912254607700549
100	0	4121	1552912254607962423
