1	1	4321	1552913272017436212
100	1	4321	1552913272017689441
1	1	4321	1552913272528356295
100	1	4321	1552913272529090824
1	1	4321	1552913273039270025
100	1	4321	1552913273039387212
1	1	4321	1552913273550859741
100	1	4321	1552913273551259271
1	1	4321	1552913274060812067
100	1	4321	1552913274060995869
1	1	4321	1552913274572378034
100	1	4321	1552913274572486262
1	1	4321	1552913275084645300
100	0	4321	1552913275084755821
1	0	4321	1552913275594676845
100	0	4321	1552913275595126739
1	0	4321	1552913276106004270
100	0	4321	1552913276106147082
1	0	4321	1552913276617921590
100	0	4321	1552913276618307787
1	0	4321	1552913277129255370
100	0	4321	1552913277129396828
1	0	4321	1552913277640323161
100	0	4321	1552913277640418525
1	0	4321	1552913278151672253
100	0	4321	1552913278152044127
1	0	4321	1552913278663223272
100	0	4321	1552913278663329313
1	0	4321	1552913279174030335
100	0	4321	1552913279174226792
1	0	4321	1552913279686070206
100	0	4321	1552913279686157654
1	0	4321	1552913280197523308
100	0	4321	1552913280197821016
1	0	4321	1552913280709174327
100	0	4321	1552913280709435889
1	0	4321	1552913281220817585
100	0	4321	1552913281220944876
1	0	4321	1552913281732692873
100	0	4321	1552913281733025112
1	0	4321	1552913282245104306
100	0	4321	1552913282245357691
1	0	4321	1552913282757199438
100	0	4321	1552913282757439176
1	0	4321	1552913283268718998
100	0	4321	1552913283269090247
1	0	4321	1552913283780533141
100	0	4321	1552913283780626526
1	0	4321	1552913284292000670
100	0	4321	1552913284292085774
1	0	4321	1552913284803650439
100	0	4321	1552913284803949969
1	0	4321	1552913285314254586
100	0	4321	1552913285314352658
1	0	4321	1552913285824287797
100	0	4321	1552913285824544879
1	0	4321	1552913286338600109
100	0	4321	1552913286338712608
1	0	4321	1552913286850018159
100	0	4321	1552913286850106857
1	0	4321	1552913287360800639
100	0	4321	1552913287360907305
1	0	4321	1552913287873353946
100	0	4321	1552913287873460248
1	0	4321	1552913288385209391
100	0	4321	1552913288385299338
1	0	4321	1552913288896318484
100	0	4321	1552913288896615983
1	0	4321	1552913289408210699
100	0	4321	1552913289408316376
1	0	4321	1552913289919303543
100	0	4321	1552913289919386199
1	0	4321	1552913290429645034
100	0	4321	1552913290429933054
1	0	4321	1552913290940516263
100	0	4321	1552913290940624284
1	0	4321	1552913291452088844
100	0	4321	1552913291452178323
1	0	4321	1552913291963833300
100	0	4321	1552913291963926008
1	0	4321	1552913292475777130
100	0	4321	1552913292476078692
1	0	4321	1552913292987361690
100	0	4321	1552913292987447002
1	0	4321	1552913293498005733
100	0	4321	1552913293498294690
1	0	4321	1552913294010044719
100	0	4321	1552913294010148937
1	0	4321	1552913294520931260
100	0	4321	1552913294521205062
1	0	4321	1552913295031527126
100	0	4321	1552913295031799000
1	0	4321	1552913295542960697
100	0	4321	1552913295543262675
1	0	4321	1552913296053748072
100	0	4321	1552913296054008332
1	0	4321	1552913296565095811
100	0	4321	1552913296565361695
1	0	4321	1552913297077007297
100	0	4321	1552913297077121463
1	0	4321	1552913297588177952
100	0	4321	1552913297588284671
1	0	4321	1552913298099562045
100	0	4321	1552913298099650690
1	0	4321	1552913298611278427
100	0	4321	1552913298611576343
1	0	4321	1552913299121118931
100	0	4321	1552913299121224712
1	0	4321	1552913299632336982
100	0	4321	1552913299632633543
1	0	4321	1552913300143995656
100	0	4321	1552913300144254926
1	0	4321	1552913300656057767
100	0	4321	1552913300656152507
1	0	4321	1552913301168159982
100	0	4321	1552913301168455971
1	0	4321	1552913301679976573
100	0	4321	1552913301680234853
1	0	4321	1552913302191881236
100	0	4321	1552913302192146392
1	0	4321	1552913302703781369
100	0	4321	1552913302703899077
1	0	4321	1552913303214981347
100	0	4321	1552913303215092805
1	0	4321	1552913303726349293
100	0	4321	1552913303726643980
1	0	4321	1552913304238519998
100	0	4321	1552913304238873642
1	0	4321	1552913304750106537
100	0	4321	1552913304750390390
1	0	4321	1552913305260740996
100	0	4321	1552913305261033026
1	0	4321	1552913305773062481
100	0	4321	1552913305773361491
1	0	4321	1552913306283577201
100	0	4321	1552913306283832930
1	0	4321	1552913306794038640
100	0	4321	1552913306794292025
1	0	4321	1552913307305991741
100	0	4321	1552913307306106376
1	0	4321	1552913307817593697
100	1	4321	1552913307817724478
1	0	4321	1552913308328991956
100	0	4321	1552913308329273309
1	0	4321	1552913308839571519
100	0	4321	1552913308839873393
1	0	4321	1552913309351249569
100	0	4321	1552913309351521495
1	0	4321	1552913309862551578
100	0	4321	1552913309862825067
1	0	4321	1552913310374098222
100	0	4321	1552913310374197336
1	0	4321	1552913310886479394
100	0	4321	1552913310886784133
1	0	4321	1552913311398466089
100	0	4321	1552913311398720827
1	0	4321	1552913311909869920
100	0	4321	1552913311909976378
1	0	4321	1552913312421846094
100	0	4321	1552913312422137864
1	0	4321	1552913312933306592
100	0	4321	1552913312933561123
1	0	4321	1552913313444820163
100	0	4321	1552913313444942402
1	0	4321	1552913313956417588
100	0	4321	1552913313956524671
1	0	4321	1552913314518499226
100	0	4321	1552913314518622194
1	0	4321	1552913315032126905
100	0	4321	1552913315032424769
1	0	4321	1552913315544117610
100	0	4321	1552913315544237870
1	0	4321	1552913316055880763
100	0	4321	1552913316056169616
1	0	4321	1552913316566764492
100	0	4321	1552913316567083398
1	0	4321	1552913317079774204
100	0	4321	1552913317080044881
1	0	4321	1552913317592012929
100	0	4321	1552913317592102304
1	0	4321	1552913318103461344
100	0	4321	1552913318103564417
1	0	4321	1552913318615182883
100	0	4321	1552913318615269550
1	0	4321	1552913319131411127
100	0	4321	1552913319131517689
1	0	4321	1552913319643137093
100	0	4321	1552913319643239228
1	0	4321	1552913320154366862
100	0	4321	1552913320154461341
1	0	4321	1552913320666285849
100	0	4321	1552913320666587098
1	0	4321	1552913321178662907
100	0	4321	1552913321179015822
1	0	4321	1552913321690849652
100	0	4321	1552913321690935225
1	0	4321	1552913322201084634
100	0	4321	1552913322201375466
1	0	4321	1552913322713133099
100	0	4321	1552913322713238463
1	0	4321	1552913323223235633
100	0	4321	1552913323223511153
1	0	4321	1552913323735590190
100	0	4321	1552913323735882689
1	0	4321	1552913324247612926
100	0	4321	1552913324247715686
1	0	4321	1552913324759167903
100	0	4321	1552913324759447798
1	0	4321	1552913325271887356
100	0	4321	1552913325271999543
1	0	4321	1552913325783671186
100	0	4321	1552913325783951706
1	0	4321	1552913326295483819
100	0	4321	1552913326295570798
1	0	4321	1552913326806893171
100	0	4321	1552913326807000827
1	0	4321	1552913327318789866
100	0	4321	1552913327319117469
1	0	4321	1552913327831683485
100	0	4321	1552913327831782287
1	0	4321	1552913328343335857
100	0	4321	1552913328343635856
1	0	4321	1552913328855784321
100	0	4321	1552913328855883435
1	0	4321	1552913329367515652
100	0	4321	1552913329367803255
1	0	4321	1552913329879807189
100	0	4321	1552913329880098699
1	0	4321	1552913330391857633
100	0	4321	1552913330391990602
1	0	4321	1552913330903522870
100	0	4321	1552913330903607193
1	0	4321	1552913331416295135
100	0	4321	1552913331416585655
1	0	4321	1552913331927901206
100	0	4321	1552913331928159278
1	0	4321	1552913332439220819
100	0	4321	1552913332439484568
1	0	4321	1552913332952442510
100	0	4321	1552913332952757248
1	0	4321	1552913333464621495
100	0	4321	1552913333464728422
1	0	4321	1552913333976123712
100	0	4321	1552913333976426159
1	0	4321	1552913334488107542
100	0	4321	1552913334488211864
1	0	4321	1552913334999561478
100	0	4321	1552913334999846425
1	0	4321	1552913335511578380
100	0	4321	1552913335511852390
1	0	4321	1552913336024243770
100	0	4321	1552913336024521165
1	0	4321	1552913336534872605
100	0	4321	1552913336534960208
1	0	4321	1552913337048009816
100	0	4321	1552913337048091014
1	0	4321	1552913337558378651
100	0	4321	1552913337558699536
1	0	4321	1552913338071295551
100	0	4321	1552913338071550863
1	0	4321	1552913338584062555
100	0	4321	1552913338584150107
1	0	4321	1552913339095102326
100	0	4321	1552913339095432585
1	0	4321	1552913339606737042
100	0	4321	1552913339606844281
1	0	4321	1552913340118259051
100	0	4321	1552913340118538789
1	0	4321	1552913340631817094
100	0	4321	1552913340632117458
1	0	4321	1552913341143661602
100	0	4321	1552913341143967538
1	0	4321	1552913341656138190
100	0	4321	1552913341656439648
1	0	4321	1552913342168163010
100	0	4321	1552913342168461863
1	0	4321	1552913342679056791
100	0	4321	1552913342679184030
1	0	4321	1552913343192104628
100	0	4321	1552913343192224836
1	0	4321	1552913343703568616
100	0	4321	1552913343703850802
1	0	4321	1552913344215912653
100	0	4321	1552913344216172495
1	0	4321	1552913344727615546
100	0	4321	1552913344727919920
1	0	4321	1552913345239379741
100	0	4321	1552913345239647448
1	0	4321	1552913345751752059
100	0	4321	1552913345751847423
1	0	4321	1552913346270948418
100	0	4321	1552913346271059407
1	0	4321	1552913346787746347
100	0	4321	1552913346787840670
1	0	4321	1552913347297667371
100	0	4321	1552913347297940391
1	0	4321	1552913347809523076
100	0	4321	1552913347809821565
1	0	4321	1552913348321700916
100	0	4321	1552913348321789978
1	0	4321	1552913348833151935
100	0	4321	1552913348833241831
1	0	4321	1552913349342981293
100	0	4321	1552913349343092282
1	0	4321	1552913349853272367
100	0	4321	1552913349853364190
1	0	4321	1552913350365157135
100	0	4321	1552913350365432186
1	0	4321	1552913350877380756
100	0	4321	1552913350877493047
1	0	4321	1552913351389224690
100	0	4321	1552913351389513596
1	0	4321	1552913351903107160
100	0	4321	1552913351903359815
1	0	4321	1552913352414750366
100	0	4321	1552913352415061407
1	0	4321	1552913352926903362
100	0	4321	1552913352927176017
1	0	4321	1552913353439458857
100	0	4321	1552913353439712918
1	0	4321	1552913353951348937
100	0	4321	1552913353951461697
1	0	4321	1552913354462911935
100	0	4321	1552913354463197559
1	0	4321	1552913354975019827
100	0	4321	1552913354975301284
1	0	4321	1552913355487215791
100	0	4321	1552913355487516155
1	0	4321	1552913355999063267
100	0	4321	1552913355999362121
1	0	4321	1552913356511097514
100	0	4321	1552913356511363555
1	0	4321	1552913357023180770
100	0	4321	1552913357023485769
1	0	4321	1552913357534947726
100	0	4321	1552913357535200121
1	0	4321	1552913358046963066
100	0	4321	1552913358047212076
1	0	4321	1552913358558789865
100	0	4321	1552913358559145437
1	0	4321	1552913359067929381
100	0	4321	1552913359068191932
1	0	4321	1552913359582999139
100	0	4321	1552913359583251690
1	0	4321	1552913360095428644
100	0	4321	1552913360095546977
1	0	4321	1552913360607336901
100	0	4321	1552913360607424349
1	0	4321	1552913361119125992
100	0	4321	1552913361119403023
1	0	4321	1552913361631246853
100	0	4321	1552913361631555081
1	0	4321	1552913362143000163
100	0	4321	1552913362143081621
1	0	4321	1552913362654463890
100	0	4321	1552913362654767900
1	0	4321	1552913363170472707
100	0	4321	1552913363170641300
1	0	4321	1552913363681609821
100	0	4321	1552913363681734404
1	0	4321	1552913364192880476
100	0	4321	1552913364193025996
1	0	4321	1552913364704454828
100	0	4321	1552913364704873889
1	0	4321	1552913365215526161
100	0	4321	1552913365215885274
1	0	4321	1552913365727848948
100	0	4321	1552913365727996083
1	0	4321	1552913366238903458
100	0	4321	1552913366239422779
1	0	4321	1552913366751562025
100	0	4321	1552913366751830253
1	0	4321	1552913367263708146
100	0	4321	1552913367263817625
1	0	4321	1552913367773742034
100	0	4321	1552913367773901513
1	0	4321	1552913368285310553
100	0	4321	1552913368285402219
1	0	4321	1552913368797377091
100	0	4321	1552913368797706413
1	0	4321	1552913369309165921
100	0	4321	1552913369309252171
1	0	4321	1552913369821154699
100	0	4321	1552913369821421157
1	0	4321	1552913370333347383
100	0	4321	1552913370333460247
1	0	4321	1552913370843256948
100	0	4321	1552913370843535229
1	0	4321	1552913371354433801
100	0	4321	1552913371354520051
1	0	4321	1552913371864530137
100	0	4321	1552913371864866803
1	0	4321	1552913372374985587
100	0	4321	1552913372375079232
1	0	4321	1552913372888039413
100	0	4321	1552913372888313683
1	0	4321	1552913373400580845
100	0	4321	1552913373400712720
1	0	4321	1552913373941671457
100	0	4321	1552913373941774321
1	0	4321	1552913374524229592
100	0	4321	1552913374524335009
1	0	4321	1552913375035944100
100	0	4321	1552913375036054621
1	0	4321	1552913375548454751
100	0	4321	1552913375548781469
1	0	4321	1552913376060292748
100	0	4321	1552913376060565976
1	0	4321	1552913376573038867
100	0	4321	1552913376573144179
1	0	4321	1552913377086718629
100	0	4321	1552913377086810921
1	0	4321	1552913377599766831
100	0	4321	1552913377600049538
1	0	4321	1552913378112791334
100	0	4321	1552913378112904355
1	0	4321	1552913378624784852
100	0	4321	1552913378625065580
1	0	4321	1552913379135524102
100	0	4321	1552913379135790351
1	0	4321	1552913379648312304
100	0	4321	1552913379648740532
1	0	4321	1552913380160164572
100	0	4321	1552913380160282228
1	0	4321	1552913380672714963
100	0	4321	1552913380672819650
1	0	4321	1552913381184747074
100	0	4321	1552913381185039364
1	0	4321	1552913381696871632
100	0	4321	1552913381696978715
1	0	4321	1552913382207525623
100	0	4321	1552913382207625570
1	0	4321	1552913382717386126
100	0	4321	1552913382717665656
1	0	4321	1552913383241314293
100	0	4321	1552913383241403094
1	0	4321	1552913383754978638
100	0	4321	1552913383755283377
1	0	4321	1552913384266484396
100	0	4321	1552913384266594188
1	0	4321	1552913384777818593
100	0	4321	1552913384777950259
1	0	4321	1552913385286686652
100	0	4321	1552913385286986130
1	0	4321	1552913385798293660
100	0	4321	1552913385798384961
1	0	4321	1552913386309473430
100	0	4321	1552913386309563065
1	0	4321	1552913386821870852
100	0	4321	1552913386821984133
1	0	4321	1552913387333724474
100	0	4321	1552913387333828849
1	0	4321	1552913387845706272
100	0	4321	1552913387845989501
1	0	4321	1552913388358055205
100	0	4321	1552913388358353850
1	0	4321	1552913388869475391
100	0	4321	1552913388869736953
1	0	4321	1552913389381633283
100	0	4321	1552913389381880261
1	0	4321	1552913389894079716
100	0	4321	1552913389894381277
1	0	4321	1552913390405680474
100	0	4321	1552913390405768234
1	0	4321	1552913390917963834
100	0	4321	1552913390918223208
1	0	4321	1552913391430073445
100	0	4321	1552913391430375683
1	0	4321	1552913391941115038
100	0	4321	1552913391941380558
1	0	4321	1552913392453377408
100	0	4321	1552913392453628241
1	0	4321	1552913392965209937
100	0	4321	1552913392965505248
1	0	4321	1552913393477474703
100	0	4321	1552913393477735640
1	0	4321	1552913393989273586
100	0	4321	1552913393989568689
1	0	4321	1552913394501904757
100	0	4321	1552913394502015278
1	0	4321	1552913395013534213
100	0	4321	1552913395013820046
1	0	4321	1552913395525782001
100	0	4321	1552913395525868823
1	0	4321	1552913396037822393
100	0	4321	1552913396038121506
1	0	4321	1552913396549447734
100	0	4321	1552913396549701900
1	0	4321	1552913397061429481
100	0	4321	1552913397061702553
1	0	4321	1552913397572252169
100	0	4321	1552913397572576751
1	0	4321	1552913398085528442
100	0	4321	1552913398085618286
1	0	4321	1552913398597535189
100	0	4321	1552913398597806907
1	0	4321	1552913399109909174
100	0	4321	1552913399110208912
1	0	4321	1552913399621029569
100	0	4321	1552913399621290609
1	0	4321	1552913400133489595
100	0	4321	1552913400133741365
1	0	4321	1552913400645866444
100	0	4321	1552913400645974517
1	0	4321	1552913401157754858
100	0	4321	1552913401158050117
1	0	4321	1552913401666872655
100	0	4321	1552913401666983019
1	0	4321	1552913402180102783
100	0	4321	1552913402180213616
1	0	4321	1552913402693566608
100	0	4321	1552913402693844003
1	0	4321	1552913403205792833
100	0	4321	1552913403206092364
1	0	4321	1552913403717450935
100	0	4321	1552913403717714215
1	0	4321	1552913404229176953
100	0	4321	1552913404229283724
1	0	4321	1552913404744697751
100	0	4321	1552913404744996135
1	0	4321	1552913405256204551
100	0	4321	1552913405256308144
1	0	4321	1552913405767250051
100	0	4321	1552913405767523852
1	0	4321	1552913406278978673
100	0	4321	1552913406279276328
1	0	4321	1552913406789435945
100	0	4321	1552913406789692246
1	0	4321	1552913407301549410
100	0	4321	1552913407301795086
1	0	4321	1552913407813788656
100	0	4321	1552913407814085842
1	0	4321	1552913408325673528
100	0	4321	1552913408325966235
1	0	4321	1552913408837516004
100	0	4321	1552913408837772565
1	0	4321	1552913409349486448
100	0	4321	1552913409349594885
1	0	4321	1552913409861570174
100	0	4321	1552913409861655277
1	0	4321	1552913410373425618
100	0	4321	1552913410373706138
1	0	4321	1552913410884983043
100	0	4321	1552913410885093928
1	0	4321	1552913411398310463
100	0	4321	1552913411398631868
1	0	4321	1552913411910069397
100	0	4321	1552913411910328563
1	0	4321	1552913412421743072
100	0	4321	1552913412421850520
1	0	4321	1552913412933538569
100	0	4321	1552913412933629454
1	0	4321	1552913413445713284
100	1	4321	1552913413445818909
1	1	4321	1552913413956912377
100	1	4321	1552913413957189042
1	1	4321	1552913414468998706
100	1	4321	1552913414469087352
1	1	4321	1552913414979867644
100	1	4321	1552913414980152695
1	0	4321	1552913415491926369
100	1	4321	1552913415492035796
1	1	4321	1552913416003905876
100	1	4321	1552913416004176761
1	0	4321	1552913416516263455
100	0	4321	1552913416516570850
1	0	4321	1552913417029338740
100	0	4321	1552913417029635301
1	0	4321	1552913417541245538
100	0	4321	1552913417541332205
1	0	4321	1552913418050670627
100	0	4321	1552913418050753283
1	0	4321	1552913418561502429
100	0	4321	1552913418561808261
1	0	4321	1552913419072224909
100	0	4321	1552913419072503970
1	0	4321	1552913419584853997
100	0	4321	1552913419584936444
1	0	4321	1552913420094786010
100	0	4321	1552913420095081166
1	0	4321	1552913420604494066
100	0	4321	1552913420604781149
1	0	4321	1552913421116129095
100	0	4321	1552913421116215084
1	0	4321	1552913421628261310
100	0	4321	1552913421628367976
1	0	4321	1552913422139324466
100	0	4321	1552913422139621808
1	0	4321	1552913422652719801
100	0	4321	1552913422652823030
1	0	4321	1552913423164422174
100	0	4321	1552913423164745506
1	0	4321	1552913423676699701
100	0	4321	1552913423676952564
1	0	4321	1552913424188736655
100	0	4321	1552913424188820041
1	0	4321	1552913424704399953
100	0	4321	1552913424704711045
1	0	4321	1552913425216635448
100	0	4321	1552913425216886281
1	0	4321	1552913425728336623
100	0	4321	1552913425728667924
1	0	4321	1552913426239189258
100	0	4321	1552913426239274727
1	0	4321	1552913426750651684
100	0	4321	1552913426750754444
1	0	4321	1552913427262551451
100	0	4321	1552913427262850982
1	0	4321	1552913427774247157
100	0	4321	1552913427774334709
1	0	4321	1552913428286226560
100	0	4321	1552913428286536194
1	0	4321	1552913428798570597
100	0	4321	1552913428798891325
1	0	4321	1552913429311198123
100	0	4321	1552913429311456143
1	0	4321	1552913429822426695
100	0	4321	1552913429822690860
1	0	4321	1552913430332115115
100	0	4321	1552913430332430479
1	0	4321	1552913430844754880
100	0	4321	1552913430845026546
1	0	4321	1552913431355270955
100	0	4321	1552913431355360173
1	0	4321	1552913431869550923
100	0	4321	1552913431869850193
1	0	4321	1552913432382571416
100	0	4321	1552913432382833811
1	0	4321	1552913432893525301
100	0	4321	1552913432893610405
1	0	4321	1552913433405999598
100	0	4321	1552913433406297097
1	0	4321	1552913433943200639
100	0	4321	1552913433943499857
1	0	4321	1552913434523249876
100	0	4321	1552913434523358834
1	0	4321	1552913435033295952
100	0	4321	1552913435033620795
1	0	4321	1552913435545078689
100	0	4321	1552913435545170615
1	0	4321	1552913436056421323
100	0	4321	1552913436056703718
1	0	4321	1552913436568732599
100	0	4321	1552913436568868536
1	0	4321	1552913437080362941
100	0	4321	1552913437080470753
1	0	4321	1552913437591618648
100	0	4321	1552913437591719846
1	0	4321	1552913438103424770
100	0	4321	1552913438103723571
1	0	4321	1552913438615344017
100	0	4321	1552913438615595266
1	0	4321	1552913439127038525
100	0	4321	1552913439127141128
1	0	4321	1552913439637732619
100	0	4321	1552913439637841785
1	0	4321	1552913440149150774
100	0	4321	1552913440149422596
1	0	4321	1552913440660662938
100	0	4321	1552913440660754605
1	0	4321	1552913441170735681
100	0	4321	1552913441171038284
1	0	4321	1552913441682790448
100	0	4321	1552913441682882843
