1	1	4321	1552913272017436212
100	1	4321	1552913272017689441
1	1	4321	1552913272528356295
230	0	4320	1552913272528802700
230	0	4320	1552913272528930669
230	0	4320	1552913272528954054
230	0	4320	1552913272528973168
230	0	4320	1552913272529021450
100	1	4321	1552913272529090824
1	1	4321	1552913273039270025
100	1	4321	1552913273039387212
1	1	4321	1552913273550859741
230	0	4320	1552913273551027032
230	0	4320	1552913273551067084
230	0	4320	1552913273551104636
230	0	4320	1552913273551124740
230	0	4320	1552913273551143334
100	1	4321	1552913273551259271
1	1	4321	1552913274060812067
100	1	4321	1552913274060995869
1	1	4321	1552913274572378034
100	1	4321	1552913274572486262
1	1	4321	1552913275084645300
100	0	4321	1552913275084755821
1	0	4321	1552913275594676845
230	0	4320	1552913275594904188
230	0	4320	1552913275594928771
230	0	4320	1552913275595001218
230	0	4320	1552913275595021479
230	0	4320	1552913275595040593
100	0	4321	1552913275595126739
1	0	4321	1552913276106004270
100	0	4321	1552913276106147082
1	0	4321	1552913276617921590
230	0	4320	1552913276618093568
230	0	4320	1552913276618117631
230	0	4320	1552913276618156693
230	0	4320	1552913276618177058
230	0	4320	1552913276618214818
100	0	4321	1552913276618307787
1	0	4321	1552913277129255370
100	0	4321	1552913277129396828
1	0	4321	1552913277640323161
100	0	4321	1552913277640418525
1	0	4321	1552913278151672253
230	0	4320	1552913278151912461
230	0	4320	1552913278151937096
230	0	4320	1552913278151956367
230	0	4320	1552913278151977565
230	0	4320	1552913278151995429
100	0	4321	1552913278152044127
1	0	4321	1552913278663223272
100	0	4321	1552913278663329313
1	0	4321	1552913279174030335
100	0	4321	1552913279174226792
1	0	4321	1552913279686070206
100	0	4321	1552913279686157654
1	0	4321	1552913280197523308
230	0	4320	1552913280197689402
230	0	4320	1552913280197714349
230	0	4320	1552913280197732839
230	0	4320	1552913280197752162
230	0	4320	1552913280197768516
100	0	4321	1552913280197821016
1	0	4321	1552913280709174327
230	0	4320	1552913280709309535
230	0	4320	1552913280709333128
230	0	4320	1552913280709350785
230	0	4320	1552913280709370212
230	0	4320	1552913280709386930
100	0	4321	1552913280709435889
1	0	4321	1552913281220817585
100	0	4321	1552913281220944876
1	0	4321	1552913281732692873
230	0	4320	1552913281732876727
230	0	4320	1552913281732900789
230	0	4320	1552913281732919591
230	0	4320	1552913281732938081
230	0	4320	1552913281732972977
100	0	4321	1552913281733025112
1	0	4321	1552913282245104306
230	0	4320	1552913282245233160
230	0	4320	1552913282245255868
230	0	4320	1552913282245275347
230	0	4320	1552913282245293524
230	0	4320	1552913282245311232
100	0	4321	1552913282245357691
1	0	4321	1552913282757199438
230	0	4320	1552913282757324594
230	0	4320	1552913282757344229
230	0	4320	1552913282757360843
230	0	4320	1552913282757377718
230	0	4320	1552913282757393187
100	0	4321	1552913282757439176
1	0	4321	1552913283268718998
230	0	4320	1552913283268939779
230	0	4320	1552913283268983893
230	0	4320	1552913283269002435
230	0	4320	1552913283269020820
230	0	4320	1552913283269038164
100	0	4321	1552913283269090247
1	0	4321	1552913283780533141
100	0	4321	1552913283780626526
1	0	4321	1552913284292000670
100	0	4321	1552913284292085774
1	0	4321	1552913284803650439
230	0	4320	1552913284803822365
230	0	4320	1552913284803844292
230	0	4320	1552913284803864136
230	0	4320	1552913284803881532
230	0	4320	1552913284803897626
100	0	4321	1552913284803949969
1	0	4321	1552913285314254586
100	0	4321	1552913285314352658
1	0	4321	1552913285824287797
230	0	4320	1552913285824422901
230	0	4320	1552913285824446338
230	0	4320	1552913285824464359
230	0	4320	1552913285824481702
230	0	4320	1552913285824497848
100	0	4321	1552913285824544879
1	0	4321	1552913286338600109
100	0	4321	1552913286338712608
1	0	4321	1552913286850018159
100	0	4321	1552913286850106857
1	0	4321	1552913287360800639
100	0	4321	1552913287360907305
1	0	4321	1552913287873353946
100	0	4321	1552913287873460248
1	0	4321	1552913288385209391
100	0	4321	1552913288385299338
1	0	4321	1552913288896318484
230	0	4320	1552913288896463848
230	0	4320	1552913288896486921
230	0	4320	1552913288896505671
230	0	4320	1552913288896546556
230	0	4320	1552913288896566348
100	0	4321	1552913288896615983
1	0	4321	1552913289408210699
100	0	4321	1552913289408316376
1	0	4321	1552913289919303543
100	0	4321	1552913289919386199
1	0	4321	1552913290429645034
230	0	4320	1552913290429805971
230	0	4320	1552913290429828575
230	0	4320	1552913290429847794
230	0	4320	1552913290429864773
230	0	4320	1552913290429882117
100	0	4321	1552913290429933054
1	0	4321	1552913290940516263
100	0	4321	1552913290940624284
1	0	4321	1552913291452088844
100	0	4321	1552913291452178323
1	0	4321	1552913291963833300
100	0	4321	1552913291963926008
1	0	4321	1552913292475777130
230	0	4320	1552913292475947129
230	0	4320	1552913292475969890
230	0	4320	1552913292475988848
230	0	4320	1552913292476005775
230	0	4320	1552913292476022285
100	0	4321	1552913292476078692
1	0	4321	1552913292987361690
100	0	4321	1552913292987447002
1	0	4321	1552913293498005733
230	0	4320	1552913293498169795
230	0	4320	1552913293498192972
230	0	4320	1552913293498210211
230	0	4320	1552913293498228180
230	0	4320	1552913293498244274
100	0	4321	1552913293498294690
1	0	4321	1552913294010044719
100	0	4321	1552913294010148937
1	0	4321	1552913294520931260
230	0	4320	1552913294521079749
230	0	4320	1552913294521101729
230	0	4320	1552913294521121624
230	0	4320	1552913294521139489
230	0	4320	1552913294521155687
100	0	4321	1552913294521205062
1	0	4321	1552913295031527126
230	0	4320	1552913295031676553
230	0	4320	1552913295031697594
230	0	4320	1552913295031715823
230	0	4320	1552913295031734261
230	0	4320	1552913295031750042
100	0	4321	1552913295031799000
1	0	4321	1552913295542960697
230	0	4320	1552913295543133561
230	0	4320	1552913295543160124
230	0	4320	1552913295543178769
230	0	4320	1552913295543195957
230	0	4320	1552913295543212623
100	0	4321	1552913295543262675
1	0	4321	1552913296053748072
230	0	4320	1552913296053882864
230	0	4320	1552913296053905832
230	0	4320	1552913296053923437
230	0	4320	1552913296053942030
230	0	4320	1552913296053960259
100	0	4321	1552913296054008332
1	0	4321	1552913296565095811
230	0	4320	1552913296565242633
230	0	4320	1552913296565262477
230	0	4320	1552913296565281748
230	0	4320	1552913296565298727
230	0	4320	1552913296565314456
100	0	4321	1552913296565361695
1	0	4321	1552913297077007297
100	0	4321	1552913297077121463
1	0	4321	1552913297588177952
100	0	4321	1552913297588284671
1	0	4321	1552913298099562045
100	0	4321	1552913298099650690
1	0	4321	1552913298611278427
230	0	4320	1552913298611445979
230	0	4320	1552913298611467906
230	0	4320	1552913298611485979
230	0	4320	1552913298611504781
230	0	4320	1552913298611525458
100	0	4321	1552913298611576343
1	0	4321	1552913299121118931
100	0	4321	1552913299121224712
1	0	4321	1552913299632336982
230	0	4320	1552913299632500888
230	0	4320	1552913299632525106
230	0	4320	1552913299632544117
230	0	4320	1552913299632561460
230	0	4320	1552913299632578700
100	0	4321	1552913299632633543
1	0	4321	1552913300143995656
230	0	4320	1552913300144132791
230	0	4320	1552913300144156177
230	0	4320	1552913300144173416
230	0	4320	1552913300144191541
230	0	4320	1552913300144207635
100	0	4321	1552913300144254926
1	0	4321	1552913300656057767
100	0	4321	1552913300656152507
1	0	4321	1552913301168159982
230	0	4320	1552913301168325867
230	0	4320	1552913301168348732
230	0	4320	1552913301168367117
230	0	4320	1552913301168385971
230	0	4320	1552913301168404461
100	0	4321	1552913301168455971
1	0	4321	1552913301679976573
230	0	4320	1552913301680109489
230	0	4320	1552913301680130427
230	0	4320	1552913301680151781
230	0	4320	1552913301680169593
230	0	4320	1552913301680187093
100	0	4321	1552913301680234853
1	0	4321	1552913302191881236
230	0	4320	1552913302192024413
230	0	4320	1552913302192046340
230	0	4320	1552913302192063111
230	0	4320	1552913302192079986
230	0	4320	1552913302192096236
100	0	4321	1552913302192146392
1	0	4321	1552913302703781369
100	0	4321	1552913302703899077
1	0	4321	1552913303214981347
100	0	4321	1552913303215092805
1	0	4321	1552913303726349293
230	0	4320	1552913303726517157
230	0	4320	1552913303726538824
230	0	4320	1552913303726558668
230	0	4320	1552913303726575543
230	0	4320	1552913303726592157
100	0	4321	1552913303726643980
1	0	4321	1552913304238519998
230	0	4320	1552913304238687862
230	0	4320	1552913304238712653
230	0	4320	1552913304238733434
230	0	4320	1552913304238771611
230	0	4320	1552913304238789632
100	0	4321	1552913304238873642
1	0	4321	1552913304750106537
230	0	4320	1552913304750238828
230	0	4320	1552913304750262318
230	0	4320	1552913304750279349
230	0	4320	1552913304750296120
230	0	4320	1552913304750311953
100	0	4321	1552913304750390390
1	0	4321	1552913305260740996
230	0	4320	1552913305260907662
230	0	4320	1552913305260932141
230	0	4320	1552913305260950371
230	0	4320	1552913305260967766
230	0	4320	1552913305260983547
100	0	4321	1552913305261033026
1	0	4321	1552913305773062481
230	0	4320	1552913305773232429
230	0	4320	1552913305773258210
230	0	4320	1552913305773278001
230	0	4320	1552913305773295814
230	0	4320	1552913305773311907
100	0	4321	1552913305773361491
1	0	4321	1552913306283577201
230	0	4320	1552913306283710117
230	0	4320	1552913306283730117
230	0	4320	1552913306283750951
230	0	4320	1552913306283768867
230	0	4320	1552913306283784336
100	0	4321	1552913306283832930
1	0	4321	1552913306794038640
230	0	4320	1552913306794168067
230	0	4320	1552913306794188275
230	0	4320	1552913306794205931
230	0	4320	1552913306794222494
230	0	4320	1552913306794239525
100	0	4321	1552913306794292025
1	0	4321	1552913307305991741
100	0	4321	1552913307306106376
1	0	4321	1552913307817593697
100	1	4321	1552913307817724478
1	0	4321	1552913308328991956
230	0	4320	1552913308329143987
230	0	4320	1552913308329167528
230	0	4320	1552913308329187476
230	0	4320	1552913308329205080
230	0	4320	1552913308329222632
100	0	4321	1552913308329273309
1	0	4321	1552913308839571519
230	0	4320	1552913308839739488
230	0	4320	1552913308839763498
230	0	4320	1552913308839782560
230	0	4320	1552913308839801414
230	0	4320	1552913308839819643
100	0	4321	1552913308839873393
1	0	4321	1552913309351249569
230	0	4320	1552913309351398318
230	0	4320	1552913309351421808
230	0	4320	1552913309351440766
230	0	4320	1552913309351457224
230	0	4320	1552913309351472641
100	0	4321	1552913309351521495
1	0	4321	1552913309862551578
230	0	4320	1552913309862686057
230	0	4320	1552913309862706838
230	0	4320	1552913309862723348
230	0	4320	1552913309862759963
230	0	4320	1552913309862778869
100	0	4321	1552913309862825067
1	0	4321	1552913310374098222
100	0	4321	1552913310374197336
1	0	4321	1552913310886479394
230	0	4320	1552913310886636477
230	0	4320	1552913310886660435
230	0	4320	1552913310886680487
230	0	4320	1552913310886698508
230	0	4320	1552913310886714185
100	0	4321	1552913310886784133
1	0	4321	1552913311398466089
230	0	4320	1552913311398600411
230	0	4320	1552913311398624109
230	0	4320	1552913311398641088
230	0	4320	1552913311398657546
230	0	4320	1552913311398674525
100	0	4321	1552913311398720827
1	0	4321	1552913311909869920
100	0	4321	1552913311909976378
1	0	4321	1552913312421846094
230	0	4320	1552913312422014427
230	0	4320	1552913312422037083
230	0	4320	1552913312422056458
230	0	4320	1552913312422074374
230	0	4320	1552913312422090885
100	0	4321	1552913312422137864
1	0	4321	1552913312933306592
230	0	4320	1552913312933438727
230	0	4320	1552913312933460654
230	0	4320	1552913312933479612
230	0	4320	1552913312933496539
230	0	4320	1552913312933513987
100	0	4321	1552913312933561123
1	0	4321	1552913313444820163
100	0	4321	1552913313444942402
1	0	4321	1552913313956417588
100	0	4321	1552913313956524671
1	0	4321	1552913314518499226
100	0	4321	1552913314518622194
1	0	4321	1552913315032126905
230	0	4320	1552913315032293206
230	0	4320	1552913315032316904
230	0	4320	1552913315032334560
230	0	4320	1552913315032356279
230	0	4320	1552913315032374040
100	0	4321	1552913315032424769
1	0	4321	1552913315544117610
100	0	4321	1552913315544237870
1	0	4321	1552913316055880763
230	0	4320	1552913316056042273
230	0	4320	1552913316056064304
230	0	4320	1552913316056081804
230	0	4320	1552913316056102429
230	0	4320	1552913316056119096
100	0	4321	1552913316056169616
1	0	4321	1552913316566764492
230	0	4320	1552913316566947200
230	0	4320	1552913316566973242
230	0	4320	1552913316566992981
230	0	4320	1552913316567010585
230	0	4320	1552913316567027512
100	0	4321	1552913316567083398
1	0	4321	1552913317079774204
230	0	4320	1552913317079921287
230	0	4320	1552913317079943579
230	0	4320	1552913317079960402
230	0	4320	1552913317079980818
230	0	4320	1552913317079996912
100	0	4321	1552913317080044881
1	0	4321	1552913317592012929
100	0	4321	1552913317592102304
1	0	4321	1552913318103461344
100	0	4321	1552913318103564417
1	0	4321	1552913318615182883
100	0	4321	1552913318615269550
1	0	4321	1552913319131411127
100	0	4321	1552913319131517689
1	0	4321	1552913319643137093
100	0	4321	1552913319643239228
1	0	4321	1552913320154366862
100	0	4321	1552913320154461341
1	0	4321	1552913320666285849
230	0	4320	1552913320666455327
230	0	4320	1552913320666478765
230	0	4320	1552913320666497150
230	0	4320	1552913320666515900
230	0	4320	1552913320666533452
100	0	4321	1552913320666587098
1	0	4321	1552913321178662907
230	0	4320	1552913321178880666
230	0	4320	1552913321178905666
230	0	4320	1552913321178924677
230	0	4320	1552913321178942541
230	0	4320	1552913321178963947
100	0	4321	1552913321179015822
1	0	4321	1552913321690849652
100	0	4321	1552913321690935225
1	0	4321	1552913322201084634
230	0	4320	1552913322201244581
230	0	4320	1552913322201267654
230	0	4320	1552913322201286404
230	0	4320	1552913322201303227
230	0	4320	1552913322201322029
100	0	4321	1552913322201375466
1	0	4321	1552913322713133099
100	0	4321	1552913322713238463
1	0	4321	1552913323223235633
230	0	4320	1552913323223384799
230	0	4320	1552913323223407299
230	0	4320	1552913323223426830
230	0	4320	1552913323223446309
230	0	4320	1552913323223462924
100	0	4321	1552913323223511153
1	0	4321	1552913323735590190
230	0	4320	1552913323735754200
230	0	4320	1552913323735776596
230	0	4320	1552913323735795919
230	0	4320	1552913323735813315
230	0	4320	1552913323735831752
100	0	4321	1552913323735882689
1	0	4321	1552913324247612926
100	0	4321	1552913324247715686
1	0	4321	1552913324759167903
230	0	4320	1552913324759319518
230	0	4320	1552913324759343528
230	0	4320	1552913324759362903
230	0	4320	1552913324759380403
230	0	4320	1552913324759397121
100	0	4321	1552913324759447798
1	0	4321	1552913325271887356
100	0	4321	1552913325271999543
1	0	4321	1552913325783671186
230	0	4320	1552913325783823009
230	0	4320	1552913325783846238
230	0	4320	1552913325783866290
230	0	4320	1552913325783883634
230	0	4320	1552913325783899623
100	0	4321	1552913325783951706
1	0	4321	1552913326295483819
100	0	4321	1552913326295570798
1	0	4321	1552913326806893171
100	0	4321	1552913326807000827
1	0	4321	1552913327318789866
230	0	4320	1552913327318990178
230	0	4320	1552913327319011897
230	0	4320	1552913327319031793
230	0	4320	1552913327319048615
230	0	4320	1552913327319068459
100	0	4321	1552913327319117469
1	0	4321	1552913327831683485
100	0	4321	1552913327831782287
1	0	4321	1552913328343335857
230	0	4320	1552913328343504919
230	0	4320	1552913328343527055
230	0	4320	1552913328343546482
230	0	4320	1552913328343567836
230	0	4320	1552913328343584242
100	0	4321	1552913328343635856
1	0	4321	1552913328855784321
100	0	4321	1552913328855883435
1	0	4321	1552913329367515652
230	0	4320	1552913329367674193
230	0	4320	1552913329367697214
230	0	4320	1552913329367716432
230	0	4320	1552913329367735078
230	0	4320	1552913329367752370
100	0	4321	1552913329367803255
1	0	4321	1552913329879807189
230	0	4320	1552913329879971043
230	0	4320	1552913329879993751
230	0	4320	1552913329880013334
230	0	4320	1552913329880030990
230	0	4320	1552913329880048959
100	0	4321	1552913329880098699
1	0	4321	1552913330391857633
100	0	4321	1552913330391990602
1	0	4321	1552913330903522870
100	0	4321	1552913330903607193
1	0	4321	1552913331416295135
230	0	4320	1552913331416459666
230	0	4320	1552913331416482218
230	0	4320	1552913331416501072
230	0	4320	1552913331416517635
230	0	4320	1552913331416533520
100	0	4321	1552913331416585655
1	0	4321	1552913331927901206
230	0	4320	1552913331928033914
230	0	4320	1552913331928056570
230	0	4320	1552913331928074799
230	0	4320	1552913331928092351
230	0	4320	1552913331928109070
100	0	4321	1552913331928159278
1	0	4321	1552913332439220819
230	0	4320	1552913332439366079
230	0	4320	1552913332439386131
230	0	4320	1552913332439403162
230	0	4320	1552913332439422485
230	0	4320	1552913332439438527
100	0	4321	1552913332439484568
1	0	4321	1552913332952442510
230	0	4320	1552913332952606572
230	0	4320	1552913332952629697
230	0	4320	1552913332952650009
230	0	4320	1552913332952688030
230	0	4320	1552913332952705582
100	0	4321	1552913332952757248
1	0	4321	1552913333464621495
100	0	4321	1552913333464728422
1	0	4321	1552913333976123712
230	0	4320	1552913333976288711
230	0	4320	1552913333976312201
230	0	4320	1552913333976332670
230	0	4320	1552913333976350534
230	0	4320	1552913333976367045
100	0	4321	1552913333976426159
1	0	4321	1552913334488107542
100	0	4321	1552913334488211864
1	0	4321	1552913334999561478
230	0	4320	1552913334999714133
230	0	4320	1552913334999737414
230	0	4320	1552913334999757050
230	0	4320	1552913334999774810
230	0	4320	1552913334999794498
100	0	4321	1552913334999846425
1	0	4321	1552913335511578380
230	0	4320	1552913335511727130
230	0	4320	1552913335511748119
230	0	4320	1552913335511765150
230	0	4320	1552913335511785098
230	0	4320	1552913335511801296
100	0	4321	1552913335511852390
1	0	4321	1552913336024243770
230	0	4320	1552913336024395332
230	0	4320	1552913336024418822
230	0	4320	1552913336024437207
230	0	4320	1552913336024454863
230	0	4320	1552913336024471218
100	0	4321	1552913336024521165
1	0	4321	1552913336534872605
100	0	4321	1552913336534960208
1	0	4321	1552913337048009816
100	0	4321	1552913337048091014
1	0	4321	1552913337558378651
230	0	4320	1552913337558551463
230	0	4320	1552913337558575890
230	0	4320	1552913337558595213
230	0	4320	1552913337558613286
230	0	4320	1552913337558631359
100	0	4321	1552913337558699536
1	0	4321	1552913338071295551
230	0	4320	1552913338071426280
230	0	4320	1552913338071447946
230	0	4320	1552913338071466644
230	0	4320	1552913338071484873
230	0	4320	1552913338071500707
100	0	4321	1552913338071550863
1	0	4321	1552913338584062555
100	0	4321	1552913338584150107
1	0	4321	1552913339095102326
230	0	4320	1552913339095278731
230	0	4320	1552913339095299825
230	0	4320	1552913339095320398
230	0	4320	1552913339095337273
230	0	4320	1552913339095353419
100	0	4321	1552913339095432585
1	0	4321	1552913339606737042
100	0	4321	1552913339606844281
1	0	4321	1552913340118259051
230	0	4320	1552913340118408998
230	0	4320	1552913340118431967
230	0	4320	1552913340118449571
230	0	4320	1552913340118468633
230	0	4320	1552913340118485769
100	0	4321	1552913340118538789
1	0	4321	1552913340631817094
230	0	4320	1552913340631984906
230	0	4320	1552913340632007198
230	0	4320	1552913340632029541
230	0	4320	1552913340632047510
230	0	4320	1552913340632064125
100	0	4321	1552913340632117458
1	0	4321	1552913341143661602
230	0	4320	1552913341143835091
230	0	4320	1552913341143856809
230	0	4320	1552913341143876340
230	0	4320	1552913341143897747
230	0	4320	1552913341143914153
100	0	4321	1552913341143967538
1	0	4321	1552913341656138190
230	0	4320	1552913341656309127
230	0	4320	1552913341656331679
230	0	4320	1552913341656350325
230	0	4320	1552913341656367356
230	0	4320	1552913341656387408
100	0	4321	1552913341656439648
1	0	4321	1552913342168163010
230	0	4320	1552913342168331447
230	0	4320	1552913342168356238
230	0	4320	1552913342168375248
230	0	4320	1552913342168395405
230	0	4320	1552913342168412592
100	0	4321	1552913342168461863
1	0	4321	1552913342679056791
100	0	4321	1552913342679184030
1	0	4321	1552913343192104628
100	0	4321	1552913343192224836
1	0	4321	1552913343703568616
230	0	4320	1552913343703724032
230	0	4320	1552913343703746532
230	0	4320	1552913343703767782
230	0	4320	1552913343703786167
230	0	4320	1552913343703802261
100	0	4321	1552913343703850802
1	0	4321	1552913344215912653
230	0	4320	1552913344216049267
230	0	4320	1552913344216071142
230	0	4320	1552913344216088121
230	0	4320	1552913344216105777
230	0	4320	1552913344216121194
100	0	4321	1552913344216172495
1	0	4321	1552913344727615546
230	0	4320	1552913344727787212
230	0	4320	1552913344727813045
230	0	4320	1552913344727832993
230	0	4320	1552913344727850024
230	0	4320	1552913344727867576
100	0	4321	1552913344727919920
1	0	4321	1552913345239379741
230	0	4320	1552913345239518647
230	0	4320	1552913345239540990
230	0	4320	1552913345239558855
230	0	4320	1552913345239577865
230	0	4320	1552913345239594688
100	0	4321	1552913345239647448
1	0	4321	1552913345751752059
100	0	4321	1552913345751847423
1	0	4321	1552913346270948418
100	0	4321	1552913346271059407
1	0	4321	1552913346787746347
100	0	4321	1552913346787840670
1	0	4321	1552913347297667371
230	0	4320	1552913347297809923
230	0	4320	1552913347297834141
230	0	4320	1552913347297854818
230	0	4320	1552913347297874402
230	0	4320	1552913347297892943
100	0	4321	1552913347297940391
1	0	4321	1552913347809523076
230	0	4320	1552913347809691722
230	0	4320	1552913347809714638
230	0	4320	1552913347809733909
230	0	4320	1552913347809754326
230	0	4320	1552913347809771409
100	0	4321	1552913347809821565
1	0	4321	1552913348321700916
100	0	4321	1552913348321789978
1	0	4321	1552913348833151935
100	0	4321	1552913348833241831
1	0	4321	1552913349342981293
100	0	4321	1552913349343092282
1	0	4321	1552913349853272367
100	0	4321	1552913349853364190
1	0	4321	1552913350365157135
230	0	4320	1552913350365302343
230	0	4320	1552913350365324374
230	0	4320	1552913350365344166
230	0	4320	1552913350365364791
230	0	4320	1552913350365382499
100	0	4321	1552913350365432186
1	0	4321	1552913350877380756
100	0	4321	1552913350877493047
1	0	4321	1552913351389224690
230	0	4320	1552913351389388127
230	0	4320	1552913351389411721
230	0	4320	1552913351389429377
230	0	4320	1552913351389446669
230	0	4320	1552913351389463804
100	0	4321	1552913351389513596
1	0	4321	1552913351903107160
230	0	4320	1552913351903237993
230	0	4320	1552913351903258722
230	0	4320	1552913351903278305
230	0	4320	1552913351903294347
230	0	4320	1552913351903310389
100	0	4321	1552913351903359815
1	0	4321	1552913352414750366
230	0	4320	1552913352414924011
230	0	4320	1552913352414946459
230	0	4320	1552913352414967084
230	0	4320	1552913352414987657
230	0	4320	1552913352415005730
100	0	4321	1552913352415061407
1	0	4321	1552913352926903362
230	0	4320	1552913352927048414
230	0	4320	1552913352927069976
230	0	4320	1552913352927087111
230	0	4320	1552913352927106695
230	0	4320	1552913352927124976
100	0	4321	1552913352927176017
1	0	4321	1552913353439458857
230	0	4320	1552913353439589065
230	0	4320	1552913353439613492
230	0	4320	1552913353439630939
230	0	4320	1552913353439648127
230	0	4320	1552913353439664585
100	0	4321	1552913353439712918
1	0	4321	1552913353951348937
100	0	4321	1552913353951461697
1	0	4321	1552913354462911935
230	0	4320	1552913354463066726
230	0	4320	1552913354463088965
230	0	4320	1552913354463110267
230	0	4320	1552913354463129174
230	0	4320	1552913354463145476
100	0	4321	1552913354463197559
1	0	4321	1552913354975019827
230	0	4320	1552913354975171962
230	0	4320	1552913354975194201
230	0	4320	1552913354975211284
230	0	4320	1552913354975231441
230	0	4320	1552913354975248576
100	0	4321	1552913354975301284
1	0	4321	1552913355487215791
230	0	4320	1552913355487386312
230	0	4320	1552913355487408968
230	0	4320	1552913355487428603
230	0	4320	1552913355487445999
230	0	4320	1552913355487462197
100	0	4321	1552913355487516155
1	0	4321	1552913355999063267
230	0	4320	1552913355999204569
230	0	4320	1552913355999255819
230	0	4320	1552913355999273163
230	0	4320	1552913355999291860
230	0	4320	1552913355999308527
100	0	4321	1552913355999362121
1	0	4321	1552913356511097514
230	0	4320	1552913356511238138
230	0	4320	1552913356511258451
230	0	4320	1552913356511276992
230	0	4320	1552913356511293971
230	0	4320	1552913356511311367
100	0	4321	1552913356511363555
1	0	4321	1552913357023180770
230	0	4320	1552913357023355197
230	0	4320	1552913357023379051
230	0	4320	1552913357023398165
230	0	4320	1552913357023416551
230	0	4320	1552913357023432749
100	0	4321	1552913357023485769
1	0	4321	1552913357534947726
230	0	4320	1552913357535077725
230	0	4320	1552913357535101111
230	0	4320	1552913357535118402
230	0	4320	1552913357535135382
230	0	4320	1552913357535152048
100	0	4321	1552913357535200121
1	0	4321	1552913358046963066
230	0	4320	1552913358047091607
230	0	4320	1552913358047113795
230	0	4320	1552913358047130566
230	0	4320	1552913358047147336
230	0	4320	1552913358047162701
100	0	4321	1552913358047212076
1	0	4321	1552913358558789865
230	0	4320	1552913358559009396
230	0	4320	1552913358559031687
230	0	4320	1552913358559051531
230	0	4320	1552913358559068510
230	0	4320	1552913358559088093
100	0	4321	1552913358559145437
1	0	4321	1552913359067929381
230	0	4320	1552913359068065475
230	0	4320	1552913359068090110
230	0	4320	1552913359068107610
230	0	4320	1552913359068126360
230	0	4320	1552913359068143599
100	0	4321	1552913359068191932
1	0	4321	1552913359582999139
230	0	4320	1552913359583127576
230	0	4320	1552913359583148878
230	0	4320	1552913359583167576
230	0	4320	1552913359583184294
230	0	4320	1552913359583204034
100	0	4321	1552913359583251690
1	0	4321	1552913360095428644
100	0	4321	1552913360095546977
1	0	4321	1552913360607336901
100	0	4321	1552913360607424349
1	0	4321	1552913361119125992
230	0	4320	1552913361119275054
230	0	4320	1552913361119298440
230	0	4320	1552913361119316044
230	0	4320	1552913361119337919
230	0	4320	1552913361119354012
100	0	4321	1552913361119403023
1	0	4321	1552913361631246853
230	0	4320	1552913361631420498
230	0	4320	1552913361631445186
230	0	4320	1552913361631465550
230	0	4320	1552913361631484352
230	0	4320	1552913361631501331
100	0	4321	1552913361631555081
1	0	4321	1552913362143000163
100	0	4321	1552913362143081621
1	0	4321	1552913362654463890
230	0	4320	1552913362654626181
230	0	4320	1552913362654647067
230	0	4320	1552913362654666077
230	0	4320	1552913362654684410
230	0	4320	1552913362654718316
100	0	4321	1552913362654767900
1	0	4321	1552913363170472707
100	0	4321	1552913363170641300
1	0	4321	1552913363681609821
100	0	4321	1552913363681734404
1	0	4321	1552913364192880476
100	0	4321	1552913364193025996
1	0	4321	1552913364704454828
230	0	4320	1552913364704685609
230	0	4320	1552913364704724254
230	0	4320	1552913364704766337
230	0	4320	1552913364704797796
230	0	4320	1552913364704817171
100	0	4321	1552913364704873889
1	0	4321	1552913365215526161
230	0	4320	1552913365215701681
230	0	4320	1552913365215723921
230	0	4320	1552913365215762879
230	0	4320	1552913365215782775
230	0	4320	1552913365215798504
100	0	4321	1552913365215885274
1	0	4321	1552913365727848948
100	0	4321	1552913365727996083
1	0	4321	1552913366238903458
230	0	4320	1552913366239192884
230	0	4320	1552913366239317988
230	0	4320	1552913366239338248
230	0	4320	1552913366239356686
230	0	4320	1552913366239373248
100	0	4321	1552913366239422779
1	0	4321	1552913366751562025
230	0	4320	1552913366751701816
230	0	4320	1552913366751722754
230	0	4320	1552913366751740566
230	0	4320	1552913366751757649
230	0	4320	1552913366751774681
100	0	4321	1552913366751830253
1	0	4321	1552913367263708146
100	0	4321	1552913367263817625
1	0	4321	1552913367773742034
100	0	4321	1552913367773901513
1	0	4321	1552913368285310553
100	0	4321	1552913368285402219
1	0	4321	1552913368797377091
230	0	4320	1552913368797552976
230	0	4320	1552913368797574955
230	0	4320	1552913368797594799
230	0	4320	1552913368797612090
230	0	4320	1552913368797655423
100	0	4321	1552913368797706413
1	0	4321	1552913369309165921
100	0	4321	1552913369309252171
1	0	4321	1552913369821154699
230	0	4320	1552913369821294334
230	0	4320	1552913369821317563
230	0	4320	1552913369821337303
230	0	4320	1552913369821354646
230	0	4320	1552913369821370584
100	0	4321	1552913369821421157
1	0	4321	1552913370333347383
100	0	4321	1552913370333460247
1	0	4321	1552913370843256948
230	0	4320	1552913370843406687
230	0	4320	1552913370843432989
230	0	4320	1552913370843453093
230	0	4320	1552913370843470073
230	0	4320	1552913370843487729
100	0	4321	1552913370843535229
1	0	4321	1552913371354433801
100	0	4321	1552913371354520051
1	0	4321	1552913371864530137
230	0	4320	1552913371864735449
230	0	4320	1552913371864758262
230	0	4320	1552913371864777637
230	0	4320	1552913371864798366
230	0	4320	1552913371864814928
100	0	4321	1552913371864866803
1	0	4321	1552913372374985587
100	0	4321	1552913372375079232
1	0	4321	1552913372888039413
230	0	4320	1552913372888184152
230	0	4320	1552913372888206808
230	0	4320	1552913372888224985
230	0	4320	1552913372888242069
230	0	4320	1552913372888260090
100	0	4321	1552913372888313683
1	0	4321	1552913373400580845
100	0	4321	1552913373400712720
1	0	4321	1552913373941671457
100	0	4321	1552913373941774321
1	0	4321	1552913374524229592
100	0	4321	1552913374524335009
1	0	4321	1552913375035944100
100	0	4321	1552913375036054621
1	0	4321	1552913375548454751
230	0	4320	1552913375548629178
230	0	4320	1552913375548671053
230	0	4320	1552913375548691782
230	0	4320	1552913375548710948
230	0	4320	1552913375548727771
100	0	4321	1552913375548781469
1	0	4321	1552913376060292748
230	0	4320	1552913376060422800
230	0	4320	1552913376060445039
230	0	4320	1552913376060462487
230	0	4320	1552913376060479466
230	0	4320	1552913376060495925
100	0	4321	1552913376060565976
1	0	4321	1552913376573038867
100	0	4321	1552913376573144179
1	0	4321	1552913377086718629
100	0	4321	1552913377086810921
1	0	4321	1552913377599766831
230	0	4320	1552913377599920684
230	0	4320	1552913377599944591
230	0	4320	1552913377599964226
230	0	4320	1552913377599981101
230	0	4320	1552913377599997663
100	0	4321	1552913377600049538
1	0	4321	1552913378112791334
100	0	4321	1552913378112904355
1	0	4321	1552913378624784852
230	0	4320	1552913378624935893
230	0	4320	1552913378624959278
230	0	4320	1552913378624977976
230	0	4320	1552913378624996570
230	0	4320	1552913378625017299
100	0	4321	1552913378625065580
1	0	4321	1552913379135524102
230	0	4320	1552913379135662435
230	0	4320	1552913379135685143
230	0	4320	1552913379135702487
230	0	4320	1552913379135721758
230	0	4320	1552913379135737174
100	0	4321	1552913379135790351
1	0	4321	1552913379648312304
230	0	4320	1552913379648554752
230	0	4320	1552913379648578814
230	0	4320	1552913379648598970
230	0	4320	1552913379648669178
230	0	4320	1552913379648688709
100	0	4321	1552913379648740532
1	0	4321	1552913380160164572
100	0	4321	1552913380160282228
1	0	4321	1552913380672714963
100	0	4321	1552913380672819650
1	0	4321	1552913381184747074
230	0	4320	1552913381184907594
230	0	4320	1552913381184930927
230	0	4320	1552913381184949990
230	0	4320	1552913381184968375
230	0	4320	1552913381184984573
100	0	4321	1552913381185039364
1	0	4321	1552913381696871632
100	0	4321	1552913381696978715
1	0	4321	1552913382207525623
100	0	4321	1552913382207625570
1	0	4321	1552913382717386126
230	0	4320	1552913382717539511
230	0	4320	1552913382717560969
230	0	4320	1552913382717581490
230	0	4320	1552913382717598625
230	0	4320	1552913382717616594
100	0	4321	1552913382717665656
1	0	4321	1552913383241314293
100	0	4321	1552913383241403094
1	0	4321	1552913383754978638
230	0	4320	1552913383755149262
230	0	4320	1552913383755172335
230	0	4320	1552913383755191606
230	0	4320	1552913383755209939
230	0	4320	1552913383755226606
100	0	4321	1552913383755283377
1	0	4321	1552913384266484396
100	0	4321	1552913384266594188
1	0	4321	1552913384777818593
100	0	4321	1552913384777950259
1	0	4321	1552913385286686652
230	0	4320	1552913385286851495
230	0	4320	1552913385286878265
230	0	4320	1552913385286897484
230	0	4320	1552913385286916495
230	0	4320	1552913385286933526
100	0	4321	1552913385286986130
1	0	4321	1552913385798293660
100	0	4321	1552913385798384961
1	0	4321	1552913386309473430
100	0	4321	1552913386309563065
1	0	4321	1552913386821870852
100	0	4321	1552913386821984133
1	0	4321	1552913387333724474
100	0	4321	1552913387333828849
1	0	4321	1552913387845706272
230	0	4320	1552913387845857834
230	0	4320	1552913387845884866
230	0	4320	1552913387845904397
230	0	4320	1552913387845922522
230	0	4320	1552913387845939397
100	0	4321	1552913387845989501
1	0	4321	1552913388358055205
230	0	4320	1552913388358221142
230	0	4320	1552913388358246298
230	0	4320	1552913388358265361
230	0	4320	1552913388358284892
230	0	4320	1552913388358302809
100	0	4321	1552913388358353850
1	0	4321	1552913388869475391
230	0	4320	1552913388869613776
230	0	4320	1552913388869636536
230	0	4320	1552913388869654766
230	0	4320	1552913388869671693
230	0	4320	1552913388869687109
100	0	4321	1552913388869736953
1	0	4321	1552913389381633283
230	0	4320	1552913389381761616
230	0	4320	1552913389381782657
230	0	4320	1552913389381799637
230	0	4320	1552913389381816459
230	0	4320	1552913389381832345
100	0	4321	1552913389381880261
1	0	4321	1552913389894079716
230	0	4320	1552913389894249559
230	0	4320	1552913389894273204
230	0	4320	1552913389894292215
230	0	4320	1552913389894310392
230	0	4320	1552913389894327267
100	0	4321	1552913389894381277
1	0	4321	1552913390405680474
100	0	4321	1552913390405768234
1	0	4321	1552913390917963834
230	0	4320	1552913390918096177
230	0	4320	1552913390918120292
230	0	4320	1552913390918138833
230	0	4320	1552913390918157375
230	0	4320	1552913390918173364
100	0	4321	1552913390918223208
1	0	4321	1552913391430073445
230	0	4320	1552913391430244902
230	0	4320	1552913391430268288
230	0	4320	1552913391430286986
230	0	4320	1552913391430305631
230	0	4320	1552913391430321725
100	0	4321	1552913391430375683
1	0	4321	1552913391941115038
230	0	4320	1552913391941258475
230	0	4320	1552913391941279048
230	0	4320	1552913391941298423
230	0	4320	1552913391941315089
230	0	4320	1552913391941331600
100	0	4321	1552913391941380558
1	0	4321	1552913392453377408
230	0	4320	1552913392453508137
230	0	4320	1552913392453529387
230	0	4320	1552913392453547512
230	0	4320	1552913392453565689
230	0	4320	1552913392453581002
100	0	4321	1552913392453628241
1	0	4321	1552913392965209937
230	0	4320	1552913392965376863
230	0	4320	1552913392965398634
230	0	4320	1552913392965417697
230	0	4320	1552913392965435613
230	0	4320	1552913392965452071
100	0	4321	1552913392965505248
1	0	4321	1552913393477474703
230	0	4320	1552913393477611578
230	0	4320	1552913393477632776
230	0	4320	1552913393477649651
230	0	4320	1552913393477666630
230	0	4320	1552913393477681994
100	0	4321	1552913393477735640
1	0	4321	1552913393989273586
230	0	4320	1552913393989439106
230	0	4320	1552913393989462179
230	0	4320	1552913393989485096
230	0	4320	1552913393989502491
230	0	4320	1552913393989518637
100	0	4321	1552913393989568689
1	0	4321	1552913394501904757
100	0	4321	1552913394502015278
1	0	4321	1552913395013534213
230	0	4320	1552913395013686661
230	0	4320	1552913395013710984
230	0	4320	1552913395013734056
230	0	4320	1552913395013752129
230	0	4320	1552913395013769160
100	0	4321	1552913395013820046
1	0	4321	1552913395525782001
100	0	4321	1552913395525868823
1	0	4321	1552913396037822393
230	0	4320	1552913396037989267
230	0	4320	1552913396038013486
230	0	4320	1552913396038033330
230	0	4320	1552913396038051871
230	0	4320	1552913396038070048
100	0	4321	1552913396038121506
1	0	4321	1552913396549447734
230	0	4320	1552913396549576484
230	0	4320	1552913396549601848
230	0	4320	1552913396549620702
230	0	4320	1552913396549638463
230	0	4320	1552913396549653984
100	0	4321	1552913396549701900
1	0	4321	1552913397061429481
230	0	4320	1552913397061582032
230	0	4320	1552913397061602970
230	0	4320	1552913397061620834
230	0	4320	1552913397061638751
230	0	4320	1552913397061654063
100	0	4321	1552913397061702553
1	0	4321	1552913397572252169
230	0	4320	1552913397572420553
230	0	4320	1552913397572443574
230	0	4320	1552913397572488314
230	0	4320	1552913397572508157
230	0	4320	1552913397572524616
100	0	4321	1552913397572576751
1	0	4321	1552913398085528442
100	0	4321	1552913398085618286
1	0	4321	1552913398597535189
230	0	4320	1552913398597680032
230	0	4320	1552913398597704199
230	0	4320	1552913398597722688
230	0	4320	1552913398597740553
230	0	4320	1552913398597758417
100	0	4321	1552913398597806907
1	0	4321	1552913399109909174
230	0	4320	1552913399110079694
230	0	4320	1552913399110103444
230	0	4320	1552913399110122298
230	0	4320	1552913399110140683
230	0	4320	1552913399110156829
100	0	4321	1552913399110208912
1	0	4321	1552913399621029569
230	0	4320	1552913399621162277
230	0	4320	1552913399621183370
230	0	4320	1552913399621205662
230	0	4320	1552913399621222797
230	0	4320	1552913399621239047
100	0	4321	1552913399621290609
1	0	4321	1552913400133489595
230	0	4320	1552913400133621105
230	0	4320	1552913400133642042
230	0	4320	1552913400133659126
230	0	4320	1552913400133676521
230	0	4320	1552913400133691469
100	0	4321	1552913400133741365
1	0	4321	1552913400645866444
100	0	4321	1552913400645974517
1	0	4321	1552913401157754858
230	0	4320	1552913401157920795
230	0	4320	1552913401157945118
230	0	4320	1552913401157964180
230	0	4320	1552913401157983243
230	0	4320	1552913401158000378
100	0	4321	1552913401158050117
1	0	4321	1552913401666872655
100	0	4321	1552913401666983019
1	0	4321	1552913402180102783
100	0	4321	1552913402180213616
1	0	4321	1552913402693566608
230	0	4320	1552913402693716347
230	0	4320	1552913402693739889
230	0	4320	1552913402693758326
230	0	4320	1552913402693775670
230	0	4320	1552913402693792493
100	0	4321	1552913402693844003
1	0	4321	1552913403205792833
230	0	4320	1552913403205961531
230	0	4320	1552913403205983614
230	0	4320	1552913403206003301
230	0	4320	1552913403206020749
230	0	4320	1552913403206039082
100	0	4321	1552913403206092364
1	0	4321	1552913403717450935
230	0	4320	1552913403717592914
230	0	4320	1552913403717614632
230	0	4320	1552913403717632393
230	0	4320	1552913403717648903
230	0	4320	1552913403717664320
100	0	4321	1552913403717714215
1	0	4321	1552913404229176953
100	0	4321	1552913404229283724
1	0	4321	1552913404744697751
230	0	4320	1552913404744864834
230	0	4320	1552913404744886448
230	0	4320	1552913404744905042
230	0	4320	1552913404744923844
230	0	4320	1552913404744944052
100	0	4321	1552913404744996135
1	0	4321	1552913405256204551
100	0	4321	1552913405256308144
1	0	4321	1552913405767250051
230	0	4320	1552913405767395883
230	0	4320	1552913405767418383
230	0	4320	1552913405767439321
230	0	4320	1552913405767458852
230	0	4320	1552913405767475519
100	0	4321	1552913405767523852
1	0	4321	1552913406278978673
230	0	4320	1552913406279145704
230	0	4320	1552913406279168568
230	0	4320	1552913406279191172
230	0	4320	1552913406279208099
230	0	4320	1552913406279225964
100	0	4321	1552913406279276328
1	0	4321	1552913406789435945
230	0	4320	1552913406789569122
230	0	4320	1552913406789591257
230	0	4320	1552913406789608705
230	0	4320	1552913406789625892
230	0	4320	1552913406789641413
100	0	4321	1552913406789692246
1	0	4321	1552913407301549410
230	0	4320	1552913407301676649
230	0	4320	1552913407301697222
230	0	4320	1552913407301714930
230	0	4320	1552913407301731961
230	0	4320	1552913407301748003
100	0	4321	1552913407301795086
1	0	4321	1552913407813788656
230	0	4320	1552913407813957718
230	0	4320	1552913407813981363
230	0	4320	1552913407814000895
230	0	4320	1552913407814017770
230	0	4320	1552913407814035061
100	0	4321	1552913407814085842
1	0	4321	1552913408325673528
230	0	4320	1552913408325817121
230	0	4320	1552913408325838110
230	0	4320	1552913408325856287
230	0	4320	1552913408325872902
230	0	4320	1552913408325915766
100	0	4321	1552913408325966235
1	0	4321	1552913408837516004
230	0	4320	1552913408837650691
230	0	4320	1552913408837675847
230	0	4320	1552913408837693399
230	0	4320	1552913408837710795
230	0	4320	1552913408837726263
100	0	4321	1552913408837772565
1	0	4321	1552913409349486448
100	0	4321	1552913409349594885
1	0	4321	1552913409861570174
100	0	4321	1552913409861655277
1	0	4321	1552913410373425618
230	0	4320	1552913410373583951
230	0	4320	1552913410373605462
230	0	4320	1552913410373623691
230	0	4320	1552913410373641295
230	0	4320	1552913410373657753
100	0	4321	1552913410373706138
1	0	4321	1552913410884983043
100	0	4321	1552913410885093928
1	0	4321	1552913411398310463
230	0	4320	1552913411398486764
230	0	4320	1552913411398509733
230	0	4320	1552913411398527962
230	0	4320	1552913411398563795
230	0	4320	1552913411398582962
100	0	4321	1552913411398631868
1	0	4321	1552913411910069397
230	0	4320	1552913411910203564
230	0	4320	1552913411910225543
230	0	4320	1552913411910244189
230	0	4320	1552913411910260907
230	0	4320	1552913411910277626
100	0	4321	1552913411910328563
1	0	4321	1552913412421743072
100	0	4321	1552913412421850520
1	0	4321	1552913412933538569
100	0	4321	1552913412933629454
1	0	4321	1552913413445713284
100	1	4321	1552913413445818909
1	1	4321	1552913413956912377
230	1	4320	1552913413957063991
230	1	4320	1552913413957085762
230	1	4320	1552913413957103939
230	1	4320	1552913413957121178
230	1	4320	1552913413957137220
100	1	4321	1552913413957189042
1	1	4321	1552913414468998706
100	1	4321	1552913414469087352
1	1	4321	1552913414979867644
230	1	4320	1552913414980024102
230	1	4320	1552913414980047747
230	1	4320	1552913414980067383
230	1	4320	1552913414980084831
230	1	4320	1552913414980101706
100	1	4321	1552913414980152695
1	0	4321	1552913415491926369
100	1	4321	1552913415492035796
1	1	4321	1552913416003905876
230	1	4320	1552913416004051292
230	1	4320	1552913416004073792
230	1	4320	1552913416004093480
230	1	4320	1552913416004110251
230	1	4320	1552913416004126188
100	1	4321	1552913416004176761
1	0	4321	1552913416516263455
230	0	4320	1552913416516427256
230	0	4320	1552913416516449131
230	0	4320	1552913416516466944
230	0	4320	1552913416516483298
230	0	4320	1552913416516500694
100	0	4321	1552913416516570850
1	0	4321	1552913417029338740
230	0	4320	1552913417029504104
230	0	4320	1552913417029530406
230	0	4320	1552913417029548687
230	0	4320	1552913417029566187
230	0	4320	1552913417029582280
100	0	4321	1552913417029635301
1	0	4321	1552913417541245538
100	0	4321	1552913417541332205
1	0	4321	1552913418050670627
100	0	4321	1552913418050753283
1	0	4321	1552913418561502429
230	0	4320	1552913418561676282
230	0	4320	1552913418561698001
230	0	4320	1552913418561718730
230	0	4320	1552913418561736178
230	0	4320	1552913418561753470
100	0	4321	1552913418561808261
1	0	4321	1552913419072224909
230	0	4320	1552913419072361106
230	0	4320	1552913419072381575
230	0	4320	1552913419072419595
230	0	4320	1552913419072438450
230	0	4320	1552913419072454543
100	0	4321	1552913419072503970
1	0	4321	1552913419584853997
100	0	4321	1552913419584936444
1	0	4321	1552913420094786010
230	0	4320	1552913420094951270
230	0	4320	1552913420094974187
230	0	4320	1552913420094992989
230	0	4320	1552913420095012728
230	0	4320	1552913420095030176
100	0	4321	1552913420095081166
1	0	4321	1552913420604494066
230	0	4320	1552913420604657503
230	0	4320	1552913420604680420
230	0	4320	1552913420604699326
230	0	4320	1552913420604717555
230	0	4320	1552913420604733597
100	0	4321	1552913420604781149
1	0	4321	1552913421116129095
100	0	4321	1552913421116215084
1	0	4321	1552913421628261310
100	0	4321	1552913421628367976
1	0	4321	1552913422139324466
230	0	4320	1552913422139492173
230	0	4320	1552913422139516653
230	0	4320	1552913422139535194
230	0	4320	1552913422139554361
230	0	4320	1552913422139571548
100	0	4321	1552913422139621808
1	0	4321	1552913422652719801
100	0	4321	1552913422652823030
1	0	4321	1552913423164422174
230	0	4320	1552913423164610246
230	0	4320	1552913423164636027
230	0	4320	1552913423164656027
230	0	4320	1552913423164673475
230	0	4320	1552913423164691548
100	0	4321	1552913423164745506
1	0	4321	1552913423676699701
230	0	4320	1552913423676830586
230	0	4320	1552913423676851054
230	0	4320	1552913423676869336
230	0	4320	1552913423676889075
230	0	4320	1552913423676904752
100	0	4321	1552913423676952564
1	0	4321	1552913424188736655
100	0	4321	1552913424188820041
1	0	4321	1552913424704399953
230	0	4320	1552913424704581410
230	0	4320	1552913424704605056
230	0	4320	1552913424704625994
230	0	4320	1552913424704645212
230	0	4320	1552913424704661046
100	0	4321	1552913424704711045
1	0	4321	1552913425216635448
230	0	4320	1552913425216767115
230	0	4320	1552913425216786906
230	0	4320	1552913425216804667
230	0	4320	1552913425216821229
230	0	4320	1552913425216837896
100	0	4321	1552913425216886281
1	0	4321	1552913425728336623
230	0	4320	1552913425728537351
230	0	4320	1552913425728562612
230	0	4320	1552913425728581362
230	0	4320	1552913425728598497
230	0	4320	1552913425728617299
100	0	4321	1552913425728667924
1	0	4321	1552913426239189258
100	0	4321	1552913426239274727
1	0	4321	1552913426750651684
100	0	4321	1552913426750754444
1	0	4321	1552913427262551451
230	0	4320	1552913427262715878
230	0	4320	1552913427262741451
230	0	4320	1552913427262760305
230	0	4320	1552913427262779888
230	0	4320	1552913427262797805
100	0	4321	1552913427262850982
1	0	4321	1552913427774247157
100	0	4321	1552913427774334709
1	0	4321	1552913428286226560
230	0	4320	1552913428286395309
230	0	4320	1552913428286419372
230	0	4320	1552913428286437966
230	0	4320	1552913428286456090
230	0	4320	1552913428286471663
100	0	4321	1552913428286536194
1	0	4321	1552913428798570597
230	0	4320	1552913428798738617
230	0	4320	1552913428798761273
230	0	4320	1552913428798781690
230	0	4320	1552913428798799138
230	0	4320	1552913428798817002
100	0	4321	1552913428798891325
1	0	4321	1552913429311198123
230	0	4320	1552913429311333435
230	0	4320	1552913429311357445
230	0	4320	1552913429311374997
230	0	4320	1552913429311392653
230	0	4320	1552913429311408382
100	0	4321	1552913429311456143
1	0	4321	1552913429822426695
230	0	4320	1552913429822567944
230	0	4320	1552913429822588986
230	0	4320	1552913429822608569
230	0	4320	1552913429822626746
230	0	4320	1552913429822643308
100	0	4321	1552913429822690860
1	0	4321	1552913430332115115
230	0	4320	1552913430332277458
230	0	4320	1552913430332300687
230	0	4320	1552913430332319125
230	0	4320	1552913430332337146
230	0	4320	1552913430332378448
100	0	4321	1552913430332430479
1	0	4321	1552913430844754880
230	0	4320	1552913430844902536
230	0	4320	1552913430844923161
230	0	4320	1552913430844939671
230	0	4320	1552913430844957796
230	0	4320	1552913430844975713
100	0	4321	1552913430845026546
1	0	4321	1552913431355270955
100	0	4321	1552913431355360173
1	0	4321	1552913431869550923
230	0	4320	1552913431869720974
230	0	4320	1552913431869743735
230	0	4320	1552913431869763110
230	0	4320	1552913431869781860
230	0	4320	1552913431869797276
100	0	4321	1552913431869850193
1	0	4321	1552913432382571416
230	0	4320	1552913432382713030
230	0	4320	1552913432382736884
230	0	4320	1552913432382755113
230	0	4320	1552913432382771832
230	0	4320	1552913432382787561
100	0	4321	1552913432382833811
1	0	4321	1552913432893525301
100	0	4321	1552913432893610405
1	0	4321	1552913433405999598
230	0	4320	1552913433406161265
230	0	4320	1552913433406183712
230	0	4320	1552913433406203660
230	0	4320	1552913433406224389
230	0	4320	1552913433406241108
100	0	4321	1552913433406297097
1	0	4321	1552913433943200639
230	0	4320	1552913433943370743
230	0	4320	1552913433943393711
230	0	4320	1552913433943413764
230	0	4320	1552913433943430430
230	0	4320	1552913433943448868
100	0	4321	1552913433943499857
1	0	4321	1552913434523249876
100	0	4321	1552913434523358834
1	0	4321	1552913435033295952
230	0	4320	1552913435033462826
230	0	4320	1552913435033512618
230	0	4320	1552913435033532097
230	0	4320	1552913435033549336
230	0	4320	1552913435033565586
100	0	4321	1552913435033620795
1	0	4321	1552913435545078689
100	0	4321	1552913435545170615
1	0	4321	1552913436056421323
230	0	4320	1552913436056575437
230	0	4320	1552913436056601426
230	0	4320	1552913436056621218
230	0	4320	1552913436056638822
230	0	4320	1552913436056655541
100	0	4321	1552913436056703718
1	0	4321	1552913436568732599
100	0	4321	1552913436568868536
1	0	4321	1552913437080362941
100	0	4321	1552913437080470753
1	0	4321	1552913437591618648
100	0	4321	1552913437591719846
1	0	4321	1552913438103424770
230	0	4320	1552913438103592738
230	0	4320	1552913438103617269
230	0	4320	1552913438103636957
230	0	4320	1552913438103654092
230	0	4320	1552913438103670498
100	0	4321	1552913438103723571
1	0	4321	1552913438615344017
230	0	4320	1552913438615470631
230	0	4320	1552913438615492298
230	0	4320	1552913438615509277
230	0	4320	1552913438615526672
230	0	4320	1552913438615542402
100	0	4321	1552913438615595266
1	0	4321	1552913439127038525
100	0	4321	1552913439127141128
1	0	4321	1552913439637732619
100	0	4321	1552913439637841785
1	0	4321	1552913440149150774
230	0	4320	1552913440149295721
230	0	4320	1552913440149320252
230	0	4320	1552913440149340200
230	0	4320	1552913440149357908
230	0	4320	1552913440149373638
100	0	4321	1552913440149422596
1	0	4321	1552913440660662938
100	0	4321	1552913440660754605
1	0	4321	1552913441170735681
230	0	4320	1552913441170903701
230	0	4320	1552913441170926201
230	0	4320	1552913441170949013
230	0	4320	1552913441170966305
230	0	4320	1552913441170985055
100	0	4321	1552913441171038284
1	0	4321	1552913441682790448
100	0	4321	1552913441682882843
