1	2	2866	1552905131795068404
100	2	2866	1552905131795317986
1	2	2866	1552905133805152833
100	2	2866	1552905133805255697
1	2	2866	1552905135816274062
100	1	2866	1552905135816405416
1	1	2866	1552905199402808336
100	1	2866	1552905199402940107
1	1	2866	1552905201416045880
100	1	2866	1552905201416143900
1	1	2866	1552905203427152842
100	1	2866	1552905203427259404
1	1	2866	1552905205437824370
100	1	2866	1552905205437917651
1	1	2866	1552905207446778126
100	1	2866	1552905207446882917
1	1	2866	1552905209457246072
100	1	2866	1552905209457348780
1	0	2866	1552905211467947694
100	1	2866	1552905211468046287
1	1	2866	1552905213478390495
100	1	2866	1552905213478495182
1	1	2866	1552905215490609620
100	1	2866	1552905215490710192
1	1	2866	1552905217500578215
100	1	2866	1552905217500683110
1	1	2866	1552905219511297827
100	1	2866	1552905219511401211
1	1	2866	1552905221522059656
100	1	2866	1552905221522158562
1	1	2866	1552905223534952235
100	1	2866	1552905223535051714
1	1	2866	1552905225545954802
100	1	2866	1552905225546059333
1	1	2866	1552905227556855265
100	1	2866	1552905227556961671
1	1	2866	1552905229566983991
100	1	2866	1552905229567089199
1	0	2866	1552905231576970144
100	0	2866	1552905231577091238
1	0	2866	1552905233589858865
100	0	2866	1552905233589951781
1	0	2866	1552905235600410180
100	0	2866	1552905235600516117
1	0	2866	1552905237611533657
100	0	2866	1552905237611631834
1	0	2866	1552905239623505962
100	0	2866	1552905239623607003
1	1	2866	1552905241630262750
100	1	2866	1552905241630367489
1	1	2866	1552905243642415529
100	1	2866	1552905243642520216
1	1	2866	1552905245654187403
100	1	2866	1552905245654287403
1	1	2866	1552905247665288164
100	1	2866	1552905247665390716
1	1	2866	1552905249676879785
100	1	2866	1552905249676982909
1	1	2866	1552905251686963005
100	1	2866	1552905251687070869
1	1	2866	1552905253696891567
100	1	2866	1552905253696993441
