1	3	3997	1559657723634874930
100	3	3997	1559657723635216750
1	3	3997	1559657723635230916
100	3	3997	1559657723635324040
1	3	3997	1559657723635333988
100	3	3997	1559657723635568621
1	3	3997	1559657723635577683
100	3	3997	1559657723635660183
1	3	3997	1559657723635668360
100	3	3997	1559657723635788515
1	3	3997	1559657723635796848
100	3	3997	1559657723635862160
1	3	3997	1559657723635870493
100	3	3997	1559657723635967679
1	3	3997	1559657723635975961
100	3	3997	1559657723636037314
1	3	3997	1559657723636045595
100	3	3997	1559657723636142625
1	3	3997	1559657723636150802
100	3	3997	1559657723636228510
1	3	3997	1559657723636237000
100	3	3997	1559657723636333196
1	3	3997	1559657723636343196
100	3	3997	1559657723636412310
1	3	3997	1559657723636420748
100	3	3997	1559657723636516684
1	3	3997	1559657723636525278
100	3	3997	1559657723636588975
1	3	3997	1559657723636597152
100	3	3997	1559657723636693870
1	3	3997	1559657723636702151
100	3	3997	1559657723636763296
1	3	3997	1559657723636771369
100	3	3997	1559657723636867878
1	3	3997	1559657723636876368
100	3	3997	1559657723636942409
1	3	3997	1559657723636950534
100	3	3997	1559657723637048241
1	3	3997	1559657723637057095
100	3	3997	1559657723637120532
1	3	3997	1559657723637128761
100	3	3997	1559657723637224073
1	3	3997	1559657723637232354
100	3	3997	1559657723637294020
1	3	3997	1559657723637302405
100	3	3997	1559657723637396206
1	3	3997	1559657723637404592
100	3	3997	1559657723637466206
1	3	3997	1559657723637484851
100	3	3997	1559657723637579902
1	3	3997	1559657723637588184
100	3	3997	1559657723637653756
1	3	3997	1559657723637661933
100	3	3997	1559657723637755734
1	3	3997	1559657723637764067
100	3	3997	1559657723637825316
1	3	3997	1559657723637833441
100	3	3997	1559657723637928024
1	3	3997	1559657723637936357
100	3	3997	1559657723637998700
1	3	3997	1559657723638006929
100	3	3997	1559657723638100366
1	3	3997	1559657723638108751
100	3	3997	1559657723638170157
1	3	3997	1559657723638178646
100	3	3997	1559657723638272708
1	3	3997	1559657723638281197
100	3	3997	1559657723638346769
1	3	3997	1559657723638354842
100	3	3997	1559657723638451456
1	3	3997	1559657723638460779
100	3	3997	1559657723638531195
1	3	3997	1559657723638540049
100	3	3997	1559657723638641506
1	3	3997	1559657723638650725
100	3	3997	1559657723638714109
1	3	3997	1559657723638735620
100	3	3997	1559657723638835202
1	3	3997	1559657723638843691
100	3	3997	1559657723638905618
1	3	3997	1559657723638913899
100	3	3997	1559657723639012752
1	3	3997	1559657723639021242
100	3	3997	1559657723639083064
1	3	3997	1559657723639091397
100	3	3997	1559657723639189730
1	3	3997	1559657723639198063
100	3	3997	1559657723639258583
1	3	3997	1559657723639266708
100	3	3997	1559657723639363165
1	3	3997	1559657723639371498
100	3	3997	1559657723639433060
1	3	3997	1559657723639441237
100	3	3997	1559657723639538111
1	3	3997	1559657723639546445
100	3	3997	1559657723639607746
1	3	3997	1559657723639616079
100	3	3997	1559657723639714880
1	3	3997	1559657723639723109
100	3	3997	1559657723639784567
1	3	3997	1559657723639792744
100	3	3997	1559657723639898368
1	3	3997	1559657723639908160
100	3	3997	1559657723639974149
1	3	3997	1559657723639983523
100	3	3997	1559657723640109564
1	3	3997	1559657723640117897
100	3	3997	1559657723640179251
1	3	3997	1559657723640187532
100	3	3997	1559657723640285708
1	3	3997	1559657723640294354
100	3	3997	1559657723640357530
1	3	3997	1559657723640365707
100	3	3997	1559657723640464873
1	3	3997	1559657723640473102
100	3	3997	1559657723640535393
1	3	3997	1559657723640543674
100	3	3997	1559657723640643621
1	3	3997	1559657723640652110
100	3	3997	1559657723640713203
1	3	3997	1559657723640721380
100	3	3997	1559657723640821848
1	3	3997	1559657723640830338
100	3	3997	1559657723640891118
1	3	3997	1559657723640899191
100	3	3997	1559657723640998357
1	3	3997	1559657723641006742
100	3	3997	1559657723641067523
1	3	3997	1559657723641075856
100	3	3997	1559657723641174761
1	3	3997	1559657723641183251
100	3	3997	1559657723641253198
1	3	3997	1559657723641261219
100	3	3997	1559657723641357259
1	3	3997	1559657723641382103
100	3	3997	1559657723641460175
1	3	3997	1559657723641468456
100	3	3997	1559657723641562413
1	3	3997	1559657723641570590
100	3	3997	1559657723641631267
1	3	3997	1559657723641639340
100	3	3997	1559657723641735068
1	3	3997	1559657723641743193
100	3	3997	1559657723641807255
1	3	3997	1559657723641815484
100	3	3997	1559657723641910379
1	3	3997	1559657723641918660
100	3	3997	1559657723641979961
1	3	3997	1559657723641988242
100	3	3997	1559657723642088762
1	3	3997	1559657723642097043
100	3	3997	1559657723642157616
1	3	3997	1559657723642165949
100	3	3997	1559657723642260062
1	3	3997	1559657723642268552
100	3	3997	1559657723642329072
1	3	3997	1559657723642337562
100	3	3997	1559657723642432665
1	3	3997	1559657723642440998
100	3	3997	1559657723642502977
1	3	3997	1559657723642511102
100	3	3997	1559657723642606621
1	3	3997	1559657723642614746
100	3	3997	1559657723642705318
1	3	3997	1559657723642713964
100	3	3997	1559657723642879796
1	3	3997	1559657723642889639
100	3	3997	1559657723642956253
1	3	3997	1559657723642965472
100	3	3997	1559657723643063492
1	3	3997	1559657723643071981
100	3	3997	1559657723643133908
1	3	3997	1559657723643142137
100	3	3997	1559657723643236563
1	3	3997	1559657723643244896
100	3	3997	1559657723643306198
1	3	3997	1559657723643314791
100	3	3997	1559657723643412603
1	3	3997	1559657723643421092
100	3	3997	1559657723643491873
1	3	3997	1559657723643501977
100	3	3997	1559657723643597601
1	3	3997	1559657723643605674
100	3	3997	1559657723643666402
1	3	3997	1559657723643674527
100	3	3997	1559657723643768641
1	3	3997	1559657723643777391
100	3	3997	1559657723643838692
1	3	3997	1559657723643847129
100	3	3997	1559657723643945253
1	3	3997	1559657723643953483
100	3	3997	1559657723644014576
1	3	3997	1559657723644044575
100	3	3997	1559657723644139314
1	3	3997	1559657723644147387
100	3	3997	1559657723644208115
1	3	3997	1559657723644216240
100	3	3997	1559657723644310771
1	3	3997	1559657723644318895
100	3	3997	1559657723644379676
1	3	3997	1559657723644387853
100	3	3997	1559657723644481810
1	3	3997	1559657723644489987
100	3	3997	1559657723644550403
1	3	3997	1559657723644558685
100	3	3997	1559657723644652277
1	3	3997	1559657723644660663
100	3	3997	1559657723644721964
1	3	3997	1559657723644730245
100	3	3997	1559657723644824099
1	3	3997	1559657723644832901
100	3	3997	1559657723644894046
1	3	3997	1559657723644902171
100	3	3997	1559657723644997013
1	3	3997	1559657723645005763
100	3	3997	1559657723645066544
1	3	3997	1559657723645074929
100	3	3997	1559657723645169199
1	3	3997	1559657723645177220
100	3	3997	1559657723645238001
1	3	3997	1559657723645261177
100	3	3997	1559657723645359718
1	3	3997	1559657723645368364
100	3	3997	1559657723645430915
1	3	3997	1559657723645438832
100	3	3997	1559657723645538675
1	3	3997	1559657723645546956
100	3	3997	1559657723645608518
1	3	3997	1559657723645616695
100	3	3997	1559657723645711850
1	3	3997	1559657723645720079
100	3	3997	1559657723645781380
1	3	3997	1559657723645789922
100	3	3997	1559657723645886327
1	3	3997	1559657723645894660
100	3	3997	1559657723645956014
1	3	3997	1559657723645964347
100	3	3997	1559657723646064919
1	3	3997	1559657723646073409
100	3	3997	1559657723646135231
1	3	3997	1559657723646143773
100	3	3997	1559657723646239449
1	3	3997	1559657723646247678
100	3	3997	1559657723646313146
1	3	3997	1559657723646322729
100	3	3997	1559657723646417676
1	3	3997	1559657723646426165
100	3	3997	1559657723646489134
1	3	3997	1559657723646497936
100	3	3997	1559657723646629705
1	3	3997	1559657723646637986
100	3	3997	1559657723646703975
1	3	3997	1559657723646712360
100	3	3997	1559657723646809130
1	3	3997	1559657723646831578
100	3	3997	1559657723646898400
1	3	3997	1559657723646906942
100	3	3997	1559657723647002409
1	3	3997	1559657723647010743
100	3	3997	1559657723647090846
1	3	3997	1559657723647099231
100	3	3997	1559657723647201835
1	3	3997	1559657723647210324
100	3	3997	1559657723647296938
1	3	3997	1559657723647306521
100	3	3997	1559657723647403760
1	3	3997	1559657723647412562
100	3	3997	1559657723647473342
1	3	3997	1559657723647481519
100	3	3997	1559657723647576049
1	3	3997	1559657723647585685
100	3	3997	1559657723647647351
1	3	3997	1559657723647655476
100	3	3997	1559657723647749016
1	3	3997	1559657723647757610
100	3	3997	1559657723647857505
1	3	3997	1559657723647867765
100	3	3997	1559657723647965004
1	3	3997	1559657723647973545
100	3	3997	1559657723648035732
1	3	3997	1559657723648044065
100	3	3997	1559657723648142606
1	3	3997	1559657723648150835
100	3	3997	1559657723648212814
1	3	3997	1559657723648221095
100	3	3997	1559657723648315208
1	3	3997	1559657723648323542
100	3	3997	1559657723648384687
1	3	3997	1559657723648393020
100	3	3997	1559657723648488228
1	3	3997	1559657723648496613
100	3	3997	1559657723648558904
1	3	3997	1559657723648567029
100	3	3997	1559657723648661976
1	3	3997	1559657723648670361
100	3	3997	1559657723648733069
1	3	3997	1559657723648741402
100	3	3997	1559657723648837130
1	3	3997	1559657723648845411
100	3	3997	1559657723648907754
1	3	3997	1559657723648915984
100	3	3997	1559657723649011555
1	3	3997	1559657723649019993
100	3	3997	1559657723649081294
1	3	3997	1559657723649117284
100	3	3997	1559657723649218897
1	3	3997	1559657723649227491
100	3	3997	1559657723649288844
1	3	3997	1559657723649297073
100	3	3997	1559657723649392541
1	3	3997	1559657723649400770
100	3	3997	1559657723649462957
1	3	3997	1559657723649471186
100	3	3997	1559657723649565821
1	3	3997	1559657723649574310
100	3	3997	1559657723649637591
1	3	3997	1559657723649647122
100	3	3997	1559657723649742538
1	3	3997	1559657723649751027
100	3	3997	1559657723649812641
1	3	3997	1559657723649822433
100	3	3997	1559657723649921911
1	3	3997	1559657723649930140
100	3	3997	1559657723649992952
1	3	3997	1559657723650001754
100	3	3997	1559657723650098471
1	3	3997	1559657723650106961
100	3	3997	1559657723650169616
1	3	3997	1559657723650179408
100	3	3997	1559657723650277063
1	3	3997	1559657723650285553
100	3	3997	1559657723650347063
1	3	3997	1559657723650373364
100	3	3997	1559657723650472009
1	3	3997	1559657723650480238
100	3	3997	1559657723650541123
1	3	3997	1559657723650549300
100	3	3997	1559657723650643934
1	3	3997	1559657723650652424
100	3	3997	1559657723650714663
1	3	3997	1559657723650722944
100	3	3997	1559657723650818568
1	3	3997	1559657723650853203
100	3	3997	1559657723650923932
1	3	3997	1559657723650932213
100	3	3997	1559657723651025753
1	3	3997	1559657723651034035
100	3	3997	1559657723651095440
1	3	3997	1559657723651103513
100	3	3997	1559657723651198148
1	3	3997	1559657723651206429
100	3	3997	1559657723651269449
1	3	3997	1559657723651277782
100	3	3997	1559657723651371479
1	3	3997	1559657723651379708
100	3	3997	1559657723651440541
1	3	3997	1559657723651448666
100	3	3997	1559657723651543040
1	3	3997	1559657723651551217
100	3	3997	1559657723651613352
1	3	3997	1559657723651637414
100	3	3997	1559657723651732725
1	3	3997	1559657723651741215
100	3	3997	1559657723651802933
1	3	3997	1559657723651811162
100	3	3997	1559657723651905640
1	3	3997	1559657723651913765
100	3	3997	1559657723651976056
1	3	3997	1559657723651984389
100	3	3997	1559657723652080013
1	3	3997	1559657723652088451
100	3	3997	1559657723652152252
1	3	3997	1559657723652161367
100	3	3997	1559657723652258762
1	3	3997	1559657723652266991
100	3	3997	1559657723652330636
1	3	3997	1559657723652339073
100	3	3997	1559657723652434333
1	3	3997	1559657723652443031
100	3	3997	1559657723652505165
1	3	3997	1559657723652513759
100	3	3997	1559657723652608966
1	3	3997	1559657723652617456
100	3	3997	1559657723652679695
1	3	3997	1559657723652688549
100	3	3997	1559657723652849537
1	3	3997	1559657723652858599
100	3	3997	1559657723652922921
1	3	3997	1559657723652932244
100	3	3997	1559657723653029743
1	3	3997	1559657723653054483
100	3	3997	1559657723653127919
1	3	3997	1559657723653137190
100	3	3997	1559657723653234324
1	3	3997	1559657723653242918
100	3	3997	1559657723653305522
1	3	3997	1559657723653313542
100	3	3997	1559657723653413281
1	3	3997	1559657723653421666
100	3	3997	1559657723653483749
1	3	3997	1559657723653491874
100	3	3997	1559657723653589894
1	3	3997	1559657723653598175
100	3	3997	1559657723653659633
1	3	3997	1559657723653668226
100	3	3997	1559657723653766767
1	3	3997	1559657723653776090
100	3	3997	1559657723653839891
1	3	3997	1559657723653848433
100	3	3997	1559657723653945046
1	3	3997	1559657723653955098
100	3	3997	1559657723654015775
1	3	3997	1559657723654025098
100	3	3997	1559657723654123534
1	3	3997	1559657723654131971
100	3	3997	1559657723654195460
1	3	3997	1559657723654204158
100	3	3997	1559657723654303324
1	3	3997	1559657723654311761
100	3	3997	1559657723654415562
1	3	3997	1559657723654424104
100	3	3997	1559657723654526342
1	3	3997	1559657723654534988
100	3	3997	1559657723654596706
1	3	3997	1559657723654605092
100	3	3997	1559657723654701705
1	3	3997	1559657723654710247
100	3	3997	1559657723654773007
1	3	3997	1559657723654781600
100	3	3997	1559657723654880558
1	3	3997	1559657723654889724
100	3	3997	1559657723654951546
1	3	3997	1559657723654960921
100	3	3997	1559657723655056649
1	3	3997	1559657723655066181
100	3	3997	1559657723655128992
1	3	3997	1559657723655140034
100	3	3997	1559657723655237585
1	3	3997	1559657723655247898
100	3	3997	1559657723655310293
1	3	3997	1559657723655320709
100	3	3997	1559657723655419510
1	3	3997	1559657723655428364
100	3	3997	1559657723655496228
1	3	3997	1559657723655505343
100	3	3997	1559657723655606800
1	3	3997	1559657723655615394
100	3	3997	1559657723655677737
1	3	3997	1559657723655717424
100	3	3997	1559657723655821329
1	3	3997	1559657723655829819
100	3	3997	1559657723655895703
1	3	3997	1559657723655903880
100	3	3997	1559657723656005754
1	3	3997	1559657723656013983
100	3	3997	1559657723656075649
1	3	3997	1559657723656083931
100	3	3997	1559657723656181898
1	3	3997	1559657723656190492
100	3	3997	1559657723656252210
1	3	3997	1559657723656260543
100	3	3997	1559657723656360021
1	3	3997	1559657723656369865
100	3	3997	1559657723656431479
1	3	3997	1559657723656441010
100	3	3997	1559657723656545905
1	3	3997	1559657723656554238
100	3	3997	1559657723656618665
1	3	3997	1559657723656628040
100	3	3997	1559657723656727674
1	3	3997	1559657723656736163
100	3	3997	1559657723656800590
1	3	3997	1559657723656809965
100	3	3997	1559657723656910120
1	3	3997	1559657723656918349
100	3	3997	1559657723656980796
1	3	3997	1559657723657028348
100	3	3997	1559657723657131159
1	3	3997	1559657723657140691
100	3	3997	1559657723657202044
1	3	3997	1559657723657210325
100	3	3997	1559657723657309543
1	3	3997	1559657723657317980
100	3	3997	1559657723657380532
1	3	3997	1559657723657389021
100	3	3997	1559657723657486260
1	3	3997	1559657723657495062
100	3	3997	1559657723657564384
1	3	3997	1559657723657572769
100	3	3997	1559657723657672768
1	3	3997	1559657723657680945
100	3	3997	1559657723657745841
1	3	3997	1559657723657754122
100	3	3997	1559657723657851933
1	3	3997	1559657723657860214
100	3	3997	1559657723657921516
1	3	3997	1559657723657930370
100	3	3997	1559657723658028338
1	3	3997	1559657723658036567
100	3	3997	1559657723658097920
1	3	3997	1559657723658106722
100	3	3997	1559657723658205055
1	3	3997	1559657723658213648
100	3	3997	1559657723658275835
1	3	3997	1559657723658284168
100	3	3997	1559657723658410261
1	3	3997	1559657723658418750
100	3	3997	1559657723658481250
1	3	3997	1559657723658489427
100	3	3997	1559657723658589894
1	3	3997	1559657723658606769
100	3	3997	1559657723658672081
1	3	3997	1559657723658683539
100	3	3997	1559657723658784788
1	3	3997	1559657723658793382
100	3	3997	1559657723658873641
1	3	3997	1559657723658881975
100	3	3997	1559657723658983328
1	3	3997	1559657723658991453
100	3	3997	1559657723659084889
1	3	3997	1559657723659094733
100	3	3997	1559657723659193951
1	3	3997	1559657723659202544
100	3	3997	1559657723659268950
1	3	3997	1559657723659279366
100	3	3997	1559657723659393428
1	3	3997	1559657723659402386
100	3	3997	1559657723659471448
1	3	3997	1559657723659484416
100	3	3997	1559657723659608009
1	3	3997	1559657723659619519
100	3	3997	1559657723659697956
1	3	3997	1559657723659709570
100	3	3997	1559657723659831600
1	3	3997	1559657723659890975
100	3	3997	1559657723659969516
1	3	3997	1559657723659979099
100	3	3997	1559657723660102952
1	3	3997	1559657723660111910
100	3	3997	1559657723660182951
1	3	3997	1559657723660192534
100	3	3997	1559657723660316647
1	3	3997	1559657723660327533
100	3	3997	1559657723660400084
1	3	3997	1559657723660408886
100	3	3997	1559657723660531385
1	3	3997	1559657723660540603
100	3	3997	1559657723660612009
1	3	3997	1559657723660622842
100	3	3997	1559657723660761070
1	3	3997	1559657723660772372
100	3	3997	1559657723660849559
1	3	3997	1559657723660864090
100	3	3997	1559657723660983724
1	3	3997	1559657723660995286
100	3	3997	1559657723661065286
1	3	3997	1559657723661076692
100	3	3997	1559657723661194295
1	3	3997	1559657723661204711
100	3	3997	1559657723661281846
1	3	3997	1559657723661292992
100	3	3997	1559657723661413563
1	3	3997	1559657723661425751
100	3	3997	1559657723661560333
1	3	3997	1559657723661571009
100	3	3997	1559657723661687258
1	3	3997	1559657723661697154
100	3	3997	1559657723661778039
1	3	3997	1559657723661786893
100	3	3997	1559657723661910381
1	3	3997	1559657723661919235
100	3	3997	1559657723661990432
1	3	3997	1559657723662001890
100	3	3997	1559657723662117046
1	3	3997	1559657723662126368
100	3	3997	1559657723662194701
1	3	3997	1559657723662203607
100	3	3997	1559657723662315846
1	3	3997	1559657723662328085
100	3	3997	1559657723662400793
1	3	3997	1559657723662410949
100	3	3997	1559657723662533083
1	3	3997	1559657723662542614
100	3	3997	1559657723662616780
1	3	3997	1559657723662629176
100	3	3997	1559657723662837819
1	3	3997	1559657723662846882
100	3	3997	1559657723662913444
1	3	3997	1559657723662922766
100	3	3997	1559657723663022297
1	3	3997	1559657723663030890
100	3	3997	1559657723663093598
1	3	3997	1559657723663130421
100	3	3997	1559657723663226774
1	3	3997	1559657723663235211
100	3	3997	1559657723663297398
1	3	3997	1559657723663305679
100	3	3997	1559657723663400209
1	3	3997	1559657723663409636
100	3	3997	1559657723663475157
1	3	3997	1559657723663483698
100	3	3997	1559657723663606301
1	3	3997	1559657723663614947
100	3	3997	1559657723663680154
1	3	3997	1559657723663691248
100	3	3997	1559657723663800570
1	3	3997	1559657723663809736
100	3	3997	1559657723663878694
1	3	3997	1559657723663887236
100	3	3997	1559657723663994370
1	3	3997	1559657723664003120
100	3	3997	1559657723664067338
1	3	3997	1559657723664076244
100	3	3997	1559657723664175149
1	3	3997	1559657723664183483
100	3	3997	1559657723664245565
1	3	3997	1559657723664254680
100	3	3997	1559657723664350564
1	3	3997	1559657723664359002
100	3	3997	1559657723664422438
1	3	3997	1559657723664486865
100	3	3997	1559657723664590874
1	3	3997	1559657723664599207
100	3	3997	1559657723664660353
1	3	3997	1559657723664669155
100	3	3997	1559657723664765768
1	3	3997	1559657723664774049
100	3	3997	1559657723664836497
1	3	3997	1559657723664844674
100	3	3997	1559657723664942746
1	3	3997	1559657723664950975
100	3	3997	1559657723665012432
1	3	3997	1559657723665020453
100	3	3997	1559657723665114879
1	3	3997	1559657723665123056
100	3	3997	1559657723665185920
1	3	3997	1559657723665194097
100	3	3997	1559657723665295659
1	3	3997	1559657723665303992
100	3	3997	1559657723665364877
1	3	3997	1559657723665373158
100	3	3997	1559657723665467480
1	3	3997	1559657723665475865
100	3	3997	1559657723665538573
1	3	3997	1559657723665547219
100	3	3997	1559657723665649301
1	3	3997	1559657723665657530
100	3	3997	1559657723665737685
1	3	3997	1559657723665747321
100	3	3997	1559657723665852215
1	3	3997	1559657723665860340
100	3	3997	1559657723665923048
1	3	3997	1559657723665931173
100	3	3997	1559657723666025859
1	3	3997	1559657723666034089
100	3	3997	1559657723666095286
1	3	3997	1559657723666103515
100	3	3997	1559657723666198045
1	3	3997	1559657723666206378
100	3	3997	1559657723666266482
1	3	3997	1559657723666274555
100	3	3997	1559657723666370023
1	3	3997	1559657723666378252
100	3	3997	1559657723666438928
1	3	3997	1559657723666447157
100	3	3997	1559657723666543979
1	3	3997	1559657723666552104
100	3	3997	1559657723666613458
1	3	3997	1559657723666621739
100	3	3997	1559657723666716425
1	3	3997	1559657723666724602
100	3	3997	1559657723666785904
1	3	3997	1559657723666794237
100	3	3997	1559657723666889132
1	3	3997	1559657723666897517
100	3	3997	1559657723666961319
1	3	3997	1559657723666970537
100	3	3997	1559657723667072984
1	3	3997	1559657723667091473
100	3	3997	1559657723667153296
1	3	3997	1559657723667161525
100	3	3997	1559657723667256368
1	3	3997	1559657723667264493
100	3	3997	1559657723667325065
1	3	3997	1559657723667333294
100	3	3997	1559657723667427355
1	3	3997	1559657723667435585
100	3	3997	1559657723667495896
1	3	3997	1559657723667504334
100	3	3997	1559657723667598552
1	3	3997	1559657723667606937
100	3	3997	1559657723667667613
1	3	3997	1559657723667675947
100	3	3997	1559657723667772196
1	3	3997	1559657723667780373
100	3	3997	1559657723667840893
1	3	3997	1559657723667849070
100	3	3997	1559657723667944694
1	3	3997	1559657723667952975
100	3	3997	1559657723668020526
1	3	3997	1559657723668028808
100	3	3997	1559657723668123911
1	3	3997	1559657723668132192
100	3	3997	1559657723668193754
1	3	3997	1559657723668202087
100	3	3997	1559657723668298649
1	3	3997	1559657723668306982
100	3	3997	1559657723668388804
1	3	3997	1559657723668397293
100	3	3997	1559657723668493126
1	3	3997	1559657723668501719
100	3	3997	1559657723668562708
1	3	3997	1559657723668570989
100	3	3997	1559657723668664270
1	3	3997	1559657723668672447
100	3	3997	1559657723668732498
1	3	3997	1559657723668740727
100	3	3997	1559657723668834945
1	3	3997	1559657723668843226
100	3	3997	1559657723668904632
1	3	3997	1559657723668913069
100	3	3997	1559657723669019058
1	3	3997	1559657723669027964
100	3	3997	1559657723669096401
1	3	3997	1559657723669105099
100	3	3997	1559657723669202545
1	3	3997	1559657723669210879
100	3	3997	1559657723669272180
1	3	3997	1559657723669280357
100	3	3997	1559657723669374523
1	3	3997	1559657723669382804
100	3	3997	1559657723669443220
1	3	3997	1559657723669451345
100	3	3997	1559657723669545354
1	3	3997	1559657723669554469
100	3	3997	1559657723669615145
1	3	3997	1559657723669639468
100	3	3997	1559657723669736863
1	3	3997	1559657723669745300
100	3	3997	1559657723669805925
1	3	3997	1559657723669814154
100	3	3997	1559657723669910767
1	3	3997	1559657723669919153
100	3	3997	1559657723669979725
1	3	3997	1559657723669987902
100	3	3997	1559657723670081859
1	3	3997	1559657723670090088
100	3	3997	1559657723670153213
1	3	3997	1559657723670161494
100	3	3997	1559657723670256753
1	3	3997	1559657723670265660
100	3	3997	1559657723670328367
1	3	3997	1559657723670336648
100	3	3997	1559657723670432481
1	3	3997	1559657723670440658
100	3	3997	1559657723670500918
1	3	3997	1559657723670509251
100	3	3997	1559657723670603052
1	3	3997	1559657723670611229
100	3	3997	1559657723670671749
1	3	3997	1559657723670680239
100	3	3997	1559657723670774977
1	3	3997	1559657723670783258
100	3	3997	1559657723670843883
1	3	3997	1559657723670867112
100	3	3997	1559657723670964611
1	3	3997	1559657723670979819
100	3	3997	1559657723671045079
1	3	3997	1559657723671055339
100	3	3997	1559657723671153932
1	3	3997	1559657723671162421
100	3	3997	1559657723671224973
1	3	3997	1559657723671233254
100	3	3997	1559657723671333253
1	3	3997	1559657723671341638
100	3	3997	1559657723671414710
1	3	3997	1559657723671422939
100	3	3997	1559657723671517105
1	3	3997	1559657723671525751
100	3	3997	1559657723671586740
1	3	3997	1559657723671595021
100	3	3997	1559657723671688353
1	3	3997	1559657723671696582
100	3	3997	1559657723671756478
1	3	3997	1559657723671765280
100	3	3997	1559657723671863872
1	3	3997	1559657723671873091
100	3	3997	1559657723671940538
1	3	3997	1559657723671949340
100	3	3997	1559657723672062412
1	3	3997	1559657723672071058
100	3	3997	1559657723672131630
1	3	3997	1559657723672139755
100	3	3997	1559657723672247879
1	3	3997	1559657723672256108
100	3	3997	1559657723672317461
1	3	3997	1559657723672326576
100	3	3997	1559657723672421523
1	3	3997	1559657723672429908
100	3	3997	1559657723672491001
1	3	3997	1559657723672499751
100	3	3997	1559657723672595688
1	3	3997	1559657723672604021
100	3	3997	1559657723672665791
1	3	3997	1559657723672674124
100	3	3997	1559657723672831571
1	3	3997	1559657723672839904
100	3	3997	1559657723672906049
1	3	3997	1559657723672914330
100	3	3997	1559657723673009902
1	3	3997	1559657723673018444
100	3	3997	1559657723673081412
1	3	3997	1559657723673090266
100	3	3997	1559657723673187400
1	3	3997	1559657723673198129
100	3	3997	1559657723673261097
1	3	3997	1559657723673270160
100	3	3997	1559657723673365628
1	3	3997	1559657723673374065
100	3	3997	1559657723673435887
1	3	3997	1559657723673444689
100	3	3997	1559657723673540626
1	3	3997	1559657723673574428
100	3	3997	1559657723673638177
1	3	3997	1559657723673648750
100	3	3997	1559657723673744686
1	3	3997	1559657723673753124
100	3	3997	1559657723673813644
1	3	3997	1559657723673823019
100	3	3997	1559657723673918226
1	3	3997	1559657723673926664
100	3	3997	1559657723673987600
1	3	3997	1559657723673995934
100	3	3997	1559657723674090724
1	3	3997	1559657723674099005
100	3	3997	1559657723674161401
1	3	3997	1559657723674169838
100	3	3997	1559657723674266920
1	3	3997	1559657723674275774
100	3	3997	1559657723674343899
1	3	3997	1559657723674352180
100	3	3997	1559657723674446866
1	3	3997	1559657723674455043
100	3	3997	1559657723674517230
1	3	3997	1559657723674525459
100	3	3997	1559657723674620458
1	3	3997	1559657723674628583
100	3	3997	1559657723674689781
1	3	3997	1559657723674698062
100	3	3997	1559657723674794832
1	3	3997	1559657723674803061
100	3	3997	1559657723674884206
1	3	3997	1559657723674892799
100	3	3997	1559657723674990871
1	3	3997	1559657723675000142
100	3	3997	1559657723675061235
1	3	3997	1559657723675069412
100	3	3997	1559657723675164776
1	3	3997	1559657723675172901
100	3	3997	1559657723675233733
1	3	3997	1559657723675242119
100	3	3997	1559657723675336701
1	3	3997	1559657723675345086
100	3	3997	1559657723675407325
1	3	3997	1559657723675415502
100	3	3997	1559657723675513730
1	3	3997	1559657723675521803
100	3	3997	1559657723675583365
1	3	3997	1559657723675591698
100	3	3997	1559657723675690447
1	3	3997	1559657723675698677
100	3	3997	1559657723675761905
1	3	3997	1559657723675770238
100	3	3997	1559657723675864977
1	3	3997	1559657723675873258
100	3	3997	1559657723675933882
1	3	3997	1559657723675942216
100	3	3997	1559657723676039246
1	3	3997	1559657723676047371
100	3	3997	1559657723676108516
1	3	3997	1559657723676130130
100	3	3997	1559657723676225650
1	3	3997	1559657723676234140
100	3	3997	1559657723676294868
1	3	3997	1559657723676303254
100	3	3997	1559657723676412159
1	3	3997	1559657723676420961
100	3	3997	1559657723676481793
1	3	3997	1559657723676490023
100	3	3997	1559657723676585490
1	3	3997	1559657723676593876
100	3	3997	1559657723676654448
1	3	3997	1559657723676662625
100	3	3997	1559657723676757780
1	3	3997	1559657723676767468
100	3	3997	1559657723676827884
1	3	3997	1559657723676836061
100	3	3997	1559657723676930278
1	3	3997	1559657723676938716
100	3	3997	1559657723676999444
1	3	3997	1559657723677007726
100	3	3997	1559657723677106162
1	3	3997	1559657723677114547
100	3	3997	1559657723677189651
1	3	3997	1559657723677197984
100	3	3997	1559657723677292983
1	3	3997	1559657723677301212
100	3	3997	1559657723677362097
1	3	3997	1559657723677381107
100	3	3997	1559657723677480794
1	3	3997	1559657723677489231
100	3	3997	1559657723677551262
1	3	3997	1559657723677559491
100	3	3997	1559657723677654021
1	3	3997	1559657723677662615
100	3	3997	1559657723677723187
1	3	3997	1559657723677731416
100	3	3997	1559657723677825686
1	3	3997	1559657723677833967
100	3	3997	1559657723677898446
1	3	3997	1559657723677907039
100	3	3997	1559657723678012924
1	3	3997	1559657723678021101
100	3	3997	1559657723678085735
1	3	3997	1559657723678093964
100	3	3997	1559657723678188234
1	3	3997	1559657723678196307
100	3	3997	1559657723678256515
1	3	3997	1559657723678264952
100	3	3997	1559657723678361410
1	3	3997	1559657723678369482
100	3	3997	1559657723678429534
1	3	3997	1559657723678437867
100	3	3997	1559657723678681615
1	3	3997	1559657723678691094
100	3	3997	1559657723678757447
1	3	3997	1559657723678765572
100	3	3997	1559657723678955935
1	3	3997	1559657723678965362
100	3	3997	1559657723679026559
1	3	3997	1559657723679034840
100	3	3997	1559657723679131922
1	3	3997	1559657723679140724
100	3	3997	1559657723679201088
1	3	3997	1559657723679209370
100	3	3997	1559657723679305619
1	3	3997	1559657723679313743
100	3	3997	1559657723679376034
1	3	3997	1559657723679384316
100	3	3997	1559657723679483794
1	3	3997	1559657723679493117
100	3	3997	1559657723679560355
1	3	3997	1559657723679568428
100	3	3997	1559657723679662907
1	3	3997	1559657723679671084
100	3	3997	1559657723679732333
1	3	3997	1559657723679740406
100	3	3997	1559657723679824051
1	3	3997	1559657723679828374
100	3	3997	1559657723679860561
1	3	3997	1559657723679864727
100	3	3997	1559657723679913841
1	3	3997	1559657723679917904
100	3	3997	1559657723679950247
1	3	3997	1559657723679954622
100	3	3997	1559657723680010299
1	3	3997	1559657723680017330
100	3	3997	1559657723680068840
1	3	3997	1559657723680073111
100	3	3997	1559657723680122277
1	3	3997	1559657723680126495
100	3	3997	1559657723680157641
1	3	3997	1559657723680161808
100	3	3997	1559657723680251442
1	3	3997	1559657723680255661
100	3	3997	1559657723680286858
1	3	3997	1559657723680291025
100	3	3997	1559657723680343420
1	3	3997	1559657723680347483
100	3	3997	1559657723680379149
1	3	3997	1559657723680383316
100	3	3997	1559657723680436076
1	3	3997	1559657723680440138
100	3	3997	1559657723680470815
1	3	3997	1559657723680474929
100	3	3997	1559657723680522064
1	3	3997	1559657723680526179
100	3	3997	1559657723680556595
1	3	3997	1559657723680561543
100	3	3997	1559657723680610761
1	3	3997	1559657723680614876
100	3	3997	1559657723680645501
1	3	3997	1559657723680650605
100	3	3997	1559657723680698260
1	3	3997	1559657723680702375
100	3	3997	1559657723680753989
1	3	3997	1559657723680758520
100	3	3997	1559657723680807843
1	3	3997	1559657723680813416
100	3	3997	1559657723680844144
1	3	3997	1559657723680848311
100	3	3997	1559657723680895446
1	3	3997	1559657723680900498
100	3	3997	1559657723680930758
1	3	3997	1559657723680934925
100	3	3997	1559657723680983205
1	3	3997	1559657723680987320
100	3	3997	1559657723681018778
1	3	3997	1559657723681022945
100	3	3997	1559657723681070496
1	3	3997	1559657723681074507
100	3	3997	1559657723681104663
1	3	3997	1559657723681108777
100	3	3997	1559657723681159245
1	3	3997	1559657723681163308
100	3	3997	1559657723681193828
1	3	3997	1559657723681198151
100	3	3997	1559657723681246953
1	3	3997	1559657723681251015
100	3	3997	1559657723681283202
1	3	3997	1559657723681288254
100	3	3997	1559657723681336275
1	3	3997	1559657723681355910
100	3	3997	1559657723681391274
1	3	3997	1559657723681395962
100	3	3997	1559657723681444034
1	3	3997	1559657723681448461
100	3	3997	1559657723681493044
1	3	3997	1559657723681497211
100	3	3997	1559657723681548877
1	3	3997	1559657723681552991
100	3	3997	1559657723681590022
1	3	3997	1559657723681594137
100	3	3997	1559657723681643251
1	3	3997	1559657723681647313
100	3	3997	1559657723681677782
1	3	3997	1559657723681681896
100	3	3997	1559657723681732208
1	3	3997	1559657723681736375
100	3	3997	1559657723681768041
1	3	3997	1559657723681772156
100	3	3997	1559657723681823405
1	3	3997	1559657723681827988
100	3	3997	1559657723681859186
1	3	3997	1559657723681863353
100	3	3997	1559657723681916477
1	3	3997	1559657723681920696
100	3	3997	1559657723681952935
1	3	3997	1559657723681957050
100	3	3997	1559657723682005799
1	3	3997	1559657723682010695
100	3	3997	1559657723682041111
1	3	3997	1559657723682063194
100	3	3997	1559657723682113767
1	3	3997	1559657723682118454
100	3	3997	1559657723682149235
1	3	3997	1559657723682153298
100	3	3997	1559657723682200641
1	3	3997	1559657723682204807
100	3	3997	1559657723682235224
1	3	3997	1559657723682239390
100	3	3997	1559657723682290848
1	3	3997	1559657723682294963
100	3	3997	1559657723682325431
1	3	3997	1559657723682329546
100	3	3997	1559657723682379076
1	3	3997	1559657723682383295
100	3	3997	1559657723682414128
1	3	3997	1559657723682418295
100	3	3997	1559657723682469336
1	3	3997	1559657723682473555
100	3	3997	1559657723682503867
1	3	3997	1559657723682508398
100	3	3997	1559657723682558241
1	3	3997	1559657723682562460
100	3	3997	1559657723682593397
1	3	3997	1559657723682598241
100	3	3997	1559657723682648553
1	3	3997	1559657723682652928
100	3	3997	1559657723682688657
1	3	3997	1559657723682693500
100	3	3997	1559657723682815530
1	3	3997	1559657723682820270
100	3	3997	1559657723682852822
1	3	3997	1559657723682856988
100	3	3997	1559657723682906363
1	3	3997	1559657723682910425
100	3	3997	1559657723682941623
1	3	3997	1559657723682945685
100	3	3997	1559657723682998862
1	3	3997	1559657723683002976
100	3	3997	1559657723683034226
1	3	3997	1559657723683038497
100	3	3997	1559657723683088757
1	3	3997	1559657723683093132
100	3	3997	1559657723683123392
1	3	3997	1559657723683127454
100	3	3997	1559657723683176724
1	3	3997	1559657723683182610
100	3	3997	1559657723683212922
1	3	3997	1559657723683217037
100	3	3997	1559657723683265474
1	3	3997	1559657723683269588
100	3	3997	1559657723683300994
1	3	3997	1559657723683305421
100	3	3997	1559657723683354431
1	3	3997	1559657723683358441
100	3	3997	1559657723683389587
1	3	3997	1559657723683393701
100	3	3997	1559657723683444013
1	3	3997	1559657723683472451
100	3	3997	1559657723683526148
1	3	3997	1559657723683530627
100	3	3997	1559657723683580783
1	3	3997	1559657723683585054
100	3	3997	1559657723683619012
1	3	3997	1559657723683623230
100	3	3997	1559657723683671251
1	3	3997	1559657723683675365
100	3	3997	1559657723683706042
1	3	3997	1559657723683710209
100	3	3997	1559657723683762187
1	3	3997	1559657723683766354
100	3	3997	1559657723683797395
1	3	3997	1559657723683801874
100	3	3997	1559657723683854947
1	3	3997	1559657723683859061
100	3	3997	1559657723683890050
1	3	3997	1559657723683895832
100	3	3997	1559657723683943696
1	3	3997	1559657723683947862
100	3	3997	1559657723683978539
1	3	3997	1559657723683982602
100	3	3997	1559657723684033487
1	3	3997	1559657723684037549
100	3	3997	1559657723684068382
1	3	3997	1559657723684072549
100	3	3997	1559657723684121819
1	3	3997	1559657723684125881
100	3	3997	1559657723684191766
1	3	3997	1559657723684195933
100	3	3997	1559657723684245047
1	3	3997	1559657723684249109
100	3	3997	1559657723684280411
1	3	3997	1559657723684284578
100	3	3997	1559657723684334525
1	3	3997	1559657723684338588
100	3	3997	1559657723684369473
1	3	3997	1559657723684373639
100	3	3997	1559657723684422597
1	3	3997	1559657723684426712
100	3	3997	1559657723684458013
1	3	3997	1559657723684462128
100	3	3997	1559657723684511607
1	3	3997	1559657723684515669
100	3	3997	1559657723684546450
1	3	3997	1559657723684550825
100	3	3997	1559657723684600043
1	3	3997	1559657723684604835
100	3	3997	1559657723684646397
1	3	3997	1559657723684650511
100	3	3997	1559657723684699417
1	3	3997	1559657723684703532
100	3	3997	1559657723684733896
1	3	3997	1559657723684738948
100	3	3997	1559657723684792802
1	3	3997	1559657723684797489
100	3	3997	1559657723684828270
1	3	3997	1559657723684853113
100	3	3997	1559657723684905144
1	3	3997	1559657723684909727
100	3	3997	1559657723684941863
1	3	3997	1559657723684946081
100	3	3997	1559657723684995612
1	3	3997	1559657723684999779
100	3	3997	1559657723685030507
1	3	3997	1559657723685034622
100	3	3997	1559657723685084257
1	3	3997	1559657723685088528
100	3	3997	1559657723685118996
1	3	3997	1559657723685123163
100	3	3997	1559657723685173579
1	3	3997	1559657723685177746
100	3	3997	1559657723685208370
1	3	3997	1559657723685212485
100	3	3997	1559657723685262901
1	3	3997	1559657723685267068
100	3	3997	1559657723685297484
1	3	3997	1559657723685302432
100	3	3997	1559657723685350973
1	3	3997	1559657723685355087
100	3	3997	1559657723685385296
1	3	3997	1559657723685389410
100	3	3997	1559657723685437587
1	3	3997	1559657723685442170
100	3	3997	1559657723685472847
1	3	3997	1559657723685499409
100	3	3997	1559657723685551179
1	3	3997	1559657723685555554
100	3	3997	1559657723685587116
1	3	3997	1559657723685591283
100	3	3997	1559657723685639564
1	3	3997	1559657723685643678
100	3	3997	1559657723685674511
1	3	3997	1559657723685678678
100	3	3997	1559657723685726802
1	3	3997	1559657723685730865
100	3	3997	1559657723685761542
1	3	3997	1559657723685765708
100	3	3997	1559657723685813520
1	3	3997	1559657723685817687
100	3	3997	1559657723685849457
1	3	3997	1559657723685853520
100	3	3997	1559657723685902478
1	3	3997	1559657723685906540
100	3	3997	1559657723685937373
1	3	3997	1559657723685941436
100	3	3997	1559657723685988779
1	3	3997	1559657723685992893
100	3	3997	1559657723686042789
1	3	3997	1559657723686046903
100	3	3997	1559657723686095392
1	3	3997	1559657723686099403
100	3	3997	1559657723686130184
1	3	3997	1559657723686134298
100	3	3997	1559657723686191902
1	3	3997	1559657723686196173
100	3	3997	1559657723686226589
1	3	3997	1559657723686230860
100	3	3997	1559657723686279661
1	3	3997	1559657723686283880
100	3	3997	1559657723686314505
1	3	3997	1559657723686318775
100	3	3997	1559657723686366640
1	3	3997	1559657723686370702
100	3	3997	1559657723686401014
1	3	3997	1559657723686405181
100	3	3997	1559657723686453097
1	3	3997	1559657723686457107
100	3	3997	1559657723686487367
1	3	3997	1559657723686491430
100	3	3997	1559657723686538929
1	3	3997	1559657723686543096
100	3	3997	1559657723686574919
1	3	3997	1559657723686579137
100	3	3997	1559657723686627731
1	3	3997	1559657723686631897
100	3	3997	1559657723686663616
1	3	3997	1559657723686667730
100	3	3997	1559657723686716532
1	3	3997	1559657723686720646
100	3	3997	1559657723686752261
1	3	3997	1559657723686756479
100	3	3997	1559657723686805541
1	3	3997	1559657723686824083
100	3	3997	1559657723686856843
1	3	3997	1559657723686861062
100	3	3997	1559657723686909863
1	3	3997	1559657723686914082
100	3	3997	1559657723686944967
1	3	3997	1559657723686949081
100	3	3997	1559657723686998039
1	3	3997	1559657723687002206
100	3	3997	1559657723687033247
1	3	3997	1559657723687037414
100	3	3997	1559657723687084705
1	3	3997	1559657723687088820
100	3	3997	1559657723687119392
1	3	3997	1559657723687123611
100	3	3997	1559657723687172152
1	3	3997	1559657723687176267
100	3	3997	1559657723687206631
1	3	3997	1559657723687210693
100	3	3997	1559657723687257620
1	3	3997	1559657723687261735
100	3	3997	1559657723687291838
1	3	3997	1559657723687296005
100	3	3997	1559657723687343088
1	3	3997	1559657723687349754
100	3	3997	1559657723687380692
1	3	3997	1559657723687385171
100	3	3997	1559657723687433504
1	3	3997	1559657723687437774
100	3	3997	1559657723687476628
1	3	3997	1559657723687480795
100	3	3997	1559657723687531367
1	3	3997	1559657723687535430
100	3	3997	1559657723687572096
1	3	3997	1559657723687576158
100	3	3997	1559657723687623502
1	3	3997	1559657723687627616
100	3	3997	1559657723687658241
1	3	3997	1559657723687662355
100	3	3997	1559657723687709803
1	3	3997	1559657723687714022
100	3	3997	1559657723687744282
1	3	3997	1559657723687748396
100	3	3997	1559657723687796000
1	3	3997	1559657723687800114
100	3	3997	1559657723687830531
1	3	3997	1559657723687834593
100	3	3997	1559657723687882770
1	3	3997	1559657723687886936
100	3	3997	1559657723687918290
1	3	3997	1559657723687922405
100	3	3997	1559657723687969488
1	3	3997	1559657723687973654
100	3	3997	1559657723688003862
1	3	3997	1559657723688007977
100	3	3997	1559657723688055268
1	3	3997	1559657723688059383
100	3	3997	1559657723688089538
1	3	3997	1559657723688102143
100	3	3997	1559657723688151048
1	3	3997	1559657723688155371
100	3	3997	1559657723688185371
1	3	3997	1559657723688189433
100	3	3997	1559657723688237089
1	3	3997	1559657723688241360
100	3	3997	1559657723688271620
1	3	3997	1559657723688275734
100	3	3997	1559657723688322557
1	3	3997	1559657723688326671
100	3	3997	1559657723688356879
1	3	3997	1559657723688360994
100	3	3997	1559657723688408598
1	3	3997	1559657723688412712
100	3	3997	1559657723688442920
1	3	3997	1559657723688447087
100	3	3997	1559657723688494586
1	3	3997	1559657723688498753
100	3	3997	1559657723688528649
1	3	3997	1559657723688532711
100	3	3997	1559657723688580315
1	3	3997	1559657723688584481
100	3	3997	1559657723688614741
1	3	3997	1559657723688618804
100	3	3997	1559657723688665939
1	3	3997	1559657723688670001
100	3	3997	1559657723688700157
1	3	3997	1559657723688711772
100	3	3997	1559657723688761407
1	3	3997	1559657723688765729
100	3	3997	1559657723688796562
1	3	3997	1559657723688800625
100	3	3997	1559657723688848229
1	3	3997	1559657723688852395
100	3	3997	1559657723688882655
1	3	3997	1559657723688886926
100	3	3997	1559657723688935259
1	3	3997	1559657723688939321
100	3	3997	1559657723688970259
1	3	3997	1559657723688974373
100	3	3997	1559657723689021560
1	3	3997	1559657723689025623
100	3	3997	1559657723689055935
1	3	3997	1559657723689060049
100	3	3997	1559657723689107288
1	3	3997	1559657723689111455
100	3	3997	1559657723689141819
1	3	3997	1559657723689145882
100	3	3997	1559657723689193069
1	3	3997	1559657723689197131
100	3	3997	1559657723689227704
1	3	3997	1559657723689231923
100	3	3997	1559657723689279474
1	3	3997	1559657723689283589
100	3	3997	1559657723689313640
1	3	3997	1559657723689325359
100	3	3997	1559657723689374213
1	3	3997	1559657723689378431
100	3	3997	1559657723689408744
1	3	3997	1559657723689412910
100	3	3997	1559657723689460410
1	3	3997	1559657723689464472
100	3	3997	1559657723689494784
1	3	3997	1559657723689498795
100	3	3997	1559657723689545878
1	3	3997	1559657723689549992
100	3	3997	1559657723689580252
1	3	3997	1559657723689584315
100	3	3997	1559657723689632023
1	3	3997	1559657723689636033
100	3	3997	1559657723689666345
1	3	3997	1559657723689670460
100	3	3997	1559657723689717959
1	3	3997	1559657723689722022
100	3	3997	1559657723689752073
1	3	3997	1559657723689756188
100	3	3997	1559657723689802906
1	3	3997	1559657723689807073
100	3	3997	1559657723689837333
1	3	3997	1559657723689841552
100	3	3997	1559657723689889312
1	3	3997	1559657723689893322
100	3	3997	1559657723689924363
1	3	3997	1559657723689928374
100	3	3997	1559657723689984623
1	3	3997	1559657723689988842
100	3	3997	1559657723690020352
1	3	3997	1559657723690024414
100	3	3997	1559657723690072435
1	3	3997	1559657723690076549
100	3	3997	1559657723690107174
1	3	3997	1559657723690111341
100	3	3997	1559657723690159830
1	3	3997	1559657723690163944
100	3	3997	1559657723690194256
1	3	3997	1559657723690198319
100	3	3997	1559657723690245923
1	3	3997	1559657723690250141
100	3	3997	1559657723690280610
1	3	3997	1559657723690284724
100	3	3997	1559657723690333838
1	3	3997	1559657723690337953
100	3	3997	1559657723690374932
1	3	3997	1559657723690379359
100	3	3997	1559657723690427171
1	3	3997	1559657723690431233
100	3	3997	1559657723690462066
1	3	3997	1559657723690466181
100	3	3997	1559657723690514670
1	3	3997	1559657723690518732
100	3	3997	1559657723690549982
1	3	3997	1559657723690554201
100	3	3997	1559657723690601492
1	3	3997	1559657723690607377
100	3	3997	1559657723690647585
1	3	3997	1559657723690651752
100	3	3997	1559657723690699876
1	3	3997	1559657723690704147
100	3	3997	1559657723690734147
1	3	3997	1559657723690738157
100	3	3997	1559657723690785136
1	3	3997	1559657723690789250
100	3	3997	1559657723690819406
1	3	3997	1559657723690823573
100	3	3997	1559657723690871124
1	3	3997	1559657723690875343
100	3	3997	1559657723690905395
1	3	3997	1559657723690909562
100	3	3997	1559657723690956384
1	3	3997	1559657723690960499
100	3	3997	1559657723690990550
1	3	3997	1559657723690994665
100	3	3997	1559657723691042425
1	3	3997	1559657723691046539
100	3	3997	1559657723691077529
1	3	3997	1559657723691081591
100	3	3997	1559657723691128309
1	3	3997	1559657723691132372
100	3	3997	1559657723691162424
1	3	3997	1559657723691166538
100	3	3997	1559657723691214038
1	3	3997	1559657723691218048
100	3	3997	1559657723691257162
1	3	3997	1559657723691261381
100	3	3997	1559657723691308932
1	3	3997	1559657723691313099
100	3	3997	1559657723691343567
1	3	3997	1559657723691347786
100	3	3997	1559657723691397004
1	3	3997	1559657723691401015
100	3	3997	1559657723691431379
1	3	3997	1559657723691435494
100	3	3997	1559657723691482524
1	3	3997	1559657723691486743
100	3	3997	1559657723691516951
1	3	3997	1559657723691521066
100	3	3997	1559657723691568721
1	3	3997	1559657723691572784
100	3	3997	1559657723691602992
1	3	3997	1559657723691607159
100	3	3997	1559657723691654293
1	3	3997	1559657723691658356
100	3	3997	1559657723691688616
1	3	3997	1559657723691692678
100	3	3997	1559657723691739970
1	3	3997	1559657723691744084
100	3	3997	1559657723691774501
1	3	3997	1559657723691778615
100	3	3997	1559657723691825906
1	3	3997	1559657723691829969
100	3	3997	1559657723691860229
1	3	3997	1559657723691872364
100	3	3997	1559657723691921166
1	3	3997	1559657723691925332
100	3	3997	1559657723691955645
1	3	3997	1559657723691959863
100	3	3997	1559657723692007206
1	3	3997	1559657723692011321
100	3	3997	1559657723692041529
1	3	3997	1559657723692045644
100	3	3997	1559657723692094029
1	3	3997	1559657723692098091
100	3	3997	1559657723692129445
1	3	3997	1559657723692133455
100	3	3997	1559657723692180486
1	3	3997	1559657723692184444
100	3	3997	1559657723692214392
1	3	3997	1559657723692218454
100	3	3997	1559657723692265693
1	3	3997	1559657723692269860
100	3	3997	1559657723692299703
1	3	3997	1559657723692303714
100	3	3997	1559657723692350640
1	3	3997	1559657723692354703
100	3	3997	1559657723692384807
1	3	3997	1559657723692388869
100	3	3997	1559657723692436265
1	3	3997	1559657723692440327
100	3	3997	1559657723692470587
1	3	3997	1559657723692482254
100	3	3997	1559657723692531003
1	3	3997	1559657723692535274
100	3	3997	1559657723692565638
1	3	3997	1559657723692569857
100	3	3997	1559657723692616679
1	3	3997	1559657723692620846
100	3	3997	1559657723692650846
1	3	3997	1559657723692654960
100	3	3997	1559657723692702668
1	3	3997	1559657723692706678
100	3	3997	1559657723692773397
1	3	3997	1559657723692777771
100	3	3997	1559657723692826781
1	3	3997	1559657723692830948
100	3	3997	1559657723692861521
1	3	3997	1559657723692865635
100	3	3997	1559657723692913135
1	3	3997	1559657723692917197
100	3	3997	1559657723692947718
1	3	3997	1559657723692951780
100	3	3997	1559657723692999488
1	3	3997	1559657723693005998
100	3	3997	1559657723693036935
1	3	3997	1559657723693041154
100	3	3997	1559657723693089070
1	3	3997	1559657723693093289
100	3	3997	1559657723693123549
1	3	3997	1559657723693128497
100	3	3997	1559657723693186934
1	3	3997	1559657723693191361
100	3	3997	1559657723693225892
1	3	3997	1559657723693230058
100	3	3997	1559657723693277245
1	3	3997	1559657723693281464
100	3	3997	1559657723693311672
1	3	3997	1559657723693315735
100	3	3997	1559657723693362870
1	3	3997	1559657723693366984
100	3	3997	1559657723693396880
1	3	3997	1559657723693401046
100	3	3997	1559657723693448181
1	3	3997	1559657723693452296
100	3	3997	1559657723693482556
1	3	3997	1559657723693486566
100	3	3997	1559657723693533597
1	3	3997	1559657723693537816
100	3	3997	1559657723693567815
1	3	3997	1559657723693571878
100	3	3997	1559657723693618752
1	3	3997	1559657723693622815
100	3	3997	1559657723693652554
1	3	3997	1559657723693656512
100	3	3997	1559657723693703543
1	3	3997	1559657723693707606
100	3	3997	1559657723693737605
1	3	3997	1559657723693741668
100	3	3997	1559657723693804740
1	3	3997	1559657723693808907
100	3	3997	1559657723693839271
1	3	3997	1559657723693843281
100	3	3997	1559657723693891041
1	3	3997	1559657723693895104
100	3	3997	1559657723693925520
1	3	3997	1559657723693929478
100	3	3997	1559657723693976665
1	3	3997	1559657723693980832
100	3	3997	1559657723694011040
1	3	3997	1559657723694015155
100	3	3997	1559657723694063383
1	3	3997	1559657723694067446
100	3	3997	1559657723694097862
1	3	3997	1559657723694102029
100	3	3997	1559657723694148903
1	3	3997	1559657723694153070
100	3	3997	1559657723694183070
1	3	3997	1559657723694187236
100	3	3997	1559657723694235725
1	3	3997	1559657723694239788
100	3	3997	1559657723694270048
1	3	3997	1559657723694274162
100	3	3997	1559657723694321193
1	3	3997	1559657723694325256
100	3	3997	1559657723694355672
1	3	3997	1559657723694359786
100	3	3997	1559657723694407026
1	3	3997	1559657723694412025
100	3	3997	1559657723694449786
1	3	3997	1559657723694453952
100	3	3997	1559657723694501452
1	3	3997	1559657723694505618
100	3	3997	1559657723694535774
1	3	3997	1559657723694539837
100	3	3997	1559657723694587909
1	3	3997	1559657723694592128
100	3	3997	1559657723694622023
1	3	3997	1559657723694626086
100	3	3997	1559657723694673012
1	3	3997	1559657723694677023
100	3	3997	1559657723694707231
1	3	3997	1559657723694711345
100	3	3997	1559657723694759418
1	3	3997	1559657723694763532
100	3	3997	1559657723694793636
1	3	3997	1559657723694797751
100	3	3997	1559657723694845511
1	3	3997	1559657723694849677
100	3	3997	1559657723694879937
1	3	3997	1559657723694884156
100	3	3997	1559657723694931343
1	3	3997	1559657723694935458
100	3	3997	1559657723694965405
1	3	3997	1559657723694969468
100	3	3997	1559657723695016394
1	3	3997	1559657723695020457
100	3	3997	1559657723695059779
1	3	3997	1559657723695063998
100	3	3997	1559657723695111810
1	3	3997	1559657723695115872
100	3	3997	1559657723695146445
1	3	3997	1559657723695150507
100	3	3997	1559657723695197382
1	3	3997	1559657723695201549
100	3	3997	1559657723695231705
1	3	3997	1559657723695235819
100	3	3997	1559657723695284569
1	3	3997	1559657723695288631
100	3	3997	1559657723695318943
1	3	3997	1559657723695323006
100	3	3997	1559657723695370141
1	3	3997	1559657723695374255
100	3	3997	1559657723695404567
1	3	3997	1559657723695408578
100	3	3997	1559657723695456806
1	3	3997	1559657723695460973
100	3	3997	1559657723695491337
1	3	3997	1559657723695495452
100	3	3997	1559657723695543160
1	3	3997	1559657723695547222
100	3	3997	1559657723695577274
1	3	3997	1559657723695581336
100	3	3997	1559657723695628888
1	3	3997	1559657723695633002
100	3	3997	1559657723695663002
1	3	3997	1559657723695674773
100	3	3997	1559657723695723887
1	3	3997	1559657723695728262
100	3	3997	1559657723695758418
1	3	3997	1559657723695762428
100	3	3997	1559657723695809511
1	3	3997	1559657723695813626
100	3	3997	1559657723695843782
1	3	3997	1559657723695847844
100	3	3997	1559657723695894771
1	3	3997	1559657723695898833
100	3	3997	1559657723695929302
1	3	3997	1559657723695933468
100	3	3997	1559657723695981541
1	3	3997	1559657723695985707
100	3	3997	1559657723696020290
1	3	3997	1559657723696024509
100	3	3997	1559657723696071435
1	3	3997	1559657723696075498
100	3	3997	1559657723696105550
1	3	3997	1559657723696109716
100	3	3997	1559657723696157164
1	3	3997	1559657723696161278
100	3	3997	1559657723696191278
1	3	3997	1559657723696195393
100	3	3997	1559657723696242319
1	3	3997	1559657723696246434
100	3	3997	1559657723696276538
1	3	3997	1559657723696287892
100	3	3997	1559657723696337370
1	3	3997	1559657723696341693
100	3	3997	1559657723696371797
1	3	3997	1559657723696375912
100	3	3997	1559657723696422890
1	3	3997	1559657723696427005
100	3	3997	1559657723696457369
1	3	3997	1559657723696461484
100	3	3997	1559657723696508671
1	3	3997	1559657723696512785
100	3	3997	1559657723696542993
1	3	3997	1559657723696547108
100	3	3997	1559657723696593878
1	3	3997	1559657723696598045
100	3	3997	1559657723696627940
1	3	3997	1559657723696632055
100	3	3997	1559657723696679138
1	3	3997	1559657723696683252
100	3	3997	1559657723696713252
1	3	3997	1559657723696717314
100	3	3997	1559657723696764137
1	3	3997	1559657723696768251
100	3	3997	1559657723696798459
1	3	3997	1559657723696802574
100	3	3997	1559657723696849969
1	3	3997	1559657723696854136
100	3	3997	1559657723696884292
1	3	3997	1559657723696888302
100	3	3997	1559657723696943718
1	3	3997	1559657723696947937
100	3	3997	1559657723696978145
1	3	3997	1559657723696982312
100	3	3997	1559657723697029759
1	3	3997	1559657723697033978
100	3	3997	1559657723697064134
1	3	3997	1559657723697068300
100	3	3997	1559657723697115643
1	3	3997	1559657723697119706
100	3	3997	1559657723697150070
1	3	3997	1559657723697154237
100	3	3997	1559657723697201580
1	3	3997	1559657723697205643
100	3	3997	1559657723697235851
1	3	3997	1559657723697239861
100	3	3997	1559657723697286892
1	3	3997	1559657723697291006
100	3	3997	1559657723697321423
1	3	3997	1559657723697325485
100	3	3997	1559657723697374182
1	3	3997	1559657723697378245
100	3	3997	1559657723697408193
1	3	3997	1559657723697412307
100	3	3997	1559657723697459338
1	3	3997	1559657723697463504
100	3	3997	1559657723697493504
1	3	3997	1559657723697497671
100	3	3997	1559657723697545535
1	3	3997	1559657723697557201
100	3	3997	1559657723697588920
1	3	3997	1559657723697593191
100	3	3997	1559657723697640898
1	3	3997	1559657723697644961
100	3	3997	1559657723697675013
1	3	3997	1559657723697679075
100	3	3997	1559657723697725950
1	3	3997	1559657723697730064
100	3	3997	1559657723697760481
1	3	3997	1559657723697764647
100	3	3997	1559657723697811886
1	3	3997	1559657723697816053
100	3	3997	1559657723697846105
1	3	3997	1559657723697850219
100	3	3997	1559657723697897198
1	3	3997	1559657723697901312
100	3	3997	1559657723697931677
1	3	3997	1559657723697935739
100	3	3997	1559657723697983082
1	3	3997	1559657723697987145
100	3	3997	1559657723698017197
1	3	3997	1559657723698021311
100	3	3997	1559657723698068707
1	3	3997	1559657723698072821
100	3	3997	1559657723698102977
1	3	3997	1559657723698107040
100	3	3997	1559657723698154070
1	3	3997	1559657723698158185
100	3	3997	1559657723698196830
1	3	3997	1559657723698201049
100	3	3997	1559657723698248861
1	3	3997	1559657723698252976
100	3	3997	1559657723698283236
1	3	3997	1559657723698287454
100	3	3997	1559657723698334485
1	3	3997	1559657723698338548
100	3	3997	1559657723698368651
1	3	3997	1559657723698372818
100	3	3997	1559657723698420995
1	3	3997	1559657723698425005
100	3	3997	1559657723698454953
1	3	3997	1559657723698459015
100	3	3997	1559657723698506098
1	3	3997	1559657723698510265
100	3	3997	1559657723698540264
1	3	3997	1559657723698544379
100	3	3997	1559657723698591670
1	3	3997	1559657723698597243
100	3	3997	1559657723698627920
1	3	3997	1559657723698632034
100	3	3997	1559657723698679586
1	3	3997	1559657723698683856
100	3	3997	1559657723698714012
1	3	3997	1559657723698718075
100	3	3997	1559657723698765574
1	3	3997	1559657723698769793
100	3	3997	1559657723698805261
1	3	3997	1559657723698816876
100	3	3997	1559657723698865834
1	3	3997	1559657723698869896
100	3	3997	1559657723698900208
1	3	3997	1559657723698904323
100	3	3997	1559657723698952395
1	3	3997	1559657723698956510
100	3	3997	1559657723698986874
1	3	3997	1559657723698990989
100	3	3997	1559657723699038176
1	3	3997	1559657723699042342
100	3	3997	1559657723699072655
1	3	3997	1559657723699076821
100	3	3997	1559657723699124269
1	3	3997	1559657723699128383
100	3	3997	1559657723699158591
1	3	3997	1559657723699162706
100	3	3997	1559657723699209320
1	3	3997	1559657723699213382
100	3	3997	1559657723699243382
1	3	3997	1559657723699247444
100	3	3997	1559657723699294788
1	3	3997	1559657723699298902
100	3	3997	1559657723699329214
1	3	3997	1559657723699333277
100	3	3997	1559657723699380464
1	3	3997	1559657723699384526
100	3	3997	1559657723699414682
1	3	3997	1559657723699426245
100	3	3997	1559657723699476348
1	3	3997	1559657723699480671
100	3	3997	1559657723699510827
1	3	3997	1559657723699514890
100	3	3997	1559657723699562233
1	3	3997	1559657723699566295
100	3	3997	1559657723699596712
1	3	3997	1559657723699600878
100	3	3997	1559657723699649107
1	3	3997	1559657723699653222
100	3	3997	1559657723699683534
1	3	3997	1559657723699687700
100	3	3997	1559657723699734887
1	3	3997	1559657723699739054
100	3	3997	1559657723699769002
1	3	3997	1559657723699773116
100	3	3997	1559657723699820928
1	3	3997	1559657723699825147
100	3	3997	1559657723699855459
1	3	3997	1559657723699859574
100	3	3997	1559657723699906552
1	3	3997	1559657723699910719
100	3	3997	1559657723699940666
1	3	3997	1559657723699944781
100	3	3997	1559657723699991760
1	3	3997	1559657723699995822
100	3	3997	1559657723700025718
1	3	3997	1559657723700037228
100	3	3997	1559657723700086082
1	3	3997	1559657723700090248
100	3	3997	1559657723700120352
1	3	3997	1559657723700124571
100	3	3997	1559657723700172643
1	3	3997	1559657723700176758
100	3	3997	1559657723700207070
1	3	3997	1559657723700211132
100	3	3997	1559657723700258528
1	3	3997	1559657723700262694
100	3	3997	1559657723700292746
1	3	3997	1559657723700296861
100	3	3997	1559657723700345037
1	3	3997	1559657723700349256
100	3	3997	1559657723700379620
1	3	3997	1559657723700383787
100	3	3997	1559657723700430766
1	3	3997	1559657723700434880
100	3	3997	1559657723700465244
1	3	3997	1559657723700469359
100	3	3997	1559657723700517536
1	3	3997	1559657723700521754
100	3	3997	1559657723700551962
1	3	3997	1559657723700556025
100	3	3997	1559657723700602951
1	3	3997	1559657723700606962
100	3	3997	1559657723700637430
1	3	3997	1559657723700641545
100	3	3997	1559657723700697169
1	3	3997	1559657723700701336
100	3	3997	1559657723700731804
1	3	3997	1559657723700735867
100	3	3997	1559657723700783106
1	3	3997	1559657723700787272
100	3	3997	1559657723700817428
1	3	3997	1559657723700821491
100	3	3997	1559657723700869146
1	3	3997	1559657723700873209
100	3	3997	1559657723700903417
1	3	3997	1559657723700907532
100	3	3997	1559657723700954562
1	3	3997	1559657723700958677
100	3	3997	1559657723700988572
1	3	3997	1559657723700992635
100	3	3997	1559657723701039561
1	3	3997	1559657723701043728
100	3	3997	1559657723701073936
1	3	3997	1559657723701078103
100	3	3997	1559657723701124821
1	3	3997	1559657723701128883
100	3	3997	1559657723701158831
1	3	3997	1559657723701163050
100	3	3997	1559657723701210289
1	3	3997	1559657723701214403
100	3	3997	1559657723701244455
1	3	3997	1559657723701248466
100	3	3997	1559657723701295132
1	3	3997	1559657723701300080
100	3	3997	1559657723701343204
1	3	3997	1559657723701347423
100	3	3997	1559657723701395443
1	3	3997	1559657723701399714
100	3	3997	1559657723701430130
1	3	3997	1559657723701434297
100	3	3997	1559657723701481067
1	3	3997	1559657723701485130
100	3	3997	1559657723701515442
1	3	3997	1559657723701519713
100	3	3997	1559657723701568775
1	3	3997	1559657723701572785
100	3	3997	1559657723701603306
1	3	3997	1559657723701607420
100	3	3997	1559657723701654555
1	3	3997	1559657723701658513
100	3	3997	1559657723701688773
1	3	3997	1559657723701692992
100	3	3997	1559657723701740544
1	3	3997	1559657723701744606
100	3	3997	1559657723701775491
1	3	3997	1559657723701779606
100	3	3997	1559657723701826689
1	3	3997	1559657723701830751
100	3	3997	1559657723701863043
1	3	3997	1559657723701867157
100	3	3997	1559657723701915907
1	3	3997	1559657723701920073
100	3	3997	1559657723701960333
1	3	3997	1559657723701964500
100	3	3997	1559657723702013718
1	3	3997	1559657723702017937
100	3	3997	1559657723702048666
1	3	3997	1559657723702052832
100	3	3997	1559657723702102363
1	3	3997	1559657723702106425
100	3	3997	1559657723702137050
1	3	3997	1559657723702141217
100	3	3997	1559657723702188247
1	3	3997	1559657723702192414
100	3	3997	1559657723702222622
1	3	3997	1559657723702226685
100	3	3997	1559657723702274288
1	3	3997	1559657723702278351
100	3	3997	1559657723702308663
1	3	3997	1559657723702312777
100	3	3997	1559657723702359756
1	3	3997	1559657723702363819
100	3	3997	1559657723702394183
1	3	3997	1559657723702398193
100	3	3997	1559657723702446682
1	3	3997	1559657723702450901
100	3	3997	1559657723702481317
1	3	3997	1559657723702485380
100	3	3997	1559657723702532723
1	3	3997	1559657723702536838
100	3	3997	1559657723702567358
1	3	3997	1559657723702580327
100	3	3997	1559657723702631160
1	3	3997	1559657723702635274
100	3	3997	1559657723702668451
1	3	3997	1559657723702672513
100	3	3997	1559657723702720169
1	3	3997	1559657723702724388
100	3	3997	1559657723702787408
1	3	3997	1559657723702791731
100	3	3997	1559657723702840689
1	3	3997	1559657723702844855
100	3	3997	1559657723702875532
1	3	3997	1559657723702879699
100	3	3997	1559657723702927407
1	3	3997	1559657723702931677
100	3	3997	1559657723702962771
1	3	3997	1559657723702966885
100	3	3997	1559657723703015531
1	3	3997	1559657723703019697
100	3	3997	1559657723703050218
1	3	3997	1559657723703054280
100	3	3997	1559657723703101519
1	3	3997	1559657723703106051
100	3	3997	1559657723703137196
1	3	3997	1559657723703141311
100	3	3997	1559657723703190581
1	3	3997	1559657723703194748
