1	3	3905	1559657458273350342
100	3	3905	1559657458273614245
1	3	3905	1559657458273624140
100	3	3905	1559657458273708879
1	3	3905	1559657458273718931
100	3	3905	1559657458273910387
1	3	3905	1559657458273919449
100	3	3905	1559657458273997417
1	3	3905	1559657458274005906
100	3	3905	1559657458274107832
1	3	3905	1559657458274116478
100	3	3905	1559657458274180591
1	3	3905	1559657458274189133
100	3	3905	1559657458274286788
1	3	3905	1559657458274295486
100	3	3905	1559657458274356370
1	3	3905	1559657458274365016
100	3	3905	1559657458274462202
1	3	3905	1559657458274470796
100	3	3905	1559657458274549440
1	3	3905	1559657458274558086
100	3	3905	1559657458274655012
1	3	3905	1559657458274663606
100	3	3905	1559657458274725271
1	3	3905	1559657458274733657
100	3	3905	1559657458274830582
1	3	3905	1559657458274839228
100	3	3905	1559657458274900842
1	3	3905	1559657458274908915
100	3	3905	1559657458275005163
1	3	3905	1559657458275013705
100	3	3905	1559657458275074433
1	3	3905	1559657458275082819
100	3	3905	1559657458275178807
1	3	3905	1559657458275187036
100	3	3905	1559657458275251983
1	3	3905	1559657458275260056
100	3	3905	1559657458275356877
1	3	3905	1559657458275365263
100	3	3905	1559657458275426147
1	3	3905	1559657458275434480
100	3	3905	1559657458275530677
1	3	3905	1559657458275539010
100	3	3905	1559657458275599895
1	3	3905	1559657458275608332
100	3	3905	1559657458275702185
1	3	3905	1559657458275710518
100	3	3905	1559657458275770778
1	3	3905	1559657458275786715
100	3	3905	1559657458275881245
1	3	3905	1559657458275889578
100	3	3905	1559657458275950098
1	3	3905	1559657458275958588
100	3	3905	1559657458276051191
1	3	3905	1559657458276059732
100	3	3905	1559657458276120096
1	3	3905	1559657458276128533
100	3	3905	1559657458276220355
1	3	3905	1559657458276228949
100	3	3905	1559657458276289833
1	3	3905	1559657458276298323
100	3	3905	1559657458276390040
1	3	3905	1559657458276398374
100	3	3905	1559657458276458998
1	3	3905	1559657458276467539
100	3	3905	1559657458276561861
1	3	3905	1559657458276570350
100	3	3905	1559657458276634308
1	3	3905	1559657458276642381
100	3	3905	1559657458276736442
1	3	3905	1559657458276745140
100	3	3905	1559657458276805868
1	3	3905	1559657458276814097
100	3	3905	1559657458276911023
1	3	3905	1559657458276919721
100	3	3905	1559657458276980189
1	3	3905	1559657458276995709
100	3	3905	1559657458277092895
1	3	3905	1559657458277101385
100	3	3905	1559657458277162321
1	3	3905	1559657458277170603
100	3	3905	1559657458277267320
1	3	3905	1559657458277276070
100	3	3905	1559657458277337423
1	3	3905	1559657458277345809
100	3	3905	1559657458277441901
1	3	3905	1559657458277450495
100	3	3905	1559657458277511379
1	3	3905	1559657458277519921
100	3	3905	1559657458277617940
1	3	3905	1559657458277626482
100	3	3905	1559657458277687523
1	3	3905	1559657458277696116
100	3	3905	1559657458277792677
1	3	3905	1559657458277801323
100	3	3905	1559657458277861791
1	3	3905	1559657458277870333
100	3	3905	1559657458277965331
1	3	3905	1559657458277973717
100	3	3905	1559657458278034237
1	3	3905	1559657458278042778
100	3	3905	1559657458278138506
1	3	3905	1559657458278146891
100	3	3905	1559657458278208088
1	3	3905	1559657458278217307
100	3	3905	1559657458278323191
1	3	3905	1559657458278331733
100	3	3905	1559657458278393711
1	3	3905	1559657458278402305
100	3	3905	1559657458278498918
1	3	3905	1559657458278507564
100	3	3905	1559657458278568240
1	3	3905	1559657458278576729
100	3	3905	1559657458278674020
1	3	3905	1559657458278682561
100	3	3905	1559657458278743133
1	3	3905	1559657458278751519
100	3	3905	1559657458278848392
1	3	3905	1559657458278856882
100	3	3905	1559657458278917454
1	3	3905	1559657458278925995
100	3	3905	1559657458279021463
1	3	3905	1559657458279029848
100	3	3905	1559657458279090212
1	3	3905	1559657458279098806
100	3	3905	1559657458279194690
1	3	3905	1559657458279203179
100	3	3905	1559657458279264272
1	3	3905	1559657458279272761
100	3	3905	1559657458279368802
1	3	3905	1559657458279377395
100	3	3905	1559657458279442447
1	3	3905	1559657458279450572
100	3	3905	1559657458279545154
1	3	3905	1559657458279561299
100	3	3905	1559657458279629371
1	3	3905	1559657458279638798
100	3	3905	1559657458279734422
1	3	3905	1559657458279743016
100	3	3905	1559657458279803119
1	3	3905	1559657458279811608
100	3	3905	1559657458279905305
1	3	3905	1559657458279913794
100	3	3905	1559657458279974210
1	3	3905	1559657458279982491
100	3	3905	1559657458280076084
1	3	3905	1559657458280084469
100	3	3905	1559657458280144468
1	3	3905	1559657458280152906
100	3	3905	1559657458280245769
1	3	3905	1559657458280254206
100	3	3905	1559657458280314674
1	3	3905	1559657458280323164
100	3	3905	1559657458280415819
1	3	3905	1559657458280424204
100	3	3905	1559657458280484985
1	3	3905	1559657458280493526
100	3	3905	1559657458280586754
1	3	3905	1559657458280595243
100	3	3905	1559657458280655711
1	3	3905	1559657458280663993
100	3	3905	1559657458280758939
1	3	3905	1559657458280767272
100	3	3905	1559657458280835813
1	3	3905	1559657458280844303
100	3	3905	1559657458280937010
1	3	3905	1559657458280945447
100	3	3905	1559657458281005550
1	3	3905	1559657458281014040
100	3	3905	1559657458281107268
1	3	3905	1559657458281115653
100	3	3905	1559657458281175288
1	3	3905	1559657458281183777
100	3	3905	1559657458281276693
1	3	3905	1559657458281285338
100	3	3905	1559657458281345546
1	3	3905	1559657458281354035
100	3	3905	1559657458281447159
1	3	3905	1559657458281455440
100	3	3905	1559657458281515596
1	3	3905	1559657458281524137
100	3	3905	1559657458281617105
1	3	3905	1559657458281625594
100	3	3905	1559657458281685385
1	3	3905	1559657458281693770
100	3	3905	1559657458281786686
1	3	3905	1559657458281795175
100	3	3905	1559657458281857258
1	3	3905	1559657458281865695
100	3	3905	1559657458281958610
1	3	3905	1559657458281966944
100	3	3905	1559657458282027359
1	3	3905	1559657458282043922
100	3	3905	1559657458282139025
1	3	3905	1559657458282147514
100	3	3905	1559657458282207774
1	3	3905	1559657458282216055
100	3	3905	1559657458282308918
1	3	3905	1559657458282317355
100	3	3905	1559657458282377719
1	3	3905	1559657458282385896
100	3	3905	1559657458282478760
1	3	3905	1559657458282487457
100	3	3905	1559657458282548238
1	3	3905	1559657458282556519
100	3	3905	1559657458282650372
1	3	3905	1559657458282658861
100	3	3905	1559657458282719173
1	3	3905	1559657458282786255
100	3	3905	1559657458282887191
1	3	3905	1559657458282895629
100	3	3905	1559657458282957034
1	3	3905	1559657458282965315
100	3	3905	1559657458283060158
1	3	3905	1559657458283068856
100	3	3905	1559657458283129376
1	3	3905	1559657458283137969
100	3	3905	1559657458283232395
1	3	3905	1559657458283240728
100	3	3905	1559657458283301144
1	3	3905	1559657458283317446
100	3	3905	1559657458283413382
1	3	3905	1559657458283421924
100	3	3905	1559657458283483017
1	3	3905	1559657458283491402
100	3	3905	1559657458283585255
1	3	3905	1559657458283593848
100	3	3905	1559657458283655098
1	3	3905	1559657458283663431
100	3	3905	1559657458283760461
1	3	3905	1559657458283769054
100	3	3905	1559657458283829835
1	3	3905	1559657458283838324
100	3	3905	1559657458283934521
1	3	3905	1559657458283943062
100	3	3905	1559657458284003530
1	3	3905	1559657458284011968
100	3	3905	1559657458284104154
1	3	3905	1559657458284112591
100	3	3905	1559657458284172278
1	3	3905	1559657458284180611
100	3	3905	1559657458284273579
1	3	3905	1559657458284281964
100	3	3905	1559657458284342172
1	3	3905	1559657458284351338
100	3	3905	1559657458284444410
1	3	3905	1559657458284452899
100	3	3905	1559657458284513159
1	3	3905	1559657458284521492
100	3	3905	1559657458284624928
1	3	3905	1559657458284633522
100	3	3905	1559657458284694771
1	3	3905	1559657458284704302
100	3	3905	1559657458284797530
1	3	3905	1559657458284811124
100	3	3905	1559657458284872685
1	3	3905	1559657458284881227
100	3	3905	1559657458284976694
1	3	3905	1559657458284985236
100	3	3905	1559657458285054141
1	3	3905	1559657458285062370
100	3	3905	1559657458285157994
1	3	3905	1559657458285166379
100	3	3905	1559657458285237420
1	3	3905	1559657458285245909
100	3	3905	1559657458285339346
1	3	3905	1559657458285347731
100	3	3905	1559657458285408251
1	3	3905	1559657458285416584
100	3	3905	1559657458285510333
1	3	3905	1559657458285519031
100	3	3905	1559657458285579030
1	3	3905	1559657458285587415
100	3	3905	1559657458285680435
1	3	3905	1559657458285688768
100	3	3905	1559657458285771996
1	3	3905	1559657458285780381
100	3	3905	1559657458285874286
1	3	3905	1559657458285882724
100	3	3905	1559657458285943192
1	3	3905	1559657458285951629
100	3	3905	1559657458286046784
1	3	3905	1559657458286055377
100	3	3905	1559657458286116314
1	3	3905	1559657458286124856
100	3	3905	1559657458286220792
1	3	3905	1559657458286229177
100	3	3905	1559657458286289541
1	3	3905	1559657458286297926
100	3	3905	1559657458286391831
1	3	3905	1559657458286400373
100	3	3905	1559657458286460789
1	3	3905	1559657458286469330
100	3	3905	1559657458286561829
1	3	3905	1559657458286570110
100	3	3905	1559657458286631099
1	3	3905	1559657458286639640
100	3	3905	1559657458286733024
1	3	3905	1559657458286741358
100	3	3905	1559657458286802294
1	3	3905	1559657458286810576
100	3	3905	1559657458286903856
1	3	3905	1559657458286912241
100	3	3905	1559657458286973230
1	3	3905	1559657458286991719
100	3	3905	1559657458287091718
1	3	3905	1559657458287100103
100	3	3905	1559657458287161196
1	3	3905	1559657458287169633
100	3	3905	1559657458287262705
1	3	3905	1559657458287271246
100	3	3905	1559657458287332079
1	3	3905	1559657458287340672
100	3	3905	1559657458287435567
1	3	3905	1559657458287444265
100	3	3905	1559657458287504629
1	3	3905	1559657458287513222
100	3	3905	1559657458287606294
1	3	3905	1559657458287614731
100	3	3905	1559657458287675355
1	3	3905	1559657458287683584
100	3	3905	1559657458287776187
1	3	3905	1559657458287784573
100	3	3905	1559657458287845770
1	3	3905	1559657458287854311
100	3	3905	1559657458287950456
1	3	3905	1559657458287958945
100	3	3905	1559657458288020559
1	3	3905	1559657458288029413
100	3	3905	1559657458288127849
1	3	3905	1559657458288136495
100	3	3905	1559657458288198734
1	3	3905	1559657458288216390
100	3	3905	1559657458288314461
1	3	3905	1559657458288323055
100	3	3905	1559657458288383940
1	3	3905	1559657458288392585
100	3	3905	1559657458288486594
1	3	3905	1559657458288495136
100	3	3905	1559657458288555760
1	3	3905	1559657458288564354
100	3	3905	1559657458288661904
1	3	3905	1559657458288670550
100	3	3905	1559657458288735237
1	3	3905	1559657458288744143
100	3	3905	1559657458288841485
1	3	3905	1559657458288850548
100	3	3905	1559657458288913464
1	3	3905	1559657458288922786
100	3	3905	1559657458289020285
1	3	3905	1559657458289031535
100	3	3905	1559657458289093201
1	3	3905	1559657458289105128
100	3	3905	1559657458289206272
1	3	3905	1559657458289215387
100	3	3905	1559657458289277104
1	3	3905	1559657458289287261
100	3	3905	1559657458289385280
1	3	3905	1559657458289394030
100	3	3905	1559657458289459185
1	3	3905	1559657458289498820
100	3	3905	1559657458289602777
1	3	3905	1559657458289612621
100	3	3905	1559657458289676318
1	3	3905	1559657458289686057
100	3	3905	1559657458289783660
1	3	3905	1559657458289792306
100	3	3905	1559657458289854857
1	3	3905	1559657458289863867
100	3	3905	1559657458289960689
1	3	3905	1559657458289969491
100	3	3905	1559657458290031157
1	3	3905	1559657458290040271
100	3	3905	1559657458290137145
1	3	3905	1559657458290145634
100	3	3905	1559657458290211258
1	3	3905	1559657458290219644
100	3	3905	1559657458290320892
1	3	3905	1559657458290330111
100	3	3905	1559657458290396464
1	3	3905	1559657458290405422
100	3	3905	1559657458290502296
1	3	3905	1559657458290512921
100	3	3905	1559657458290575941
1	3	3905	1559657458290587347
100	3	3905	1559657458290687033
1	3	3905	1559657458290696929
100	3	3905	1559657458290758491
1	3	3905	1559657458290768022
100	3	3905	1559657458290870989
1	3	3905	1559657458290911770
100	3	3905	1559657458290993331
1	3	3905	1559657458291002758
100	3	3905	1559657458291101038
1	3	3905	1559657458291111090
100	3	3905	1559657458291172964
1	3	3905	1559657458291181662
100	3	3905	1559657458291285723
1	3	3905	1559657458291294160
100	3	3905	1559657458291357962
1	3	3905	1559657458291367284
100	3	3905	1559657458291463533
1	3	3905	1559657458291473325
100	3	3905	1559657458291540251
1	3	3905	1559657458291551813
100	3	3905	1559657458291662280
1	3	3905	1559657458291674051
100	3	3905	1559657458291745300
1	3	3905	1559657458291755144
100	3	3905	1559657458291874465
1	3	3905	1559657458291885090
100	3	3905	1559657458291964464
1	3	3905	1559657458291976495
100	3	3905	1559657458292097066
1	3	3905	1559657458292107170
100	3	3905	1559657458292181284
1	3	3905	1559657458292192273
100	3	3905	1559657458292313469
1	3	3905	1559657458292324303
100	3	3905	1559657458292469613
1	3	3905	1559657458292482269
100	3	3905	1559657458292610236
1	3	3905	1559657458292621798
100	3	3905	1559657458292695391
1	3	3905	1559657458292707110
100	3	3905	1559657458292926794
1	3	3905	1559657458292937680
100	3	3905	1559657458293014137
1	3	3905	1559657458293024345
100	3	3905	1559657458293125542
1	3	3905	1559657458293135229
100	3	3905	1559657458293208145
1	3	3905	1559657458293217728
100	3	3905	1559657458293333195
1	3	3905	1559657458293344862
100	3	3905	1559657458293425902
1	3	3905	1559657458293436423
100	3	3905	1559657458293538973
1	3	3905	1559657458293549598
100	3	3905	1559657458293612306
1	3	3905	1559657458293623712
100	3	3905	1559657458293724492
1	3	3905	1559657458293732929
100	3	3905	1559657458293795376
1	3	3905	1559657458293804907
100	3	3905	1559657458293900896
1	3	3905	1559657458293909646
100	3	3905	1559657458293972770
1	3	3905	1559657458294014644
100	3	3905	1559657458294117299
1	3	3905	1559657458294125788
100	3	3905	1559657458294188704
1	3	3905	1559657458294197402
100	3	3905	1559657458294302713
1	3	3905	1559657458294311203
100	3	3905	1559657458294385577
1	3	3905	1559657458294395681
100	3	3905	1559657458294494013
1	3	3905	1559657458294502502
100	3	3905	1559657458294563543
1	3	3905	1559657458294571980
100	3	3905	1559657458294666666
1	3	3905	1559657458294675208
100	3	3905	1559657458294735311
1	3	3905	1559657458294743749
100	3	3905	1559657458294837914
1	3	3905	1559657458294846195
100	3	3905	1559657458294906767
1	3	3905	1559657458294915517
100	3	3905	1559657458295014526
1	3	3905	1559657458295022912
100	3	3905	1559657458295083692
1	3	3905	1559657458295092911
100	3	3905	1559657458295188482
1	3	3905	1559657458295196972
100	3	3905	1559657458295257388
1	3	3905	1559657458295290668
100	3	3905	1559657458295389990
1	3	3905	1559657458295398532
100	3	3905	1559657458295464156
1	3	3905	1559657458295472697
100	3	3905	1559657458295567435
1	3	3905	1559657458295575925
100	3	3905	1559657458295636862
1	3	3905	1559657458295645351
100	3	3905	1559657458295742537
1	3	3905	1559657458295751183
100	3	3905	1559657458295811755
1	3	3905	1559657458295820453
100	3	3905	1559657458295914618
1	3	3905	1559657458295923108
100	3	3905	1559657458295983888
1	3	3905	1559657458295992430
100	3	3905	1559657458296089512
1	3	3905	1559657458296097793
100	3	3905	1559657458296158157
1	3	3905	1559657458296166490
100	3	3905	1559657458296261749
1	3	3905	1559657458296270030
100	3	3905	1559657458296332060
1	3	3905	1559657458296340602
100	3	3905	1559657458296433569
1	3	3905	1559657458296441903
100	3	3905	1559657458296504714
1	3	3905	1559657458296513152
100	3	3905	1559657458296624973
1	3	3905	1559657458296633619
100	3	3905	1559657458296694087
1	3	3905	1559657458296702785
100	3	3905	1559657458296798460
1	3	3905	1559657458296814918
100	3	3905	1559657458296880751
1	3	3905	1559657458296889813
100	3	3905	1559657458296984916
1	3	3905	1559657458296993406
100	3	3905	1559657458297065540
1	3	3905	1559657458297073717
100	3	3905	1559657458297171632
1	3	3905	1559657458297180330
100	3	3905	1559657458297258819
1	3	3905	1559657458297267204
100	3	3905	1559657458297362359
1	3	3905	1559657458297371005
100	3	3905	1559657458297432670
1	3	3905	1559657458297441056
100	3	3905	1559657458297537982
1	3	3905	1559657458297546627
100	3	3905	1559657458297607668
1	3	3905	1559657458297616314
100	3	3905	1559657458297714281
1	3	3905	1559657458297722667
100	3	3905	1559657458297783134
1	3	3905	1559657458297791468
100	3	3905	1559657458297886518
1	3	3905	1559657458297902716
100	3	3905	1559657458297964486
1	3	3905	1559657458297972924
100	3	3905	1559657458298067349
1	3	3905	1559657458298075943
100	3	3905	1559657458298136619
1	3	3905	1559657458298145213
100	3	3905	1559657458298239430
1	3	3905	1559657458298248076
100	3	3905	1559657458298309013
1	3	3905	1559657458298317554
100	3	3905	1559657458298412240
1	3	3905	1559657458298420886
100	3	3905	1559657458298482656
1	3	3905	1559657458298490885
100	3	3905	1559657458298589894
1	3	3905	1559657458298598332
100	3	3905	1559657458298663539
1	3	3905	1559657458298672289
100	3	3905	1559657458298767027
1	3	3905	1559657458298775517
100	3	3905	1559657458298838276
1	3	3905	1559657458298847287
100	3	3905	1559657458298942962
1	3	3905	1559657458298951556
100	3	3905	1559657458299014524
1	3	3905	1559657458299022857
100	3	3905	1559657458299116814
1	3	3905	1559657458299125356
100	3	3905	1559657458299205875
1	3	3905	1559657458299214313
100	3	3905	1559657458299308843
1	3	3905	1559657458299317124
100	3	3905	1559657458299378165
1	3	3905	1559657458299386550
100	3	3905	1559657458299480403
1	3	3905	1559657458299488736
100	3	3905	1559657458299548735
1	3	3905	1559657458299556860
100	3	3905	1559657458299653682
1	3	3905	1559657458299662276
100	3	3905	1559657458299722379
1	3	3905	1559657458299730608
100	3	3905	1559657458299825450
1	3	3905	1559657458299833940
100	3	3905	1559657458299894512
1	3	3905	1559657458299902897
100	3	3905	1559657458299997948
1	3	3905	1559657458300007479
100	3	3905	1559657458300068676
1	3	3905	1559657458300076957
100	3	3905	1559657458300176435
1	3	3905	1559657458300184925
100	3	3905	1559657458300245809
1	3	3905	1559657458300254195
100	3	3905	1559657458300350079
1	3	3905	1559657458300358672
100	3	3905	1559657458300421067
1	3	3905	1559657458300448202
100	3	3905	1559657458300545024
1	3	3905	1559657458300553461
100	3	3905	1559657458300616169
1	3	3905	1559657458300624815
100	3	3905	1559657458300721532
1	3	3905	1559657458300730438
100	3	3905	1559657458300792625
1	3	3905	1559657458300800958
100	3	3905	1559657458300895280
1	3	3905	1559657458300903613
100	3	3905	1559657458300964810
1	3	3905	1559657458300973247
100	3	3905	1559657458301066944
1	3	3905	1559657458301075433
100	3	3905	1559657458301135537
1	3	3905	1559657458301143922
100	3	3905	1559657458301239962
1	3	3905	1559657458301248608
100	3	3905	1559657458301311211
1	3	3905	1559657458301319493
100	3	3905	1559657458301417408
1	3	3905	1559657458301425897
100	3	3905	1559657458301488917
1	3	3905	1559657458301497198
100	3	3905	1559657458301590843
1	3	3905	1559657458301599124
100	3	3905	1559657458301659540
1	3	3905	1559657458301700998
100	3	3905	1559657458301803028
1	3	3905	1559657458301812142
100	3	3905	1559657458301874172
1	3	3905	1559657458301882662
100	3	3905	1559657458301977765
1	3	3905	1559657458301986306
100	3	3905	1559657458302047295
1	3	3905	1559657458302055680
100	3	3905	1559657458302150627
1	3	3905	1559657458302159221
100	3	3905	1559657458302219793
1	3	3905	1559657458302228334
100	3	3905	1559657458302322812
1	3	3905	1559657458302331354
100	3	3905	1559657458302392343
1	3	3905	1559657458302400728
100	3	3905	1559657458302495102
1	3	3905	1559657458302503591
100	3	3905	1559657458302563955
1	3	3905	1559657458302572288
100	3	3905	1559657458302666766
1	3	3905	1559657458302675255
100	3	3905	1559657458302792650
1	3	3905	1559657458302801295
100	3	3905	1559657458302904211
1	3	3905	1559657458302912700
100	3	3905	1559657458302994522
1	3	3905	1559657458303004001
100	3	3905	1559657458303109416
1	3	3905	1559657458303118531
100	3	3905	1559657458303180353
1	3	3905	1559657458303188582
100	3	3905	1559657458303286185
1	3	3905	1559657458303294726
100	3	3905	1559657458303356027
1	3	3905	1559657458303364517
100	3	3905	1559657458303458370
1	3	3905	1559657458303466703
100	3	3905	1559657458303527119
1	3	3905	1559657458303535712
100	3	3905	1559657458303630190
1	3	3905	1559657458303638576
100	3	3905	1559657458303698731
1	3	3905	1559657458303707116
100	3	3905	1559657458303802011
1	3	3905	1559657458303810344
100	3	3905	1559657458303873572
1	3	3905	1559657458303882010
100	3	3905	1559657458303976331
1	3	3905	1559657458303984925
100	3	3905	1559657458304045341
1	3	3905	1559657458304053622
100	3	3905	1559657458304147006
1	3	3905	1559657458304156277
100	3	3905	1559657458304217005
1	3	3905	1559657458304225651
100	3	3905	1559657458304320493
1	3	3905	1559657458304345806
100	3	3905	1559657458304408513
1	3	3905	1559657458304417055
100	3	3905	1559657458304522939
1	3	3905	1559657458304531376
100	3	3905	1559657458304592156
1	3	3905	1559657458304600698
100	3	3905	1559657458304695332
1	3	3905	1559657458304704082
100	3	3905	1559657458304765956
1	3	3905	1559657458304774393
100	3	3905	1559657458304869861
1	3	3905	1559657458304878402
100	3	3905	1559657458304942568
1	3	3905	1559657458304951058
100	3	3905	1559657458305047827
1	3	3905	1559657458305056421
100	3	3905	1559657458305118347
1	3	3905	1559657458305126784
100	3	3905	1559657458305221002
1	3	3905	1559657458305229752
100	3	3905	1559657458305290220
1	3	3905	1559657458305298709
100	3	3905	1559657458305392718
1	3	3905	1559657458305401156
100	3	3905	1559657458305461676
1	3	3905	1559657458305470321
100	3	3905	1559657458305568601
1	3	3905	1559657458305577143
100	3	3905	1559657458305658079
1	3	3905	1559657458305668444
100	3	3905	1559657458305769119
1	3	3905	1559657458305777609
100	3	3905	1559657458305839796
1	3	3905	1559657458305848598
100	3	3905	1559657458305946669
1	3	3905	1559657458305955159
100	3	3905	1559657458306016408
1	3	3905	1559657458306025001
100	3	3905	1559657458306122240
1	3	3905	1559657458306132448
100	3	3905	1559657458306193437
1	3	3905	1559657458306202030
100	3	3905	1559657458306295831
1	3	3905	1559657458306305935
100	3	3905	1559657458306366299
1	3	3905	1559657458306374580
100	3	3905	1559657458306471193
1	3	3905	1559657458306479787
100	3	3905	1559657458306540619
1	3	3905	1559657458306549265
100	3	3905	1559657458306645878
1	3	3905	1559657458306654472
100	3	3905	1559657458306718221
1	3	3905	1559657458306727231
100	3	3905	1559657458306825668
1	3	3905	1559657458306834522
100	3	3905	1559657458306898427
1	3	3905	1559657458306936708
100	3	3905	1559657458307046602
1	3	3905	1559657458307055039
100	3	3905	1559657458307121705
1	3	3905	1559657458307130038
100	3	3905	1559657458307226808
1	3	3905	1559657458307235402
100	3	3905	1559657458307296130
1	3	3905	1559657458307305088
100	3	3905	1559657458307401441
1	3	3905	1559657458307410087
100	3	3905	1559657458307471440
1	3	3905	1559657458307479773
100	3	3905	1559657458307575449
1	3	3905	1559657458307584095
100	3	3905	1559657458307645448
1	3	3905	1559657458307654042
100	3	3905	1559657458307751228
1	3	3905	1559657458307759769
100	3	3905	1559657458307820498
1	3	3905	1559657458307828935
100	3	3905	1559657458307923621
1	3	3905	1559657458307932475
100	3	3905	1559657458307993152
1	3	3905	1559657458308001745
100	3	3905	1559657458308098150
1	3	3905	1559657458308106536
100	3	3905	1559657458308183930
1	3	3905	1559657458308206013
100	3	3905	1559657458308304137
1	3	3905	1559657458308319241
100	3	3905	1559657458308382105
1	3	3905	1559657458308391896
100	3	3905	1559657458308487468
1	3	3905	1559657458308496791
100	3	3905	1559657458308556998
1	3	3905	1559657458308565331
100	3	3905	1559657458308662101
1	3	3905	1559657458308670642
100	3	3905	1559657458308741735
1	3	3905	1559657458308750173
100	3	3905	1559657458308845223
1	3	3905	1559657458308853817
100	3	3905	1559657458308914650
1	3	3905	1559657458308923087
100	3	3905	1559657458309019231
1	3	3905	1559657458309028815
100	3	3905	1559657458309091053
1	3	3905	1559657458309099387
100	3	3905	1559657458309193344
1	3	3905	1559657458309201677
100	3	3905	1559657458309262822
1	3	3905	1559657458309271363
100	3	3905	1559657458309365633
1	3	3905	1559657458309374018
100	3	3905	1559657458309434122
1	3	3905	1559657458309442351
100	3	3905	1559657458309545214
1	3	3905	1559657458309553703
100	3	3905	1559657458309614432
1	3	3905	1559657458309622661
100	3	3905	1559657458309717034
1	3	3905	1559657458309725524
100	3	3905	1559657458309785940
1	3	3905	1559657458309794169
100	3	3905	1559657458309888230
1	3	3905	1559657458309896772
100	3	3905	1559657458309956875
1	3	3905	1559657458309965260
100	3	3905	1559657458310059374
1	3	3905	1559657458310067707
100	3	3905	1559657458310130831
1	3	3905	1559657458310139112
100	3	3905	1559657458310232652
1	3	3905	1559657458310241194
100	3	3905	1559657458310301454
1	3	3905	1559657458310309995
100	3	3905	1559657458310403796
1	3	3905	1559657458310412285
100	3	3905	1559657458310472180
1	3	3905	1559657458310480774
100	3	3905	1559657458310574158
1	3	3905	1559657458310582804
100	3	3905	1559657458310642334
1	3	3905	1559657458310650928
100	3	3905	1559657458310744573
1	3	3905	1559657458310760406
100	3	3905	1559657458310822384
1	3	3905	1559657458310830665
100	3	3905	1559657458310924153
1	3	3905	1559657458310932591
100	3	3905	1559657458310992486
1	3	3905	1559657458311001027
100	3	3905	1559657458311095193
1	3	3905	1559657458311103682
100	3	3905	1559657458311165973
1	3	3905	1559657458311174463
100	3	3905	1559657458311267951
1	3	3905	1559657458311276232
100	3	3905	1559657458311336283
1	3	3905	1559657458311344564
100	3	3905	1559657458311439094
1	3	3905	1559657458311447636
100	3	3905	1559657458311507895
1	3	3905	1559657458311516281
100	3	3905	1559657458311609300
1	3	3905	1559657458311617790
100	3	3905	1559657458311677893
1	3	3905	1559657458311686331
100	3	3905	1559657458311780444
1	3	3905	1559657458311788725
100	3	3905	1559657458311849141
1	3	3905	1559657458311857578
100	3	3905	1559657458311952056
1	3	3905	1559657458311960493
100	3	3905	1559657458312029711
1	3	3905	1559657458312038201
100	3	3905	1559657458312132835
1	3	3905	1559657458312141533
100	3	3905	1559657458312203355
1	3	3905	1559657458312211792
100	3	3905	1559657458312305593
1	3	3905	1559657458312314187
100	3	3905	1559657458312375071
1	3	3905	1559657458312383404
100	3	3905	1559657458312476632
1	3	3905	1559657458312485434
100	3	3905	1559657458312545277
1	3	3905	1559657458312553610
100	3	3905	1559657458312646890
1	3	3905	1559657458312655172
100	3	3905	1559657458312715796
1	3	3905	1559657458312724129
100	3	3905	1559657458312862460
1	3	3905	1559657458312871262
100	3	3905	1559657458312931366
1	3	3905	1559657458312939543
100	3	3905	1559657458313032979
1	3	3905	1559657458313041416
100	3	3905	1559657458313101259
1	3	3905	1559657458313109697
100	3	3905	1559657458313202716
1	3	3905	1559657458313211101
100	3	3905	1559657458313273184
1	3	3905	1559657458313289225
100	3	3905	1559657458313386568
1	3	3905	1559657458313395266
100	3	3905	1559657458313456411
1	3	3905	1559657458313465004
100	3	3905	1559657458313558909
1	3	3905	1559657458313567451
100	3	3905	1559657458313627658
1	3	3905	1559657458313636304
100	3	3905	1559657458313729636
1	3	3905	1559657458313738021
100	3	3905	1559657458313797864
1	3	3905	1559657458313806302
100	3	3905	1559657458313900467
1	3	3905	1559657458313908852
100	3	3905	1559657458313968487
1	3	3905	1559657458313976560
100	3	3905	1559657458314070048
1	3	3905	1559657458314078485
100	3	3905	1559657458314138276
1	3	3905	1559657458314146766
100	3	3905	1559657458314240410
1	3	3905	1559657458314248796
100	3	3905	1559657458314319628
1	3	3905	1559657458314328326
100	3	3905	1559657458314422179
1	3	3905	1559657458314430564
100	3	3905	1559657458314491084
1	3	3905	1559657458314507073
100	3	3905	1559657458314602958
1	3	3905	1559657458314611499
100	3	3905	1559657458314671498
1	3	3905	1559657458314679779
100	3	3905	1559657458314773424
1	3	3905	1559657458314781965
100	3	3905	1559657458314842225
1	3	3905	1559657458314850558
100	3	3905	1559657458314944515
1	3	3905	1559657458314952901
100	3	3905	1559657458315013004
1	3	3905	1559657458315021233
100	3	3905	1559657458315115138
1	3	3905	1559657458315123471
100	3	3905	1559657458315183158
1	3	3905	1559657458315191491
100	3	3905	1559657458315284198
1	3	3905	1559657458315292688
100	3	3905	1559657458315354510
1	3	3905	1559657458315363051
100	3	3905	1559657458315456331
1	3	3905	1559657458315464665
100	3	3905	1559657458315524820
1	3	3905	1559657458315533049
100	3	3905	1559657458315626589
1	3	3905	1559657458315635079
100	3	3905	1559657458315695651
1	3	3905	1559657458315704036
100	3	3905	1559657458315845180
1	3	3905	1559657458315854086
100	3	3905	1559657458315914867
1	3	3905	1559657458315923252
100	3	3905	1559657458316018147
1	3	3905	1559657458316026480
100	3	3905	1559657458316086427
1	3	3905	1559657458316095177
100	3	3905	1559657458316188613
1	3	3905	1559657458316197102
100	3	3905	1559657458316257154
1	3	3905	1559657458316265643
100	3	3905	1559657458316358871
1	3	3905	1559657458316367256
100	3	3905	1559657458316428558
1	3	3905	1559657458316436891
100	3	3905	1559657458316529546
1	3	3905	1559657458316537983
100	3	3905	1559657458316597514
1	3	3905	1559657458316605951
100	3	3905	1559657458316699179
1	3	3905	1559657458316707460
100	3	3905	1559657458316766991
1	3	3905	1559657458316775324
100	3	3905	1559657458316868604
1	3	3905	1559657458316876989
100	3	3905	1559657458316936415
1	3	3905	1559657458316944853
100	3	3905	1559657458317039174
1	3	3905	1559657458317049487
100	3	3905	1559657458317126621
1	3	3905	1559657458317135111
100	3	3905	1559657458317229693
1	3	3905	1559657458317238078
100	3	3905	1559657458317297973
1	3	3905	1559657458317306306
100	3	3905	1559657458317399951
1	3	3905	1559657458317408336
100	3	3905	1559657458317469793
1	3	3905	1559657458317478179
100	3	3905	1559657458317571615
1	3	3905	1559657458317579740
100	3	3905	1559657458317639322
1	3	3905	1559657458317647604
100	3	3905	1559657458317742029
1	3	3905	1559657458317750727
100	3	3905	1559657458317811560
1	3	3905	1559657458317819841
100	3	3905	1559657458317913329
1	3	3905	1559657458317921975
100	3	3905	1559657458317982026
1	3	3905	1559657458317990411
100	3	3905	1559657458318083118
1	3	3905	1559657458318091608
100	3	3905	1559657458318152232
1	3	3905	1559657458318160513
100	3	3905	1559657458318255252
1	3	3905	1559657458318263741
100	3	3905	1559657458318341448
1	3	3905	1559657458318350406
100	3	3905	1559657458318446603
1	3	3905	1559657458318455093
100	3	3905	1559657458318517800
1	3	3905	1559657458318526133
100	3	3905	1559657458318619674
1	3	3905	1559657458318628007
100	3	3905	1559657458318688527
1	3	3905	1559657458318696912
100	3	3905	1559657458318791911
1	3	3905	1559657458318800452
100	3	3905	1559657458318860400
1	3	3905	1559657458318868837
100	3	3905	1559657458318962377
1	3	3905	1559657458318970658
100	3	3905	1559657458319031022
1	3	3905	1559657458319039460
100	3	3905	1559657458319132687
1	3	3905	1559657458319141125
100	3	3905	1559657458319201697
1	3	3905	1559657458319210186
100	3	3905	1559657458319304039
1	3	3905	1559657458319312268
100	3	3905	1559657458319371799
1	3	3905	1559657458319380132
100	3	3905	1559657458319475027
1	3	3905	1559657458319500026
100	3	3905	1559657458319564765
1	3	3905	1559657458319573775
100	3	3905	1559657458319667993
1	3	3905	1559657458319677055
100	3	3905	1559657458319758564
1	3	3905	1559657458319766898
100	3	3905	1559657458319866688
1	3	3905	1559657458319875125
100	3	3905	1559657458319944239
1	3	3905	1559657458319952572
100	3	3905	1559657458320048456
1	3	3905	1559657458320056789
100	3	3905	1559657458320117726
1	3	3905	1559657458320126216
100	3	3905	1559657458320221266
1	3	3905	1559657458320229860
100	3	3905	1559657458320290276
1	3	3905	1559657458320298713
100	3	3905	1559657458320392722
1	3	3905	1559657458320401368
100	3	3905	1559657458320461367
1	3	3905	1559657458320469909
100	3	3905	1559657458320564595
1	3	3905	1559657458320573137
100	3	3905	1559657458320635219
1	3	3905	1559657458320643552
100	3	3905	1559657458320737249
1	3	3905	1559657458320745791
100	3	3905	1559657458320806571
1	3	3905	1559657458320830321
100	3	3905	1559657458320928132
1	3	3905	1559657458320937090
100	3	3905	1559657458320998079
1	3	3905	1559657458321006464
100	3	3905	1559657458321100213
1	3	3905	1559657458321108963
100	3	3905	1559657458321169118
1	3	3905	1559657458321177608
100	3	3905	1559657458321272450
1	3	3905	1559657458321280992
100	3	3905	1559657458321341772
1	3	3905	1559657458321350053
100	3	3905	1559657458321444479
1	3	3905	1559657458321453125
100	3	3905	1559657458321513280
1	3	3905	1559657458321521613
100	3	3905	1559657458321615310
1	3	3905	1559657458321623799
100	3	3905	1559657458321781714
1	3	3905	1559657458321790672
100	3	3905	1559657458321886765
1	3	3905	1559657458321895254
100	3	3905	1559657458321956034
1	3	3905	1559657458321964472
100	3	3905	1559657458322058898
1	3	3905	1559657458322067387
100	3	3905	1559657458322127386
1	3	3905	1559657458322136032
100	3	3905	1559657458322249051
1	3	3905	1559657458322258010
100	3	3905	1559657458322318842
1	3	3905	1559657458322327331
100	3	3905	1559657458322422382
1	3	3905	1559657458322430976
100	3	3905	1559657458322491183
1	3	3905	1559657458322499621
100	3	3905	1559657458322593109
1	3	3905	1559657458322601494
100	3	3905	1559657458322661858
1	3	3905	1559657458322670139
100	3	3905	1559657458322795971
1	3	3905	1559657458322804721
100	3	3905	1559657458322866751
1	3	3905	1559657458322875032
100	3	3905	1559657458322933052
1	3	3905	1559657458322937219
100	3	3905	1559657458322967323
1	3	3905	1559657458322971489
100	3	3905	1559657458323018468
1	3	3905	1559657458323022635
100	3	3905	1559657458323052738
1	3	3905	1559657458323056853
100	3	3905	1559657458323103623
1	3	3905	1559657458323107894
100	3	3905	1559657458323137841
1	3	3905	1559657458323142060
100	3	3905	1559657458323209247
1	3	3905	1559657458323217528
100	3	3905	1559657458323253100
1	3	3905	1559657458323257423
100	3	3905	1559657458323325860
1	3	3905	1559657458323330182
100	3	3905	1559657458323360599
1	3	3905	1559657458323364765
100	3	3905	1559657458323412577
1	3	3905	1559657458323416692
100	3	3905	1559657458323446952
1	3	3905	1559657458323451170
100	3	3905	1559657458323498253
1	3	3905	1559657458323502524
100	3	3905	1559657458323532003
1	3	3905	1559657458323536221
100	3	3905	1559657458323584814
1	3	3905	1559657458323589085
100	3	3905	1559657458323618668
1	3	3905	1559657458323622835
100	3	3905	1559657458323669657
1	3	3905	1559657458323673824
100	3	3905	1559657458323703667
1	3	3905	1559657458323707886
100	3	3905	1559657458323756010
1	3	3905	1559657458323760281
100	3	3905	1559657458323790228
1	3	3905	1559657458323794447
100	3	3905	1559657458323841321
1	3	3905	1559657458323845592
100	3	3905	1559657458323885487
1	3	3905	1559657458323889914
100	3	3905	1559657458323937622
1	3	3905	1559657458323941997
100	3	3905	1559657458323972309
1	3	3905	1559657458323976684
100	3	3905	1559657458324023663
1	3	3905	1559657458324027881
100	3	3905	1559657458324057985
1	3	3905	1559657458324062360
100	3	3905	1559657458324109338
1	3	3905	1559657458324113661
100	3	3905	1559657458324143505
1	3	3905	1559657458324147932
100	3	3905	1559657458324194598
1	3	3905	1559657458324198869
100	3	3905	1559657458324228660
1	3	3905	1559657458324232931
100	3	3905	1559657458324281367
1	3	3905	1559657458324285586
100	3	3905	1559657458324319909
1	3	3905	1559657458324324179
100	3	3905	1559657458324371470
1	3	3905	1559657458324375741
100	3	3905	1559657458324405689
1	3	3905	1559657458324410064
100	3	3905	1559657458324457927
1	3	3905	1559657458324462250
100	3	3905	1559657458324492667
1	3	3905	1559657458324504750
100	3	3905	1559657458324554228
1	3	3905	1559657458324558655
100	3	3905	1559657458324589176
1	3	3905	1559657458324593394
100	3	3905	1559657458324640790
1	3	3905	1559657458324644904
100	3	3905	1559657458324675216
1	3	3905	1559657458324679383
100	3	3905	1559657458324726830
1	3	3905	1559657458324730997
100	3	3905	1559657458324761517
1	3	3905	1559657458324765788
100	3	3905	1559657458324813652
1	3	3905	1559657458324817870
100	3	3905	1559657458324848287
1	3	3905	1559657458324852453
100	3	3905	1559657458324899328
1	3	3905	1559657458324903546
100	3	3905	1559657458324933442
1	3	3905	1559657458324937556
100	3	3905	1559657458324984899
1	3	3905	1559657458324989170
100	3	3905	1559657458325019222
1	3	3905	1559657458325023441
100	3	3905	1559657458325070784
1	3	3905	1559657458325075002
100	3	3905	1559657458325105106
1	3	3905	1559657458325116825
100	3	3905	1559657458325165939
1	3	3905	1559657458325170418
100	3	3905	1559657458325200626
1	3	3905	1559657458325204844
100	3	3905	1559657458325252187
1	3	3905	1559657458325256458
100	3	3905	1559657458325286562
1	3	3905	1559657458325290833
100	3	3905	1559657458325337811
1	3	3905	1559657458325342186
100	3	3905	1559657458325372134
1	3	3905	1559657458325376405
100	3	3905	1559657458325423227
1	3	3905	1559657458325427550
100	3	3905	1559657458325457653
1	3	3905	1559657458325461872
100	3	3905	1559657458325509996
1	3	3905	1559657458325514267
100	3	3905	1559657458325544579
1	3	3905	1559657458325548850
100	3	3905	1559657458325596141
1	3	3905	1559657458325600308
100	3	3905	1559657458325630776
1	3	3905	1559657458325634943
100	3	3905	1559657458325682286
1	3	3905	1559657458325686557
100	3	3905	1559657458325716869
1	3	3905	1559657458325721087
100	3	3905	1559657458325777232
1	3	3905	1559657458325781503
100	3	3905	1559657458325811867
1	3	3905	1559657458325816138
100	3	3905	1559657458325864054
1	3	3905	1559657458325868273
100	3	3905	1559657458325898429
1	3	3905	1559657458325902647
100	3	3905	1559657458325949678
1	3	3905	1559657458325954001
100	3	3905	1559657458325984209
1	3	3905	1559657458325988584
100	3	3905	1559657458326035718
1	3	3905	1559657458326039989
100	3	3905	1559657458326070093
1	3	3905	1559657458326074312
100	3	3905	1559657458326121342
1	3	3905	1559657458326125717
100	3	3905	1559657458326155665
1	3	3905	1559657458326159831
100	3	3905	1559657458326206810
1	3	3905	1559657458326211081
100	3	3905	1559657458326240820
1	3	3905	1559657458326245039
100	3	3905	1559657458326292121
1	3	3905	1559657458326296392
100	3	3905	1559657458326326235
1	3	3905	1559657458326330454
100	3	3905	1559657458326377745
1	3	3905	1559657458326393943
100	3	3905	1559657458326425557
1	3	3905	1559657458326429984
100	3	3905	1559657458326477900
1	3	3905	1559657458326482223
100	3	3905	1559657458326512327
1	3	3905	1559657458326516649
100	3	3905	1559657458326563524
1	3	3905	1559657458326567847
100	3	3905	1559657458326598159
1	3	3905	1559657458326602377
100	3	3905	1559657458326649668
1	3	3905	1559657458326653939
100	3	3905	1559657458326683939
1	3	3905	1559657458326688105
100	3	3905	1559657458326735344
1	3	3905	1559657458326739615
100	3	3905	1559657458326769823
1	3	3905	1559657458326774094
100	3	3905	1559657458326820708
1	3	3905	1559657458326824874
100	3	3905	1559657458326854978
1	3	3905	1559657458326859197
100	3	3905	1559657458326907425
1	3	3905	1559657458326913727
100	3	3905	1559657458326944456
1	3	3905	1559657458326949039
100	3	3905	1559657458326996435
1	3	3905	1559657458327000914
100	3	3905	1559657458327039871
1	3	3905	1559657458327044299
100	3	3905	1559657458327092787
1	3	3905	1559657458327097267
100	3	3905	1559657458327133099
1	3	3905	1559657458327137318
100	3	3905	1559657458327184765
1	3	3905	1559657458327188984
100	3	3905	1559657458327219244
1	3	3905	1559657458327223463
100	3	3905	1559657458327271066
1	3	3905	1559657458327275389
100	3	3905	1559657458327305545
1	3	3905	1559657458327309764
100	3	3905	1559657458327356742
1	3	3905	1559657458327361013
100	3	3905	1559657458327391221
1	3	3905	1559657458327395387
100	3	3905	1559657458327442626
1	3	3905	1559657458327446949
100	3	3905	1559657458327476897
1	3	3905	1559657458327481168
100	3	3905	1559657458327528563
1	3	3905	1559657458327532729
100	3	3905	1559657458327562625
1	3	3905	1559657458327566739
100	3	3905	1559657458327613666
1	3	3905	1559657458327617989
100	3	3905	1559657458327648040
1	3	3905	1559657458327660123
100	3	3905	1559657458327708925
1	3	3905	1559657458327713196
100	3	3905	1559657458327743404
1	3	3905	1559657458327747622
100	3	3905	1559657458327795226
1	3	3905	1559657458327799601
100	3	3905	1559657458327829757
1	3	3905	1559657458327833871
100	3	3905	1559657458327881214
1	3	3905	1559657458327885537
100	3	3905	1559657458327915849
1	3	3905	1559657458327920172
100	3	3905	1559657458327968348
1	3	3905	1559657458327972723
100	3	3905	1559657458328002931
1	3	3905	1559657458328007202
100	3	3905	1559657458328054233
1	3	3905	1559657458328058399
100	3	3905	1559657458328088607
1	3	3905	1559657458328092826
100	3	3905	1559657458328139804
1	3	3905	1559657458328144179
100	3	3905	1559657458328174283
1	3	3905	1559657458328178502
100	3	3905	1559657458328225428
1	3	3905	1559657458328229647
100	3	3905	1559657458328259907
1	3	3905	1559657458328271886
100	3	3905	1559657458328320792
1	3	3905	1559657458328325219
100	3	3905	1559657458328355635
1	3	3905	1559657458328359906
100	3	3905	1559657458328406936
1	3	3905	1559657458328411207
100	3	3905	1559657458328441467
1	3	3905	1559657458328445582
100	3	3905	1559657458328492664
1	3	3905	1559657458328496935
100	3	3905	1559657458328526935
1	3	3905	1559657458328531153
100	3	3905	1559657458328578548
1	3	3905	1559657458328582819
100	3	3905	1559657458328612871
1	3	3905	1559657458328617090
100	3	3905	1559657458328664433
1	3	3905	1559657458328668703
100	3	3905	1559657458328698651
1	3	3905	1559657458328702818
100	3	3905	1559657458328749952
1	3	3905	1559657458328753963
100	3	3905	1559657458328783962
1	3	3905	1559657458328788129
100	3	3905	1559657458328834951
1	3	3905	1559657458328839066
100	3	3905	1559657458328868753
1	3	3905	1559657458328880940
100	3	3905	1559657458328929742
1	3	3905	1559657458328934221
100	3	3905	1559657458328964637
1	3	3905	1559657458328968908
100	3	3905	1559657458329016772
1	3	3905	1559657458329021095
100	3	3905	1559657458329051250
1	3	3905	1559657458329055469
100	3	3905	1559657458329102448
1	3	3905	1559657458329106718
100	3	3905	1559657458329136718
1	3	3905	1559657458329140989
100	3	3905	1559657458329188384
1	3	3905	1559657458329192603
100	3	3905	1559657458329222602
1	3	3905	1559657458329226873
100	3	3905	1559657458329273956
1	3	3905	1559657458329278956
100	3	3905	1559657458329309164
1	3	3905	1559657458329313434
100	3	3905	1559657458329360100
1	3	3905	1559657458329364319
100	3	3905	1559657458329394475
1	3	3905	1559657458329398694
100	3	3905	1559657458329445360
1	3	3905	1559657458329449682
100	3	3905	1559657458329479838
1	3	3905	1559657458329484057
100	3	3905	1559657458329540202
1	3	3905	1559657458329544473
100	3	3905	1559657458329574993
1	3	3905	1559657458329579160
100	3	3905	1559657458329626763
1	3	3905	1559657458329631034
100	3	3905	1559657458329661034
1	3	3905	1559657458329665252
100	3	3905	1559657458329712543
1	3	3905	1559657458329716762
100	3	3905	1559657458329746814
1	3	3905	1559657458329750928
100	3	3905	1559657458329798532
1	3	3905	1559657458329802803
100	3	3905	1559657458329832698
1	3	3905	1559657458329836917
100	3	3905	1559657458329884208
1	3	3905	1559657458329888531
100	3	3905	1559657458329922541
1	3	3905	1559657458329926759
100	3	3905	1559657458329974363
1	3	3905	1559657458329978686
100	3	3905	1559657458330008737
1	3	3905	1559657458330013060
100	3	3905	1559657458330061393
1	3	3905	1559657458330065768
100	3	3905	1559657458330095976
1	3	3905	1559657458330100142
100	3	3905	1559657458330147381
1	3	3905	1559657458330152590
100	3	3905	1559657458330190714
1	3	3905	1559657458330195141
100	3	3905	1559657458330242797
1	3	3905	1559657458330247119
100	3	3905	1559657458330277327
1	3	3905	1559657458330281650
100	3	3905	1559657458330328681
1	3	3905	1559657458330333004
100	3	3905	1559657458330363107
1	3	3905	1559657458330367430
100	3	3905	1559657458330414461
1	3	3905	1559657458330418732
100	3	3905	1559657458330448731
1	3	3905	1559657458330452898
100	3	3905	1559657458330499720
1	3	3905	1559657458330503991
100	3	3905	1559657458330533991
1	3	3905	1559657458330538105
100	3	3905	1559657458330584667
1	3	3905	1559657458330588834
100	3	3905	1559657458330618989
1	3	3905	1559657458330623208
100	3	3905	1559657458330670499
1	3	3905	1559657458330674822
100	3	3905	1559657458330704978
1	3	3905	1559657458330709249
100	3	3905	1559657458330755863
1	3	3905	1559657458330760081
100	3	3905	1559657458330798831
1	3	3905	1559657458330803206
100	3	3905	1559657458330850549
1	3	3905	1559657458330854924
100	3	3905	1559657458330885236
1	3	3905	1559657458330889402
100	3	3905	1559657458330936693
1	3	3905	1559657458330940860
100	3	3905	1559657458330971172
1	3	3905	1559657458330975495
100	3	3905	1559657458331022526
1	3	3905	1559657458331026796
100	3	3905	1559657458331057213
1	3	3905	1559657458331061379
100	3	3905	1559657458331109243
1	3	3905	1559657458331113514
100	3	3905	1559657458331143774
1	3	3905	1559657458331148149
100	3	3905	1559657458331194971
1	3	3905	1559657458331199190
100	3	3905	1559657458331228929
1	3	3905	1559657458331233200
100	3	3905	1559657458331280855
1	3	3905	1559657458331285126
100	3	3905	1559657458331315126
1	3	3905	1559657458331319344
100	3	3905	1559657458331366323
1	3	3905	1559657458331370698
100	3	3905	1559657458331400802
1	3	3905	1559657458331413041
100	3	3905	1559657458331461895
1	3	3905	1559657458331466322
100	3	3905	1559657458331496477
1	3	3905	1559657458331500644
100	3	3905	1559657458331547883
1	3	3905	1559657458331552102
100	3	3905	1559657458331582101
1	3	3905	1559657458331586528
100	3	3905	1559657458331633924
1	3	3905	1559657458331638194
100	3	3905	1559657458331667881
1	3	3905	1559657458331672048
100	3	3905	1559657458331719027
1	3	3905	1559657458331723297
100	3	3905	1559657458331753245
1	3	3905	1559657458331757463
100	3	3905	1559657458331804390
1	3	3905	1559657458331808661
100	3	3905	1559657458331838817
1	3	3905	1559657458331842983
100	3	3905	1559657458331890118
1	3	3905	1559657458331894337
100	3	3905	1559657458331924388
1	3	3905	1559657458331928659
100	3	3905	1559657458331976002
1	3	3905	1559657458331980221
100	3	3905	1559657458332010168
1	3	3905	1559657458332022512
100	3	3905	1559657458332071470
1	3	3905	1559657458332076001
100	3	3905	1559657458332106677
1	3	3905	1559657458332111052
100	3	3905	1559657458332159229
1	3	3905	1559657458332163604
100	3	3905	1559657458332194072
1	3	3905	1559657458332198343
100	3	3905	1559657458332245530
1	3	3905	1559657458332249801
100	3	3905	1559657458332280165
1	3	3905	1559657458332284383
100	3	3905	1559657458332331154
1	3	3905	1559657458332335476
100	3	3905	1559657458332365632
1	3	3905	1559657458332369799
100	3	3905	1559657458332417090
1	3	3905	1559657458332421413
100	3	3905	1559657458332451777
1	3	3905	1559657458332455944
100	3	3905	1559657458332503026
1	3	3905	1559657458332508807
100	3	3905	1559657458332539380
1	3	3905	1559657458332543703
100	3	3905	1559657458332591515
1	3	3905	1559657458332595942
100	3	3905	1559657458332626150
1	3	3905	1559657458332631254
100	3	3905	1559657458332686461
1	3	3905	1559657458332690940
100	3	3905	1559657458332725575
1	3	3905	1559657458332741929
100	3	3905	1559657458332791616
1	3	3905	1559657458332795939
100	3	3905	1559657458332826564
1	3	3905	1559657458332830730
100	3	3905	1559657458332878177
1	3	3905	1559657458332882448
100	3	3905	1559657458332912760
1	3	3905	1559657458332916927
100	3	3905	1559657458332964218
1	3	3905	1559657458332968489
100	3	3905	1559657458332998697
1	3	3905	1559657458333002863
100	3	3905	1559657458333050831
1	3	3905	1559657458333055102
100	3	3905	1559657458333085362
1	3	3905	1559657458333089529
100	3	3905	1559657458333136924
1	3	3905	1559657458333141143
100	3	3905	1559657458333172236
1	3	3905	1559657458333176455
100	3	3905	1559657458333224058
1	3	3905	1559657458333228277
100	3	3905	1559657458333259006
1	3	3905	1559657458333263224
100	3	3905	1559657458333329369
1	3	3905	1559657458333333640
100	3	3905	1559657458333364681
1	3	3905	1559657458333368900
100	3	3905	1559657458333416920
1	3	3905	1559657458333421243
100	3	3905	1559657458333451920
1	3	3905	1559657458333456086
100	3	3905	1559657458333503690
1	3	3905	1559657458333508013
100	3	3905	1559657458333538377
1	3	3905	1559657458333542700
100	3	3905	1559657458333590616
1	3	3905	1559657458333595199
100	3	3905	1559657458333625198
1	3	3905	1559657458333629365
100	3	3905	1559657458333676239
1	3	3905	1559657458333680666
100	3	3905	1559657458333711083
1	3	3905	1559657458333715197
100	3	3905	1559657458333763530
1	3	3905	1559657458333767749
100	3	3905	1559657458333797957
1	3	3905	1559657458333802540
100	3	3905	1559657458333850195
1	3	3905	1559657458333854466
100	3	3905	1559657458333884570
1	3	3905	1559657458333888945
100	3	3905	1559657458333937642
1	3	3905	1559657458333943684
100	3	3905	1559657458333985975
1	3	3905	1559657458333990298
100	3	3905	1559657458334038578
1	3	3905	1559657458334042745
100	3	3905	1559657458334073265
1	3	3905	1559657458334077484
100	3	3905	1559657458334125765
1	3	3905	1559657458334130087
100	3	3905	1559657458334160087
1	3	3905	1559657458334164358
100	3	3905	1559657458334211493
1	3	3905	1559657458334215711
100	3	3905	1559657458334248002
1	3	3905	1559657458334252221
100	3	3905	1559657458334299721
1	3	3905	1559657458334303939
100	3	3905	1559657458334334303
1	3	3905	1559657458334338470
100	3	3905	1559657458334385761
1	3	3905	1559657458334389980
100	3	3905	1559657458334419771
1	3	3905	1559657458334424042
100	3	3905	1559657458334471437
1	3	3905	1559657458334475760
100	3	3905	1559657458334505759
1	3	3905	1559657458334510603
100	3	3905	1559657458334557738
1	3	3905	1559657458334561904
100	3	3905	1559657458334601383
1	3	3905	1559657458334605914
100	3	3905	1559657458334653830
1	3	3905	1559657458334658205
100	3	3905	1559657458334688569
1	3	3905	1559657458334692736
100	3	3905	1559657458334739662
1	3	3905	1559657458334743777
100	3	3905	1559657458334774818
1	3	3905	1559657458334778985
100	3	3905	1559657458334826588
1	3	3905	1559657458334830755
100	3	3905	1559657458334861223
1	3	3905	1559657458334865390
100	3	3905	1559657458334913462
1	3	3905	1559657458334917733
100	3	3905	1559657458334947785
1	3	3905	1559657458334952055
100	3	3905	1559657458335000232
1	3	3905	1559657458335004555
100	3	3905	1559657458335034815
1	3	3905	1559657458335039033
100	3	3905	1559657458335086324
1	3	3905	1559657458335090647
100	3	3905	1559657458335120647
1	3	3905	1559657458335124866
100	3	3905	1559657458335172261
1	3	3905	1559657458335176427
100	3	3905	1559657458335207052
1	3	3905	1559657458335219187
100	3	3905	1559657458335269030
1	3	3905	1559657458335273666
100	3	3905	1559657458335304759
1	3	3905	1559657458335309134
100	3	3905	1559657458335357050
1	3	3905	1559657458335361112
100	3	3905	1559657458335391477
1	3	3905	1559657458335395799
100	3	3905	1559657458335444340
1	3	3905	1559657458335448559
100	3	3905	1559657458335478975
1	3	3905	1559657458335483142
100	3	3905	1559657458335530589
1	3	3905	1559657458335534808
100	3	3905	1559657458335569391
1	3	3905	1559657458335573609
100	3	3905	1559657458335620640
1	3	3905	1559657458335624859
100	3	3905	1559657458335654806
1	3	3905	1559657458335659025
100	3	3905	1559657458335706108
1	3	3905	1559657458335710326
100	3	3905	1559657458335740482
1	3	3905	1559657458335744805
100	3	3905	1559657458335791992
1	3	3905	1559657458335796159
100	3	3905	1559657458335826366
1	3	3905	1559657458335838554
100	3	3905	1559657458335887928
1	3	3905	1559657458335892303
100	3	3905	1559657458335922615
1	3	3905	1559657458335926938
100	3	3905	1559657458335974281
1	3	3905	1559657458335978448
100	3	3905	1559657458336008812
1	3	3905	1559657458336013031
100	3	3905	1559657458336060530
1	3	3905	1559657458336064853
100	3	3905	1559657458336095061
1	3	3905	1559657458336099279
100	3	3905	1559657458336146362
1	3	3905	1559657458336150477
100	3	3905	1559657458336180216
1	3	3905	1559657458336184382
100	3	3905	1559657458336231621
1	3	3905	1559657458336235892
100	3	3905	1559657458336265840
1	3	3905	1559657458336270006
100	3	3905	1559657458336316985
1	3	3905	1559657458336321151
100	3	3905	1559657458336351620
1	3	3905	1559657458336355838
100	3	3905	1559657458336403181
1	3	3905	1559657458336407452
100	3	3905	1559657458336437764
1	3	3905	1559657458336441983
100	3	3905	1559657458336500628
1	3	3905	1559657458336505159
100	3	3905	1559657458336535628
1	3	3905	1559657458336539898
100	3	3905	1559657458336589116
1	3	3905	1559657458336593387
100	3	3905	1559657458336623387
1	3	3905	1559657458336628439
100	3	3905	1559657458336675626
1	3	3905	1559657458336679844
100	3	3905	1559657458336709896
1	3	3905	1559657458336714115
100	3	3905	1559657458336761302
1	3	3905	1559657458336765572
100	3	3905	1559657458336795676
1	3	3905	1559657458336799947
100	3	3905	1559657458336846613
1	3	3905	1559657458336850884
100	3	3905	1559657458336880987
1	3	3905	1559657458336885206
100	3	3905	1559657458336933226
1	3	3905	1559657458336937445
100	3	3905	1559657458336967653
1	3	3905	1559657458336971924
100	3	3905	1559657458337019215
1	3	3905	1559657458337023486
100	3	3905	1559657458337053746
1	3	3905	1559657458337058016
100	3	3905	1559657458337105516
1	3	3905	1559657458337119578
100	3	3905	1559657458337151244
1	3	3905	1559657458337155515
100	3	3905	1559657458337203066
1	3	3905	1559657458337207285
100	3	3905	1559657458337237597
1	3	3905	1559657458337241764
100	3	3905	1559657458337289524
1	3	3905	1559657458337293846
100	3	3905	1559657458337324054
1	3	3905	1559657458337328429
100	3	3905	1559657458337377022
1	3	3905	1559657458337381189
100	3	3905	1559657458337411241
1	3	3905	1559657458337415407
100	3	3905	1559657458337462386
1	3	3905	1559657458337466657
100	3	3905	1559657458337496812
1	3	3905	1559657458337501031
100	3	3905	1559657458337548010
1	3	3905	1559657458337552176
100	3	3905	1559657458337582280
1	3	3905	1559657458337586447
100	3	3905	1559657458337633842
1	3	3905	1559657458337638113
100	3	3905	1559657458337668060
1	3	3905	1559657458337672279
100	3	3905	1559657458337719622
1	3	3905	1559657458337723841
100	3	3905	1559657458337762590
1	3	3905	1559657458337766913
100	3	3905	1559657458337814204
1	3	3905	1559657458337818527
100	3	3905	1559657458337848578
1	3	3905	1559657458337852901
100	3	3905	1559657458337900192
1	3	3905	1559657458337904359
100	3	3905	1559657458337934202
1	3	3905	1559657458337938473
100	3	3905	1559657458337985868
1	3	3905	1559657458337990139
100	3	3905	1559657458338020451
1	3	3905	1559657458338024670
100	3	3905	1559657458338071857
1	3	3905	1559657458338076127
100	3	3905	1559657458338106283
1	3	3905	1559657458338110554
100	3	3905	1559657458338158470
1	3	3905	1559657458338164408
100	3	3905	1559657458338195397
1	3	3905	1559657458338199720
100	3	3905	1559657458338247375
1	3	3905	1559657458338251802
100	3	3905	1559657458338282010
1	3	3905	1559657458338286281
100	3	3905	1559657458338333989
1	3	3905	1559657458338338155
100	3	3905	1559657458338372530
1	3	3905	1559657458338384248
100	3	3905	1559657458338435029
1	3	3905	1559657458338439352
100	3	3905	1559657458338469768
1	3	3905	1559657458338473935
100	3	3905	1559657458338521590
1	3	3905	1559657458338525809
100	3	3905	1559657458338555965
1	3	3905	1559657458338560079
100	3	3905	1559657458338607110
1	3	3905	1559657458338611329
100	3	3905	1559657458338641641
1	3	3905	1559657458338645859
100	3	3905	1559657458338693254
1	3	3905	1559657458338697577
100	3	3905	1559657458338728046
1	3	3905	1559657458338732160
100	3	3905	1559657458338779347
1	3	3905	1559657458338783514
100	3	3905	1559657458338813565
1	3	3905	1559657458338817784
100	3	3905	1559657458338864815
1	3	3905	1559657458338869137
100	3	3905	1559657458338899033
1	3	3905	1559657458338903252
100	3	3905	1559657458338950126
1	3	3905	1559657458338954345
100	3	3905	1559657458338984344
1	3	3905	1559657458338996115
100	3	3905	1559657458339045385
1	3	3905	1559657458339049760
100	3	3905	1559657458339080124
1	3	3905	1559657458339084343
100	3	3905	1559657458339131426
1	3	3905	1559657458339135696
100	3	3905	1559657458339165852
1	3	3905	1559657458339170071
100	3	3905	1559657458339217466
1	3	3905	1559657458339221685
100	3	3905	1559657458339251789
1	3	3905	1559657458339255955
100	3	3905	1559657458339302986
1	3	3905	1559657458339307361
100	3	3905	1559657458339337517
1	3	3905	1559657458339341683
100	3	3905	1559657458339388505
1	3	3905	1559657458339392672
100	3	3905	1559657458339422567
1	3	3905	1559657458339426682
100	3	3905	1559657458339474650
1	3	3905	1559657458339478973
100	3	3905	1559657458339508868
1	3	3905	1559657458339513087
100	3	3905	1559657458339560326
1	3	3905	1559657458339564545
100	3	3905	1559657458339594648
1	3	3905	1559657458339606315
100	3	3905	1559657458339656158
1	3	3905	1559657458339660637
100	3	3905	1559657458339690897
1	3	3905	1559657458339695116
100	3	3905	1559657458339742667
1	3	3905	1559657458339746834
100	3	3905	1559657458339776729
1	3	3905	1559657458339781052
100	3	3905	1559657458339827927
1	3	3905	1559657458339832197
100	3	3905	1559657458339862509
1	3	3905	1559657458339866728
100	3	3905	1559657458339913602
1	3	3905	1559657458339917873
100	3	3905	1559657458339947925
1	3	3905	1559657458339952091
100	3	3905	1559657458339999330
1	3	3905	1559657458340003601
100	3	3905	1559657458340033705
1	3	3905	1559657458340037976
100	3	3905	1559657458340085006
1	3	3905	1559657458340089173
100	3	3905	1559657458340119120
1	3	3905	1559657458340123287
100	3	3905	1559657458340170266
1	3	3905	1559657458340174432
100	3	3905	1559657458340204276
1	3	3905	1559657458340208546
100	3	3905	1559657458340265733
1	3	3905	1559657458340270004
100	3	3905	1559657458340300212
1	3	3905	1559657458340304483
100	3	3905	1559657458340351201
1	3	3905	1559657458340355576
100	3	3905	1559657458340386148
1	3	3905	1559657458340390419
100	3	3905	1559657458340437970
1	3	3905	1559657458340442189
100	3	3905	1559657458340472189
1	3	3905	1559657458340476407
100	3	3905	1559657458340524323
1	3	3905	1559657458340528646
100	3	3905	1559657458340558750
1	3	3905	1559657458340562917
100	3	3905	1559657458340609895
1	3	3905	1559657458340614166
100	3	3905	1559657458340644113
1	3	3905	1559657458340648280
100	3	3905	1559657458340694946
1	3	3905	1559657458340699269
100	3	3905	1559657458340729216
1	3	3905	1559657458340733435
100	3	3905	1559657458340780726
1	3	3905	1559657458340785049
100	3	3905	1559657458340815101
1	3	3905	1559657458340819319
100	3	3905	1559657458340866298
1	3	3905	1559657458340871350
100	3	3905	1559657458340915412
1	3	3905	1559657458340919995
100	3	3905	1559657458340967182
1	3	3905	1559657458340971401
100	3	3905	1559657458341001608
1	3	3905	1559657458341005775
100	3	3905	1559657458341052702
1	3	3905	1559657458341056868
100	3	3905	1559657458341087076
1	3	3905	1559657458341091243
100	3	3905	1559657458341140148
1	3	3905	1559657458341144419
100	3	3905	1559657458341175773
1	3	3905	1559657458341179991
100	3	3905	1559657458341227178
1	3	3905	1559657458341231397
100	3	3905	1559657458341261397
1	3	3905	1559657458341265563
100	3	3905	1559657458341312698
1	3	3905	1559657458341317021
100	3	3905	1559657458341346968
1	3	3905	1559657458341351187
100	3	3905	1559657458341398947
1	3	3905	1559657458341403270
100	3	3905	1559657458341433582
1	3	3905	1559657458341437696
100	3	3905	1559657458341484831
1	3	3905	1559657458341488998
100	3	3905	1559657458341530143
1	3	3905	1559657458341534622
100	3	3905	1559657458341582746
1	3	3905	1559657458341586965
100	3	3905	1559657458341617590
1	3	3905	1559657458341621756
100	3	3905	1559657458341669308
1	3	3905	1559657458341673474
100	3	3905	1559657458341703630
1	3	3905	1559657458341707745
100	3	3905	1559657458341755713
1	3	3905	1559657458341759931
100	3	3905	1559657458341790244
1	3	3905	1559657458341794462
100	3	3905	1559657458341842274
1	3	3905	1559657458341846441
100	3	3905	1559657458341876649
1	3	3905	1559657458341880919
100	3	3905	1559657458341928263
1	3	3905	1559657458341932429
100	3	3905	1559657458341962637
1	3	3905	1559657458341966908
100	3	3905	1559657458342013991
1	3	3905	1559657458342018209
100	3	3905	1559657458342049094
1	3	3905	1559657458342053313
100	3	3905	1559657458342100396
1	3	3905	1559657458342104666
100	3	3905	1559657458342134770
1	3	3905	1559657458342146697
100	3	3905	1559657458342195186
1	3	3905	1559657458342199561
100	3	3905	1559657458342230342
1	3	3905	1559657458342234665
100	3	3905	1559657458342281799
1	3	3905	1559657458342286018
100	3	3905	1559657458342316799
1	3	3905	1559657458342321070
100	3	3905	1559657458342368465
1	3	3905	1559657458342372631
100	3	3905	1559657458342402839
1	3	3905	1559657458342407006
100	3	3905	1559657458342453776
1	3	3905	1559657458342457943
100	3	3905	1559657458342487838
1	3	3905	1559657458342492109
100	3	3905	1559657458342539921
1	3	3905	1559657458342544087
100	3	3905	1559657458342574712
1	3	3905	1559657458342578983
100	3	3905	1559657458342626847
1	3	3905	1559657458342631065
100	3	3905	1559657458342661117
1	3	3905	1559657458342665284
100	3	3905	1559657458342712366
1	3	3905	1559657458342716533
