1	1	1407	1559660336481164903
100	1	1407	1559660336481430684
1	1	1407	1559660336481440215
100	1	1407	1559660336481522871
1	1	1407	1559660336481532402
100	1	1407	1559660336481709641
1	1	1407	1559660336481718495
100	1	1407	1559660336481791568
1	1	1407	1559660336481799901
100	1	1407	1559660336481897974
1	1	1407	1559660336481906151
100	1	1407	1559660336481967869
1	1	1407	1559660336481976151
100	1	1407	1559660336482068598
1	1	1407	1559660336482077036
100	1	1407	1559660336482136619
1	1	1407	1559660336482144900
100	1	1407	1559660336482237869
1	1	1407	1559660336482246827
100	1	1407	1559660336482319743
1	1	1407	1559660336482328077
100	1	1407	1559660336482418597
1	1	1407	1559660336482426878
100	1	1407	1559660336482484378
1	1	1407	1559660336482492503
100	1	1407	1559660336482585420
1	1	1407	1559660336482593753
100	1	1407	1559660336482653076
1	1	1407	1559660336482661357
100	1	1407	1559660336482754117
1	1	1407	1559660336482762242
100	1	1407	1559660336482819898
1	1	1407	1559660336482828231
100	1	1407	1559660336482919168
1	1	1407	1559660336482927554
100	1	1407	1559660336482988752
1	1	1407	1559660336482998335
100	1	1407	1559660336483090782
1	1	1407	1559660336483099220
100	1	1407	1559660336483156980
1	1	1407	1559660336483165157
100	1	1407	1559660336483256876
1	1	1407	1559660336483264949
100	1	1407	1559660336483408594
1	1	1407	1559660336483417344
100	1	1407	1559660336483511667
1	1	1407	1559660336483520312
100	1	1407	1559660336483578958
1	1	1407	1559660336483594583
100	1	1407	1559660336483685572
1	1	1407	1559660336483694062
100	1	1407	1559660336483753801
1	1	1407	1559660336483762134
100	1	1407	1559660336483850468
1	1	1407	1559660336483858593
100	1	1407	1559660336483916926
1	1	1407	1559660336483925311
100	1	1407	1559660336484013852
1	1	1407	1559660336484022186
100	1	1407	1559660336484079477
1	1	1407	1559660336484087550
100	1	1407	1559660336484176092
1	1	1407	1559660336484184269
100	1	1407	1559660336484241820
1	1	1407	1559660336484251143
100	1	1407	1559660336484339008
1	1	1407	1559660336484347341
100	1	1407	1559660336484408174
1	1	1407	1559660336484416612
100	1	1407	1559660336484508122
1	1	1407	1559660336484516351
100	1	1407	1559660336484576299
1	1	1407	1559660336484584632
100	1	1407	1559660336484677704
1	1	1407	1559660336484685986
100	1	1407	1559660336484744475
1	1	1407	1559660336484761142
100	1	1407	1559660336484854631
1	1	1407	1559660336484863433
100	1	1407	1559660336484922339
1	1	1407	1559660336484930672
100	1	1407	1559660336485023224
1	1	1407	1559660336485031349
100	1	1407	1559660336485088484
1	1	1407	1559660336485096609
100	1	1407	1559660336485188849
1	1	1407	1559660336485197130
100	1	1407	1559660336485256401
1	1	1407	1559660336485264578
100	1	1407	1559660336485356348
1	1	1407	1559660336485364890
100	1	1407	1559660336485423223
1	1	1407	1559660336485431712
100	1	1407	1559660336485523796
1	1	1407	1559660336485532025
100	1	1407	1559660336485589212
1	1	1407	1559660336485597337
100	1	1407	1559660336485688743
1	1	1407	1559660336485696920
100	1	1407	1559660336485756295
1	1	1407	1559660336485764368
100	1	1407	1559660336485855722
1	1	1407	1559660336485863951
100	1	1407	1559660336485922857
1	1	1407	1559660336485931034
100	1	1407	1559660336486030096
1	1	1407	1559660336486038429
100	1	1407	1559660336486096242
1	1	1407	1559660336486104419
100	1	1407	1559660336486196970
1	1	1407	1559660336486205252
100	1	1407	1559660336486263949
1	1	1407	1559660336486272335
100	1	1407	1559660336486363845
1	1	1407	1559660336486373064
100	1	1407	1559660336486430772
1	1	1407	1559660336486438845
100	1	1407	1559660336486530459
1	1	1407	1559660336486538844
100	1	1407	1559660336486596344
1	1	1407	1559660336486604469
100	1	1407	1559660336486696344
1	1	1407	1559660336486704729
100	1	1407	1559660336486763583
1	1	1407	1559660336486771812
100	1	1407	1559660336486864468
1	1	1407	1559660336486873791
100	1	1407	1559660336486930770
1	1	1407	1559660336486938947
100	1	1407	1559660336487029884
1	1	1407	1559660336487037957
100	1	1407	1559660336487099155
1	1	1407	1559660336487107228
100	1	1407	1559660336487197540
1	1	1407	1559660336487212905
100	1	1407	1559660336487277800
1	1	1407	1559660336487285873
100	1	1407	1559660336487376446
1	1	1407	1559660336487384623
100	1	1407	1559660336487442123
1	1	1407	1559660336487450196
100	1	1407	1559660336487540872
1	1	1407	1559660336487549049
100	1	1407	1559660336487606601
1	1	1407	1559660336487614883
100	1	1407	1559660336487706184
1	1	1407	1559660336487714361
100	1	1407	1559660336487771757
1	1	1407	1559660336487780142
100	1	1407	1559660336487869882
1	1	1407	1559660336487879205
100	1	1407	1559660336487936600
1	1	1407	1559660336487944777
100	1	1407	1559660336488033527
1	1	1407	1559660336488041600
100	1	1407	1559660336488098371
1	1	1407	1559660336488106704
100	1	1407	1559660336488195610
1	1	1407	1559660336488203735
100	1	1407	1559660336488262276
1	1	1407	1559660336488270401
100	1	1407	1559660336488358943
1	1	1407	1559660336488367068
100	1	1407	1559660336488433213
1	1	1407	1559660336488441651
100	1	1407	1559660336488530400
1	1	1407	1559660336488538682
100	1	1407	1559660336488596129
1	1	1407	1559660336488604463
100	1	1407	1559660336488693265
1	1	1407	1559660336488701390
100	1	1407	1559660336488760712
1	1	1407	1559660336488768889
100	1	1407	1559660336488856962
1	1	1407	1559660336488865295
100	1	1407	1559660336488924826
1	1	1407	1559660336503540717
100	1	1407	1559660336505081129
1	1	1407	1559660336505097535
100	1	1407	1559660336505185920
1	1	1407	1559660336505195764
100	1	1407	1559660336505301545
1	1	1407	1559660336505311024
100	1	1407	1559660336505370607
1	1	1407	1559660336505381805
100	1	1407	1559660336505471857
1	1	1407	1559660336505480971
100	1	1407	1559660336505544721
1	1	1407	1559660336505553471
100	1	1407	1559660336505646908
1	1	1407	1559660336505655242
100	1	1407	1559660336505715293
1	1	1407	1559660336505742012
100	1	1407	1559660336505834356
1	1	1407	1559660336505842585
100	1	1407	1559660336505901230
1	1	1407	1559660336505909147
100	1	1407	1559660336505999876
1	1	1407	1559660336506007949
100	1	1407	1559660336506066074
1	1	1407	1559660336506074407
100	1	1407	1559660336506163521
1	1	1407	1559660336506171594
100	1	1407	1559660336506229823
1	1	1407	1559660336506237896
100	1	1407	1559660336506328312
1	1	1407	1559660336506336437
100	1	1407	1559660336506394562
1	1	1407	1559660336506402739
100	1	1407	1559660336506491749
1	1	1407	1559660336506501020
100	1	1407	1559660336506558468
1	1	1407	1559660336506566905
100	1	1407	1559660336506656384
1	1	1407	1559660336506664457
100	1	1407	1559660336506723780
1	1	1407	1559660336506732009
100	1	1407	1559660336506822165
1	1	1407	1559660336506830498
100	1	1407	1559660336506889717
1	1	1407	1559660336506905290
100	1	1407	1559660336506996956
1	1	1407	1559660336507005446
100	1	1407	1559660336507063258
1	1	1407	1559660336507071643
100	1	1407	1559660336507160080
1	1	1407	1559660336507168205
100	1	1407	1559660336507226486
1	1	1407	1559660336507234507
100	1	1407	1559660336507325445
1	1	1407	1559660336507334090
100	1	1407	1559660336507391538
1	1	1407	1559660336507399819
100	1	1407	1559660336507489038
1	1	1407	1559660336507498517
100	1	1407	1559660336507555913
1	1	1407	1559660336507563985
100	1	1407	1559660336507654298
1	1	1407	1559660336507662579
100	1	1407	1559660336507720391
1	1	1407	1559660336507728777
100	1	1407	1559660336507820078
1	1	1407	1559660336507828412
100	1	1407	1559660336507887578
1	1	1407	1559660336507895964
100	1	1407	1559660336507984817
1	1	1407	1559660336507993099
100	1	1407	1559660336508052265
1	1	1407	1559660336508060442
100	1	1407	1559660336508156900
1	1	1407	1559660336508165286
100	1	1407	1559660336508223046
1	1	1407	1559660336508231223
100	1	1407	1559660336508321587
1	1	1407	1559660336508334973
100	1	1407	1559660336508393879
1	1	1407	1559660336508402212
100	1	1407	1559660336508491118
1	1	1407	1559660336508500545
100	1	1407	1559660336508567159
1	1	1407	1559660336508575441
100	1	1407	1559660336508667367
1	1	1407	1559660336508675753
100	1	1407	1559660336508743044
1	1	1407	1559660336508752784
100	1	1407	1559660336508842940
1	1	1407	1559660336508851221
100	1	1407	1559660336508908773
1	1	1407	1559660336508917002
100	1	1407	1559660336509006950
1	1	1407	1559660336509015179
100	1	1407	1559660336509072106
1	1	1407	1559660336509080178
100	1	1407	1559660336509169189
1	1	1407	1559660336509177418
100	1	1407	1559660336509242365
1	1	1407	1559660336509251793
100	1	1407	1559660336509341167
1	1	1407	1559660336509349709
100	1	1407	1559660336509406688
1	1	1407	1559660336509414917
100	1	1407	1559660336509504917
1	1	1407	1559660336509513094
100	1	1407	1559660336509570177
1	1	1407	1559660336509578302
100	1	1407	1559660336509667833
1	1	1407	1559660336509676166
100	1	1407	1559660336509733458
1	1	1407	1559660336509741739
100	1	1407	1559660336509831999
1	1	1407	1559660336509840332
100	1	1407	1559660336509899186
1	1	1407	1559660336509907467
100	1	1407	1559660336509997780
1	1	1407	1559660336510005905
100	1	1407	1559660336510063769
1	1	1407	1559660336510071998
100	1	1407	1559660336510160644
1	1	1407	1559660336510168873
100	1	1407	1559660336510226477
1	1	1407	1559660336510234602
100	1	1407	1559660336510324706
1	1	1407	1559660336510332883
100	1	1407	1559660336510391685
1	1	1407	1559660336510407778
100	1	1407	1559660336510498664
1	1	1407	1559660336510507205
100	1	1407	1559660336510564809
1	1	1407	1559660336510573090
100	1	1407	1559660336510662048
1	1	1407	1559660336510670173
100	1	1407	1559660336510727204
1	1	1407	1559660336510735486
100	1	1407	1559660336510825485
1	1	1407	1559660336510833767
100	1	1407	1559660336510891683
1	1	1407	1559660336510899756
100	1	1407	1559660336510989860
1	1	1407	1559660336510999391
100	1	1407	1559660336511056683
1	1	1407	1559660336511066318
100	1	1407	1559660336511155120
1	1	1407	1559660336511163297
100	1	1407	1559660336511220588
1	1	1407	1559660336511228765
100	1	1407	1559660336511317203
1	1	1407	1559660336511325484
100	1	1407	1559660336511383713
1	1	1407	1559660336511391890
100	1	1407	1559660336511481056
1	1	1407	1559660336511489337
100	1	1407	1559660336511548243
1	1	1407	1559660336511564025
100	1	1407	1559660336511653191
1	1	1407	1559660336511661576
100	1	1407	1559660336511718503
1	1	1407	1559660336511726732
100	1	1407	1559660336511815691
1	1	1407	1559660336511824128
100	1	1407	1559660336511882357
1	1	1407	1559660336511890690
100	1	1407	1559660336511980586
1	1	1407	1559660336511988867
100	1	1407	1559660336512047617
1	1	1407	1559660336512055794
100	1	1407	1559660336512145481
1	1	1407	1559660336512153867
100	1	1407	1559660336512211523
1	1	1407	1559660336512219648
100	1	1407	1559660336512308501
1	1	1407	1559660336512316574
100	1	1407	1559660336512374803
1	1	1407	1559660336512383032
100	1	1407	1559660336512473032
1	1	1407	1559660336512481418
100	1	1407	1559660336512540324
1	1	1407	1559660336512548605
100	1	1407	1559660336512639230
1	1	1407	1559660336512647459
100	1	1407	1559660336512704386
1	1	1407	1559660336512719802
100	1	1407	1559660336512808969
1	1	1407	1559660336512817302
100	1	1407	1559660336512876052
1	1	1407	1559660336512884125
100	1	1407	1559660336512972406
1	1	1407	1559660336512980843
100	1	1407	1559660336513040114
1	1	1407	1559660336513048291
100	1	1407	1559660336513137665
1	1	1407	1559660336513145738
100	1	1407	1559660336513202561
1	1	1407	1559660336513210582
100	1	1407	1559660336513299019
1	1	1407	1559660336513307196
100	1	1407	1559660336513454800
1	1	1407	1559660336513463550
100	1	1407	1559660336513557039
1	1	1407	1559660336513565945
100	1	1407	1559660336513627924
1	1	1407	1559660336513636258
100	1	1407	1559660336513727924
1	1	1407	1559660336513735997
100	1	1407	1559660336513797403
1	1	1407	1559660336513805528
100	1	1407	1559660336513898236
1	1	1407	1559660336513906517
100	1	1407	1559660336513966777
1	1	1407	1559660336513974954
100	1	1407	1559660336514066100
1	1	1407	1559660336514081881
100	1	1407	1559660336514150475
1	1	1407	1559660336514158860
100	1	1407	1559660336514251776
1	1	1407	1559660336514260110
100	1	1407	1559660336514320422
1	1	1407	1559660336514328651
100	1	1407	1559660336514420161
1	1	1407	1559660336514428495
100	1	1407	1559660336514488286
1	1	1407	1559660336514497713
100	1	1407	1559660336514589588
1	1	1407	1559660336514597921
100	1	1407	1559660336514657921
1	1	1407	1559660336514666150
100	1	1407	1559660336514758494
1	1	1407	1559660336514766723
100	1	1407	1559660336514826723
1	1	1407	1559660336514835108
100	1	1407	1559660336514925785
1	1	1407	1559660336514934274
100	1	1407	1559660336514994222
1	1	1407	1559660336515003597
100	1	1407	1559660336515095263
1	1	1407	1559660336515103753
100	1	1407	1559660336515166669
1	1	1407	1559660336515175003
100	1	1407	1559660336515267607
1	1	1407	1559660336515276044
100	1	1407	1559660336515343648
1	1	1407	1559660336515352138
100	1	1407	1559660336515443804
1	1	1407	1559660336515452398
100	1	1407	1559660336515514012
1	1	1407	1559660336515522293
100	1	1407	1559660336515614376
1	1	1407	1559660336515625314
100	1	1407	1559660336515685782
1	1	1407	1559660336515694116
100	1	1407	1559660336515785626
1	1	1407	1559660336515794011
100	1	1407	1559660336515853855
1	1	1407	1559660336515862136
100	1	1407	1559660336515953854
1	1	1407	1559660336515962188
100	1	1407	1559660336516022188
1	1	1407	1559660336516030365
100	1	1407	1559660336516120573
1	1	1407	1559660336516130052
100	1	1407	1559660336516191666
1	1	1407	1559660336516199895
100	1	1407	1559660336516291093
1	1	1407	1559660336516299322
100	1	1407	1559660336516358957
1	1	1407	1559660336516367186
100	1	1407	1559660336516459322
1	1	1407	1559660336516467551
100	1	1407	1559660336516527603
1	1	1407	1559660336516545363
100	1	1407	1559660336516641821
1	1	1407	1559660336516650675
100	1	1407	1559660336516711612
1	1	1407	1559660336516719946
100	1	1407	1559660336516811143
1	1	1407	1559660336516819529
100	1	1407	1559660336516880883
1	1	1407	1559660336516889216
100	1	1407	1559660336516980882
1	1	1407	1559660336516989268
100	1	1407	1559660336517050674
1	1	1407	1559660336517059007
100	1	1407	1559660336517149476
1	1	1407	1559660336517157913
100	1	1407	1559660336517219319
1	1	1407	1559660336517227704
100	1	1407	1559660336517319319
1	1	1407	1559660336517327860
100	1	1407	1559660336517389006
1	1	1407	1559660336517397339
100	1	1407	1559660336517489214
1	1	1407	1559660336517498329
100	1	1407	1559660336517558641
1	1	1407	1559660336517566922
100	1	1407	1559660336517658016
1	1	1407	1559660336517666297
100	1	1407	1559660336517726661
1	1	1407	1559660336517741974
100	1	1407	1559660336517835411
1	1	1407	1559660336517843744
100	1	1407	1559660336517904109
1	1	1407	1559660336517912390
100	1	1407	1559660336518004733
1	1	1407	1559660336518013223
100	1	1407	1559660336518073014
1	1	1407	1559660336518081191
100	1	1407	1559660336518173326
1	1	1407	1559660336518181764
100	1	1407	1559660336518241555
1	1	1407	1559660336518251139
100	1	1407	1559660336518343690
1	1	1407	1559660336518352076
100	1	1407	1559660336518412128
1	1	1407	1559660336518420201
100	1	1407	1559660336518512388
1	1	1407	1559660336518520617
100	1	1407	1559660336518580461
1	1	1407	1559660336518588742
100	1	1407	1559660336518679887
1	1	1407	1559660336518688012
100	1	1407	1559660336518750043
1	1	1407	1559660336518758325
100	1	1407	1559660336518850928
1	1	1407	1559660336518859314
100	1	1407	1559660336518921709
1	1	1407	1559660336518930043
100	1	1407	1559660336519037595
1	1	1407	1559660336519045928
100	1	1407	1559660336519106240
1	1	1407	1559660336519114417
100	1	1407	1559660336519206969
1	1	1407	1559660336519218636
100	1	1407	1559660336519279365
1	1	1407	1559660336519287906
100	1	1407	1559660336519381760
1	1	1407	1559660336519390198
100	1	1407	1559660336519457749
1	1	1407	1559660336519466083
100	1	1407	1559660336519560145
1	1	1407	1559660336519568374
100	1	1407	1559660336519640874
1	1	1407	1559660336519649155
100	1	1407	1559660336519976862
1	1	1407	1559660336519986394
100	1	1407	1559660336520054414
1	1	1407	1559660336520063164
100	1	1407	1559660336520158633
1	1	1407	1559660336520167383
100	1	1407	1559660336520229309
1	1	1407	1559660336520237591
100	1	1407	1559660336520332070
1	1	1407	1559660336520340299
100	1	1407	1559660336520403996
1	1	1407	1559660336520412486
100	1	1407	1559660336520507069
1	1	1407	1559660336520523111
100	1	1407	1559660336520585246
1	1	1407	1559660336520593787
100	1	1407	1559660336520686443
1	1	1407	1559660336520694620
100	1	1407	1559660336520758110
1	1	1407	1559660336520766495
100	1	1407	1559660336520860245
1	1	1407	1559660336520868526
100	1	1407	1559660336520931286
1	1	1407	1559660336520939724
100	1	1407	1559660336521032692
1	1	1407	1559660336521041078
100	1	1407	1559660336521102119
1	1	1407	1559660336521110505
100	1	1407	1559660336521204723
1	1	1407	1559660336521212952
100	1	1407	1559660336521274775
1	1	1407	1559660336521283212
100	1	1407	1559660336521377379
1	1	1407	1559660336521385660
100	1	1407	1559660336521448628
1	1	1407	1559660336521456858
100	1	1407	1559660336521553107
1	1	1407	1559660336521561389
100	1	1407	1559660336521624617
1	1	1407	1559660336521634722
100	1	1407	1559660336521727378
1	1	1407	1559660336521735815
100	1	1407	1559660336521807742
1	1	1407	1559660336521816179
100	1	1407	1559660336521910294
1	1	1407	1559660336521918731
100	1	1407	1559660336521979616
1	1	1407	1559660336521987898
100	1	1407	1559660336522081491
1	1	1407	1559660336522090033
100	1	1407	1559660336522151647
1	1	1407	1559660336522159980
100	1	1407	1559660336522253626
1	1	1407	1559660336522262063
100	1	1407	1559660336522323574
1	1	1407	1559660336522331907
100	1	1407	1559660336522424511
1	1	1407	1559660336522432948
100	1	1407	1559660336522495292
1	1	1407	1559660336522504823
100	1	1407	1559660336522598208
1	1	1407	1559660336522606489
100	1	1407	1559660336522669093
1	1	1407	1559660336522677479
100	1	1407	1559660336522771958
1	1	1407	1559660336522780187
100	1	1407	1559660336522841124
1	1	1407	1559660336522849197
100	1	1407	1559660336522942478
1	1	1407	1559660336522950759
100	1	1407	1559660336523013571
1	1	1407	1559660336523029457
100	1	1407	1559660336523124456
1	1	1407	1559660336523132842
100	1	1407	1559660336523194300
1	1	1407	1559660336523202633
100	1	1407	1559660336523295133
1	1	1407	1559660336523303518
100	1	1407	1559660336523390445
1	1	1407	1559660336523398987
100	1	1407	1559660336523488674
1	1	1407	1559660336523498257
100	1	1407	1559660336523557163
1	1	1407	1559660336523565445
100	1	1407	1559660336523655132
1	1	1407	1559660336523663465
100	1	1407	1559660336523720444
1	1	1407	1559660336523728517
100	1	1407	1559660336523819142
1	1	1407	1559660336523827475
100	1	1407	1559660336523886329
1	1	1407	1559660336523894454
100	1	1407	1559660336523983360
1	1	1407	1559660336523991849
100	1	1407	1559660336524051068
1	1	1407	1559660336524060287
100	1	1407	1559660336524149922
1	1	1407	1559660336524158464
100	1	1407	1559660336524215911
1	1	1407	1559660336524231276
100	1	1407	1559660336524322682
1	1	1407	1559660336524331015
100	1	1407	1559660336524389765
1	1	1407	1559660336524397890
100	1	1407	1559660336524487108
1	1	1407	1559660336524495233
100	1	1407	1559660336524555754
1	1	1407	1559660336524563931
100	1	1407	1559660336524655285
1	1	1407	1559660336524663983
100	1	1407	1559660336524721535
1	1	1407	1559660336524729660
100	1	1407	1559660336524819711
1	1	1407	1559660336524828045
100	1	1407	1559660336524886482
1	1	1407	1559660336524894763
100	1	1407	1559660336524983565
1	1	1407	1559660336524991742
100	1	1407	1559660336525050388
1	1	1407	1559660336525058721
100	1	1407	1559660336525148096
1	1	1407	1559660336525156377
100	1	1407	1559660336525214606
1	1	1407	1559660336525222731
100	1	1407	1559660336525311324
1	1	1407	1559660336525319397
100	1	1407	1559660336525386064
1	1	1407	1559660336525394710
100	1	1407	1559660336525491011
1	1	1407	1559660336525500438
100	1	1407	1559660336525558355
1	1	1407	1559660336525566584
100	1	1407	1559660336525658042
1	1	1407	1559660336525666115
100	1	1407	1559660336525723927
1	1	1407	1559660336525731948
100	1	1407	1559660336525821896
1	1	1407	1559660336525830333
100	1	1407	1559660336525888875
1	1	1407	1559660336525896948
100	1	1407	1559660336525986479
1	1	1407	1559660336525994708
100	1	1407	1559660336526053926
1	1	1407	1559660336526062051
100	1	1407	1559660336526151166
1	1	1407	1559660336526159447
100	1	1407	1559660336526216947
1	1	1407	1559660336526225176
100	1	1407	1559660336526314238
1	1	1407	1559660336526322675
100	1	1407	1559660336526381165
1	1	1407	1559660336526389186
100	1	1407	1559660336526478300
1	1	1407	1559660336526486477
100	1	1407	1559660336526545279
1	1	1407	1559660336526553612
100	1	1407	1559660336526643404
1	1	1407	1559660336526659393
100	1	1407	1559660336526719028
1	1	1407	1559660336526727257
100	1	1407	1559660336526816893
1	1	1407	1559660336526825226
100	1	1407	1559660336526884080
1	1	1407	1559660336526892361
100	1	1407	1559660336526981475
1	1	1407	1559660336526989704
100	1	1407	1559660336527048558
1	1	1407	1559660336527056944
100	1	1407	1559660336527147829
1	1	1407	1559660336527156423
100	1	1407	1559660336527214027
1	1	1407	1559660336527222256
100	1	1407	1559660336527311735
1	1	1407	1559660336527320120
100	1	1407	1559660336527378662
1	1	1407	1559660336527386891
100	1	1407	1559660336527475588
1	1	1407	1559660336527483817
100	1	1407	1559660336527542463
1	1	1407	1559660336527550640
100	1	1407	1559660336527640275
1	1	1407	1559660336527648557
100	1	1407	1559660336527707254
1	1	1407	1559660336527715431
100	1	1407	1559660336527804858
1	1	1407	1559660336527813191
100	1	1407	1559660336527879597
1	1	1407	1559660336527888087
100	1	1407	1559660336527977618
1	1	1407	1559660336527985951
100	1	1407	1559660336528044337
1	1	1407	1559660336528052722
100	1	1407	1559660336528142409
1	1	1407	1559660336528151003
100	1	1407	1559660336528208346
1	1	1407	1559660336528216628
100	1	1407	1559660336528305638
1	1	1407	1559660336528314023
100	1	1407	1559660336528372773
1	1	1407	1559660336528380794
100	1	1407	1559660336528469908
1	1	1407	1559660336528478241
100	1	1407	1559660336528535897
1	1	1407	1559660336528544335
100	1	1407	1559660336528634439
1	1	1407	1559660336528642824
100	1	1407	1559660336528700584
1	1	1407	1559660336528708866
100	1	1407	1559660336528894490
1	1	1407	1559660336528902875
100	1	1407	1559660336528961000
1	1	1407	1559660336528969177
100	1	1407	1559660336529059281
1	1	1407	1559660336529067406
100	1	1407	1559660336529125948
1	1	1407	1559660336529141937
100	1	1407	1559660336529232301
1	1	1407	1559660336529240583
100	1	1407	1559660336529299749
1	1	1407	1559660336529308082
100	1	1407	1559660336529396832
1	1	1407	1559660336529405113
100	1	1407	1559660336529462509
1	1	1407	1559660336529470947
100	1	1407	1559660336529560269
1	1	1407	1559660336529568602
100	1	1407	1559660336529626936
1	1	1407	1559660336529635165
100	1	1407	1559660336529723914
1	1	1407	1559660336529732144
100	1	1407	1559660336529791779
1	1	1407	1559660336529799904
100	1	1407	1559660336529890320
1	1	1407	1559660336529898654
100	1	1407	1559660336529955424
1	1	1407	1559660336529963341
100	1	1407	1559660336530008809
1	1	1407	1559660336530013080
100	1	1407	1559660336530041726
1	1	1407	1559660336530045893
100	1	1407	1559660336530090320
1	1	1407	1559660336530094538
100	1	1407	1559660336530123653
1	1	1407	1559660336530131309
100	1	1407	1559660336530176778
1	1	1407	1559660336530182455
100	1	1407	1559660336530211986
1	1	1407	1559660336530216309
100	1	1407	1559660336530266152
1	1	1407	1559660336530270423
100	1	1407	1559660336530299538
1	1	1407	1559660336530303652
100	1	1407	1559660336530348287
1	1	1407	1559660336530352454
100	1	1407	1559660336530386256
1	1	1407	1559660336530390319
100	1	1407	1559660336530435214
1	1	1407	1559660336530439381
100	1	1407	1559660336530468027
1	1	1407	1559660336530472037
100	1	1407	1559660336530516672
1	1	1407	1559660336530520839
100	1	1407	1559660336530549433
1	1	1407	1559660336530553599
100	1	1407	1559660336530598130
1	1	1407	1559660336530602193
100	1	1407	1559660336530631307
1	1	1407	1559660336530635422
100	1	1407	1559660336530680005
1	1	1407	1559660336530684172
100	1	1407	1559660336530712922
1	1	1407	1559660336530716932
100	1	1407	1559660336530764953
1	1	1407	1559660336530769067
100	1	1407	1559660336530797817
1	1	1407	1559660336530801932
100	1	1407	1559660336530847244
1	1	1407	1559660336530851359
100	1	1407	1559660336530880213
1	1	1407	1559660336530884327
100	1	1407	1559660336530928859
1	1	1407	1559660336530932973
100	1	1407	1559660336530961515
1	1	1407	1559660336530965577
100	1	1407	1559660336531010160
1	1	1407	1559660336531014379
100	1	1407	1559660336531043233
1	1	1407	1559660336531047296
100	1	1407	1559660336531091671
1	1	1407	1559660336531095733
100	1	1407	1559660336531125004
1	1	1407	1559660336531128962
100	1	1407	1559660336531173493
1	1	1407	1559660336531177660
100	1	1407	1559660336531206410
1	1	1407	1559660336531210524
100	1	1407	1559660336531255785
1	1	1407	1559660336531259951
100	1	1407	1559660336531289118
1	1	1407	1559660336531293284
100	1	1407	1559660336531337816
1	1	1407	1559660336531351878
100	1	1407	1559660336531381409
1	1	1407	1559660336531385524
100	1	1407	1559660336531430263
1	1	1407	1559660336531434482
100	1	1407	1559660336531462971
1	1	1407	1559660336531467086
100	1	1407	1559660336531511513
1	1	1407	1559660336531515628
100	1	1407	1559660336531544482
1	1	1407	1559660336531548596
100	1	1407	1559660336531593231
1	1	1407	1559660336531597294
100	1	1407	1559660336531627450
1	1	1407	1559660336531631513
100	1	1407	1559660336531675992
1	1	1407	1559660336531680210
100	1	1407	1559660336531708752
1	1	1407	1559660336531712814
100	1	1407	1559660336531758127
1	1	1407	1559660336531762345
100	1	1407	1559660336531791200
1	1	1407	1559660336531795262
100	1	1407	1559660336531839741
1	1	1407	1559660336531843856
100	1	1407	1559660336531873231
1	1	1407	1559660336531877345
100	1	1407	1559660336531922710
1	1	1407	1559660336531926824
100	1	1407	1559660336531959741
1	1	1407	1559660336531963855
100	1	1407	1559660336532008907
1	1	1407	1559660336532013126
100	1	1407	1559660336532042032
1	1	1407	1559660336532046199
100	1	1407	1559660336532090782
1	1	1407	1559660336532094949
100	1	1407	1559660336532124376
1	1	1407	1559660336532128542
100	1	1407	1559660336532173021
1	1	1407	1559660336532177032
100	1	1407	1559660336532206094
1	1	1407	1559660336532210209
100	1	1407	1559660336532255104
1	1	1407	1559660336532259323
100	1	1407	1559660336532288021
1	1	1407	1559660336532292083
100	1	1407	1559660336532336614
1	1	1407	1559660336532340885
100	1	1407	1559660336532369479
1	1	1407	1559660336532374166
100	1	1407	1559660336532419114
1	1	1407	1559660336532423333
100	1	1407	1559660336532451927
1	1	1407	1559660336532455989
100	1	1407	1559660336532500989
1	1	1407	1559660336532505208
100	1	1407	1559660336532534114
1	1	1407	1559660336532541822
100	1	1407	1559660336532586978
1	1	1407	1559660336532591197
100	1	1407	1559660336532620364
1	1	1407	1559660336532625364
100	1	1407	1559660336532671145
1	1	1407	1559660336532675259
100	1	1407	1559660336532704009
1	1	1407	1559660336532708072
100	1	1407	1559660336532753696
1	1	1407	1559660336532757915
100	1	1407	1559660336532786613
1	1	1407	1559660336532790676
100	1	1407	1559660336532835207
1	1	1407	1559660336532839425
100	1	1407	1559660336532868019
1	1	1407	1559660336532872811
100	1	1407	1559660336532917654
1	1	1407	1559660336532921873
100	1	1407	1559660336532951092
1	1	1407	1559660336532955206
100	1	1407	1559660336533000623
1	1	1407	1559660336533004737
100	1	1407	1559660336533037602
1	1	1407	1559660336533041716
100	1	1407	1559660336533086352
1	1	1407	1559660336533090570
100	1	1407	1559660336533119216
1	1	1407	1559660336533128539
100	1	1407	1559660336533173435
1	1	1407	1559660336533177653
100	1	1407	1559660336533206664
1	1	1407	1559660336533210778
100	1	1407	1559660336533255778
1	1	1407	1559660336533259997
100	1	1407	1559660336533288851
1	1	1407	1559660336533292966
100	1	1407	1559660336533362549
1	1	1407	1559660336533366924
100	1	1407	1559660336533399580
1	1	1407	1559660336533403746
100	1	1407	1559660336533450725
1	1	1407	1559660336533454840
100	1	1407	1559660336533485569
1	1	1407	1559660336533489892
100	1	1407	1559660336533537079
1	1	1407	1559660336533541298
100	1	1407	1559660336533571923
1	1	1407	1559660336533576142
100	1	1407	1559660336533623069
1	1	1407	1559660336533627287
100	1	1407	1559660336533658277
1	1	1407	1559660336533662496
100	1	1407	1559660336533708902
1	1	1407	1559660336533713016
100	1	1407	1559660336533743850
1	1	1407	1559660336533748693
100	1	1407	1559660336533816453
1	1	1407	1559660336533820881
100	1	1407	1559660336533851505
1	1	1407	1559660336533855672
100	1	1407	1559660336533902287
1	1	1407	1559660336533906453
100	1	1407	1559660336533937286
1	1	1407	1559660336533941505
100	1	1407	1559660336533988745
1	1	1407	1559660336533992963
100	1	1407	1559660336534024422
1	1	1407	1559660336534028640
100	1	1407	1559660336534075151
1	1	1407	1559660336534079265
100	1	1407	1559660336534110098
1	1	1407	1559660336534114369
100	1	1407	1559660336534161609
1	1	1407	1559660336534165723
100	1	1407	1559660336534196556
1	1	1407	1559660336534200775
100	1	1407	1559660336534247650
1	1	1407	1559660336534251765
100	1	1407	1559660336534282442
1	1	1407	1559660336534286764
100	1	1407	1559660336534333223
1	1	1407	1559660336534337441
100	1	1407	1559660336534368014
1	1	1407	1559660336534372910
100	1	1407	1559660336534419472
1	1	1407	1559660336534424577
100	1	1407	1559660336534464576
1	1	1407	1559660336534468899
100	1	1407	1559660336534515982
1	1	1407	1559660336534520149
100	1	1407	1559660336534551034
1	1	1407	1559660336534555253
100	1	1407	1559660336534601972
1	1	1407	1559660336534606191
100	1	1407	1559660336534637180
1	1	1407	1559660336534641190
100	1	1407	1559660336534688169
1	1	1407	1559660336534692440
100	1	1407	1559660336534723273
1	1	1407	1559660336534727440
100	1	1407	1559660336534774315
1	1	1407	1559660336534778534
100	1	1407	1559660336534809263
1	1	1407	1559660336534813377
100	1	1407	1559660336534859940
1	1	1407	1559660336534864106
100	1	1407	1559660336534895565
1	1	1407	1559660336534899679
100	1	1407	1559660336534946085
1	1	1407	1559660336534950148
100	1	1407	1559660336534980616
1	1	1407	1559660336534984835
100	1	1407	1559660336535032335
1	1	1407	1559660336535036554
100	1	1407	1559660336535075668
1	1	1407	1559660336535080095
100	1	1407	1559660336535127699
1	1	1407	1559660336535131918
100	1	1407	1559660336535162751
1	1	1407	1559660336535167126
100	1	1407	1559660336535213845
1	1	1407	1559660336535218011
100	1	1407	1559660336535249626
1	1	1407	1559660336535253845
100	1	1407	1559660336535300720
1	1	1407	1559660336535304834
100	1	1407	1559660336535335407
1	1	1407	1559660336535339469
100	1	1407	1559660336535385876
1	1	1407	1559660336535389990
100	1	1407	1559660336535421136
1	1	1407	1559660336535425250
100	1	1407	1559660336535471552
1	1	1407	1559660336535475823
100	1	1407	1559660336535507281
1	1	1407	1559660336535511500
100	1	1407	1559660336535558219
1	1	1407	1559660336535562437
100	1	1407	1559660336535593479
1	1	1407	1559660336535597698
100	1	1407	1559660336535645614
1	1	1407	1559660336535658010
100	1	1407	1559660336535689937
1	1	1407	1559660336535694364
100	1	1407	1559660336535741291
1	1	1407	1559660336535746604
100	1	1407	1559660336535785978
1	1	1407	1559660336535790822
100	1	1407	1559660336535838843
1	1	1407	1559660336535842905
100	1	1407	1559660336535879155
1	1	1407	1559660336535883374
100	1	1407	1559660336535929832
1	1	1407	1559660336535933947
100	1	1407	1559660336535964624
1	1	1407	1559660336535968842
100	1	1407	1559660336536015717
1	1	1407	1559660336536019988
100	1	1407	1559660336536050665
1	1	1407	1559660336536054884
100	1	1407	1559660336536102644
1	1	1407	1559660336536106863
100	1	1407	1559660336536138009
1	1	1407	1559660336536142436
100	1	1407	1559660336536189258
1	1	1407	1559660336536193477
100	1	1407	1559660336536224310
1	1	1407	1559660336536228477
100	1	1407	1559660336536275300
1	1	1407	1559660336536279466
100	1	1407	1559660336536310195
1	1	1407	1559660336536322018
100	1	1407	1559660336536369779
1	1	1407	1559660336536374987
100	1	1407	1559660336536406133
1	1	1407	1559660336536410351
100	1	1407	1559660336536456862
1	1	1407	1559660336536460976
100	1	1407	1559660336536491653
1	1	1407	1559660336536496445
100	1	1407	1559660336536543424
1	1	1407	1559660336536547643
100	1	1407	1559660336536578476
1	1	1407	1559660336536582695
100	1	1407	1559660336536629622
1	1	1407	1559660336536633788
100	1	1407	1559660336536664621
1	1	1407	1559660336536668892
100	1	1407	1559660336536715767
1	1	1407	1559660336536719934
100	1	1407	1559660336536751236
1	1	1407	1559660336536755402
100	1	1407	1559660336536802381
1	1	1407	1559660336536806392
100	1	1407	1559660336536837017
1	1	1407	1559660336536841079
100	1	1407	1559660336536887902
1	1	1407	1559660336536892017
100	1	1407	1559660336536923006
1	1	1407	1559660336536927121
100	1	1407	1559660336536981756
1	1	1407	1559660336536986183
100	1	1407	1559660336537017433
1	1	1407	1559660336537021547
100	1	1407	1559660336537068578
1	1	1407	1559660336537072797
100	1	1407	1559660336537103578
1	1	1407	1559660336537107901
100	1	1407	1559660336537155609
1	1	1407	1559660336537159880
100	1	1407	1559660336537190974
1	1	1407	1559660336537195193
100	1	1407	1559660336537242068
1	1	1407	1559660336537246859
100	1	1407	1559660336537277744
1	1	1407	1559660336537281963
100	1	1407	1559660336537328734
1	1	1407	1559660336537332796
100	1	1407	1559660336537363473
1	1	1407	1559660336537367536
100	1	1407	1559660336537414879
1	1	1407	1559660336537418994
100	1	1407	1559660336537449723
1	1	1407	1559660336537453890
100	1	1407	1559660336537501233
1	1	1407	1559660336537505400
100	1	1407	1559660336537536181
1	1	1407	1559660336537540400
100	1	1407	1559660336537587275
1	1	1407	1559660336537595296
100	1	1407	1559660336537633108
1	1	1407	1559660336537637431
100	1	1407	1559660336537684149
1	1	1407	1559660336537688420
100	1	1407	1559660336537719149
1	1	1407	1559660336537723264
100	1	1407	1559660336537769930
1	1	1407	1559660336537774253
100	1	1407	1559660336537805087
1	1	1407	1559660336537809253
100	1	1407	1559660336537855763
1	1	1407	1559660336537860034
100	1	1407	1559660336537890451
1	1	1407	1559660336537894670
100	1	1407	1559660336537940972
1	1	1407	1559660336537945242
100	1	1407	1559660336537975659
1	1	1407	1559660336537979773
100	1	1407	1559660336538026388
1	1	1407	1559660336538030502
100	1	1407	1559660336538061388
1	1	1407	1559660336538065554
100	1	1407	1559660336538111908
1	1	1407	1559660336538116075
100	1	1407	1559660336538147429
1	1	1407	1559660336538151544
100	1	1407	1559660336538198887
1	1	1407	1559660336538203054
100	1	1407	1559660336538241491
1	1	1407	1559660336538246491
100	1	1407	1559660336538293262
1	1	1407	1559660336538297377
100	1	1407	1559660336538328054
1	1	1407	1559660336538332324
100	1	1407	1559660336538379616
1	1	1407	1559660336538383835
100	1	1407	1559660336538414460
1	1	1407	1559660336538418626
100	1	1407	1559660336538465293
1	1	1407	1559660336538469407
100	1	1407	1559660336538500709
1	1	1407	1559660336538504876
100	1	1407	1559660336538551542
1	1	1407	1559660336538555709
100	1	1407	1559660336538586334
1	1	1407	1559660336538590501
100	1	1407	1559660336538637688
1	1	1407	1559660336538641855
100	1	1407	1559660336538681073
1	1	1407	1559660336538685344
100	1	1407	1559660336538732167
1	1	1407	1559660336538736386
100	1	1407	1559660336538767219
1	1	1407	1559660336538771386
100	1	1407	1559660336538817948
1	1	1407	1559660336538822219
100	1	1407	1559660336538853000
1	1	1407	1559660336538864927
100	1	1407	1559660336538913364
1	1	1407	1559660336538917843
100	1	1407	1559660336538948885
1	1	1407	1559660336538953052
100	1	1407	1559660336539000551
1	1	1407	1559660336539004770
100	1	1407	1559660336539035551
1	1	1407	1559660336539039822
100	1	1407	1559660336539086385
1	1	1407	1559660336539090551
100	1	1407	1559660336539121697
1	1	1407	1559660336539125759
100	1	1407	1559660336539172686
1	1	1407	1559660336539176801
100	1	1407	1559660336539207270
1	1	1407	1559660336539211488
100	1	1407	1559660336539259769
1	1	1407	1559660336539263884
100	1	1407	1559660336539294717
1	1	1407	1559660336539298832
100	1	1407	1559660336539345550
1	1	1407	1559660336539349717
100	1	1407	1559660336539380863
1	1	1407	1559660336539385081
100	1	1407	1559660336539432008
1	1	1407	1559660336539436227
100	1	1407	1559660336539467008
1	1	1407	1559660336539478415
100	1	1407	1559660336539526175
1	1	1407	1559660336539530498
100	1	1407	1559660336539561279
1	1	1407	1559660336539565498
100	1	1407	1559660336539612581
1	1	1407	1559660336539616852
100	1	1407	1559660336539648883
1	1	1407	1559660336539653049
100	1	1407	1559660336539700497
1	1	1407	1559660336539704612
100	1	1407	1559660336539735445
1	1	1407	1559660336539739507
100	1	1407	1559660336539786799
1	1	1407	1559660336539790914
100	1	1407	1559660336539821799
1	1	1407	1559660336539826018
100	1	1407	1559660336539873309
1	1	1407	1559660336539877580
100	1	1407	1559660336539908361
1	1	1407	1559660336539912528
100	1	1407	1559660336539958882
1	1	1407	1559660336539963100
100	1	1407	1559660336539993725
1	1	1407	1559660336539998517
100	1	1407	1559660336540045340
1	1	1407	1559660336540049454
100	1	1407	1559660336540080079
1	1	1407	1559660336540084194
100	1	1407	1559660336540138985
1	1	1407	1559660336540143412
100	1	1407	1559660336540174558
1	1	1407	1559660336540178725
100	1	1407	1559660336540225652
1	1	1407	1559660336540229766
100	1	1407	1559660336540260756
1	1	1407	1559660336540264922
100	1	1407	1559660336540312735
1	1	1407	1559660336540316953
100	1	1407	1559660336540347683
1	1	1407	1559660336540351953
100	1	1407	1559660336540398984
1	1	1407	1559660336540403099
100	1	1407	1559660336540434036
1	1	1407	1559660336540438255
100	1	1407	1559660336540484870
1	1	1407	1559660336540489036
100	1	1407	1559660336540520338
1	1	1407	1559660336540525651
100	1	1407	1559660336540572421
1	1	1407	1559660336540576588
100	1	1407	1559660336540607005
1	1	1407	1559660336540611171
100	1	1407	1559660336540657838
1	1	1407	1559660336540662057
100	1	1407	1559660336540692890
1	1	1407	1559660336540697109
100	1	1407	1559660336540744296
1	1	1407	1559660336540756692
100	1	1407	1559660336540788358
1	1	1407	1559660336540792577
100	1	1407	1559660336540839139
1	1	1407	1559660336540843306
100	1	1407	1559660336540874452
1	1	1407	1559660336540878670
100	1	1407	1559660336540925389
1	1	1407	1559660336540929504
100	1	1407	1559660336540960076
1	1	1407	1559660336540964399
100	1	1407	1559660336541010649
1	1	1407	1559660336541014920
100	1	1407	1559660336541045597
1	1	1407	1559660336541049816
100	1	1407	1559660336541096534
1	1	1407	1559660336541100701
100	1	1407	1559660336541132107
1	1	1407	1559660336541136222
100	1	1407	1559660336541183201
1	1	1407	1559660336541187315
100	1	1407	1559660336541218253
1	1	1407	1559660336541222367
100	1	1407	1559660336541269138
1	1	1407	1559660336541276117
100	1	1407	1559660336541307159
1	1	1407	1559660336541311638
100	1	1407	1559660336541359554
1	1	1407	1559660336541363773
100	1	1407	1559660336541403408
1	1	1407	1559660336541407679
100	1	1407	1559660336541454658
1	1	1407	1559660336541458929
100	1	1407	1559660336541493512
1	1	1407	1559660336541498356
100	1	1407	1559660336541545283
1	1	1407	1559660336541549450
100	1	1407	1559660336541580231
1	1	1407	1559660336541584345
100	1	1407	1559660336541631741
1	1	1407	1559660336541636012
100	1	1407	1559660336541666741
1	1	1407	1559660336541671012
100	1	1407	1559660336541717574
1	1	1407	1559660336541721741
100	1	1407	1559660336541753251
1	1	1407	1559660336541757522
100	1	1407	1559660336541804345
1	1	1407	1559660336541808407
100	1	1407	1559660336541839188
1	1	1407	1559660336541843355
100	1	1407	1559660336541889865
1	1	1407	1559660336541894032
100	1	1407	1559660336541924813
1	1	1407	1559660336541928928
100	1	1407	1559660336541975386
1	1	1407	1559660336541979500
100	1	1407	1559660336542010333
1	1	1407	1559660336542021740
100	1	1407	1559660336542069344
1	1	1407	1559660336542073615
100	1	1407	1559660336542104500
1	1	1407	1559660336542108667
100	1	1407	1559660336542155489
1	1	1407	1559660336542159552
100	1	1407	1559660336542190177
1	1	1407	1559660336542194395
100	1	1407	1559660336542241062
1	1	1407	1559660336542245229
100	1	1407	1559660336542276739
1	1	1407	1559660336542280958
100	1	1407	1559660336542327937
1	1	1407	1559660336542332155
100	1	1407	1559660336542363562
1	1	1407	1559660336542367832
100	1	1407	1559660336542415384
1	1	1407	1559660336542419707
100	1	1407	1559660336542450332
1	1	1407	1559660336542454603
100	1	1407	1559660336542501947
1	1	1407	1559660336542506165
100	1	1407	1559660336542536998
1	1	1407	1559660336542541113
100	1	1407	1559660336542587936
1	1	1407	1559660336542592050
100	1	1407	1559660336542623092
1	1	1407	1559660336542634602
100	1	1407	1559660336542682154
1	1	1407	1559660336542686529
100	1	1407	1559660336542717102
1	1	1407	1559660336542721269
100	1	1407	1559660336542768091
1	1	1407	1559660336542772414
100	1	1407	1559660336542803248
1	1	1407	1559660336542807518
100	1	1407	1559660336542854237
1	1	1407	1559660336542858404
100	1	1407	1559660336542889341
1	1	1407	1559660336542893508
100	1	1407	1559660336542939653
1	1	1407	1559660336542943820
100	1	1407	1559660336542974549
1	1	1407	1559660336542978872
100	1	1407	1559660336543025486
1	1	1407	1559660336543029757
100	1	1407	1559660336543060643
1	1	1407	1559660336543064705
100	1	1407	1559660336543110851
1	1	1407	1559660336543115122
100	1	1407	1559660336543146476
1	1	1407	1559660336543150694
100	1	1407	1559660336543197465
1	1	1407	1559660336543201580
100	1	1407	1559660336543232465
1	1	1407	1559660336543244965
100	1	1407	1559660336543293142
1	1	1407	1559660336543297517
100	1	1407	1559660336543350381
1	1	1407	1559660336543354600
100	1	1407	1559660336543402308
1	1	1407	1559660336543406475
100	1	1407	1559660336543437881
1	1	1407	1559660336543442048
100	1	1407	1559660336543488818
1	1	1407	1559660336543493141
100	1	1407	1559660336543524131
1	1	1407	1559660336543528297
100	1	1407	1559660336543574651
1	1	1407	1559660336543578766
100	1	1407	1559660336543609391
1	1	1407	1559660336543613505
100	1	1407	1559660336543660328
1	1	1407	1559660336543664547
100	1	1407	1559660336543695120
1	1	1407	1559660336543699339
100	1	1407	1559660336543746265
1	1	1407	1559660336543750588
100	1	1407	1559660336543780744
1	1	1407	1559660336543784963
100	1	1407	1559660336543831630
1	1	1407	1559660336543835848
100	1	1407	1559660336543866578
1	1	1407	1559660336543871421
100	1	1407	1559660336543925952
1	1	1407	1559660336543930327
100	1	1407	1559660336543961108
1	1	1407	1559660336543965223
100	1	1407	1559660336544011838
1	1	1407	1559660336544015952
100	1	1407	1559660336544046942
1	1	1407	1559660336544051108
100	1	1407	1559660336544097150
1	1	1407	1559660336544101421
100	1	1407	1559660336544131889
1	1	1407	1559660336544136160
100	1	1407	1559660336544182566
1	1	1407	1559660336544186681
100	1	1407	1559660336544217149
1	1	1407	1559660336544221368
100	1	1407	1559660336544267983
1	1	1407	1559660336544272201
100	1	1407	1559660336544306680
1	1	1407	1559660336544310795
100	1	1407	1559660336544356993
1	1	1407	1559660336544361159
100	1	1407	1559660336544391524
1	1	1407	1559660336544395743
100	1	1407	1559660336544442357
1	1	1407	1559660336544446419
100	1	1407	1559660336544477721
1	1	1407	1559660336544481940
100	1	1407	1559660336544528555
1	1	1407	1559660336544533607
100	1	1407	1559660336544570846
1	1	1407	1559660336544575169
100	1	1407	1559660336544622044
1	1	1407	1559660336544626315
100	1	1407	1559660336544656783
1	1	1407	1559660336544660950
100	1	1407	1559660336544707200
1	1	1407	1559660336544711367
100	1	1407	1559660336544741575
1	1	1407	1559660336544746418
100	1	1407	1559660336544792720
1	1	1407	1559660336544796939
100	1	1407	1559660336544827304
1	1	1407	1559660336544831574
100	1	1407	1559660336544878345
1	1	1407	1559660336544882564
100	1	1407	1559660336544913293
1	1	1407	1559660336544917460
100	1	1407	1559660336544963449
1	1	1407	1559660336544967772
100	1	1407	1559660336544998761
1	1	1407	1559660336545002980
100	1	1407	1559660336545049282
1	1	1407	1559660336545053449
100	1	1407	1559660336545083761
1	1	1407	1559660336545087928
100	1	1407	1559660336545134698
1	1	1407	1559660336545138969
100	1	1407	1559660336545177459
1	1	1407	1559660336545181886
100	1	1407	1559660336545228344
1	1	1407	1559660336545232511
100	1	1407	1559660336545263031
1	1	1407	1559660336545267302
100	1	1407	1559660336545315010
1	1	1407	1559660336545319229
100	1	1407	1559660336545349698
1	1	1407	1559660336545353812
100	1	1407	1559660336545400062
1	1	1407	1559660336545404281
100	1	1407	1559660336545434541
1	1	1407	1559660336545438760
100	1	1407	1559660336545485166
1	1	1407	1559660336545489385
100	1	1407	1559660336545521208
1	1	1407	1559660336545525374
100	1	1407	1559660336545571624
1	1	1407	1559660336545575791
100	1	1407	1559660336545606259
1	1	1407	1559660336545610374
100	1	1407	1559660336545656832
1	1	1407	1559660336545660999
100	1	1407	1559660336545691572
1	1	1407	1559660336545695686
100	1	1407	1559660336545741832
1	1	1407	1559660336545746728
100	1	1407	1559660336545776988
1	1	1407	1559660336545792509
100	1	1407	1559660336545839748
1	1	1407	1559660336545844019
100	1	1407	1559660336545875061
1	1	1407	1559660336545879332
100	1	1407	1559660336545925581
1	1	1407	1559660336545929696
100	1	1407	1559660336545960113
1	1	1407	1559660336545964331
100	1	1407	1559660336546010633
1	1	1407	1559660336546014748
100	1	1407	1559660336546045112
1	1	1407	1559660336546049227
100	1	1407	1559660336546095320
1	1	1407	1559660336546099487
100	1	1407	1559660336546130789
1	1	1407	1559660336546134904
100	1	1407	1559660336546181466
1	1	1407	1559660336546185633
100	1	1407	1559660336546215685
1	1	1407	1559660336546219851
100	1	1407	1559660336546266101
1	1	1407	1559660336546270320
100	1	1407	1559660336546300632
1	1	1407	1559660336546304799
100	1	1407	1559660336546351830
1	1	1407	1559660336546355945
100	1	1407	1559660336546386101
1	1	1407	1559660336546397403
100	1	1407	1559660336546444903
1	1	1407	1559660336546449278
100	1	1407	1559660336546479903
1	1	1407	1559660336546484017
100	1	1407	1559660336546530215
1	1	1407	1559660336546534434
100	1	1407	1559660336546565579
1	1	1407	1559660336546569746
100	1	1407	1559660336546616048
1	1	1407	1559660336546620267
100	1	1407	1559660336546651308
1	1	1407	1559660336546655579
100	1	1407	1559660336546702246
1	1	1407	1559660336546706412
100	1	1407	1559660336546736829
1	1	1407	1559660336546740995
100	1	1407	1559660336546788079
1	1	1407	1559660336546792297
100	1	1407	1559660336546822401
1	1	1407	1559660336546826516
100	1	1407	1559660336546873235
1	1	1407	1559660336546878755
100	1	1407	1559660336546909589
1	1	1407	1559660336546913807
100	1	1407	1559660336546960943
1	1	1407	1559660336546965266
100	1	1407	1559660336546996359
1	1	1407	1559660336547001307
100	1	1407	1559660336547055213
1	1	1407	1559660336547059744
100	1	1407	1559660336547094536
1	1	1407	1559660336547098755
100	1	1407	1559660336547145577
1	1	1407	1559660336547149692
100	1	1407	1559660336547180577
1	1	1407	1559660336547184744
100	1	1407	1559660336547231254
1	1	1407	1559660336547235473
100	1	1407	1559660336547265890
1	1	1407	1559660336547270108
100	1	1407	1559660336547316723
1	1	1407	1559660336547320889
100	1	1407	1559660336547351150
1	1	1407	1559660336547355316
100	1	1407	1559660336547401514
1	1	1407	1559660336547405629
100	1	1407	1559660336547435889
1	1	1407	1559660336547440056
100	1	1407	1559660336547486618
1	1	1407	1559660336547490733
100	1	1407	1559660336547521826
1	1	1407	1559660336547525941
100	1	1407	1559660336547572295
1	1	1407	1559660336547576409
100	1	1407	1559660336547607503
1	1	1407	1559660336547611670
100	1	1407	1559660336547667295
1	1	1407	1559660336547671722
100	1	1407	1559660336547702138
1	1	1407	1559660336547706357
100	1	1407	1559660336547753440
1	1	1407	1559660336547757659
100	1	1407	1559660336547787867
1	1	1407	1559660336547792086
100	1	1407	1559660336547838596
1	1	1407	1559660336547842711
100	1	1407	1559660336547873492
1	1	1407	1559660336547877763
100	1	1407	1559660336547924169
1	1	1407	1559660336547928387
100	1	1407	1559660336547958804
1	1	1407	1559660336547962919
100	1	1407	1559660336548010158
1	1	1407	1559660336548014273
100	1	1407	1559660336548044533
1	1	1407	1559660336548048647
100	1	1407	1559660336548095418
1	1	1407	1559660336548099585
100	1	1407	1559660336548130835
1	1	1407	1559660336548135053
100	1	1407	1559660336548181043
1	1	1407	1559660336548185262
100	1	1407	1559660336548215730
1	1	1407	1559660336548219897
100	1	1407	1559660336548266095
1	1	1407	1559660336548271147
100	1	1407	1559660336548309532
1	1	1407	1559660336548313803
100	1	1407	1559660336548360001
1	1	1407	1559660336548364167
100	1	1407	1559660336548395105
1	1	1407	1559660336548399219
100	1	1407	1559660336548445521
1	1	1407	1559660336548449688
100	1	1407	1559660336548479844
1	1	1407	1559660336548484063
100	1	1407	1559660336548531667
1	1	1407	1559660336548535833
100	1	1407	1559660336548566354
1	1	1407	1559660336548570573
100	1	1407	1559660336548616823
1	1	1407	1559660336548621771
100	1	1407	1559660336548651979
1	1	1407	1559660336548656198
100	1	1407	1559660336548703489
1	1	1407	1559660336548707708
100	1	1407	1559660336548738020
1	1	1407	1559660336548742343
100	1	1407	1559660336548789531
1	1	1407	1559660336548793801
100	1	1407	1559660336548823958
1	1	1407	1559660336548828124
100	1	1407	1559660336548875207
1	1	1407	1559660336548879374
100	1	1407	1559660336548917395
1	1	1407	1559660336548921822
100	1	1407	1559660336548967967
1	1	1407	1559660336548972238
100	1	1407	1559660336549003332
1	1	1407	1559660336549007603
100	1	1407	1559660336549054061
1	1	1407	1559660336549058228
100	1	1407	1559660336549088332
1	1	1407	1559660336549092550
100	1	1407	1559660336549139269
1	1	1407	1559660336549143540
100	1	1407	1559660336549174269
1	1	1407	1559660336549178436
100	1	1407	1559660336549224685
1	1	1407	1559660336549228904
100	1	1407	1559660336549259060
1	1	1407	1559660336549263227
100	1	1407	1559660336549309477
1	1	1407	1559660336549313643
100	1	1407	1559660336549343904
1	1	1407	1559660336549348070
100	1	1407	1559660336549394268
1	1	1407	1559660336549398487
100	1	1407	1559660336549429008
1	1	1407	1559660336549433226
100	1	1407	1559660336549479424
1	1	1407	1559660336549483539
100	1	1407	1559660336549513799
1	1	1407	1559660336549525101
100	1	1407	1559660336549572288
1	1	1407	1559660336549576768
100	1	1407	1559660336549607080
1	1	1407	1559660336549611195
100	1	1407	1559660336549657444
1	1	1407	1559660336549661663
100	1	1407	1559660336549692080
1	1	1407	1559660336549696246
100	1	1407	1559660336549743277
1	1	1407	1559660336549748225
100	1	1407	1559660336549778694
1	1	1407	1559660336549782809
100	1	1407	1559660336549829058
1	1	1407	1559660336549833225
100	1	1407	1559660336549867756
1	1	1407	1559660336549872600
100	1	1407	1559660336549918798
1	1	1407	1559660336549923069
100	1	1407	1559660336549953381
1	1	1407	1559660336549957548
100	1	1407	1559660336550004162
1	1	1407	1559660336550008433
100	1	1407	1559660336550039058
1	1	1407	1559660336550043329
100	1	1407	1559660336550089370
1	1	1407	1559660336550093641
100	1	1407	1559660336550124578
1	1	1407	1559660336550135985
100	1	1407	1559660336550183641
1	1	1407	1559660336550188172
100	1	1407	1559660336550218641
1	1	1407	1559660336550222859
100	1	1407	1559660336550269265
1	1	1407	1559660336550273380
100	1	1407	1559660336550303744
1	1	1407	1559660336550307963
100	1	1407	1559660336550354526
1	1	1407	1559660336550358640
100	1	1407	1559660336550389161
1	1	1407	1559660336550393380
100	1	1407	1559660336550439786
1	1	1407	1559660336550443900
100	1	1407	1559660336550473952
1	1	1407	1559660336550478171
100	1	1407	1559660336550524733
1	1	1407	1559660336550529004
100	1	1407	1559660336550559369
1	1	1407	1559660336550563535
100	1	1407	1559660336550609993
1	1	1407	1559660336550614108
100	1	1407	1559660336550645098
1	1	1407	1559660336550649368
100	1	1407	1559660336550695879
1	1	1407	1559660336550700097
100	1	1407	1559660336550730722
1	1	1407	1559660336550734993
100	1	1407	1559660336550790566
1	1	1407	1559660336550794889
100	1	1407	1559660336550825670
1	1	1407	1559660336550829837
100	1	1407	1559660336550877076
1	1	1407	1559660336550881243
100	1	1407	1559660336550911659
1	1	1407	1559660336550915982
100	1	1407	1559660336550961972
1	1	1407	1559660336550966190
100	1	1407	1559660336550997180
1	1	1407	1559660336551001346
100	1	1407	1559660336551047492
1	1	1407	1559660336551051659
100	1	1407	1559660336551082075
1	1	1407	1559660336551086242
100	1	1407	1559660336551132856
1	1	1407	1559660336551136919
100	1	1407	1559660336551167388
1	1	1407	1559660336551171710
100	1	1407	1559660336551218169
1	1	1407	1559660336551222387
100	1	1407	1559660336551253481
1	1	1407	1559660336551257700
100	1	1407	1559660336551304002
1	1	1407	1559660336551308168
100	1	1407	1559660336551338533
1	1	1407	1559660336551342804
100	1	1407	1559660336551389418
1	1	1407	1559660336551400616
100	1	1407	1559660336551431866
1	1	1407	1559660336551436032
100	1	1407	1559660336551482543
1	1	1407	1559660336551486761
100	1	1407	1559660336551517282
1	1	1407	1559660336551522595
100	1	1407	1559660336551569053
1	1	1407	1559660336551573063
100	1	1407	1559660336551603480
1	1	1407	1559660336551607699
100	1	1407	1559660336551654469
1	1	1407	1559660336551658688
100	1	1407	1559660336551688844
1	1	1407	1559660336551693063
100	1	1407	1559660336551739261
1	1	1407	1559660336551743479
100	1	1407	1559660336551774625
1	1	1407	1559660336551778792
100	1	1407	1559660336551825771
1	1	1407	1559660336551829990
100	1	1407	1559660336551860510
1	1	1407	1559660336551864625
100	1	1407	1559660336551911916
1	1	1407	1559660336551915979
100	1	1407	1559660336551946604
1	1	1407	1559660336551950770
100	1	1407	1559660336551997593
1	1	1407	1559660336552001708
100	1	1407	1559660336552039676
1	1	1407	1559660336552043999
100	1	1407	1559660336552090510
1	1	1407	1559660336552094676
100	1	1407	1559660336552125457
1	1	1407	1559660336552129624
100	1	1407	1559660336552175718
1	1	1407	1559660336552179884
100	1	1407	1559660336552210145
1	1	1407	1559660336552214363
100	1	1407	1559660336552261447
1	1	1407	1559660336552265613
100	1	1407	1559660336552296238
1	1	1407	1559660336552300301
100	1	1407	1559660336552346759
1	1	1407	1559660336552350873
100	1	1407	1559660336552381759
1	1	1407	1559660336552385925
100	1	1407	1559660336552432331
1	1	1407	1559660336552437800
100	1	1407	1559660336552468165
1	1	1407	1559660336552472435
100	1	1407	1559660336552519414
1	1	1407	1559660336552523789
100	1	1407	1559660336552553998
1	1	1407	1559660336552558216
100	1	1407	1559660336552604570
1	1	1407	1559660336552608737
100	1	1407	1559660336552643893
1	1	1407	1559660336552659258
100	1	1407	1559660336552706445
1	1	1407	1559660336552710768
100	1	1407	1559660336552741132
1	1	1407	1559660336552745247
100	1	1407	1559660336552792278
1	1	1407	1559660336552796341
100	1	1407	1559660336552826497
1	1	1407	1559660336552830768
100	1	1407	1559660336552878476
1	1	1407	1559660336552882695
100	1	1407	1559660336552913007
1	1	1407	1559660336552917226
100	1	1407	1559660336552963632
1	1	1407	1559660336552967746
100	1	1407	1559660336552998736
1	1	1407	1559660336553003007
100	1	1407	1559660336553049361
1	1	1407	1559660336553053423
100	1	1407	1559660336553083736
1	1	1407	1559660336553087954
100	1	1407	1559660336553134777
1	1	1407	1559660336553138944
100	1	1407	1559660336553169048
1	1	1407	1559660336553173267
100	1	1407	1559660336553219308
1	1	1407	1559660336553223423
100	1	1407	1559660336553254360
1	1	1407	1559660336553265714
100	1	1407	1559660336553332745
1	1	1407	1559660336553337641
100	1	1407	1559660336553370193
1	1	1407	1559660336553375089
100	1	1407	1559660336553422068
1	1	1407	1559660336553426391
100	1	1407	1559660336553456755
1	1	1407	1559660336553461026
100	1	1407	1559660336553508943
1	1	1407	1559660336553513057
100	1	1407	1559660336553544932
1	1	1407	1559660336553549151
100	1	1407	1559660336553595765
1	1	1407	1559660336553599880
100	1	1407	1559660336553631442
1	1	1407	1559660336553636755
100	1	1407	1559660336553683213
1	1	1407	1559660336553687327
100	1	1407	1559660336553717692
1	1	1407	1559660336553721859
100	1	1407	1559660336553768265
1	1	1407	1559660336553772327
100	1	1407	1559660336553802796
1	1	1407	1559660336553806858
100	1	1407	1559660336553853264
1	1	1407	1559660336553857483
100	1	1407	1559660336553887900
1	1	1407	1559660336553900035
100	1	1407	1559660336553948212
1	1	1407	1559660336553952535
100	1	1407	1559660336553983056
1	1	1407	1559660336553987170
100	1	1407	1559660336554034774
1	1	1407	1559660336554038941
100	1	1407	1559660336554069409
1	1	1407	1559660336554073628
100	1	1407	1559660336554119774
1	1	1407	1559660336554124618
100	1	1407	1559660336554155295
1	1	1407	1559660336554159409
100	1	1407	1559660336554205919
1	1	1407	1559660336554210086
100	1	1407	1559660336554240503
1	1	1407	1559660336554244721
100	1	1407	1559660336554291284
1	1	1407	1559660336554295503
100	1	1407	1559660336554325607
1	1	1407	1559660336554329773
100	1	1407	1559660336554376804
1	1	1407	1559660336554380971
100	1	1407	1559660336554411596
1	1	1407	1559660336554415763
100	1	1407	1559660336554461856
1	1	1407	1559660336554465971
100	1	1407	1559660336554497221
1	1	1407	1559660336554501335
100	1	1407	1559660336554555398
1	1	1407	1559660336554559720
100	1	1407	1559660336554590137
1	1	1407	1559660336554594356
100	1	1407	1559660336554640658
1	1	1407	1559660336554644824
100	1	1407	1559660336554675293
1	1	1407	1559660336554679408
100	1	1407	1559660336554725814
1	1	1407	1559660336554730032
100	1	1407	1559660336554760345
1	1	1407	1559660336554764616
100	1	1407	1559660336554810709
1	1	1407	1559660336554814928
100	1	1407	1559660336554845240
1	1	1407	1559660336554849355
100	1	1407	1559660336554895709
1	1	1407	1559660336554899980
100	1	1407	1559660336554930761
1	1	1407	1559660336554934928
100	1	1407	1559660336554981907
1	1	1407	1559660336554986125
100	1	1407	1559660336555016854
1	1	1407	1559660336555021073
100	1	1407	1559660336555067375
1	1	1407	1559660336555071594
100	1	1407	1559660336555101906
1	1	1407	1559660336555106125
100	1	1407	1559660336555152271
1	1	1407	1559660336555157219
100	1	1407	1559660336555194979
1	1	1407	1559660336555199250
100	1	1407	1559660336555246177
1	1	1407	1559660336555250447
100	1	1407	1559660336555281437
1	1	1407	1559660336555285604
100	1	1407	1559660336555331958
1	1	1407	1559660336555336072
100	1	1407	1559660336555366593
1	1	1407	1559660336555371437
100	1	1407	1559660336555417739
1	1	1407	1559660336555421905
100	1	1407	1559660336555452374
1	1	1407	1559660336555456488
100	1	1407	1559660336555503415
1	1	1407	1559660336555507530
100	1	1407	1559660336555539092
1	1	1407	1559660336555543259
100	1	1407	1559660336555589978
1	1	1407	1559660336555594092
100	1	1407	1559660336555626227
1	1	1407	1559660336555630498
100	1	1407	1559660336555677061
1	1	1407	1559660336555681279
100	1	1407	1559660336555712008
1	1	1407	1559660336555716123
100	1	1407	1559660336555762894
1	1	1407	1559660336555767112
100	1	1407	1559660336555805966
1	1	1407	1559660336555810237
100	1	1407	1559660336555856539
1	1	1407	1559660336555860654
100	1	1407	1559660336555891747
1	1	1407	1559660336555895966
100	1	1407	1559660336555942476
1	1	1407	1559660336555946643
100	1	1407	1559660336555977060
1	1	1407	1559660336555981278
100	1	1407	1559660336556028414
1	1	1407	1559660336556032632
100	1	1407	1559660336556063049
1	1	1407	1559660336556067320
100	1	1407	1559660336556113934
1	1	1407	1559660336556118153
100	1	1407	1559660336556149559
1	1	1407	1559660336556153778
100	1	1407	1559660336556200288
1	1	1407	1559660336556204455
100	1	1407	1559660336556234871
1	1	1407	1559660336556239038
100	1	1407	1559660336556285913
1	1	1407	1559660336556290132
100	1	1407	1559660336556320704
1	1	1407	1559660336556324923
100	1	1407	1559660336556372110
1	1	1407	1559660336556376381
100	1	1407	1559660336556406954
1	1	1407	1559660336556418621
100	1	1407	1559660336556466225
1	1	1407	1559660336556470548
100	1	1407	1559660336556501693
1	1	1407	1559660336556505964
100	1	1407	1559660336556552474
1	1	1407	1559660336556556641
100	1	1407	1559660336556587162
1	1	1407	1559660336556591328
100	1	1407	1559660336556639089
1	1	1407	1559660336556643360
100	1	1407	1559660336556675547
1	1	1407	1559660336556679818
100	1	1407	1559660336556726797
1	1	1407	1559660336556731068
100	1	1407	1559660336556762265
1	1	1407	1559660336556766380
100	1	1407	1559660336556814401
1	1	1407	1559660336556818567
100	1	1407	1559660336556850598
1	1	1407	1559660336556854713
100	1	1407	1559660336556902577
1	1	1407	1559660336556906640
100	1	1407	1559660336557502315
1	1	1407	1559660336557511690
100	1	1407	1559660336557575388
1	1	1407	1559660336557580232
