1	0	912	1559661270599605412
100	0	912	1559661270599872077
1	0	912	1559661270599882754
100	0	912	1559661270599968222
1	0	912	1559661270599977024
100	0	912	1559661270600178221
1	0	912	1559661270600188169
100	1	912	1559661270602572843
1	1	912	1559661270602590968
100	1	912	1559661270602783363
1	1	912	1559661270602792790
100	1	912	1559661270602862165
1	1	912	1559661270602871592
100	1	912	1559661270602969456
1	1	912	1559661270602977997
100	1	912	1559661270603036174
1	1	912	1559661270603044143
100	1	912	1559661270603141122
1	1	912	1559661270603149403
100	1	912	1559661270603238100
1	1	912	1559661270603246277
100	1	912	1559661270603340079
1	1	912	1559661270603348412
100	1	912	1559661270603405547
1	1	912	1559661270603413672
100	1	912	1559661270603507838
1	1	912	1559661270603516224
100	1	912	1559661270603573984
1	1	912	1559661270603582057
100	1	912	1559661270603674296
1	1	912	1559661270603683723
100	1	912	1559661270603740233
1	1	912	1559661270603748202
100	1	912	1559661270603842420
1	1	912	1559661270603850649
100	1	912	1559661270603910805
1	1	912	1559661270603918565
100	1	912	1559661270604013981
1	1	912	1559661270604022263
100	1	912	1559661270604079554
1	1	912	1559661270604087627
100	1	912	1559661270604180178
1	1	912	1559661270604188356
100	1	912	1559661270604244136
1	1	912	1559661270604252261
100	1	912	1559661270604342626
1	1	912	1559661270604350698
100	1	912	1559661270604406271
1	1	912	1559661270604421948
100	1	912	1559661270604515073
1	1	912	1559661270604523250
100	1	912	1559661270604580541
1	1	912	1559661270604588614
100	1	912	1559661270604679915
1	1	912	1559661270604688197
100	1	912	1559661270604743873
1	1	912	1559661270604751894
100	1	912	1559661270604842987
1	1	912	1559661270604851112
100	1	912	1559661270604909550
1	1	912	1559661270604917779
100	1	912	1559661270605008872
1	1	912	1559661270605017101
100	1	912	1559661270605074497
1	1	912	1559661270605082569
100	1	912	1559661270605172152
1	1	912	1559661270605181683
100	1	912	1559661270605241735
1	1	912	1559661270605249860
100	1	912	1559661270605341735
1	1	912	1559661270605349756
100	1	912	1559661270605405693
1	1	912	1559661270605413870
100	1	912	1559661270605509442
1	1	912	1559661270605517775
100	1	912	1559661270605576004
1	1	912	1559661270605591681
100	1	912	1559661270605689129
1	1	912	1559661270605697514
100	1	912	1559661270605753451
1	1	912	1559661270605761628
100	1	912	1559661270605855951
1	1	912	1559661270605864180
100	1	912	1559661270605920169
1	1	912	1559661270605929492
100	1	912	1559661270606023241
1	1	912	1559661270606031471
100	1	912	1559661270606089179
1	1	912	1559661270606097147
100	1	912	1559661270606190949
1	1	912	1559661270606199178
100	1	912	1559661270606255844
1	1	912	1559661270606263917
100	1	912	1559661270606357198
1	1	912	1559661270606365323
100	1	912	1559661270606421260
1	1	912	1559661270606430479
100	1	912	1559661270606528603
1	1	912	1559661270606536572
100	1	912	1559661270606597926
1	1	912	1559661270606606051
100	1	912	1559661270606700165
1	1	912	1559661270606708446
100	1	912	1559661270606765165
1	1	912	1559661270606773289
100	1	912	1559661270606876883
1	1	912	1559661270606884851
100	1	912	1559661270606942559
1	1	912	1559661270606950736
100	1	912	1559661270607045059
1	1	912	1559661270607054434
100	1	912	1559661270607110944
1	1	912	1559661270607119069
100	1	912	1559661270607212766
1	1	912	1559661270607221152
100	1	912	1559661270607278651
1	1	912	1559661270607286724
100	1	912	1559661270607380578
1	1	912	1559661270607388807
100	1	912	1559661270607446046
1	1	912	1559661270607454171
100	1	912	1559661270607546254
1	1	912	1559661270607555577
100	1	912	1559661270607611722
1	1	912	1559661270607620004
100	1	912	1559661270607712607
1	1	912	1559661270607721045
100	1	912	1559661270607777607
1	1	912	1559661270607785784
100	1	912	1559661270607879481
1	1	912	1559661270607887815
100	1	912	1559661270607950939
1	1	912	1559661270607958908
100	1	912	1559661270608052241
1	1	912	1559661270608067970
100	1	912	1559661270608133126
1	1	912	1559661270608141355
100	1	912	1559661270608234063
1	1	912	1559661270608242188
100	1	912	1559661270608298490
1	1	912	1559661270608307656
100	1	912	1559661270608397343
1	1	912	1559661270608405468
100	1	912	1559661270608462551
1	1	912	1559661270608470676
100	1	912	1559661270608563071
1	1	912	1559661270608571457
100	1	912	1559661270608627602
1	1	912	1559661270608635779
100	1	912	1559661270608727341
1	1	912	1559661270608735727
100	1	912	1559661270608792029
1	1	912	1559661270608800362
100	1	912	1559661270608891351
1	1	912	1559661270608899424
100	1	912	1559661270608955830
1	1	912	1559661270608964059
100	1	912	1559661270609054944
1	1	912	1559661270609063173
100	1	912	1559661270609120516
1	1	912	1559661270609128381
100	1	912	1559661270609218485
1	1	912	1559661270609226818
100	1	912	1559661270609291401
1	1	912	1559661270609299630
100	1	912	1559661270609390984
1	1	912	1559661270609399213
100	1	912	1559661270609517702
1	1	912	1559661270609526243
100	1	912	1559661270609621503
1	1	912	1559661270609629732
100	1	912	1559661270609686867
1	1	912	1559661270609694940
100	1	912	1559661270609784471
1	1	912	1559661270609792909
100	1	912	1559661270609849731
1	1	912	1559661270609857804
100	1	912	1559661270609949106
1	1	912	1559661270609957387
100	1	912	1559661270610012855
1	1	912	1559661270610021136
100	1	912	1559661270610112126
1	1	912	1559661270610120251
100	1	912	1559661270610178063
1	1	912	1559661270610186084
100	1	912	1559661270610276135
1	1	912	1559661270610284260
100	1	912	1559661270610341031
1	1	912	1559661270610349260
100	1	912	1559661270610440457
1	1	912	1559661270610448634
100	1	912	1559661270610506863
1	1	912	1559661270610522488
100	1	912	1559661270610617644
1	1	912	1559661270610626081
100	1	912	1559661270610682591
1	1	912	1559661270610690664
100	1	912	1559661270610780351
1	1	912	1559661270610788632
100	1	912	1559661270610844778
1	1	912	1559661270610852903
100	1	912	1559661270610943527
1	1	912	1559661270610951861
100	1	912	1559661270611007850
1	1	912	1559661270611016860
100	1	912	1559661270611107537
1	1	912	1559661270611115714
100	1	912	1559661270611172953
1	1	912	1559661270611182016
100	1	912	1559661270611271859
1	1	912	1559661270611280140
100	1	912	1559661270611336911
1	1	912	1559661270611345036
100	1	912	1559661270611435035
1	1	912	1559661270611443473
100	1	912	1559661270611499670
1	1	912	1559661270611507899
100	1	912	1559661270611597951
1	1	912	1559661270611606284
100	1	912	1559661270611661544
1	1	912	1559661270611678732
100	1	912	1559661270611770137
1	1	912	1559661270611778627
100	1	912	1559661270611836075
1	1	912	1559661270611844252
100	1	912	1559661270611935189
1	1	912	1559661270611943574
100	1	912	1559661270611998834
1	1	912	1559661270612006803
100	1	912	1559661270612098104
1	1	912	1559661270612106386
100	1	912	1559661270612161594
1	1	912	1559661270612169719
100	1	912	1559661270612261749
1	1	912	1559661270612270031
100	1	912	1559661270612326853
1	1	912	1559661270612334978
100	1	912	1559661270612424457
1	1	912	1559661270612433780
100	1	912	1559661270612489248
1	1	912	1559661270612497269
100	1	912	1559661270612587841
1	1	912	1559661270612596018
100	1	912	1559661270612651643
1	1	912	1559661270612659664
100	1	912	1559661270612750549
1	1	912	1559661270612758830
100	1	912	1559661270612816017
1	1	912	1559661270612824194
100	1	912	1559661270612921954
1	1	912	1559661270612931329
100	1	912	1559661270612987006
1	1	912	1559661270612995079
100	1	912	1559661270613086537
1	1	912	1559661270613098880
100	1	912	1559661270613154974
1	1	912	1559661270613163255
100	1	912	1559661270613253150
1	1	912	1559661270613261536
100	1	912	1559661270613326796
1	1	912	1559661270613335025
100	1	912	1559661270613427368
1	1	912	1559661270613435910
100	1	912	1559661270613500701
1	1	912	1559661270613508774
100	1	912	1559661270613600336
1	1	912	1559661270613608669
100	1	912	1559661270613663461
1	1	912	1559661270613671586
100	1	912	1559661270613762835
1	1	912	1559661270613771116
100	1	912	1559661270613827522
1	1	912	1559661270613835491
100	1	912	1559661270613924917
1	1	912	1559661270613934240
100	1	912	1559661270613997782
1	1	912	1559661270614006011
100	1	912	1559661270614097677
1	1	912	1559661270614105854
100	1	912	1559661270614161218
1	1	912	1559661270614169343
100	1	912	1559661270614261009
1	1	912	1559661270614269134
100	1	912	1559661270614327103
1	1	912	1559661270614335488
100	1	912	1559661270614425123
1	1	912	1559661270614434394
100	1	912	1559661270614491789
1	1	912	1559661270614500019
100	1	912	1559661270614593143
1	1	912	1559661270614601268
100	1	912	1559661270614656736
1	1	912	1559661270614664913
100	1	912	1559661270614756371
1	1	912	1559661270614764548
100	1	912	1559661270614821371
1	1	912	1559661270614829600
100	1	912	1559661270614919756
1	1	912	1559661270614928975
100	1	912	1559661270614984651
1	1	912	1559661270614992620
100	1	912	1559661270615083453
1	1	912	1559661270615091786
100	1	912	1559661270615147775
1	1	912	1559661270615174702
100	1	912	1559661270615268191
1	1	912	1559661270615276421
100	1	912	1559661270615333347
1	1	912	1559661270615341733
100	1	912	1559661270615434649
1	1	912	1559661270615443034
100	1	912	1559661270615498503
1	1	912	1559661270615506524
100	1	912	1559661270615598242
1	1	912	1559661270615606471
100	1	912	1559661270615662252
1	1	912	1559661270615670116
100	1	912	1559661270615760637
1	1	912	1559661270615769074
100	1	912	1559661270615825376
1	1	912	1559661270615833761
100	1	912	1559661270615923865
1	1	912	1559661270615933084
100	1	912	1559661270615988292
1	1	912	1559661270615996260
100	1	912	1559661270616086989
1	1	912	1559661270616095270
100	1	912	1559661270616151208
1	1	912	1559661270616159332
100	1	912	1559661270616250113
1	1	912	1559661270616258394
100	1	912	1559661270616315738
1	1	912	1559661270616330946
100	1	912	1559661270616424279
1	1	912	1559661270616433706
100	1	912	1559661270619269211
1	1	912	1559661270619289680
100	1	912	1559661270619500773
1	1	912	1559661270619511658
100	1	912	1559661270619585356
1	1	912	1559661270619596501
100	1	912	1559661270619704365
1	1	912	1559661270619713897
100	1	912	1559661270619773896
1	1	912	1559661270619782646
100	1	912	1559661270619883687
1	1	912	1559661270619893114
100	1	912	1559661270619954260
1	1	912	1559661270619963479
100	1	912	1559661270620062645
1	1	912	1559661270620071447
100	1	912	1559661270620131394
1	1	912	1559661270620142332
100	1	912	1559661270620241237
1	1	912	1559661270620249779
100	1	912	1559661270620310456
1	1	912	1559661270620320456
100	1	912	1559661270620431914
1	1	912	1559661270620441288
100	1	912	1559661270620517173
1	1	912	1559661270620559309
100	1	912	1559661270620670089
1	1	912	1559661270620680298
100	1	912	1559661270620746131
1	1	912	1559661270620754620
100	1	912	1559661270620856547
1	1	912	1559661270620865453
100	1	912	1559661270620935921
1	1	912	1559661270620943994
100	1	912	1559661270621047066
1	1	912	1559661270621056441
100	1	912	1559661270621121181
1	1	912	1559661270621129462
100	1	912	1559661270621239097
1	1	912	1559661270621247586
100	1	912	1559661270621317534
1	1	912	1559661270621325711
100	1	912	1559661270621435554
1	1	912	1559661270621443783
100	1	912	1559661270621513366
1	1	912	1559661270621523001
100	1	912	1559661270621635970
1	1	912	1559661270621646178
100	1	912	1559661270621720657
1	1	912	1559661270621729198
100	1	912	1559661270621828312
1	1	912	1559661270621838416
100	1	912	1559661270621907114
1	1	912	1559661270621916072
100	1	912	1559661270622025238
1	1	912	1559661270622064405
100	1	912	1559661270622145706
1	1	912	1559661270622154613
100	1	912	1559661270622253102
1	1	912	1559661270622262477
100	1	912	1559661270622326643
1	1	912	1559661270622334924
100	1	912	1559661270622432371
1	1	912	1559661270622440705
100	1	912	1559661270622506590
1	1	912	1559661270622514871
100	1	912	1559661270622617318
1	1	912	1559661270622625652
100	1	912	1559661270622688568
1	1	912	1559661270622696953
100	1	912	1559661270622802994
1	1	912	1559661270622812161
100	1	912	1559661270622874036
1	1	912	1559661270622882109
100	1	912	1559661270622977577
1	1	912	1559661270622987681
100	1	912	1559661270623048566
1	1	912	1559661270623058149
100	1	912	1559661270623152211
1	1	912	1559661270623160336
100	1	912	1559661270623222680
1	1	912	1559661270623230753
100	1	912	1559661270623326585
1	1	912	1559661270623334606
100	1	912	1559661270623413252
1	1	912	1559661270623421585
100	1	912	1559661270623518876
1	1	912	1559661270623527209
100	1	912	1559661270623589813
1	1	912	1559661270623597990
100	1	912	1559661270623693927
1	1	912	1559661270623702260
100	1	912	1559661270623765281
1	1	912	1559661270623773718
100	1	912	1559661270623870489
1	1	912	1559661270623878666
100	1	912	1559661270623942155
1	1	912	1559661270623950384
100	1	912	1559661270624046009
1	1	912	1559661270624057259
100	1	912	1559661270624119081
1	1	912	1559661270624127571
100	1	912	1559661270624224862
1	1	912	1559661270624233247
100	1	912	1559661270624294236
1	1	912	1559661270624303403
100	1	912	1559661270624398350
1	1	912	1559661270624406475
100	1	912	1559661270624470017
1	1	912	1559661270624478975
100	1	912	1559661270624577620
1	1	912	1559661270624585693
100	1	912	1559661270624646682
1	1	912	1559661270624669651
100	1	912	1559661270624771994
1	1	912	1559661270624780067
100	1	912	1559661270624844911
1	1	912	1559661270624853244
100	1	912	1559661270624951733
1	1	912	1559661270624960118
100	1	912	1559661270625022149
1	1	912	1559661270625030430
100	1	912	1559661270625125794
1	1	912	1559661270625134024
100	1	912	1559661270625197096
1	1	912	1559661270625205325
100	1	912	1559661270625300168
1	1	912	1559661270625309387
100	1	912	1559661270625371574
1	1	912	1559661270625379856
100	1	912	1559661270625474751
1	1	912	1559661270625483032
100	1	912	1559661270625543865
1	1	912	1559661270625554542
100	1	912	1559661270625649021
1	1	912	1559661270625657198
100	1	912	1559661270625720479
1	1	912	1559661270625729593
100	1	912	1559661270625825739
1	1	912	1559661270625833811
100	1	912	1559661270625963134
1	1	912	1559661270625986571
100	1	912	1559661270626088393
1	1	912	1559661270626096675
100	1	912	1559661270626157924
1	1	912	1559661270626166049
100	1	912	1559661270626261778
1	1	912	1559661270626270267
100	1	912	1559661270626332663
1	1	912	1559661270626340944
100	1	912	1559661270626436256
1	1	912	1559661270626444277
100	1	912	1559661270626509224
1	1	912	1559661270626517506
100	1	912	1559661270626616411
1	1	912	1559661270626626932
100	1	912	1559661270626689901
1	1	912	1559661270626698025
100	1	912	1559661270626793129
1	1	912	1559661270626802400
100	1	912	1559661270626863598
1	1	912	1559661270626871722
100	1	912	1559661270626969326
1	1	912	1559661270626977555
100	1	912	1559661270627038336
1	1	912	1559661270627046774
100	1	912	1559661270627143440
1	1	912	1559661270627151356
100	1	912	1559661270627213908
1	1	912	1559661270627222033
100	1	912	1559661270627329376
1	1	912	1559661270627337657
100	1	912	1559661270627399428
1	1	912	1559661270627407605
100	1	912	1559661270627503282
1	1	912	1559661270627516823
100	1	912	1559661270627583177
1	1	912	1559661270627591771
100	1	912	1559661270627690989
1	1	912	1559661270627699478
100	1	912	1559661270627771509
1	1	912	1559661270627779738
100	1	912	1559661270627881248
1	1	912	1559661270627890779
100	1	912	1559661270627967654
1	1	912	1559661270627976039
100	1	912	1559661270628076820
1	1	912	1559661270628087705
100	1	912	1559661270628149163
1	1	912	1559661270628157393
100	1	912	1559661270628254163
1	1	912	1559661270628262340
100	1	912	1559661270628325256
1	1	912	1559661270628333850
100	1	912	1559661270628429995
1	1	912	1559661270628438224
100	1	912	1559661270628500151
1	1	912	1559661270628508432
100	1	912	1559661270628604161
1	1	912	1559661270628623901
100	1	912	1559661270628687650
1	1	912	1559661270628696036
100	1	912	1559661270628792598
1	1	912	1559661270628800775
100	1	912	1559661270628865983
1	1	912	1559661270628874055
100	1	912	1559661270628971867
1	1	912	1559661270628980044
100	1	912	1559661270629043638
1	1	912	1559661270629053117
100	1	912	1559661270629148169
1	1	912	1559661270629156137
100	1	912	1559661270629223585
1	1	912	1559661270629232022
100	1	912	1559661270629329209
1	1	912	1559661270629337438
100	1	912	1559661270629399417
1	1	912	1559661270629407646
100	1	912	1559661270629566760
1	1	912	1559661270629575093
100	1	912	1559661270629639833
1	1	912	1559661270629648270
100	1	912	1559661270629751342
1	1	912	1559661270629761551
100	1	912	1559661270629831134
1	1	912	1559661270629839467
100	1	912	1559661270629937070
1	1	912	1559661270629945664
100	1	912	1559661270630035247
1	1	912	1559661270630043632
100	1	912	1559661270630150299
1	1	912	1559661270630158580
100	1	912	1559661270630222069
1	1	912	1559661270630230246
100	1	912	1559661270630329620
1	1	912	1559661270630337797
100	1	912	1559661270630399724
1	1	912	1559661270630408110
100	1	912	1559661270630509463
1	1	912	1559661270630518317
100	1	912	1559661270630585348
1	1	912	1559661270630593473
100	1	912	1559661270630691389
1	1	912	1559661270630699462
100	1	912	1559661270630762014
1	1	912	1559661270630770243
100	1	912	1559661270630867743
1	1	912	1559661270630876024
100	1	912	1559661270630941648
1	1	912	1559661270630950242
100	1	912	1559661270631045710
1	1	912	1559661270631055658
100	1	912	1559661270631122845
1	1	912	1559661270631131595
100	1	912	1559661270631229511
1	1	912	1559661270631237741
100	1	912	1559661270631310501
1	1	912	1559661270631332896
100	1	912	1559661270631431229
1	1	912	1559661270631439458
100	1	912	1559661270631500343
1	1	912	1559661270631508781
100	1	912	1559661270631606332
1	1	912	1559661270631614509
100	1	912	1559661270631679040
1	1	912	1559661270631687374
100	1	912	1559661270631781071
1	1	912	1559661270631789092
100	1	912	1559661270631851227
1	1	912	1559661270631859300
100	1	912	1559661270631955132
1	1	912	1559661270631963205
100	1	912	1559661270632024820
1	1	912	1559661270632033205
100	1	912	1559661270632127632
1	1	912	1559661270632135652
100	1	912	1559661270632200340
1	1	912	1559661270632208673
100	1	912	1559661270632305287
1	1	912	1559661270632313464
100	1	912	1559661270632375078
1	1	912	1559661270632383464
100	1	912	1559661270632481692
1	1	912	1559661270632489817
100	1	912	1559661270632552421
1	1	912	1559661270632582056
100	1	912	1559661270632680910
1	1	912	1559661270632689399
100	1	912	1559661270632751066
1	1	912	1559661270632759139
100	1	912	1559661270632854763
1	1	912	1559661270632862836
100	1	912	1559661270632923773
1	1	912	1559661270632933044
100	1	912	1559661270633027939
1	1	912	1559661270633036064
100	1	912	1559661270633098512
1	1	912	1559661270633106793
100	1	912	1559661270633203667
1	1	912	1559661270633211897
100	1	912	1559661270633272313
1	1	912	1559661270633280646
100	1	912	1559661270633377573
1	1	912	1559661270633385594
100	1	912	1559661270633447989
1	1	912	1559661270633456062
100	1	912	1559661270633549968
1	1	912	1559661270633559343
100	1	912	1559661270633620957
1	1	912	1559661270633629342
100	1	912	1559661270633728925
1	1	912	1559661270633737102
100	1	912	1559661270633810227
1	1	912	1559661270633819133
100	1	912	1559661270633921789
1	1	912	1559661270633931007
100	1	912	1559661270633992674
1	1	912	1559661270634001059
100	1	912	1559661270634097517
1	1	912	1559661270634105694
100	1	912	1559661270634167048
1	1	912	1559661270634175173
100	1	912	1559661270634272255
1	1	912	1559661270634280432
100	1	912	1559661270634342724
1	1	912	1559661270634351005
100	1	912	1559661270634447307
1	1	912	1559661270634455744
100	1	912	1559661270634517306
1	1	912	1559661270634526369
100	1	912	1559661270634621212
1	1	912	1559661270634629233
100	1	912	1559661270634691732
1	1	912	1559661270634699805
100	1	912	1559661270634794700
1	1	912	1559661270634803503
100	1	912	1559661270634863867
1	1	912	1559661270634871888
100	1	912	1559661270634966210
1	1	912	1559661270634974387
100	1	912	1559661270635035741
1	1	912	1559661270635043814
100	1	912	1559661270635139282
1	1	912	1559661270635154803
100	1	912	1559661270635218657
1	1	912	1559661270635227250
100	1	912	1559661270635323604
1	1	912	1559661270635331625
100	1	912	1559661270635392353
1	1	912	1559661270635400478
100	1	912	1559661270635495999
1	1	912	1559661270635504228
100	1	912	1559661270635566571
1	1	912	1559661270635574853
100	1	912	1559661270635668810
1	1	912	1559661270635678446
100	1	912	1559661270635738758
1	1	912	1559661270635747195
100	1	912	1559661270635842403
1	1	912	1559661270635850841
100	1	912	1559661270635911361
1	1	912	1559661270635919434
100	1	912	1559661270636013913
1	1	912	1559661270636021986
100	1	912	1559661270636083964
1	1	912	1559661270636092193
100	1	912	1559661270636186985
1	1	912	1559661270636195214
100	1	912	1559661270636255890
1	1	912	1559661270636264068
100	1	912	1559661270636360057
1	1	912	1559661270636368286
100	1	912	1559661270636438702
1	1	912	1559661270636447087
100	1	912	1559661270636544379
1	1	912	1559661270636553597
100	1	912	1559661270636614430
1	1	912	1559661270636622659
100	1	912	1559661270636717971
1	1	912	1559661270636726044
100	1	912	1559661270636786773
1	1	912	1559661270636795054
100	1	912	1559661270636890418
1	1	912	1559661270636898543
100	1	912	1559661270636960001
1	1	912	1559661270636968387
100	1	912	1559661270637062240
1	1	912	1559661270637070313
100	1	912	1559661270637131511
1	1	912	1559661270637139688
100	1	912	1559661270637234583
1	1	912	1559661270637242760
100	1	912	1559661270637304479
1	1	912	1559661270637312760
100	1	912	1559661270637407759
1	1	912	1559661270637416040
100	1	912	1559661270637477186
1	1	912	1559661270637485311
100	1	912	1559661270637581300
1	1	912	1559661270637589477
100	1	912	1559661270637649998
1	1	912	1559661270637665727
100	1	912	1559661270637762757
1	1	912	1559661270637771143
100	1	912	1559661270637833955
1	1	912	1559661270637842184
100	1	912	1559661270637939058
1	1	912	1559661270637947288
100	1	912	1559661270638008016
1	1	912	1559661270638016402
100	1	912	1559661270638112391
1	1	912	1559661270638120360
100	1	912	1559661270638182599
1	1	912	1559661270638190932
100	1	912	1559661270638285150
1	1	912	1559661270638293379
100	1	912	1559661270638355775
1	1	912	1559661270638363848
100	1	912	1559661270638461816
1	1	912	1559661270638469941
100	1	912	1559661270638530409
1	1	912	1559661270638538639
100	1	912	1559661270638636711
1	1	912	1559661270638644992
100	1	912	1559661270638707283
1	1	912	1559661270638715356
100	1	912	1559661270638810200
1	1	912	1559661270638818377
100	1	912	1559661270638878793
1	1	912	1559661270638894782
100	1	912	1559661270638992334
1	1	912	1559661270639007178
100	1	912	1559661270639071969
1	1	912	1559661270639081136
100	1	912	1559661270639177541
1	1	912	1559661270639186031
100	1	912	1559661270639247333
1	1	912	1559661270639255562
100	1	912	1559661270639351655
1	1	912	1559661270639359728
100	1	912	1559661270639470925
1	1	912	1559661270639479519
100	1	912	1559661270639580820
1	1	912	1559661270639589102
100	1	912	1559661270639650612
1	1	912	1559661270639658789
100	1	912	1559661270639754309
1	1	912	1559661270639762903
100	1	912	1559661270639825142
1	1	912	1559661270639833423
100	1	912	1559661270639928735
1	1	912	1559661270639936652
100	1	912	1559661270639997641
1	1	912	1559661270640005818
100	1	912	1559661270640100609
1	1	912	1559661270640108838
100	1	912	1559661270640170088
1	1	912	1559661270640179046
100	1	912	1559661270640282431
1	1	912	1559661270640290556
100	1	912	1559661270640352691
1	1	912	1559661270640360764
100	1	912	1559661270640456649
1	1	912	1559661270640464982
100	1	912	1559661270640525451
1	1	912	1559661270640533576
100	1	912	1559661270640631908
1	1	912	1559661270640640086
100	1	912	1559661270640703627
1	1	912	1559661270640711752
100	1	912	1559661270640806647
1	1	912	1559661270640814928
100	1	912	1559661270640875032
1	1	912	1559661270640883313
100	1	912	1559661270640978469
1	1	912	1559661270640986542
100	1	912	1559661270641046646
1	1	912	1559661270641055917
100	1	912	1559661270641150031
1	1	912	1559661270641158051
100	1	912	1559661270641220187
1	1	912	1559661270641228416
100	1	912	1559661270641323624
1	1	912	1559661270641331801
100	1	912	1559661270641392529
1	1	912	1559661270641400550
100	1	912	1559661270641495550
1	1	912	1559661270641512008
100	1	912	1559661270641576383
1	1	912	1559661270641584716
100	1	912	1559661270641680080
1	1	912	1559661270641688309
100	1	912	1559661270641749507
1	1	912	1559661270641757579
100	1	912	1559661270641853360
1	1	912	1559661270641861589
100	1	912	1559661270641922214
1	1	912	1559661270641931693
100	1	912	1559661270642025182
1	1	912	1559661270642033255
100	1	912	1559661270642095338
1	1	912	1559661270642103411
100	1	912	1559661270642199192
1	1	912	1559661270642207473
100	1	912	1559661270642267993
1	1	912	1559661270642276223
100	1	912	1559661270642371014
1	1	912	1559661270642379347
100	1	912	1559661270642441534
1	1	912	1559661270642449920
100	1	912	1559661270642546169
1	1	912	1559661270642556013
100	1	912	1559661270642618356
1	1	912	1559661270642626533
100	1	912	1559661270642723668
1	1	912	1559661270642732001
100	1	912	1559661270642802157
1	1	912	1559661270642810751
100	1	912	1559661270642905594
1	1	912	1559661270642913771
100	1	912	1559661270642975958
1	1	912	1559661270642984240
100	1	912	1559661270643079239
1	1	912	1559661270643087312
100	1	912	1559661270643147728
1	1	912	1559661270643155749
100	1	912	1559661270643251009
1	1	912	1559661270643259082
100	1	912	1559661270643320540
1	1	912	1559661270643328769
100	1	912	1559661270643422310
1	1	912	1559661270643431633
100	1	912	1559661270643492362
1	1	912	1559661270643500487
100	1	912	1559661270643595851
1	1	912	1559661270643604236
100	1	912	1559661270643664653
1	1	912	1559661270643672986
100	1	912	1559661270643770173
1	1	912	1559661270643778246
100	1	912	1559661270643840120
1	1	912	1559661270643848245
100	1	912	1559661270643943714
1	1	912	1559661270643951943
100	1	912	1559661270644013453
1	1	912	1559661270644029182
100	1	912	1559661270644127150
1	1	912	1559661270644135379
100	1	912	1559661270644197098
1	1	912	1559661270644205170
100	1	912	1559661270644299441
1	1	912	1559661270644308920
100	1	912	1559661270644369909
1	1	912	1559661270644378086
100	1	912	1559661270644473502
1	1	912	1559661270644481940
100	1	912	1559661270644542460
1	1	912	1559661270644550689
100	1	912	1559661270644645689
1	1	912	1559661270644653918
100	1	912	1559661270644716626
1	1	912	1559661270644724855
100	1	912	1559661270644822198
1	1	912	1559661270644830480
100	1	912	1559661270644891625
1	1	912	1559661270644900010
100	1	912	1559661270644995270
1	1	912	1559661270645003343
100	1	912	1559661270645073343
1	1	912	1559661270645081676
100	1	912	1559661270645177405
1	1	912	1559661270645185738
100	1	912	1559661270645246519
1	1	912	1559661270645263081
100	1	912	1559661270645360320
1	1	912	1559661270645368497
100	1	912	1559661270645430685
1	1	912	1559661270645438966
100	1	912	1559661270645533809
1	1	912	1559661270645542038
100	1	912	1559661270645603600
1	1	912	1559661270645611829
100	1	912	1559661270645707350
1	1	912	1559661270645715735
100	1	912	1559661270645778287
1	1	912	1559661270645786464
100	1	912	1559661270645881984
1	1	912	1559661270645889953
100	1	912	1559661270645952817
1	1	912	1559661270645960942
100	1	912	1559661270646056358
1	1	912	1559661270646064327
100	1	912	1559661270646125681
1	1	912	1559661270646134014
100	1	912	1559661270646228909
1	1	912	1559661270646236930
100	1	912	1559661270646297920
1	1	912	1559661270646307399
100	1	912	1559661270646401825
1	1	912	1559661270646409898
100	1	912	1559661270646473960
1	1	912	1559661270646482137
100	1	912	1559661270646623959
1	1	912	1559661270646632449
100	1	912	1559661270646695574
1	1	912	1559661270646703803
100	1	912	1559661270646798438
1	1	912	1559661270646807813
100	1	912	1559661270646870625
1	1	912	1559661270646878750
100	1	912	1559661270646974010
1	1	912	1559661270646982187
100	1	912	1559661270647043645
1	1	912	1559661270647052811
100	1	912	1559661270647147238
1	1	912	1559661270647155363
100	1	912	1559661270647217654
1	1	912	1559661270647225935
100	1	912	1559661270647321768
1	1	912	1559661270647329633
100	1	912	1559661270647390518
1	1	912	1559661270647398643
100	1	912	1559661270647494059
1	1	912	1559661270647502028
100	1	912	1559661270647563902
1	1	912	1559661270647572183
100	1	912	1559661270647666402
1	1	912	1559661270647674527
100	1	912	1559661270647736870
1	1	912	1559661270647744943
100	1	912	1559661270647840672
1	1	912	1559661270647850828
100	1	912	1559661270647929890
1	1	912	1559661270647938275
100	1	912	1559661270648033535
1	1	912	1559661270648041868
100	1	912	1559661270648104524
1	1	912	1559661270648112806
100	1	912	1559661270648208222
1	1	912	1559661270648216555
100	1	912	1559661270648276919
1	1	912	1559661270648284992
100	1	912	1559661270648379940
1	1	912	1559661270648387960
100	1	912	1559661270648449679
1	1	912	1559661270648457804
100	1	912	1559661270648556293
1	1	912	1559661270648566136
100	1	912	1559661270648626553
1	1	912	1559661270648634834
100	1	912	1559661270648730979
1	1	912	1559661270648739104
100	1	912	1559661270648800094
1	1	912	1559661270648809468
100	1	912	1559661270648903791
1	1	912	1559661270648912072
100	1	912	1559661270648975145
1	1	912	1559661270648983270
100	1	912	1559661270649078165
1	1	912	1559661270649086550
100	1	912	1559661270649165039
1	1	912	1559661270649368632
100	1	912	1559661270649512277
1	1	912	1559661270649520715
100	1	912	1559661270649584881
1	1	912	1559661270649593006
100	1	912	1559661270649690245
1	1	912	1559661270649698578
100	1	912	1559661270649760922
1	1	912	1559661270649769099
100	1	912	1559661270649865348
1	1	912	1559661270649873629
100	1	912	1559661270649935556
1	1	912	1559661270649943889
100	1	912	1559661270650039826
1	1	912	1559661270650048003
100	1	912	1559661270650110191
1	1	912	1559661270650118472
100	1	912	1559661270650214461
1	1	912	1559661270650222794
100	1	912	1559661270650283731
1	1	912	1559661270650292117
100	1	912	1559661270650387637
1	1	912	1559661270650395970
100	1	912	1559661270650457949
1	1	912	1559661270650466334
100	1	912	1559661270650561959
1	1	912	1559661270650588678
100	1	912	1559661270650652636
1	1	912	1559661270650661333
100	1	912	1559661270650758312
1	1	912	1559661270650767479
100	1	912	1559661270650848260
1	1	912	1559661270650856749
100	1	912	1559661270650957061
1	1	912	1559661270650965238
100	1	912	1559661270651036175
1	1	912	1559661270651044508
100	1	912	1559661270651140966
1	1	912	1559661270651148935
100	1	912	1559661270651211330
1	1	912	1559661270651219508
100	1	912	1559661270651315392
1	1	912	1559661270651323569
100	1	912	1559661270651384715
1	1	912	1559661270651393152
100	1	912	1559661270651488673
1	1	912	1559661270651496954
100	1	912	1559661270651558724
1	1	912	1559661270651566901
100	1	912	1559661270651662057
1	1	912	1559661270651670338
100	1	912	1559661270651733046
1	1	912	1559661270651741171
100	1	912	1559661270651836848
1	1	912	1559661270651845337
100	1	912	1559661270651906223
1	1	912	1559661270651930597
100	1	912	1559661270652029139
1	1	912	1559661270652037888
100	1	912	1559661270652102211
1	1	912	1559661270652110649
100	1	912	1559661270652206221
1	1	912	1559661270652214450
100	1	912	1559661270652275648
1	1	912	1559661270652283773
100	1	912	1559661270652381272
1	1	912	1559661270652389397
100	1	912	1559661270652451011
1	1	912	1559661270652459188
100	1	912	1559661270652554969
1	1	912	1559661270652563250
100	1	912	1559661270652624292
1	1	912	1559661270652632521
100	1	912	1559661270652728249
1	1	912	1559661270652736583
100	1	912	1559661270652796634
1	1	912	1559661270652806009
100	1	912	1559661270652900436
1	1	912	1559661270652908561
100	1	912	1559661270652970852
1	1	912	1559661270652979029
100	1	912	1559661270653075122
1	1	912	1559661270653083247
100	1	912	1559661270653145695
1	1	912	1559661270653153924
100	1	912	1559661270653267465
1	1	912	1559661270653276163
100	1	912	1559661270653339340
1	1	912	1559661270653347829
100	1	912	1559661270653443558
1	1	912	1559661270653451839
100	1	912	1559661270653512516
1	1	912	1559661270653520901
100	1	912	1559661270653616370
1	1	912	1559661270653624651
100	1	912	1559661270653686994
1	1	912	1559661270653695171
100	1	912	1559661270653790119
1	1	912	1559661270653798348
100	1	912	1559661270653860535
1	1	912	1559661270653868712
100	1	912	1559661270653964857
1	1	912	1559661270653972930
100	1	912	1559661270654034284
1	1	912	1559661270654042409
100	1	912	1559661270654138138
1	1	912	1559661270654146471
100	1	912	1559661270654209856
1	1	912	1559661270654218085
100	1	912	1559661270654313397
1	1	912	1559661270654321782
100	1	912	1559661270654382407
1	1	912	1559661270654390845
100	1	912	1559661270654489021
1	1	912	1559661270654505323
100	1	912	1559661270654580687
1	1	912	1559661270654589177
100	1	912	1559661270654686624
1	1	912	1559661270654694801
100	1	912	1559661270654756363
1	1	912	1559661270654764853
100	1	912	1559661270654860529
1	1	912	1559661270654868550
100	1	912	1559661270654930425
1	1	912	1559661270654938602
100	1	912	1559661270655034174
1	1	912	1559661270655042299
100	1	912	1559661270655104591
1	1	912	1559661270655112924
100	1	912	1559661270655208861
1	1	912	1559661270655217090
100	1	912	1559661270655279225
1	1	912	1559661270655287350
100	1	912	1559661270655383235
1	1	912	1559661270655391725
100	1	912	1559661270655453912
1	1	912	1559661270655462037
100	1	912	1559661270655557036
1	1	912	1559661270655565265
100	1	912	1559661270655626202
1	1	912	1559661270655634432
100	1	912	1559661270655729796
1	1	912	1559661270655738025
100	1	912	1559661270655816722
1	1	912	1559661270655825420
100	1	912	1559661270655921930
1	1	912	1559661270655931513
100	1	912	1559661270655993232
1	1	912	1559661270656001617
100	1	912	1559661270656096669
1	1	912	1559661270656104950
100	1	912	1559661270656166095
1	1	912	1559661270656174272
100	1	912	1559661270656271147
1	1	912	1559661270656279376
100	1	912	1559661270656340990
1	1	912	1559661270656349219
100	1	912	1559661270656444948
1	1	912	1559661270656453333
100	1	912	1559661270656514166
1	1	912	1559661270656522448
100	1	912	1559661270656619999
1	1	912	1559661270656628228
100	1	912	1559661270656699947
1	1	912	1559661270656708436
100	1	912	1559661270656804581
1	1	912	1559661270656813019
100	1	912	1559661270656873852
1	1	912	1559661270656882237
100	1	912	1559661270656978018
1	1	912	1559661270656986351
100	1	912	1559661270657047809
1	1	912	1559661270657072132
100	1	912	1559661270657170882
1	1	912	1559661270657180465
100	1	912	1559661270657242027
1	1	912	1559661270657250256
100	1	912	1559661270657347547
1	1	912	1559661270657355985
100	1	912	1559661270657417547
1	1	912	1559661270657426818
100	1	912	1559661270657522911
1	1	912	1559661270657531192
100	1	912	1559661270657592702
1	1	912	1559661270657601036
100	1	912	1559661270657697077
1	1	912	1559661270657705462
100	1	912	1559661270657766243
1	1	912	1559661270657774628
100	1	912	1559661270657870982
1	1	912	1559661270657879315
100	1	912	1559661270657941554
1	1	912	1559661270657949888
100	1	912	1559661270658044575
1	1	912	1559661270658053741
100	1	912	1559661270658114731
1	1	912	1559661270658123064
100	1	912	1559661270658219313
1	1	912	1559661270658227647
100	1	912	1559661270658288636
1	1	912	1559661270658312594
100	1	912	1559661270658413739
1	1	912	1559661270658422333
100	1	912	1559661270658487229
1	1	912	1559661270658495770
100	1	912	1559661270658595145
1	1	912	1559661270658603530
100	1	912	1559661270658663894
1	1	912	1559661270658672071
100	1	912	1559661270658768008
1	1	912	1559661270658776342
100	1	912	1559661270658838320
1	1	912	1559661270658846654
100	1	912	1559661270658942330
1	1	912	1559661270658950612
100	1	912	1559661270659011236
1	1	912	1559661270659019465
100	1	912	1559661270659115454
1	1	912	1559661270659123579
100	1	912	1559661270659185871
1	1	912	1559661270659194100
100	1	912	1559661270659289203
1	1	912	1559661270659297589
100	1	912	1559661270659359932
1	1	912	1559661270659368213
100	1	912	1559661270659491286
1	1	912	1559661270659499619
100	1	912	1559661270659563108
1	1	912	1559661270659571285
100	1	912	1559661270659686128
1	1	912	1559661270659694566
100	1	912	1559661270659756701
1	1	912	1559661270659765190
100	1	912	1559661270659861388
1	1	912	1559661270659869877
100	1	912	1559661270659932377
1	1	912	1559661270659940502
100	1	912	1559661270660034981
1	1	912	1559661270660043314
100	1	912	1559661270660105241
1	1	912	1559661270660113366
100	1	912	1559661270660209407
1	1	912	1559661270660217636
100	1	912	1559661270660277896
1	1	912	1559661270660286073
100	1	912	1559661270660381802
1	1	912	1559661270660390031
100	1	912	1559661270660453364
1	1	912	1559661270660461645
100	1	912	1559661270660557478
1	1	912	1559661270660565759
100	1	912	1559661270660626540
1	1	912	1559661270660634613
100	1	912	1559661270660730289
1	1	912	1559661270660738310
100	1	912	1559661270660798831
1	1	912	1559661270660808258
100	1	912	1559661270660902216
1	1	912	1559661270660934455
100	1	912	1559661270660998517
1	1	912	1559661270661006694
100	1	912	1559661270661102735
1	1	912	1559661270661111173
100	1	912	1559661270661172006
1	1	912	1559661270661181485
100	1	912	1559661270661276849
1	1	912	1559661270661285286
100	1	912	1559661270661347630
1	1	912	1559661270661356067
100	1	912	1559661270661451536
1	1	912	1559661270661459713
100	1	912	1559661270661522160
1	1	912	1559661270661530598
100	1	912	1559661270661626691
1	1	912	1559661270661635024
100	1	912	1559661270661697315
1	1	912	1559661270661705701
100	1	912	1559661270661799815
1	1	912	1559661270661809242
100	1	912	1559661270661869867
1	1	912	1559661270661877835
100	1	912	1559661270661973356
1	1	912	1559661270661986012
100	1	912	1559661270662047522
1	1	912	1559661270662057053
100	1	912	1559661270662152834
1	1	912	1559661270662161323
100	1	912	1559661270662240646
1	1	912	1559661270662249135
100	1	912	1559661270662345281
1	1	912	1559661270662353614
100	1	912	1559661270662423197
1	1	912	1559661270662432780
100	1	912	1559661270662529446
1	1	912	1559661270662537571
100	1	912	1559661270662603925
1	1	912	1559661270662612363
100	1	912	1559661270662709289
1	1	912	1559661270662717414
100	1	912	1559661270662777987
1	1	912	1559661270662786164
100	1	912	1559661270662881476
1	1	912	1559661270662889549
100	1	912	1559661270662951944
1	1	912	1559661270662960382
100	1	912	1559661270663055746
1	1	912	1559661270663064079
100	1	912	1559661270663125433
1	1	912	1559661270663133662
100	1	912	1559661270663229026
1	1	912	1559661270663237203
100	1	912	1559661270663297984
1	1	912	1559661270663307359
100	1	912	1559661270663401942
1	1	912	1559661270663410171
100	1	912	1559661270663473243
1	1	912	1559661270663496889
100	1	912	1559661270663596211
1	1	912	1559661270663604545
100	1	912	1559661270663667096
1	1	912	1559661270663675169
100	1	912	1559661270663771992
1	1	912	1559661270663780221
100	1	912	1559661270663842668
1	1	912	1559661270663850637
100	1	912	1559661270663946678
1	1	912	1559661270663954647
100	1	912	1559661270664015949
1	1	912	1559661270664024074
100	1	912	1559661270664120792
1	1	912	1559661270664128969
100	1	912	1559661270664190948
1	1	912	1559661270664199177
100	1	912	1559661270664293864
1	1	912	1559661270664303343
100	1	912	1559661270664364228
1	1	912	1559661270664372666
100	1	912	1559661270664470998
1	1	912	1559661270664479227
100	1	912	1559661270664539852
1	1	912	1559661270664547977
100	1	912	1559661270664647924
1	1	912	1559661270664656102
100	1	912	1559661270664720112
1	1	912	1559661270664743132
100	1	912	1559661270664843913
1	1	912	1559661270664852611
100	1	912	1559661270664914381
1	1	912	1559661270664922611
100	1	912	1559661270665018756
1	1	912	1559661270665026829
100	1	912	1559661270665088860
1	1	912	1559661270665097141
100	1	912	1559661270665192036
1	1	912	1559661270665200265
100	1	912	1559661270665260942
1	1	912	1559661270665269067
100	1	912	1559661270665364744
1	1	912	1559661270665372921
100	1	912	1559661270665435368
1	1	912	1559661270665443441
100	1	912	1559661270665537451
1	1	912	1559661270665545576
100	1	912	1559661270665607503
1	1	912	1559661270665615732
100	1	912	1559661270665712971
1	1	912	1559661270665721044
100	1	912	1559661270665781252
1	1	912	1559661270665789481
100	1	912	1559661270665885574
1	1	912	1559661270665893907
100	1	912	1559661270665955938
1	1	912	1559661270665979011
100	1	912	1559661270666078542
1	1	912	1559661270666087031
100	1	912	1559661270666147656
1	1	912	1559661270666155885
100	1	912	1559661270666251510
1	1	912	1559661270666259947
100	1	912	1559661270666321770
1	1	912	1559661270666329895
100	1	912	1559661270666424738
1	1	912	1559661270666434113
100	1	912	1559661270666495310
1	1	912	1559661270666503696
100	1	912	1559661270666598956
1	1	912	1559661270666607081
100	1	912	1559661270666667549
1	1	912	1559661270666675674
100	1	912	1559661270666773382
1	1	912	1559661270666781819
100	1	912	1559661270666844163
1	1	912	1559661270666852340
100	1	912	1559661270666948693
1	1	912	1559661270666956922
100	1	912	1559661270667016974
1	1	912	1559661270667025360
100	1	912	1559661270667121244
1	1	912	1559661270667129526
100	1	912	1559661270667191088
1	1	912	1559661270667199213
100	1	912	1559661270667312441
1	1	912	1559661270667320931
100	1	912	1559661270667382545
1	1	912	1559661270667390878
100	1	912	1559661270667486607
1	1	912	1559661270667494940
100	1	912	1559661270667557857
1	1	912	1559661270667566034
100	1	912	1559661270667660877
1	1	912	1559661270667669106
100	1	912	1559661270667731293
1	1	912	1559661270667739470
100	1	912	1559661270667836032
1	1	912	1559661270667844261
100	1	912	1559661270667905251
1	1	912	1559661270667913688
100	1	912	1559661270668011240
1	1	912	1559661270668019469
100	1	912	1559661270668089937
1	1	912	1559661270668098531
100	1	912	1559661270668194780
1	1	912	1559661270668203114
100	1	912	1559661270668263582
1	1	912	1559661270668271967
100	1	912	1559661270668367852
1	1	912	1559661270668376133
100	1	912	1559661270668437487
1	1	912	1559661270668445873
100	1	912	1559661270668540299
1	1	912	1559661270668550351
100	1	912	1559661270668627122
1	1	912	1559661270668635299
100	1	912	1559661270668732642
1	1	912	1559661270668741027
100	1	912	1559661270668802954
1	1	912	1559661270668811339
100	1	912	1559661270668907954
1	1	912	1559661270668916078
100	1	912	1559661270668977693
1	1	912	1559661270668986182
100	1	912	1559661270669081598
1	1	912	1559661270669089984
100	1	912	1559661270669150504
1	1	912	1559661270669158890
100	1	912	1559661270669254410
1	1	912	1559661270669262587
100	1	912	1559661270669324566
1	1	912	1559661270669332951
100	1	912	1559661270669447899
1	1	912	1559661270669456805
100	1	912	1559661270669519513
1	1	912	1559661270669527742
100	1	912	1559661270669624252
1	1	912	1559661270669632533
100	1	912	1559661270669694564
1	1	912	1559661270669702637
100	1	912	1559661270669797949
1	1	912	1559661270669807584
100	1	912	1559661270669885240
1	1	912	1559661270669893782
100	1	912	1559661270669992635
1	1	912	1559661270670001073
100	1	912	1559661270670063676
1	1	912	1559661270670072166
100	1	912	1559661270670167374
1	1	912	1559661270670175707
100	1	912	1559661270670237738
1	1	912	1559661270670246019
100	1	912	1559661270670342112
1	1	912	1559661270670350446
100	1	912	1559661270670411487
1	1	912	1559661270670419768
100	1	912	1559661270670517684
1	1	912	1559661270670525966
100	1	912	1559661270670590132
1	1	912	1559661270670598309
100	1	912	1559661270670694506
1	1	912	1559661270670702944
100	1	912	1559661270670763048
1	1	912	1559661270670771277
100	1	912	1559661270670866745
1	1	912	1559661270670874922
100	1	912	1559661270670938047
1	1	912	1559661270670946380
100	1	912	1559661270671040911
1	1	912	1559661270671049192
100	1	912	1559661270671111848
1	1	912	1559661270671135962
100	1	912	1559661270671235441
1	1	912	1559661270671243930
100	1	912	1559661270671305909
1	1	912	1559661270671314138
100	1	912	1559661270671408930
1	1	912	1559661270671417263
100	1	912	1559661270671479398
1	1	912	1559661270671487835
100	1	912	1559661270671583199
1	1	912	1559661270671591533
100	1	912	1559661270671652001
1	1	912	1559661270671660126
100	1	912	1559661270671756167
1	1	912	1559661270671764292
100	1	912	1559661270671826115
1	1	912	1559661270671834396
100	1	912	1559661270671930333
1	1	912	1559661270671938562
100	1	912	1559661270672001270
1	1	912	1559661270672009447
100	1	912	1559661270672104811
1	1	912	1559661270672113197
100	1	912	1559661270672174707
1	1	912	1559661270672184134
100	1	912	1559661270672278196
1	1	912	1559661270672286477
100	1	912	1559661270672348352
1	1	912	1559661270672371216
100	1	912	1559661270672470122
1	1	912	1559661270672478715
100	1	912	1559661270672540486
1	1	912	1559661270672548819
100	1	912	1559661270672645850
1	1	912	1559661270672654287
100	1	912	1559661270672716735
1	1	912	1559661270672724912
100	1	912	1559661270672820432
1	1	912	1559661270672828505
100	1	912	1559661270672888974
1	1	912	1559661270672897203
100	1	912	1559661270672993504
1	1	912	1559661270673001733
100	1	912	1559661270673065327
1	1	912	1559661270673073400
100	1	912	1559661270673167931
1	1	912	1559661270673177305
100	1	912	1559661270673238972
1	1	912	1559661270673247201
100	1	912	1559661270673341888
1	1	912	1559661270673352877
100	1	912	1559661270673414752
1	1	912	1559661270673423242
100	1	912	1559661270673519908
1	1	912	1559661270673528345
100	1	912	1559661270673590012
1	1	912	1559661270673599803
100	1	912	1559661270673712407
1	1	912	1559661270673721053
100	1	912	1559661270673790063
1	1	912	1559661270673798448
100	1	912	1559661270673894906
1	1	912	1559661270673903291
100	1	912	1559661270673965687
1	1	912	1559661270673974020
100	1	912	1559661270674070009
1	1	912	1559661270674078134
100	1	912	1559661270674140946
1	1	912	1559661270674149488
100	1	912	1559661270674245477
1	1	912	1559661270674253445
100	1	912	1559661270674315476
1	1	912	1559661270674323601
100	1	912	1559661270674417663
1	1	912	1559661270674427090
100	1	912	1559661270674490371
1	1	912	1559661270674498809
100	1	912	1559661270674597142
1	1	912	1559661270674605527
100	1	912	1559661270674666620
1	1	912	1559661270674675006
100	1	912	1559661270674770943
1	1	912	1559661270674779120
100	1	912	1559661270674841307
1	1	912	1559661270674849536
100	1	912	1559661270674971515
1	1	912	1559661270674980108
100	1	912	1559661270675041566
1	1	912	1559661270675049743
100	1	912	1559661270675147659
1	1	912	1559661270675155889
100	1	912	1559661270675218024
1	1	912	1559661270675226305
100	1	912	1559661270675321877
1	1	912	1559661270675330054
100	1	912	1559661270675390939
1	1	912	1559661270675399168
100	1	912	1559661270675494845
1	1	912	1559661270675503022
100	1	912	1559661270675565001
1	1	912	1559661270675573334
100	1	912	1559661270675667552
1	1	912	1559661270675677032
100	1	912	1559661270675738073
1	1	912	1559661270675746250
100	1	912	1559661270675842083
1	1	912	1559661270675850312
100	1	912	1559661270675911301
1	1	912	1559661270675919634
100	1	912	1559661270676015623
1	1	912	1559661270676023644
100	1	912	1559661270676085623
1	1	912	1559661270676093852
100	1	912	1559661270676191247
1	1	912	1559661270676201195
100	1	912	1559661270676277810
1	1	912	1559661270676286455
100	1	912	1559661270676383434
1	1	912	1559661270676391559
100	1	912	1559661270676453902
1	1	912	1559661270676462184
100	1	912	1559661270676557131
1	1	912	1559661270676565412
100	1	912	1559661270676626818
1	1	912	1559661270676634943
100	1	912	1559661270676730776
1	1	912	1559661270676738901
100	1	912	1559661270676799369
1	1	912	1559661270676808692
100	1	912	1559661270676902389
1	1	912	1559661270676910567
100	1	912	1559661270676972597
1	1	912	1559661270676980774
100	1	912	1559661270677075878
1	1	912	1559661270677084107
100	1	912	1559661270677144315
1	1	912	1559661270677152440
100	1	912	1559661270677249211
1	1	912	1559661270677257388
100	1	912	1559661270677319314
1	1	912	1559661270677327491
100	1	912	1559661270677422230
1	1	912	1559661270677431605
100	1	912	1559661270677509001
1	1	912	1559661270677517855
100	1	912	1559661270677615094
1	1	912	1559661270677623323
100	1	912	1559661270677685875
1	1	912	1559661270677694260
100	1	912	1559661270677788322
1	1	912	1559661270677796708
100	1	912	1559661270677859416
1	1	912	1559661270677867801
100	1	912	1559661270677963790
1	1	912	1559661270677972019
100	1	912	1559661270678034310
1	1	912	1559661270678042435
100	1	912	1559661270678137591
1	1	912	1559661270678145924
100	1	912	1559661270678207955
1	1	912	1559661270678216289
100	1	912	1559661270678312955
1	1	912	1559661270678321392
100	1	912	1559661270678382017
1	1	912	1559661270678390298
100	1	912	1559661270678488162
1	1	912	1559661270678496287
100	1	912	1559661270678558578
1	1	912	1559661270678568630
100	1	912	1559661270678664463
1	1	912	1559661270678672484
100	1	912	1559661270678735140
1	1	912	1559661270678758004
100	1	912	1559661270678857900
1	1	912	1559661270678866598
100	1	912	1559661270678928524
1	1	912	1559661270678936858
100	1	912	1559661270679032534
1	1	912	1559661270679040711
100	1	912	1559661270679102742
1	1	912	1559661270679111128
100	1	912	1559661270679206700
1	1	912	1559661270679214981
100	1	912	1559661270679275970
1	1	912	1559661270679284252
100	1	912	1559661270679382689
1	1	912	1559661270679390970
100	1	912	1559661270679482688
1	1	912	1559661270679491334
100	1	912	1559661270679589510
1	1	912	1559661270679597844
100	1	912	1559661270679658572
1	1	912	1559661270679666854
100	1	912	1559661270679763520
1	1	912	1559661270679771749
100	1	912	1559661270679834353
1	1	912	1559661270679842634
100	1	912	1559661270679938154
1	1	912	1559661270679946331
100	1	912	1559661270680007060
1	1	912	1559661270680029925
100	1	912	1559661270680130028
1	1	912	1559661270680138518
100	1	912	1559661270680200913
1	1	912	1559661270680209090
100	1	912	1559661270680304715
1	1	912	1559661270680312736
100	1	912	1559661270680374662
1	1	912	1559661270680382839
100	1	912	1559661270680479974
1	1	912	1559661270680488308
100	1	912	1559661270680549036
1	1	912	1559661270680560182
100	1	912	1559661270680657317
1	1	912	1559661270680665338
100	1	912	1559661270680727265
1	1	912	1559661270680735494
100	1	912	1559661270680832108
1	1	912	1559661270680840337
100	1	912	1559661270680901170
1	1	912	1559661270680909503
100	1	912	1559661270681004815
1	1	912	1559661270681013253
100	1	912	1559661270681076169
1	1	912	1559661270681084502
100	1	912	1559661270681180856
1	1	912	1559661270681189241
100	1	912	1559661270681250335
1	1	912	1559661270681258512
100	1	912	1559661270681372886
1	1	912	1559661270681381219
100	1	912	1559661270681445021
1	1	912	1559661270681453459
100	1	912	1559661270681548719
1	1	912	1559661270681558198
100	1	912	1559661270681620072
1	1	912	1559661270681628406
100	1	912	1559661270681724499
1	1	912	1559661270681732780
100	1	912	1559661270681793405
1	1	912	1559661270681802571
100	1	912	1559661270681896998
1	1	912	1559661270681905123
100	1	912	1559661270681967518
1	1	912	1559661270681975800
100	1	912	1559661270682072414
1	1	912	1559661270682080539
100	1	912	1559661270682141111
1	1	912	1559661270682149549
100	1	912	1559661270682245798
1	1	912	1559661270682254236
100	1	912	1559661270682316058
1	1	912	1559661270682324131
100	1	912	1559661270682419130
1	1	912	1559661270682428297
100	1	912	1559661270682490380
1	1	912	1559661270682498557
100	1	912	1559661270682593765
1	1	912	1559661270682616838
100	1	912	1559661270682681837
1	1	912	1559661270682690067
100	1	912	1559661270682785118
1	1	912	1559661270682793347
100	1	912	1559661270682855430
1	1	912	1559661270682863607
100	1	912	1559661270682960117
1	1	912	1559661270682968398
100	1	912	1559661270683029231
1	1	912	1559661270683037460
100	1	912	1559661270683132772
1	1	912	1559661270683141158
100	1	912	1559661270683203032
1	1	912	1559661270683211314
100	1	912	1559661270683307563
1	1	912	1559661270683315844
100	1	912	1559661270683377250
1	1	912	1559661270683385792
100	1	912	1559661270683481989
1	1	912	1559661270683490271
100	1	912	1559661270683553916
1	1	912	1559661270683562041
100	1	912	1559661270683657405
1	1	912	1559661270683665895
100	1	912	1559661270683728915
1	1	912	1559661270683737300
100	1	912	1559661270683833237
1	1	912	1559661270683841675
100	1	912	1559661270683919122
1	1	912	1559661270683928654
100	1	912	1559661270684024486
1	1	912	1559661270684032820
100	1	912	1559661270684094590
1	1	912	1559661270684102871
100	1	912	1559661270684198704
1	1	912	1559661270684206985
100	1	912	1559661270684267870
1	1	912	1559661270684276048
100	1	912	1559661270684371620
1	1	912	1559661270684379797
100	1	912	1559661270684442505
1	1	912	1559661270684450734
100	1	912	1559661270684544952
1	1	912	1559661270684554119
100	1	912	1559661270684616358
1	1	912	1559661270684624587
100	1	912	1559661270684720368
1	1	912	1559661270684731514
100	1	912	1559661270684794118
1	1	912	1559661270684803493
100	1	912	1559661270684899430
1	1	912	1559661270684907971
100	1	912	1559661270684969742
1	1	912	1559661270684978231
100	1	912	1559661270685074377
1	1	912	1559661270685082710
100	1	912	1559661270685152137
1	1	912	1559661270685175053
100	1	912	1559661270685274948
1	1	912	1559661270685283282
100	1	912	1559661270685345625
1	1	912	1559661270685354063
100	1	912	1559661270685450000
1	1	912	1559661270685458020
100	1	912	1559661270685519322
1	1	912	1559661270685527395
100	1	912	1559661270685622811
1	1	912	1559661270685631040
100	1	912	1559661270685695154
1	1	912	1559661270685703384
100	1	912	1559661270685798904
1	1	912	1559661270685808018
100	1	912	1559661270685868383
1	1	912	1559661270685876508
100	1	912	1559661270685970934
1	1	912	1559661270685979007
100	1	912	1559661270686039007
1	1	912	1559661270686047288
100	1	912	1559661270686142756
1	1	912	1559661270686150985
100	1	912	1559661270686213068
1	1	912	1559661270686221402
100	1	912	1559661270686316870
1	1	912	1559661270686324943
100	1	912	1559661270686385307
1	1	912	1559661270686408536
100	1	912	1559661270686511452
1	1	912	1559661270686519994
100	1	912	1559661270686584316
1	1	912	1559661270686592806
100	1	912	1559661270686691191
1	1	912	1559661270686699316
100	1	912	1559661270686760670
1	1	912	1559661270686769055
100	1	912	1559661270686865096
1	1	912	1559661270686873377
100	1	912	1559661270686935460
1	1	912	1559661270686943794
100	1	912	1559661270687037022
1	1	912	1559661270687045199
100	1	912	1559661270687107438
1	1	912	1559661270687115563
100	1	912	1559661270687211917
1	1	912	1559661270687220146
100	1	912	1559661270687280615
1	1	912	1559661270687288948
100	1	912	1559661270687384312
1	1	912	1559661270687392489
100	1	912	1559661270687455249
1	1	912	1559661270687463582
100	1	912	1559661270687559259
1	1	912	1559661270687567644
100	1	912	1559661270687628998
1	1	912	1559661270687651758
100	1	912	1559661270687753320
1	1	912	1559661270687761706
100	1	912	1559661270687824414
1	1	912	1559661270687832799
100	1	912	1559661270687929622
1	1	912	1559661270687937746
100	1	912	1559661270687998319
1	1	912	1559661270688006704
100	1	912	1559661270688101912
1	1	912	1559661270688109933
100	1	912	1559661270688170245
1	1	912	1559661270688179985
100	1	912	1559661270688274672
1	1	912	1559661270688282797
100	1	912	1559661270688345088
1	1	912	1559661270688353317
100	1	912	1559661270688448994
1	1	912	1559661270688457119
100	1	912	1559661270688517743
1	1	912	1559661270688526181
100	1	912	1559661270688623576
1	1	912	1559661270688631805
100	1	912	1559661270688694097
1	1	912	1559661270688702482
100	1	912	1559661270688798627
1	1	912	1559661270688807846
100	1	912	1559661270688868939
1	1	912	1559661270688876960
100	1	912	1559661270688990657
1	1	912	1559661270688998887
100	1	912	1559661270689061751
1	1	912	1559661270689070240
100	1	912	1559661270689165396
1	1	912	1559661270689173573
100	1	912	1559661270689235604
1	1	912	1559661270689243625
100	1	912	1559661270689339301
1	1	912	1559661270689347635
100	1	912	1559661270689408207
1	1	912	1559661270689416436
100	1	912	1559661270689533675
1	1	912	1559661270689541957
100	1	912	1559661270689604404
1	1	912	1559661270689612581
100	1	912	1559661270689708518
1	1	912	1559661270689716851
100	1	912	1559661270689777945
1	1	912	1559661270689786122
100	1	912	1559661270689884194
1	1	912	1559661270689892423
100	1	912	1559661270689954194
1	1	912	1559661270689962631
100	1	912	1559661270690059193
1	1	912	1559661270690067475
100	1	912	1559661270690127787
1	1	912	1559661270690136016
100	1	912	1559661270690230911
1	1	912	1559661270690240963
100	1	912	1559661270690326900
1	1	912	1559661270690335286
100	1	912	1559661270690432420
1	1	912	1559661270690440962
100	1	912	1559661270690504191
1	1	912	1559661270690512420
100	1	912	1559661270690611847
1	1	912	1559661270690620284
100	1	912	1559661270690681846
1	1	912	1559661270690690180
100	1	912	1559661270690786429
1	1	912	1559661270690794658
100	1	912	1559661270690856272
1	1	912	1559661270690864606
100	1	912	1559661270690963095
1	1	912	1559661270690971220
100	1	912	1559661270691032053
1	1	912	1559661270691040126
100	1	912	1559661270691135490
1	1	912	1559661270691143771
100	1	912	1559661270691205489
1	1	912	1559661270691213666
100	1	912	1559661270691310332
1	1	912	1559661270691318562
100	1	912	1559661270691379290
1	1	912	1559661270691387624
100	1	912	1559661270691483144
1	1	912	1559661270691491373
100	1	912	1559661270691570019
1	1	912	1559661270691578716
100	1	912	1559661270691674237
1	1	912	1559661270691683872
100	1	912	1559661270691745278
1	1	912	1559661270691753663
100	1	912	1559661270691850329
1	1	912	1559661270691858611
100	1	912	1559661270691922048
1	1	912	1559661270691931527
100	1	912	1559661270692027933
1	1	912	1559661270692036318
100	1	912	1559661270692099651
1	1	912	1559661270692107932
100	1	912	1559661270692204390
1	1	912	1559661270692212880
100	1	912	1559661270692274338
1	1	912	1559661270692282515
100	1	912	1559661270692377983
1	1	912	1559661270692386264
100	1	912	1559661270692448347
1	1	912	1559661270692456472
100	1	912	1559661270692550586
1	1	912	1559661270692560065
100	1	912	1559661270692620898
1	1	912	1559661270692629075
100	1	912	1559661270692726939
1	1	912	1559661270692735116
100	1	912	1559661270692796210
1	1	912	1559661270692820585
100	1	912	1559661270692920897
1	1	912	1559661270692930324
100	1	912	1559661270692992667
1	1	912	1559661270693000948
100	1	912	1559661270693096312
1	1	912	1559661270693104541
100	1	912	1559661270693165427
1	1	912	1559661270693173604
100	1	912	1559661270693269176
1	1	912	1559661270693277613
100	1	912	1559661270693339696
1	1	912	1559661270693347873
100	1	912	1559661270693443550
1	1	912	1559661270693451935
100	1	912	1559661270693512716
1	1	912	1559661270693520998
100	1	912	1559661270693616882
1	1	912	1559661270693625059
100	1	912	1559661270693687195
1	1	912	1559661270693695372
100	1	912	1559661270693790788
1	1	912	1559661270693799121
100	1	912	1559661270693861412
1	1	912	1559661270693869694
100	1	912	1559661270693965839
1	1	912	1559661270693974016
