1	2	4007	1559657743654530544
100	2	4007	1559657743654841374
1	2	4007	1559657743654853979
100	2	4007	1559657743654945592
1	2	4007	1559657743654956634
100	2	4007	1559657743655171163
1	2	4007	1559657743655181423
100	2	4007	1559657743655271422
1	2	4007	1559657743655281526
100	2	4007	1559657743655387254
1	2	4007	1559657743655395588
100	2	4007	1559657743655462202
1	2	4007	1559657743655470535
100	2	4007	1559657743655569180
1	2	4007	1559657743655577982
100	2	4007	1559657743655641523
1	2	4007	1559657743655651783
100	2	4007	1559657743655755532
1	2	4007	1559657743655765844
100	2	4007	1559657743655845635
1	2	4007	1559657743655853916
100	2	4007	1559657743655951311
1	2	4007	1559657743655959853
100	2	4007	1559657743656023133
1	2	4007	1559657743656031362
100	2	4007	1559657743656129382
1	2	4007	1559657743656137872
100	2	4007	1559657743656199590
1	2	4007	1559657743656207975
100	2	4007	1559657743656305474
1	2	4007	1559657743656314016
100	2	4007	1559657743656377140
1	2	4007	1559657743656385473
100	2	4007	1559657743656481879
1	2	4007	1559657743656490160
100	2	4007	1559657743656555263
1	2	4007	1559657743656563545
100	2	4007	1559657743656667137
1	2	4007	1559657743656676043
100	2	4007	1559657743656741199
1	2	4007	1559657743656749897
100	2	4007	1559657743656848229
1	2	4007	1559657743656856510
100	2	4007	1559657743656918176
1	2	4007	1559657743656926562
100	2	4007	1559657743657020780
1	2	4007	1559657743657029113
100	2	4007	1559657743657092393
1	2	4007	1559657743657114529
100	2	4007	1559657743657212392
1	2	4007	1559657743657220778
100	2	4007	1559657743657282183
1	2	4007	1559657743657290621
100	2	4007	1559657743657384838
1	2	4007	1559657743657393067
100	2	4007	1559657743657455202
1	2	4007	1559657743657463327
100	2	4007	1559657743657557180
1	2	4007	1559657743657565462
100	2	4007	1559657743657626294
1	2	4007	1559657743657634575
100	2	4007	1559657743657728220
1	2	4007	1559657743657736501
100	2	4007	1559657743657798845
1	2	4007	1559657743657807230
100	2	4007	1559657743657903166
1	2	4007	1559657743657911552
100	2	4007	1559657743657977749
1	2	4007	1559657743657986030
100	2	4007	1559657743658083633
1	2	4007	1559657743658092227
100	2	4007	1559657743658153737
1	2	4007	1559657743658162591
100	2	4007	1559657743658268475
1	2	4007	1559657743658277798
100	2	4007	1559657743658345297
1	2	4007	1559657743658371860
100	2	4007	1559657743658484098
1	2	4007	1559657743658493108
100	2	4007	1559657743658555347
1	2	4007	1559657743658563472
100	2	4007	1559657743658662117
1	2	4007	1559657743658670763
100	2	4007	1559657743658732481
1	2	4007	1559657743658740918
100	2	4007	1559657743658838730
1	2	4007	1559657743658847063
100	2	4007	1559657743658912635
1	2	4007	1559657743658920969
100	2	4007	1559657743659018832
1	2	4007	1559657743659028207
100	2	4007	1559657743659090967
1	2	4007	1559657743659099040
100	2	4007	1559657743659196747
1	2	4007	1559657743659204924
100	2	4007	1559657743659266851
1	2	4007	1559657743659275028
100	2	4007	1559657743659372631
1	2	4007	1559657743659381068
100	2	4007	1559657743659442890
1	2	4007	1559657743659451172
100	2	4007	1559657743659549660
1	2	4007	1559657743659558098
100	2	4007	1559657743659620128
1	2	4007	1559657743659628514
100	2	4007	1559657743659745335
1	2	4007	1559657743659753721
100	2	4007	1559657743659815960
1	2	4007	1559657743659824241
100	2	4007	1559657743659927313
1	2	4007	1559657743659935542
100	2	4007	1559657743659998979
1	2	4007	1559657743660007468
100	2	4007	1559657743660104915
1	2	4007	1559657743660113352
100	2	4007	1559657743660175539
1	2	4007	1559657743660183873
100	2	4007	1559657743660282205
1	2	4007	1559657743660290590
100	2	4007	1559657743660352465
1	2	4007	1559657743660360642
100	2	4007	1559657743660461943
1	2	4007	1559657743660470745
100	2	4007	1559657743660534077
1	2	4007	1559657743660542567
100	2	4007	1559657743660640222
1	2	4007	1559657743660648451
100	2	4007	1559657743660710430
1	2	4007	1559657743660718659
100	2	4007	1559657743660815377
1	2	4007	1559657743660823710
100	2	4007	1559657743660893292
1	2	4007	1559657743660901522
100	2	4007	1559657743661000531
1	2	4007	1559657743661020375
100	2	4007	1559657743661095582
1	2	4007	1559657743661104384
100	2	4007	1559657743661202039
1	2	4007	1559657743661210373
100	2	4007	1559657743661274799
1	2	4007	1559657743661283080
100	2	4007	1559657743661377871
1	2	4007	1559657743661386308
100	2	4007	1559657743661447662
1	2	4007	1559657743661455995
100	2	4007	1559657743661550838
1	2	4007	1559657743661559327
100	2	4007	1559657743661621098
1	2	4007	1559657743661629431
100	2	4007	1559657743661731253
1	2	4007	1559657743661739638
100	2	4007	1559657743661801460
1	2	4007	1559657743661809846
100	2	4007	1559657743661903647
1	2	4007	1559657743661912188
100	2	4007	1559657743661973490
1	2	4007	1559657743661982084
100	2	4007	1559657743662080572
1	2	4007	1559657743662089374
100	2	4007	1559657743662151405
1	2	4007	1559657743662159998
100	2	4007	1559657743662254529
1	2	4007	1559657743662262966
100	2	4007	1559657743662339945
1	2	4007	1559657743662347965
100	2	4007	1559657743662442704
1	2	4007	1559657743662451245
100	2	4007	1559657743662511453
1	2	4007	1559657743662519943
100	2	4007	1559657743662614733
1	2	4007	1559657743662623015
100	2	4007	1559657743662684212
1	2	4007	1559657743662692753
100	2	4007	1559657743662868325
1	2	4007	1559657743662876866
100	2	4007	1559657743662939834
1	2	4007	1559657743662948480
100	2	4007	1559657743663044885
1	2	4007	1559657743663053219
100	2	4007	1559657743663117957
1	2	4007	1559657743663126603
100	2	4007	1559657743663223738
1	2	4007	1559657743663232019
100	2	4007	1559657743663293372
1	2	4007	1559657743663301758
100	2	4007	1559657743663396913
1	2	4007	1559657743663405559
100	2	4007	1559657743663465402
1	2	4007	1559657743663473631
100	2	4007	1559657743663566755
1	2	4007	1559657743663575036
100	2	4007	1559657743663639202
1	2	4007	1559657743663673108
100	2	4007	1559657743663778680
1	2	4007	1559657743663787430
100	2	4007	1559657743663853002
1	2	4007	1559657743663861752
100	2	4007	1559657743663957897
1	2	4007	1559657743663966230
100	2	4007	1559657743664027323
1	2	4007	1559657743664035657
100	2	4007	1559657743664129718
1	2	4007	1559657743664138260
100	2	4007	1559657743664201749
1	2	4007	1559657743664210134
100	2	4007	1559657743664305081
1	2	4007	1559657743664313675
100	2	4007	1559657743664374039
1	2	4007	1559657743664382320
100	2	4007	1559657743664478308
1	2	4007	1559657743664486537
100	2	4007	1559657743664552162
1	2	4007	1559657743664560339
100	2	4007	1559657743664657213
1	2	4007	1559657743664665806
100	2	4007	1559657743664726795
1	2	4007	1559657743664735545
100	2	4007	1559657743664829607
1	2	4007	1559657743664837836
100	2	4007	1559657743664899242
1	2	4007	1559657743664926429
100	2	4007	1559657743665025959
1	2	4007	1559657743665034344
100	2	4007	1559657743665098562
1	2	4007	1559657743665106844
100	2	4007	1559657743665204395
1	2	4007	1559657743665213457
100	2	4007	1559657743665280540
1	2	4007	1559657743665288873
100	2	4007	1559657743665384393
1	2	4007	1559657743665392778
100	2	4007	1559657743665454444
1	2	4007	1559657743665462830
100	2	4007	1559657743665556995
1	2	4007	1559657743665565329
100	2	4007	1559657743665626318
1	2	4007	1559657743665634547
100	2	4007	1559657743665728921
1	2	4007	1559657743665737202
100	2	4007	1559657743665798451
1	2	4007	1559657743665806837
100	2	4007	1559657743665905742
1	2	4007	1559657743665914127
100	2	4007	1559657743665975168
1	2	4007	1559657743665983554
100	2	4007	1559657743666078188
1	2	4007	1559657743666086417
100	2	4007	1559657743666149021
1	2	4007	1559657743666157093
100	2	4007	1559657743666268446
1	2	4007	1559657743666277196
100	2	4007	1559657743666338498
1	2	4007	1559657743666346987
100	2	4007	1559657743666440893
1	2	4007	1559657743666455059
100	2	4007	1559657743666518027
1	2	4007	1559657743666527246
100	2	4007	1559657743666623547
1	2	4007	1559657743666631932
100	2	4007	1559657743666701671
1	2	4007	1559657743666709900
100	2	4007	1559657743666808701
1	2	4007	1559657743666817139
100	2	4007	1559657743666889794
1	2	4007	1559657743666898336
100	2	4007	1559657743666994533
1	2	4007	1559657743667003127
100	2	4007	1559657743667067293
1	2	4007	1559657743667075782
100	2	4007	1559657743667171302
1	2	4007	1559657743667179531
100	2	4007	1559657743667240624
1	2	4007	1559657743667249062
100	2	4007	1559657743667344738
1	2	4007	1559657743667353227
100	2	4007	1559657743667448018
1	2	4007	1559657743667456455
100	2	4007	1559657743667554058
1	2	4007	1559657743667562444
100	2	4007	1559657743667623433
1	2	4007	1559657743667631662
100	2	4007	1559657743667725880
1	2	4007	1559657743667734369
100	2	4007	1559657743667796973
1	2	4007	1559657743667805254
100	2	4007	1559657743667899107
1	2	4007	1559657743667907492
100	2	4007	1559657743667968638
1	2	4007	1559657743667976971
100	2	4007	1559657743668071605
1	2	4007	1559657743668080147
100	2	4007	1559657743668141917
1	2	4007	1559657743668150302
100	2	4007	1559657743668244729
1	2	4007	1559657743668253166
100	2	4007	1559657743668315092
1	2	4007	1559657743668323269
100	2	4007	1559657743668421185
1	2	4007	1559657743668429466
100	2	4007	1559657743668491132
1	2	4007	1559657743668499466
100	2	4007	1559657743668593058
1	2	4007	1559657743668601392
100	2	4007	1559657743668662433
1	2	4007	1559657743668680089
100	2	4007	1559657743668776598
1	2	4007	1559657743668785661
100	2	4007	1559657743668854254
1	2	4007	1559657743668863785
100	2	4007	1559657743668966440
1	2	4007	1559657743668974930
100	2	4007	1559657743669035606
1	2	4007	1559657743669043939
100	2	4007	1559657743669139772
1	2	4007	1559657743669148157
100	2	4007	1559657743669209094
1	2	4007	1559657743669217531
100	2	4007	1559657743669312634
1	2	4007	1559657743669321020
100	2	4007	1559657743669382530
1	2	4007	1559657743669390863
100	2	4007	1559657743669491174
1	2	4007	1559657743669500080
100	2	4007	1559657743669561330
1	2	4007	1559657743669569507
100	2	4007	1559657743669664975
1	2	4007	1559657743669673152
100	2	4007	1559657743669734141
1	2	4007	1559657743669742370
100	2	4007	1559657743669836327
1	2	4007	1559657743669844712
100	2	4007	1559657743669905285
1	2	4007	1559657743669926222
100	2	4007	1559657743670022836
1	2	4007	1559657743670031377
100	2	4007	1559657743670093616
1	2	4007	1559657743670101897
100	2	4007	1559657743670197313
1	2	4007	1559657743670205907
100	2	4007	1559657743670268875
1	2	4007	1559657743670277260
100	2	4007	1559657743670376686
1	2	4007	1559657743670386322
100	2	4007	1559657743670454602
1	2	4007	1559657743670465175
100	2	4007	1559657743670561424
1	2	4007	1559657743670569601
100	2	4007	1559657743670630746
1	2	4007	1559657743670639340
100	2	4007	1559657743670735433
1	2	4007	1559657743670743974
100	2	4007	1559657743670806682
1	2	4007	1559657743670815223
100	2	4007	1559657743670909806
1	2	4007	1559657743670918191
100	2	4007	1559657743670981472
1	2	4007	1559657743670989805
100	2	4007	1559657743671089283
1	2	4007	1559657743671097668
100	2	4007	1559657743671161730
1	2	4007	1559657743671193813
100	2	4007	1559657743671297927
1	2	4007	1559657743671306364
100	2	4007	1559657743671367978
1	2	4007	1559657743671376364
100	2	4007	1559657743671473550
1	2	4007	1559657743671482196
100	2	4007	1559657743671547456
1	2	4007	1559657743671555997
100	2	4007	1559657743671651048
1	2	4007	1559657743671659590
100	2	4007	1559657743671721673
1	2	4007	1559657743671729902
100	2	4007	1559657743671827661
1	2	4007	1559657743671836359
100	2	4007	1559657743671898858
1	2	4007	1559657743671907192
100	2	4007	1559657743672002347
1	2	4007	1559657743672010888
100	2	4007	1559657743672074534
1	2	4007	1559657743672082867
100	2	4007	1559657743672179012
1	2	4007	1559657743672187241
100	2	4007	1559657743672249115
1	2	4007	1559657743672258907
100	2	4007	1559657743672353385
1	2	4007	1559657743672361614
100	2	4007	1559657743672423332
1	2	4007	1559657743672433020
100	2	4007	1559657743672529737
1	2	4007	1559657743672568747
100	2	4007	1559657743672650049
1	2	4007	1559657743672659684
100	2	4007	1559657743672861296
1	2	4007	1559657743672870359
100	2	4007	1559657743672935202
1	2	4007	1559657743672944004
100	2	4007	1559657743673041607
1	2	4007	1559657743673050149
100	2	4007	1559657743673113273
1	2	4007	1559657743673121450
100	2	4007	1559657743673218272
1	2	4007	1559657743673226605
100	2	4007	1559657743673292490
1	2	4007	1559657743673300927
100	2	4007	1559657743673396083
1	2	4007	1559657743673404520
100	2	4007	1559657743673465457
1	2	4007	1559657743673473999
100	2	4007	1559657743673569362
1	2	4007	1559657743673578060
100	2	4007	1559657743673642591
1	2	4007	1559657743673651393
100	2	4007	1559657743673747121
1	2	4007	1559657743673756131
100	2	4007	1559657743673817693
1	2	4007	1559657743673825870
100	2	4007	1559657743673923317
1	2	4007	1559657743673931754
100	2	4007	1559657743674026910
1	2	4007	1559657743674036337
100	2	4007	1559657743674136752
1	2	4007	1559657743674145242
100	2	4007	1559657743674208731
1	2	4007	1559657743674217012
100	2	4007	1559657743674312011
1	2	4007	1559657743674320657
100	2	4007	1559657743674385187
1	2	4007	1559657743674393677
100	2	4007	1559657743674492061
1	2	4007	1559657743674500342
100	2	4007	1559657743674565238
1	2	4007	1559657743674573571
100	2	4007	1559657743674672268
1	2	4007	1559657743674681070
100	2	4007	1559657743674745184
1	2	4007	1559657743674753934
100	2	4007	1559657743674850495
1	2	4007	1559657743674858828
100	2	4007	1559657743674921067
1	2	4007	1559657743674929244
100	2	4007	1559657743675022889
1	2	4007	1559657743675031379
100	2	4007	1559657743675092316
1	2	4007	1559657743675100493
100	2	4007	1559657743675197002
1	2	4007	1559657743675205179
100	2	4007	1559657743675266220
1	2	4007	1559657743675291168
100	2	4007	1559657743675388094
1	2	4007	1559657743675396531
100	2	4007	1559657743675457624
1	2	4007	1559657743675465749
100	2	4007	1559657743675560436
1	2	4007	1559657743675568613
100	2	4007	1559657743675629446
1	2	4007	1559657743675637727
100	2	4007	1559657743675734288
1	2	4007	1559657743675742674
100	2	4007	1559657743675840173
1	2	4007	1559657743675848714
100	2	4007	1559657743675944755
1	2	4007	1559657743675953140
100	2	4007	1559657743676015327
1	2	4007	1559657743676023608
100	2	4007	1559657743676118086
1	2	4007	1559657743676126576
100	2	4007	1559657743676187721
1	2	4007	1559657743676196315
100	2	4007	1559657743676290116
1	2	4007	1559657743676298501
100	2	4007	1559657743676358917
1	2	4007	1559657743676367042
100	2	4007	1559657743676461312
1	2	4007	1559657743676469645
100	2	4007	1559657743676530634
1	2	4007	1559657743676546780
100	2	4007	1559657743676642977
1	2	4007	1559657743676651727
100	2	4007	1559657743676713705
1	2	4007	1559657743676722351
100	2	4007	1559657743676819694
1	2	4007	1559657743676828183
100	2	4007	1559657743676890266
1	2	4007	1559657743676898599
100	2	4007	1559657743676995369
1	2	4007	1559657743677003598
100	2	4007	1559657743677063702
1	2	4007	1559657743677071931
100	2	4007	1559657743677165524
1	2	4007	1559657743677173857
100	2	4007	1559657743677234690
1	2	4007	1559657743677242971
100	2	4007	1559657743677337814
1	2	4007	1559657743677346251
100	2	4007	1559657743677407761
1	2	4007	1559657743677415990
100	2	4007	1559657743677509635
1	2	4007	1559657743677517708
100	2	4007	1559657743677577759
1	2	4007	1559657743677585988
100	2	4007	1559657743677680050
1	2	4007	1559657743677688331
100	2	4007	1559657743677748955
1	2	4007	1559657743677757080
100	2	4007	1559657743677862288
1	2	4007	1559657743677871142
100	2	4007	1559657743677931610
1	2	4007	1559657743677939995
100	2	4007	1559657743678034005
1	2	4007	1559657743678047859
100	2	4007	1559657743678111452
1	2	4007	1559657743678120097
100	2	4007	1559657743678215201
1	2	4007	1559657743678223794
100	2	4007	1559657743678295460
1	2	4007	1559657743678303533
100	2	4007	1559657743678401397
1	2	4007	1559657743678409886
100	2	4007	1559657743678481656
1	2	4007	1559657743678490094
100	2	4007	1559657743678584207
1	2	4007	1559657743678592489
100	2	4007	1559657743678653321
1	2	4007	1559657743678661446
100	2	4007	1559657743678754987
1	2	4007	1559657743678763112
100	2	4007	1559657743678825507
1	2	4007	1559657743678834049
100	2	4007	1559657743678928735
1	2	4007	1559657743678936964
100	2	4007	1559657743678997172
1	2	4007	1559657743679005401
100	2	4007	1559657743679099567
1	2	4007	1559657743679115504
100	2	4007	1559657743679177274
1	2	4007	1559657743679185503
100	2	4007	1559657743679279513
1	2	4007	1559657743679287846
100	2	4007	1559657743679348627
1	2	4007	1559657743679356804
100	2	4007	1559657743679450865
1	2	4007	1559657743679459042
100	2	4007	1559657743679520187
1	2	4007	1559657743679528417
100	2	4007	1559657743679622322
1	2	4007	1559657743679630603
100	2	4007	1559657743679691384
1	2	4007	1559657743679699717
100	2	4007	1559657743679795289
1	2	4007	1559657743679803674
100	2	4007	1559657743679864715
1	2	4007	1559657743679872892
100	2	4007	1559657743679968568
1	2	4007	1559657743679976902
100	2	4007	1559657743680037578
1	2	4007	1559657743680045963
100	2	4007	1559657743680140442
1	2	4007	1559657743680149035
100	2	4007	1559657743680209503
1	2	4007	1559657743680217837
100	2	4007	1559657743680312107
1	2	4007	1559657743680320492
100	2	4007	1559657743680390075
1	2	4007	1559657743680398564
100	2	4007	1559657743680493042
1	2	4007	1559657743680501532
100	2	4007	1559657743680562104
1	2	4007	1559657743680570333
100	2	4007	1559657743680664447
1	2	4007	1559657743680672780
100	2	4007	1559657743680733248
1	2	4007	1559657743680741425
100	2	4007	1559657743680835018
1	2	4007	1559657743680843247
100	2	4007	1559657743680903299
1	2	4007	1559657743680911632
100	2	4007	1559657743681007620
1	2	4007	1559657743681016110
100	2	4007	1559657743681076578
1	2	4007	1559657743681084859
100	2	4007	1559657743681179962
1	2	4007	1559657743681188191
100	2	4007	1559657743681248035
1	2	4007	1559657743681256420
100	2	4007	1559657743681350846
1	2	4007	1559657743681359283
100	2	4007	1559657743681419960
1	2	4007	1559657743681428189
100	2	4007	1559657743681522251
1	2	4007	1559657743681530688
100	2	4007	1559657743681591469
1	2	4007	1559657743681609125
100	2	4007	1559657743681704176
1	2	4007	1559657743681712717
100	2	4007	1559657743681773394
1	2	4007	1559657743681781675
100	2	4007	1559657743681876049
1	2	4007	1559657743681884487
100	2	4007	1559657743681945684
1	2	4007	1559657743681954069
100	2	4007	1559657743682049433
1	2	4007	1559657743682057818
100	2	4007	1559657743682118182
1	2	4007	1559657743682126307
100	2	4007	1559657743682220160
1	2	4007	1559657743682228546
100	2	4007	1559657743682289587
1	2	4007	1559657743682297868
100	2	4007	1559657743682392346
1	2	4007	1559657743682400575
100	2	4007	1559657743682461304
1	2	4007	1559657743682469481
100	2	4007	1559657743682564167
1	2	4007	1559657743682572813
100	2	4007	1559657743682633750
1	2	4007	1559657743682641927
100	2	4007	1559657743682784425
1	2	4007	1559657743682793331
100	2	4007	1559657743682856195
1	2	4007	1559657743682885101
100	2	4007	1559657743682983069
1	2	4007	1559657743682991611
100	2	4007	1559657743683056402
1	2	4007	1559657743683064839
100	2	4007	1559657743683160463
1	2	4007	1559657743683169213
100	2	4007	1559657743683230358
1	2	4007	1559657743683238744
100	2	4007	1559657743683336555
1	2	4007	1559657743683344993
100	2	4007	1559657743683406086
1	2	4007	1559657743683414419
100	2	4007	1559657743683509001
1	2	4007	1559657743683517387
100	2	4007	1559657743683577334
1	2	4007	1559657743683585198
100	2	4007	1559657743683679260
1	2	4007	1559657743683687854
100	2	4007	1559657743683748791
1	2	4007	1559657743683757176
100	2	4007	1559657743683850300
1	2	4007	1559657743683858685
100	2	4007	1559657743683919622
1	2	4007	1559657743683928216
100	2	4007	1559657743684024048
1	2	4007	1559657743684032538
100	2	4007	1559657743684107120
1	2	4007	1559657743684115662
100	2	4007	1559657743684219932
1	2	4007	1559657743684228317
100	2	4007	1559657743684289410
1	2	4007	1559657743684297691
100	2	4007	1559657743684392169
1	2	4007	1559657743684400711
100	2	4007	1559657743684461335
1	2	4007	1559657743684469877
100	2	4007	1559657743684564772
1	2	4007	1559657743684573001
100	2	4007	1559657743684633730
1	2	4007	1559657743684642063
100	2	4007	1559657743684736124
1	2	4007	1559657743684744458
100	2	4007	1559657743684805134
1	2	4007	1559657743684813363
100	2	4007	1559657743684906800
1	2	4007	1559657743684915081
100	2	4007	1559657743684975080
1	2	4007	1559657743684983414
100	2	4007	1559657743685079194
1	2	4007	1559657743685087631
100	2	4007	1559657743685150547
1	2	4007	1559657743685158828
100	2	4007	1559657743685253775
1	2	4007	1559657743685262004
100	2	4007	1559657743685322837
1	2	4007	1559657743685331014
100	2	4007	1559657743685426482
1	2	4007	1559657743685444451
100	2	4007	1559657743685506533
1	2	4007	1559657743685514866
100	2	4007	1559657743685610334
1	2	4007	1559657743685618824
100	2	4007	1559657743685679761
1	2	4007	1559657743685687990
100	2	4007	1559657743685781895
1	2	4007	1559657743685790176
100	2	4007	1559657743685850488
1	2	4007	1559657743685858717
100	2	4007	1559657743685952883
1	2	4007	1559657743685961112
100	2	4007	1559657743686021632
1	2	4007	1559657743686029965
100	2	4007	1559657743686124287
1	2	4007	1559657743686132569
100	2	4007	1559657743686195328
1	2	4007	1559657743686203714
100	2	4007	1559657743686297359
1	2	4007	1559657743686305900
100	2	4007	1559657743686366681
1	2	4007	1559657743686374858
100	2	4007	1559657743686469388
1	2	4007	1559657743686477669
100	2	4007	1559657743686537773
1	2	4007	1559657743686546002
100	2	4007	1559657743686639907
1	2	4007	1559657743686648240
100	2	4007	1559657743686717250
1	2	4007	1559657743686725583
100	2	4007	1559657743686820895
1	2	4007	1559657743686829124
100	2	4007	1559657743686890478
1	2	4007	1559657743686898811
100	2	4007	1559657743686993445
1	2	4007	1559657743687001831
100	2	4007	1559657743687062351
1	2	4007	1559657743687070736
100	2	4007	1559657743687164694
1	2	4007	1559657743687172975
100	2	4007	1559657743687235787
1	2	4007	1559657743687244016
100	2	4007	1559657743687338181
1	2	4007	1559657743687346463
100	2	4007	1559657743687407139
1	2	4007	1559657743687415160
100	2	4007	1559657743687509690
1	2	4007	1559657743687518180
100	2	4007	1559657743687578700
1	2	4007	1559657743687586929
100	2	4007	1559657743687680990
1	2	4007	1559657743687689428
100	2	4007	1559657743687750781
1	2	4007	1559657743687759063
100	2	4007	1559657743687854114
1	2	4007	1559657743687862343
100	2	4007	1559657743687923175
1	2	4007	1559657743687939321
100	2	4007	1559657743688036091
1	2	4007	1559657743688044528
100	2	4007	1559657743688105465
1	2	4007	1559657743688113694
100	2	4007	1559657743688209579
1	2	4007	1559657743688217860
100	2	4007	1559657743688281714
1	2	4007	1559657743688289995
100	2	4007	1559657743688384525
1	2	4007	1559657743688392910
100	2	4007	1559657743688453014
1	2	4007	1559657743688461295
100	2	4007	1559657743688555773
1	2	4007	1559657743688564054
100	2	4007	1559657743688624783
1	2	4007	1559657743688633116
100	2	4007	1559657743688727178
1	2	4007	1559657743688735459
100	2	4007	1559657743688795979
1	2	4007	1559657743688804208
100	2	4007	1559657743688898686
1	2	4007	1559657743688907124
100	2	4007	1559657743688967227
1	2	4007	1559657743688975561
100	2	4007	1559657743689070560
1	2	4007	1559657743689078580
100	2	4007	1559657743689139621
1	2	4007	1559657743689155559
100	2	4007	1559657743689251600
1	2	4007	1559657743689265193
100	2	4007	1559657743689329151
1	2	4007	1559657743689338682
100	2	4007	1559657743689435504
1	2	4007	1559657743689443837
100	2	4007	1559657743689504982
1	2	4007	1559657743689513107
100	2	4007	1559657743689608992
1	2	4007	1559657743689617273
100	2	4007	1559657743689693678
1	2	4007	1559657743689702376
100	2	4007	1559657743689798782
1	2	4007	1559657743689808365
100	2	4007	1559657743689870552
1	2	4007	1559657743689878833
100	2	4007	1559657743689973676
1	2	4007	1559657743689982321
100	2	4007	1559657743690042842
1	2	4007	1559657743690051019
100	2	4007	1559657743690145236
1	2	4007	1559657743690153257
100	2	4007	1559657743690214194
1	2	4007	1559657743690222527
100	2	4007	1559657743690317266
1	2	4007	1559657743690325599
100	2	4007	1559657743690389661
1	2	4007	1559657743690398203
100	2	4007	1559657743690503931
1	2	4007	1559657743690512316
100	2	4007	1559657743690573982
1	2	4007	1559657743690582211
100	2	4007	1559657743690679658
1	2	4007	1559657743690687991
100	2	4007	1559657743690748876
1	2	4007	1559657743690757001
100	2	4007	1559657743690851896
1	2	4007	1559657743690860437
100	2	4007	1559657743690921010
1	2	4007	1559657743690929343
100	2	4007	1559657743691026269
1	2	4007	1559657743691034967
100	2	4007	1559657743691096373
1	2	4007	1559657743691104497
100	2	4007	1559657743691199913
1	2	4007	1559657743691208507
100	2	4007	1559657743691272517
1	2	4007	1559657743691282152
100	2	4007	1559657743691378088
1	2	4007	1559657743691386630
100	2	4007	1559657743691452984
1	2	4007	1559657743691461629
100	2	4007	1559657743691557930
1	2	4007	1559657743691566472
100	2	4007	1559657743691629909
1	2	4007	1559657743691638398
100	2	4007	1559657743691737095
1	2	4007	1559657743691758293
100	2	4007	1559657743691824074
1	2	4007	1559657743691832563
100	2	4007	1559657743691931781
1	2	4007	1559657743691941781
100	2	4007	1559657743692006363
1	2	4007	1559657743692014749
100	2	4007	1559657743692115789
1	2	4007	1559657743692124018
100	2	4007	1559657743692186049
1	2	4007	1559657743692195632
100	2	4007	1559657743692291985
1	2	4007	1559657743692300683
100	2	4007	1559657743692362662
1	2	4007	1559657743692371099
100	2	4007	1559657743692473650
1	2	4007	1559657743692482452
100	2	4007	1559657743692544014
1	2	4007	1559657743692554379
100	2	4007	1559657743692652242
1	2	4007	1559657743692661096
100	2	4007	1559657743692725679
1	2	4007	1559657743692883750
100	2	4007	1559657743692994010
1	2	4007	1559657743693002968
100	2	4007	1559657743693069634
1	2	4007	1559657743693078436
100	2	4007	1559657743693177185
1	2	4007	1559657743693187810
100	2	4007	1559657743693269059
1	2	4007	1559657743693279319
100	2	4007	1559657743693378329
1	2	4007	1559657743693386662
100	2	4007	1559657743693454005
1	2	4007	1559657743693462442
100	2	4007	1559657743693569837
1	2	4007	1559657743693578118
100	2	4007	1559657743693640513
1	2	4007	1559657743693648847
100	2	4007	1559657743693748377
1	2	4007	1559657743693756971
100	2	4007	1559657743693821137
1	2	4007	1559657743693829991
100	2	4007	1559657743693928167
1	2	4007	1559657743693936760
100	2	4007	1559657743694003687
1	2	4007	1559657743694012489
100	2	4007	1559657743694112852
1	2	4007	1559657743694121498
100	2	4007	1559657743694182956
1	2	4007	1559657743694193945
100	2	4007	1559657743694296601
1	2	4007	1559657743694305663
100	2	4007	1559657743694370558
1	2	4007	1559657743694379673
100	2	4007	1559657743694482849
1	2	4007	1559657743694491182
100	2	4007	1559657743694558369
1	2	4007	1559657743694590504
100	2	4007	1559657743694697169
1	2	4007	1559657743694705867
100	2	4007	1559657743694771492
1	2	4007	1559657743694780033
100	2	4007	1559657743694880866
1	2	4007	1559657743694890032
100	2	4007	1559657743694953000
1	2	4007	1559657743694961229
100	2	4007	1559657743695060135
1	2	4007	1559657743695069405
100	2	4007	1559657743695131228
1	2	4007	1559657743695139613
100	2	4007	1559657743695238414
1	2	4007	1559657743695246799
100	2	4007	1559657743695308622
1	2	4007	1559657743695317372
100	2	4007	1559657743695417787
1	2	4007	1559657743695427891
100	2	4007	1559657743695491224
1	2	4007	1559657743695501224
100	2	4007	1559657743695602264
1	2	4007	1559657743695610858
100	2	4007	1559657743695723670
1	2	4007	1559657743695733201
100	2	4007	1559657743695838095
1	2	4007	1559657743695846533
100	2	4007	1559657743695914032
1	2	4007	1559657743695944292
100	2	4007	1559657743696052364
1	2	4007	1559657743696061218
100	2	4007	1559657743696125332
1	2	4007	1559657743696133822
100	2	4007	1559657743696230539
1	2	4007	1559657743696239446
100	2	4007	1559657743696301893
1	2	4007	1559657743696310122
100	2	4007	1559657743696409965
1	2	4007	1559657743696418610
100	2	4007	1559657743696483870
1	2	4007	1559657743696492203
100	2	4007	1559657743696591942
1	2	4007	1559657743696600327
100	2	4007	1559657743696669077
1	2	4007	1559657743696678399
100	2	4007	1559657743696779961
1	2	4007	1559657743696789857
100	2	4007	1559657743696852929
1	2	4007	1559657743696864283
100	2	4007	1559657743696966365
1	2	4007	1559657743696975271
100	2	4007	1559657743697043240
1	2	4007	1559657743697053135
100	2	4007	1559657743697155686
1	2	4007	1559657743697164332
100	2	4007	1559657743697229436
1	2	4007	1559657743697238863
100	2	4007	1559657743697443913
1	2	4007	1559657743697453704
100	2	4007	1559657743697517714
1	2	4007	1559657743697526099
100	2	4007	1559657743697623598
1	2	4007	1559657743697633234
100	2	4007	1559657743697701202
1	2	4007	1559657743697710212
100	2	4007	1559657743697811200
1	2	4007	1559657743697819742
100	2	4007	1559657743697883960
1	2	4007	1559657743697892502
100	2	4007	1559657743697993542
1	2	4007	1559657743698002501
100	2	4007	1559657743698065885
1	2	4007	1559657743698074375
100	2	4007	1559657743698171145
1	2	4007	1559657743698179374
100	2	4007	1559657743698243436
1	2	4007	1559657743698254321
100	2	4007	1559657743698353591
1	2	4007	1559657743698361976
100	2	4007	1559657743698425778
1	2	4007	1559657743698436767
100	2	4007	1559657743698534370
1	2	4007	1559657743698543224
100	2	4007	1559657743698605411
1	2	4007	1559657743698614109
100	2	4007	1559657743698712598
1	2	4007	1559657743698724577
100	2	4007	1559657743698868273
1	2	4007	1559657743698878742
100	2	4007	1559657743698991241
1	2	4007	1559657743699000928
100	2	4007	1559657743699070719
1	2	4007	1559657743699080250
100	2	4007	1559657743699201499
1	2	4007	1559657743699213009
100	2	4007	1559657743699284884
1	2	4007	1559657743699296185
100	2	4007	1559657743699418320
1	2	4007	1559657743699431601
100	2	4007	1559657743699511496
1	2	4007	1559657743699521235
100	2	4007	1559657743699653734
1	2	4007	1559657743699663265
100	2	4007	1559657743699738056
1	2	4007	1559657743699752170
100	2	4007	1559657743699889565
1	2	4007	1559657743699902065
100	2	4007	1559657743699979876
1	2	4007	1559657743699991283
100	2	4007	1559657743700123365
1	2	4007	1559657743700135240
100	2	4007	1559657743700213520
1	2	4007	1559657743700225812
100	2	4007	1559657743700351539
1	2	4007	1559657743700362321
100	2	4007	1559657743700557371
1	2	4007	1559657743700569037
100	2	4007	1559657743700706171
1	2	4007	1559657743700717213
100	2	4007	1559657743700793254
1	2	4007	1559657743700804660
100	2	4007	1559657743700937627
1	2	4007	1559657743700949033
100	2	4007	1559657743701029449
1	2	4007	1559657743701041428
100	2	4007	1559657743701168302
1	2	4007	1559657743701179916
100	2	4007	1559657743701248718
1	2	4007	1559657743701257832
100	2	4007	1559657743701368092
1	2	4007	1559657743701379706
100	2	4007	1559657743701457257
1	2	4007	1559657743701470070
100	2	4007	1559657743701588662
1	2	4007	1559657743701600902
100	2	4007	1559657743701672620
1	2	4007	1559657743701682359
100	2	4007	1559657743701801837
1	2	4007	1559657743701811420
100	2	4007	1559657743701886680
1	2	4007	1559657743701899545
100	2	4007	1559657743702305113
1	2	4007	1559657743702429591
100	2	4007	1559657743702572402
1	2	4007	1559657743702587558
100	2	4007	1559657743702801150
1	2	4007	1559657743702811254
100	2	4007	1559657743702920316
1	2	4007	1559657743702928805
100	2	4007	1559657743703054950
1	2	4007	1559657743703063543
100	2	4007	1559657743703141407
1	2	4007	1559657743703150417
100	2	4007	1559657743703249843
1	2	4007	1559657743703254479
100	2	4007	1559657743703289114
1	2	4007	1559657743703293749
100	2	4007	1559657743703343280
1	2	4007	1559657743703349582
100	2	4007	1559657743703383071
1	2	4007	1559657743703387863
100	2	4007	1559657743703436144
1	2	4007	1559657743703440362
100	2	4007	1559657743703470987
1	2	4007	1559657743703475466
100	2	4007	1559657743703539945
1	2	4007	1559657743703544372
100	2	4007	1559657743703575517
1	2	4007	1559657743703580361
100	2	4007	1559657743703629319
1	2	4007	1559657743703673172
100	2	4007	1559657743703705672
1	2	4007	1559657743703738849
100	2	4007	1559657743703792546
1	2	4007	1559657743703797338
100	2	4007	1559657743703834942
1	2	4007	1559657743703840671
100	2	4007	1559657743703901868
1	2	4007	1559657743703906399
100	2	4007	1559657743703944420
1	2	4007	1559657743703948743
100	2	4007	1559657743703998482
1	2	4007	1559657743704002752
100	2	4007	1559657743704033429
1	2	4007	1559657743704037596
100	2	4007	1559657743704084627
1	2	4007	1559657743704088793
100	2	4007	1559657743704120980
1	2	4007	1559657743704125095
100	2	4007	1559657743704173792
1	2	4007	1559657743704178063
100	2	4007	1559657743704209782
1	2	4007	1559657743704213948
100	2	4007	1559657743704261604
1	2	4007	1559657743704265875
100	2	4007	1559657743704297906
1	2	4007	1559657743704302072
100	2	4007	1559657743704350874
1	2	4007	1559657743704355093
100	2	4007	1559657743704386394
1	2	4007	1559657743704390509
100	2	4007	1559657743704466498
1	2	4007	1559657743704471029
100	2	4007	1559657743704501914
1	2	4007	1559657743704506081
100	2	4007	1559657743704555195
1	2	4007	1559657743704559361
100	2	4007	1559657743704590247
1	2	4007	1559657743704594986
100	2	4007	1559657743704643527
1	2	4007	1559657743704647850
100	2	4007	1559657743704678423
1	2	4007	1559657743704684308
100	2	4007	1559657743704735714
1	2	4007	1559657743704739776
100	2	4007	1559657743704770401
1	2	4007	1559657743704774568
100	2	4007	1559657743704822171
1	2	4007	1559657743704826338
100	2	4007	1559657743704856702
1	2	4007	1559657743704860869
100	2	4007	1559657743704910035
1	2	4007	1559657743704914202
100	2	4007	1559657743704944410
1	2	4007	1559657743704948524
100	2	4007	1559657743704998472
1	2	4007	1559657743705002794
100	2	4007	1559657743705040554
1	2	4007	1559657743705045502
100	2	4007	1559657743705094981
1	2	4007	1559657743705105971
100	2	4007	1559657743705144043
1	2	4007	1559657743705148418
100	2	4007	1559657743705197167
1	2	4007	1559657743705201334
100	2	4007	1559657743705232063
1	2	4007	1559657743705236334
100	2	4007	1559657743705284510
1	2	4007	1559657743705288677
100	2	4007	1559657743705320656
1	2	4007	1559657743705324927
100	2	4007	1559657743705373207
1	2	4007	1559657743705377582
100	2	4007	1559657743705408520
1	2	4007	1559657743705412790
100	2	4007	1559657743705466540
1	2	4007	1559657743705470654
100	2	4007	1559657743705501279
1	2	4007	1559657743705505498
100	2	4007	1559657743705553466
1	2	4007	1559657743705557841
100	2	4007	1559657743705588570
1	2	4007	1559657743705592788
100	2	4007	1559657743705640809
1	2	4007	1559657743705645028
100	2	4007	1559657743705675965
1	2	4007	1559657743705680131
100	2	4007	1559657743705728620
1	2	4007	1559657743705732891
100	2	4007	1559657743705792891
1	2	4007	1559657743705797318
100	2	4007	1559657743705846588
1	2	4007	1559657743705850859
100	2	4007	1559657743705881640
1	2	4007	1559657743705885806
100	2	4007	1559657743705935754
1	2	4007	1559657743705940025
100	2	4007	1559657743705970858
1	2	4007	1559657743705975024
100	2	4007	1559657743706025024
1	2	4007	1559657743706029295
100	2	4007	1559657743706059919
1	2	4007	1559657743706064190
100	2	4007	1559657743706114398
1	2	4007	1559657743706118564
100	2	4007	1559657743706149918
1	2	4007	1559657743706154293
100	2	4007	1559657743706202991
1	2	4007	1559657743706207261
100	2	4007	1559657743706245386
1	2	4007	1559657743706249605
100	2	4007	1559657743706297417
1	2	4007	1559657743706301635
100	2	4007	1559657743706336323
1	2	4007	1559657743706340906
100	2	4007	1559657743706397624
1	2	4007	1559657743706401895
100	2	4007	1559657743706432520
1	2	4007	1559657743706448769
100	2	4007	1559657743706499967
1	2	4007	1559657743706505279
100	2	4007	1559657743706536164
1	2	4007	1559657743706540279
100	2	4007	1559657743706589601
1	2	4007	1559657743706593872
100	2	4007	1559657743706624861
1	2	4007	1559657743706629080
100	2	4007	1559657743706676788
1	2	4007	1559657743706681007
100	2	4007	1559657743706712829
1	2	4007	1559657743706716996
100	2	4007	1559657743706765902
1	2	4007	1559657743706770277
100	2	4007	1559657743706802412
1	2	4007	1559657743706806578
100	2	4007	1559657743706854807
1	2	4007	1559657743706859182
100	2	4007	1559657743706890952
1	2	4007	1559657743706895223
100	2	4007	1559657743706944285
1	2	4007	1559657743706948608
100	2	4007	1559657743706978764
1	2	4007	1559657743706982931
100	2	4007	1559657743707030274
1	2	4007	1559657743707034649
100	2	4007	1559657743707065794
1	2	4007	1559657743707084232
100	2	4007	1559657743707137773
1	2	4007	1559657743707143502
100	2	4007	1559657743707174231
1	2	4007	1559657743707178345
100	2	4007	1559657743707231262
1	2	4007	1559657743707235636
100	2	4007	1559657743707269699
1	2	4007	1559657743707275011
100	2	4007	1559657743707330636
1	2	4007	1559657743707334854
100	2	4007	1559657743707366000
1	2	4007	1559657743707370218
100	2	4007	1559657743707417822
1	2	4007	1559657743707421989
100	2	4007	1559657743707452145
1	2	4007	1559657743707456415
100	2	4007	1559657743707505061
1	2	4007	1559657743707509280
100	2	4007	1559657743707539435
1	2	4007	1559657743707543654
100	2	4007	1559657743707591466
1	2	4007	1559657743707595737
100	2	4007	1559657743707627351
1	2	4007	1559657743707631935
100	2	4007	1559657743707683601
1	2	4007	1559657743707687767
100	2	4007	1559657743707720007
1	2	4007	1559657743707724277
100	2	4007	1559657743707790058
1	2	4007	1559657743707795943
100	2	4007	1559657743707828235
1	2	4007	1559657743707832453
100	2	4007	1559657743707882609
1	2	4007	1559657743707886619
100	2	4007	1559657743707917296
1	2	4007	1559657743707921411
100	2	4007	1559657743707972921
1	2	4007	1559657743707977087
100	2	4007	1559657743708008181
1	2	4007	1559657743708012295
100	2	4007	1559657743708061201
1	2	4007	1559657743708065472
100	2	4007	1559657743708096461
1	2	4007	1559657743708100940
100	2	4007	1559657743708157450
1	2	4007	1559657743708161721
100	2	4007	1559657743708194064
1	2	4007	1559657743708198231
100	2	4007	1559657743708247137
1	2	4007	1559657743708251460
100	2	4007	1559657743708281824
1	2	4007	1559657743708285990
100	2	4007	1559657743708334011
1	2	4007	1559657743708338177
100	2	4007	1559657743708371198
1	2	4007	1559657743708375521
100	2	4007	1559657743708426718
1	2	4007	1559657743708453749
100	2	4007	1559657743708488124
1	2	4007	1559657743708492395
100	2	4007	1559657743708547915
1	2	4007	1559657743708552081
100	2	4007	1559657743708582602
1	2	4007	1559657743708586769
100	2	4007	1559657743708634737
1	2	4007	1559657743708638904
100	2	4007	1559657743708670518
1	2	4007	1559657743708674632
100	2	4007	1559657743708722809
1	2	4007	1559657743708727028
100	2	4007	1559657743708758590
1	2	4007	1559657743708762756
100	2	4007	1559657743708811246
1	2	4007	1559657743708817183
100	2	4007	1559657743708847912
1	2	4007	1559657743708852078
100	2	4007	1559657743708904109
1	2	4007	1559657743708908276
100	2	4007	1559657743708940515
1	2	4007	1559657743708944630
100	2	4007	1559657743708992494
1	2	4007	1559657743709000514
100	2	4007	1559657743709034004
1	2	4007	1559657743709040254
100	2	4007	1559657743709089368
1	2	4007	1559657743709093586
100	2	4007	1559657743709139159
1	2	4007	1559657743709144159
100	2	4007	1559657743709203221
1	2	4007	1559657743709207439
100	2	4007	1559657743709247179
1	2	4007	1559657743709251449
100	2	4007	1559657743709299470
1	2	4007	1559657743709303741
100	2	4007	1559657743709334886
1	2	4007	1559657743709339053
100	2	4007	1559657743709387646
1	2	4007	1559657743709391917
100	2	4007	1559657743709422333
1	2	4007	1559657743709426708
100	2	4007	1559657743709474624
1	2	4007	1559657743709478895
100	2	4007	1559657743709509311
1	2	4007	1559657743709513426
100	2	4007	1559657743709561498
1	2	4007	1559657743709565769
100	2	4007	1559657743709596186
1	2	4007	1559657743709601133
100	2	4007	1559657743709650091
1	2	4007	1559657743709654310
100	2	4007	1559657743709685872
1	2	4007	1559657743709690247
100	2	4007	1559657743709740038
1	2	4007	1559657743709744309
100	2	4007	1559657743709774725
1	2	4007	1559657743709794725
100	2	4007	1559657743709847589
1	2	4007	1559657743709853110
100	2	4007	1559657743709884099
1	2	4007	1559657743709888318
100	2	4007	1559657743709937172
1	2	4007	1559657743709941338
100	2	4007	1559657743709971755
1	2	4007	1559657743709975973
100	2	4007	1559657743710023004
1	2	4007	1559657743710027171
100	2	4007	1559657743710057743
1	2	4007	1559657743710061962
100	2	4007	1559657743710111962
1	2	4007	1559657743710118941
100	2	4007	1559657743710156753
1	2	4007	1559657743710161440
100	2	4007	1559657743710215867
1	2	4007	1559657743710220085
100	2	4007	1559657743710254721
1	2	4007	1559657743710259043
100	2	4007	1559657743710308939
1	2	4007	1559657743710313157
100	2	4007	1559657743710343105
1	2	4007	1559657743710347324
100	2	4007	1559657743710394927
1	2	4007	1559657743710399198
100	2	4007	1559657743710429458
1	2	4007	1559657743710449979
100	2	4007	1559657743710501437
1	2	4007	1559657743710507687
100	2	4007	1559657743710539093
1	2	4007	1559657743710543468
100	2	4007	1559657743710595446
1	2	4007	1559657743710599665
100	2	4007	1559657743710630758
1	2	4007	1559657743710634925
100	2	4007	1559657743710687789
1	2	4007	1559657743710691904
100	2	4007	1559657743710722632
1	2	4007	1559657743710727580
100	2	4007	1559657743710776486
1	2	4007	1559657743710780601
100	2	4007	1559657743710811694
1	2	4007	1559657743710815861
100	2	4007	1559657743710865391
1	2	4007	1559657743710869662
100	2	4007	1559657743710900652
1	2	4007	1559657743710905547
100	2	4007	1559657743710956276
1	2	4007	1559657743710960547
100	2	4007	1559657743710990651
1	2	4007	1559657743710994817
100	2	4007	1559657743711043515
1	2	4007	1559657743711047785
100	2	4007	1559657743711081118
1	2	4007	1559657743711109087
100	2	4007	1559657743711162211
1	2	4007	1559657743711166951
100	2	4007	1559657743711197524
1	2	4007	1559657743711201586
100	2	4007	1559657743711250804
1	2	4007	1559657743711254971
100	2	4007	1559657743711285700
1	2	4007	1559657743711289918
100	2	4007	1559657743711343407
1	2	4007	1559657743711349397
100	2	4007	1559657743711380699
1	2	4007	1559657743711384865
100	2	4007	1559657743711433511
1	2	4007	1559657743711437677
100	2	4007	1559657743711468354
1	2	4007	1559657743711472521
100	2	4007	1559657743711529031
1	2	4007	1559657743711534499
100	2	4007	1559657743711566478
1	2	4007	1559657743711570749
100	2	4007	1559657743711620175
1	2	4007	1559657743711624342
100	2	4007	1559657743711655331
1	2	4007	1559657743711661477
100	2	4007	1559657743711709758
1	2	4007	1559657743711714081
100	2	4007	1559657743711744601
1	2	4007	1559657743711748664
100	2	4007	1559657743711814028
1	2	4007	1559657743711818507
100	2	4007	1559657743711849340
1	2	4007	1559657743711853663
100	2	4007	1559657743711905485
1	2	4007	1559657743711909964
100	2	4007	1559657743711941787
1	2	4007	1559657743711945953
100	2	4007	1559657743711993713
1	2	4007	1559657743711997828
100	2	4007	1559657743712029911
1	2	4007	1559657743712034078
100	2	4007	1559657743712082098
1	2	4007	1559657743712086265
100	2	4007	1559657743712119441
1	2	4007	1559657743712123556
100	2	4007	1559657743712176576
1	2	4007	1559657743712181680
100	2	4007	1559657743712223086
1	2	4007	1559657743712227305
100	2	4007	1559657743712275273
1	2	4007	1559657743712279388
100	2	4007	1559657743712310273
1	2	4007	1559657743712314439
100	2	4007	1559657743712363449
1	2	4007	1559657743712367720
100	2	4007	1559657743712402043
1	2	4007	1559657743712406522
100	2	4007	1559657743712456157
1	2	4007	1559657743712462354
100	2	4007	1559657743712509073
1	2	4007	1559657743712513291
100	2	4007	1559657743712563083
1	2	4007	1559657743712567405
100	2	4007	1559657743712598239
1	2	4007	1559657743712602353
100	2	4007	1559657743712651311
1	2	4007	1559657743712655478
100	2	4007	1559657743712687613
1	2	4007	1559657743712691935
100	2	4007	1559657743712776622
1	2	4007	1559657743712780997
100	2	4007	1559657743712811986
1	2	4007	1559657743712816205
100	2	4007	1559657743712866152
1	2	4007	1559657743712870423
100	2	4007	1559657743712901152
1	2	4007	1559657743712905319
100	2	4007	1559657743712954797
1	2	4007	1559657743712958964
100	2	4007	1559657743712989120
1	2	4007	1559657743712993287
100	2	4007	1559657743713040890
1	2	4007	1559657743713045057
100	2	4007	1559657743713075525
1	2	4007	1559657743713079640
100	2	4007	1559657743713127244
1	2	4007	1559657743713131358
100	2	4007	1559657743713179170
1	2	4007	1559657743713183545
100	2	4007	1559657743713241253
1	2	4007	1559657743713247711
100	2	4007	1559657743713282607
1	2	4007	1559657743713286773
100	2	4007	1559657743713336460
1	2	4007	1559657743713340731
100	2	4007	1559657743713371720
1	2	4007	1559657743713375783
100	2	4007	1559657743713425470
1	2	4007	1559657743713429741
100	2	4007	1559657743713460157
1	2	4007	1559657743713465209
100	2	4007	1559657743713514635
1	2	4007	1559657743713518802
100	2	4007	1559657743713549635
1	2	4007	1559657743713553854
100	2	4007	1559657743713603801
1	2	4007	1559657743713608176
100	2	4007	1559657743713639009
1	2	4007	1559657743713643176
100	2	4007	1559657743713692030
1	2	4007	1559657743713696404
100	2	4007	1559657743713727133
1	2	4007	1559657743713731248
100	2	4007	1559657743713780258
1	2	4007	1559657743713784477
100	2	4007	1559657743713815101
1	2	4007	1559657743713840518
100	2	4007	1559657743713892757
1	2	4007	1559657743713896975
100	2	4007	1559657743713927600
1	2	4007	1559657743713931871
100	2	4007	1559657743713982652
1	2	4007	1559657743713987027
100	2	4007	1559657743714017860
1	2	4007	1559657743714021922
100	2	4007	1559657743714070099
1	2	4007	1559657743714074265
100	2	4007	1559657743714105046
1	2	4007	1559657743714109213
100	2	4007	1559657743714157910
1	2	4007	1559657743714162129
100	2	4007	1559657743714194785
1	2	4007	1559657743714198899
100	2	4007	1559657743714247441
1	2	4007	1559657743714251451
100	2	4007	1559657743714282492
1	2	4007	1559657743714286919
100	2	4007	1559657743714336294
1	2	4007	1559657743714340513
100	2	4007	1559657743714371137
1	2	4007	1559657743714375252
100	2	4007	1559657743714424470
1	2	4007	1559657743714428637
100	2	4007	1559657743714460095
1	2	4007	1559657743714480511
100	2	4007	1559657743714532854
1	2	4007	1559657743714537542
100	2	4007	1559657743714569260
1	2	4007	1559657743714573531
100	2	4007	1559657743714623010
1	2	4007	1559657743714627280
100	2	4007	1559657743714657957
1	2	4007	1559657743714662176
100	2	4007	1559657743714711655
1	2	4007	1559657743714716030
100	2	4007	1559657743714747956
1	2	4007	1559657743714752227
100	2	4007	1559657743714811914
1	2	4007	1559657743714817747
100	2	4007	1559657743714851132
1	2	4007	1559657743714855351
100	2	4007	1559657743714906236
1	2	4007	1559657743714910246
100	2	4007	1559657743714942798
1	2	4007	1559657743714949152
100	2	4007	1559657743714999360
1	2	4007	1559657743715009568
100	2	4007	1559657743715045349
1	2	4007	1559657743715050453
100	2	4007	1559657743715100453
1	2	4007	1559657743715104776
100	2	4007	1559657743715136390
1	2	4007	1559657743715141963
100	2	4007	1559657743715228681
1	2	4007	1559657743715233108
100	2	4007	1559657743715275191
1	2	4007	1559657743715279357
100	2	4007	1559657743715328159
1	2	4007	1559657743715332430
100	2	4007	1559657743715363211
1	2	4007	1559657743715367846
100	2	4007	1559657743715422845
1	2	4007	1559657743715427272
100	2	4007	1559657743715457585
1	2	4007	1559657743715461751
100	2	4007	1559657743715509928
1	2	4007	1559657743715514147
100	2	4007	1559657743715547688
1	2	4007	1559657743715552948
100	2	4007	1559657743715602375
1	2	4007	1559657743715606594
100	2	4007	1559657743715637062
1	2	4007	1559657743715641333
100	2	4007	1559657743715689301
1	2	4007	1559657743715693468
100	2	4007	1559657743715724144
1	2	4007	1559657743715728571
100	2	4007	1559657743715777529
1	2	4007	1559657743715781956
100	2	4007	1559657743715812789
1	2	4007	1559657743715816852
100	2	4007	1559657743715904351
1	2	4007	1559657743715908726
100	2	4007	1559657743715940965
1	2	4007	1559657743715945392
100	2	4007	1559657743715994871
1	2	4007	1559657743715999298
100	2	4007	1559657743716029923
1	2	4007	1559657743716034037
100	2	4007	1559657743716083776
1	2	4007	1559657743716088047
100	2	4007	1559657743716121224
1	2	4007	1559657743716125390
100	2	4007	1559657743716174192
1	2	4007	1559657743716180129
100	2	4007	1559657743716210806
1	2	4007	1559657743716214973
100	2	4007	1559657743716263306
1	2	4007	1559657743716267524
100	2	4007	1559657743716298357
1	2	4007	1559657743716302524
100	2	4007	1559657743716351898
1	2	4007	1559657743716356065
100	2	4007	1559657743716388617
1	2	4007	1559657743716392940
100	2	4007	1559657743716440804
1	2	4007	1559657743716445543
100	2	4007	1559657743716476533
1	2	4007	1559657743716480595
100	2	4007	1559657743716529240
1	2	4007	1559657743716536428
100	2	4007	1559657743716597052
1	2	4007	1559657743716601479
100	2	4007	1559657743716650958
1	2	4007	1559657743716655229
100	2	4007	1559657743716685958
1	2	4007	1559657743716690020
100	2	4007	1559657743716739290
1	2	4007	1559657743716743561
100	2	4007	1559657743716774342
1	2	4007	1559657743716778613
100	2	4007	1559657743716826321
1	2	4007	1559657743716830539
100	2	4007	1559657743716861789
1	2	4007	1559657743716865956
100	2	4007	1559657743716914237
1	2	4007	1559657743716918403
100	2	4007	1559657743716949861
1	2	4007	1559657743716954080
100	2	4007	1559657743717002517
1	2	4007	1559657743717007881
100	2	4007	1559657743717039444
1	2	4007	1559657743717043662
100	2	4007	1559657743717093245
1	2	4007	1559657743717097568
100	2	4007	1559657743717128245
1	2	4007	1559657743717132672
100	2	4007	1559657743717180848
1	2	4007	1559657743717185119
100	2	4007	1559657743717238608
1	2	4007	1559657743717242983
100	2	4007	1559657743717295379
1	2	4007	1559657743717299545
100	2	4007	1559657743717330586
1	2	4007	1559657743717334701
100	2	4007	1559657743717384440
1	2	4007	1559657743717388659
100	2	4007	1559657743717419700
1	2	4007	1559657743717423919
100	2	4007	1559657743717475585
1	2	4007	1559657743717479908
100	2	4007	1559657743717511106
1	2	4007	1559657743717515220
100	2	4007	1559657743717566470
1	2	4007	1559657743717570636
100	2	4007	1559657743717602771
1	2	4007	1559657743717606990
100	2	4007	1559657743717657979
1	2	4007	1559657743717662250
100	2	4007	1559657743717693135
1	2	4007	1559657743717697302
100	2	4007	1559657743717745739
1	2	4007	1559657743717750270
100	2	4007	1559657743717781051
1	2	4007	1559657743717785478
100	2	4007	1559657743717834852
1	2	4007	1559657743717839488
100	2	4007	1559657743717870373
1	2	4007	1559657743717894800
100	2	4007	1559657743717947143
1	2	4007	1559657743717953028
100	2	4007	1559657743717987455
1	2	4007	1559657743717991674
100	2	4007	1559657743718039954
1	2	4007	1559657743718044121
100	2	4007	1559657743718074746
1	2	4007	1559657743718078964
100	2	4007	1559657743718128235
1	2	4007	1559657743718132401
100	2	4007	1559657743718163234
1	2	4007	1559657743718167401
100	2	4007	1559657743718216619
1	2	4007	1559657743718220838
100	2	4007	1559657743718257244
1	2	4007	1559657743718261410
100	2	4007	1559657743718308858
1	2	4007	1559657743718313129
100	2	4007	1559657743718343545
1	2	4007	1559657743718347660
100	2	4007	1559657743718395159
1	2	4007	1559657743718399378
100	2	4007	1559657743718430627
1	2	4007	1559657743718434794
100	2	4007	1559657743718482398
1	2	4007	1559657743718486616
100	2	4007	1559657743718535470
1	2	4007	1559657743718548960
100	2	4007	1559657743718598542
1	2	4007	1559657743718602917
100	2	4007	1559657743718633438
1	2	4007	1559657743718638282
100	2	4007	1559657743718686823
1	2	4007	1559657743718691094
100	2	4007	1559657743718721718
1	2	4007	1559657743718725729
100	2	4007	1559657743718773020
1	2	4007	1559657743718777291
100	2	4007	1559657743718807551
1	2	4007	1559657743718811665
100	2	4007	1559657743718859477
1	2	4007	1559657743718863696
100	2	4007	1559657743718894164
1	2	4007	1559657743718898331
100	2	4007	1559657743718946039
1	2	4007	1559657743718950310
100	2	4007	1559657743718980414
1	2	4007	1559657743718984684
100	2	4007	1559657743719032028
1	2	4007	1559657743719036351
100	2	4007	1559657743719066871
1	2	4007	1559657743719071090
100	2	4007	1559657743719119943
1	2	4007	1559657743719124214
100	2	4007	1559657743719154526
1	2	4007	1559657743719158693
100	2	4007	1559657743719216140
1	2	4007	1559657743719220359
100	2	4007	1559657743719251036
1	2	4007	1559657743719255307
100	2	4007	1559657743719302910
1	2	4007	1559657743719307129
100	2	4007	1559657743719337545
1	2	4007	1559657743719341764
100	2	4007	1559657743719389055
1	2	4007	1559657743719393222
100	2	4007	1559657743719423847
1	2	4007	1559657743719427961
100	2	4007	1559657743719475513
1	2	4007	1559657743719479731
100	2	4007	1559657743719510044
1	2	4007	1559657743719514158
100	2	4007	1559657743719561501
1	2	4007	1559657743719565720
100	2	4007	1559657743719596293
1	2	4007	1559657743719600407
100	2	4007	1559657743719649678
1	2	4007	1559657743719653896
100	2	4007	1559657743719684052
1	2	4007	1559657743719688219
100	2	4007	1559657743719736448
1	2	4007	1559657743719740666
100	2	4007	1559657743719771135
1	2	4007	1559657743719775145
100	2	4007	1559657743719823218
1	2	4007	1559657743719835092
100	2	4007	1559657743719866759
1	2	4007	1559657743719871082
100	2	4007	1559657743719919102
1	2	4007	1559657743719923373
100	2	4007	1559657743719953841
1	2	4007	1559657743719958060
100	2	4007	1559657743720006289
1	2	4007	1559657743720010455
100	2	4007	1559657743720040820
1	2	4007	1559657743720045663
100	2	4007	1559657743720092590
1	2	4007	1559657743720096756
100	2	4007	1559657743720127173
1	2	4007	1559657743720131392
100	2	4007	1559657743720178579
1	2	4007	1559657743720182849
100	2	4007	1559657743720213057
1	2	4007	1559657743720217276
100	2	4007	1559657743720264619
1	2	4007	1559657743720268786
100	2	4007	1559657743720298681
1	2	4007	1559657743720302796
100	2	4007	1559657743720351181
1	2	4007	1559657743720355296
100	2	4007	1559657743720385816
1	2	4007	1559657743720390035
100	2	4007	1559657743720437066
1	2	4007	1559657743720441284
100	2	4007	1559657743720481232
1	2	4007	1559657743720485659
100	2	4007	1559657743720533419
1	2	4007	1559657743720537585
100	2	4007	1559657743720567898
1	2	4007	1559657743720572116
100	2	4007	1559657743720619460
1	2	4007	1559657743720623626
100	2	4007	1559657743720653730
1	2	4007	1559657743720657949
100	2	4007	1559657743720705188
1	2	4007	1559657743720709511
100	2	4007	1559657743720740083
1	2	4007	1559657743720744302
100	2	4007	1559657743720792479
1	2	4007	1559657743720796749
100	2	4007	1559657743720827270
1	2	4007	1559657743720831384
100	2	4007	1559657743720879092
1	2	4007	1559657743720885082
100	2	4007	1559657743720917946
1	2	4007	1559657743720922373
100	2	4007	1559657743720970810
1	2	4007	1559657743720975237
100	2	4007	1559657743721005706
1	2	4007	1559657743721009820
100	2	4007	1559657743721060184
1	2	4007	1559657743721064507
100	2	4007	1559657743721099350
1	2	4007	1559657743721111330
100	0	4007	1559657743722877822
1	0	4007	1559657743722886207
100	0	4007	1559657743722936676
1	0	4007	1559657743722941207
100	0	4007	1559657743722998342
1	0	4007	1559657743723002560
100	0	4007	1559657743723035320
1	0	4007	1559657743723040060
100	0	4007	1559657743723091205
1	0	4007	1559657743723096934
100	0	4007	1559657743723129122
1	0	4007	1559657743723133497
100	0	4007	1559657743723182454
1	0	4007	1559657743723186829
100	0	4007	1559657743723220839
1	0	4007	1559657743723225266
100	0	4007	1559657743723273599
1	0	4007	1559657743723277870
100	0	4007	1559657743723310943
1	0	4007	1559657743723315266
100	0	4007	1559657743723364484
1	0	4007	1559657743723368859
100	0	4007	1559657743723401150
1	0	4007	1559657743723407817
100	0	4007	1559657743723456306
1	0	4007	1559657743723460733
100	0	4007	1559657743723494899
1	0	4007	1559657743723524430
100	0	4007	1559657743723574742
1	0	4007	1559657743723579065
100	0	4007	1559657743723625731
1	0	4007	1559657743723629846
100	0	4007	1559657743723700939
1	0	4007	1559657743723705262
100	0	4007	1559657743723749324
1	0	4007	1559657743723753594
100	0	4007	1559657743723809375
1	0	4007	1559657743723813698
100	0	4007	1559657743723846719
1	0	4007	1559657743723851093
100	0	4007	1559657743723899010
1	0	4007	1559657743723903176
100	0	4007	1559657743723936718
1	0	4007	1559657743723940936
100	0	4007	1559657743723990571
1	0	4007	1559657743723994842
100	0	4007	1559657743724026248
1	0	4007	1559657743724030415
100	0	4007	1559657743724078747
1	0	4007	1559657743724082862
100	0	4007	1559657743724115674
1	0	4007	1559657743724119841
100	0	4007	1559657743724168226
1	0	4007	1559657743724172392
100	0	4007	1559657743724203694
1	0	4007	1559657743724220256
100	0	4007	1559657743724270412
1	0	4007	1559657743724274787
100	0	4007	1559657743724306922
1	0	4007	1559657743724311089
100	0	4007	1559657743724361557
1	0	4007	1559657743724365672
100	0	4007	1559657743724397286
1	0	4007	1559657743724401505
100	0	4007	1559657743724448900
1	0	4007	1559657743724453119
100	0	4007	1559657743724511920
1	0	4007	1559657743724516191
100	0	4007	1559657743724566347
1	0	4007	1559657743724570565
100	0	4007	1559657743724617284
1	0	4007	1559657743724621607
100	0	4007	1559657743724670096
1	0	4007	1559657743724674366
100	0	4007	1559657743724706241
1	0	4007	1559657743724710460
100	0	4007	1559657743724759730
1	0	4007	1559657743724763949
100	0	4007	1559657743724795719
1	0	4007	1559657743724799938
100	0	4007	1559657743724847906
1	0	4007	1559657743724852229
100	0	4007	1559657743724883635
1	0	4007	1559657743724887750
100	0	4007	1559657743724946135
1	0	4007	1559657743724950457
100	0	4007	1559657743724983634
1	0	4007	1559657743724987905
100	0	4007	1559657743725036498
1	0	4007	1559657743725040613
100	0	4007	1559657743725072279
1	0	4007	1559657743725076550
100	0	4007	1559657743725125872
1	0	4007	1559657743725129935
100	0	4007	1559657743725161341
1	0	4007	1559657743725165716
100	0	4007	1559657743725213840
1	0	4007	1559657743725218111
100	0	4007	1559657743725249569
1	0	4007	1559657743725253840
100	0	4007	1559657743725303214
1	0	4007	1559657743725307433
100	0	4007	1559657743725340714
1	0	4007	1559657743725344828
100	0	4007	1559657743725393682
1	0	4007	1559657743725397745
100	0	4007	1559657743725429255
1	0	4007	1559657743725433473
100	0	4007	1559657743725482327
1	0	4007	1559657743725486546
100	0	4007	1559657743725518941
1	0	4007	1559657743725523212
100	0	4007	1559657743725571753
1	0	4007	1559657743725576805
100	0	4007	1559657743725618263
1	0	4007	1559657743725622690
100	0	4007	1559657743725671231
1	0	4007	1559657743725675346
100	0	4007	1559657743725706491
1	0	4007	1559657743725710814
100	0	4007	1559657743725762376
1	0	4007	1559657743725766699
100	0	4007	1559657743725799355
1	0	4007	1559657743725803574
100	0	4007	1559657743725851959
1	0	4007	1559657743725856177
100	0	4007	1559657743725888312
1	0	4007	1559657743725892479
100	0	4007	1559657743725940291
1	0	4007	1559657743725944354
100	0	4007	1559657743725976957
1	0	4007	1559657743725981072
100	0	4007	1559657743726030342
1	0	4007	1559657743726034457
100	0	4007	1559657743726066175
1	0	4007	1559657743726070290
100	0	4007	1559657743726119091
1	0	4007	1559657743726123206
100	0	4007	1559657743726154456
1	0	4007	1559657743726158779
100	0	4007	1559657743726207163
1	0	4007	1559657743726211330
100	0	4007	1559657743726253934
1	0	4007	1559657743726258205
100	0	4007	1559657743726306017
1	0	4007	1559657743726310235
100	0	4007	1559657743726344766
1	0	4007	1559657743726349037
100	0	4007	1559657743726399505
1	0	4007	1559657743726403724
100	0	4007	1559657743726435026
1	0	4007	1559657743726439192
100	0	4007	1559657743726493046
1	0	4007	1559657743726499660
100	0	4007	1559657743726531327
1	0	4007	1559657743726535598
100	0	4007	1559657743726583722
1	0	4007	1559657743726591482
100	0	4007	1559657743726636586
1	0	4007	1559657743726640857
100	0	4007	1559657743726688513
1	0	4007	1559657743726692679
100	0	4007	1559657743726725387
1	0	4007	1559657743726729658
100	0	4007	1559657743726778772
1	0	4007	1559657743726782887
100	0	4007	1559657743726814657
1	0	4007	1559657743726818928
100	0	4007	1559657743726867105
1	0	4007	1559657743726871167
100	0	4007	1559657743726903458
1	0	4007	1559657743726916427
100	0	4007	1559657743726967416
1	0	4007	1559657743726971635
100	0	4007	1559657743727002885
1	0	4007	1559657743727007051
100	0	4007	1559657743727054707
1	0	4007	1559657743727058874
100	0	4007	1559657743727092727
1	0	4007	1559657743727097102
100	0	4007	1559657743727144550
1	0	4007	1559657743727148768
100	0	4007	1559657743727180487
1	0	4007	1559657743727185435
100	0	4007	1559657743727234341
1	0	4007	1559657743727238455
100	0	4007	1559657743727269913
1	0	4007	1559657743727273976
100	0	4007	1559657743727322100
1	0	4007	1559657743727326267
100	0	4007	1559657743727358246
1	0	4007	1559657743727362412
100	0	4007	1559657743727409651
1	0	4007	1559657743727413974
100	0	4007	1559657743727447463
1	0	4007	1559657743727451630
100	0	4007	1559657743727500067
1	0	4007	1559657743727504234
