1	0	1388	1559660307572717439
100	0	1388	1559660307572989418
1	0	1388	1559660307572999522
100	0	1388	1559660307573084574
1	0	1388	1559660307573095511
100	0	1388	1559660307573271656
1	0	1388	1559660307573280771
100	0	1388	1559660307573383323
1	0	1388	1559660307573391916
100	0	1388	1559660307573496239
1	0	1388	1559660307573504833
100	0	1388	1559660307573570666
1	0	1388	1559660307573579051
100	0	1388	1559660307573680665
1	0	1388	1559660307573689155
100	0	1388	1559660307573752019
1	0	1388	1559660307573760353
100	0	1388	1559660307573858217
1	0	1388	1559660307573866394
100	0	1388	1559660307573943321
1	0	1388	1559660307573951550
100	0	1388	1559660307574049571
1	0	1388	1559660307574057904
100	0	1388	1559660307574120768
1	0	1388	1559660307574129102
100	0	1388	1559660307574227487
1	0	1388	1559660307574235924
100	0	1388	1559660307574297538
1	0	1388	1559660307574305872
100	0	1388	1559660307574401549
1	0	1388	1559660307574409830
100	0	1388	1559660307574472850
1	0	1388	1559660307574481080
100	0	1388	1559660307574576860
1	0	1388	1559660307574585090
100	0	1388	1559660307574652537
1	0	1388	1559660307574660766
100	0	1388	1559660307574757797
1	0	1388	1559660307574766131
100	0	1388	1559660307574827172
1	0	1388	1559660307574836235
100	0	1388	1559660307574932589
1	0	1388	1559660307574940818
100	0	1388	1559660307575003370
1	0	1388	1559660307575011495
100	0	1388	1559660307575105661
1	0	1388	1559660307575113786
100	0	1388	1559660307575189671
1	0	1388	1559660307575205348
100	0	1388	1559660307575304983
1	0	1388	1559660307575313108
100	0	1388	1559660307575376910
1	0	1388	1559660307575385452
100	0	1388	1559660307575481545
1	0	1388	1559660307575489878
100	0	1388	1559660307575554514
1	0	1388	1559660307575562691
100	0	1388	1559660307575664669
1	0	1388	1559660307575673419
100	0	1388	1559660307579968249
1	0	1388	1559660307579988301
100	0	1388	1559660307580169342
1	0	1388	1559660307580178978
100	0	1388	1559660307580249759
1	0	1388	1559660307580260071
100	0	1388	1559660307580357467
1	0	1388	1559660307580366008
100	0	1388	1559660307580435696
1	0	1388	1559660307580444341
100	0	1388	1559660307580545070
1	0	1388	1559660307580553560
100	0	1388	1559660307580638247
1	0	1388	1559660307580647101
100	0	1388	1559660307580765695
1	0	1388	1559660307580775018
100	0	1388	1559660307580841840
1	0	1388	1559660307580872309
100	0	1388	1559660307580972569
1	0	1388	1559660307580980798
100	0	1388	1559660307581043194
1	0	1388	1559660307581051579
100	0	1388	1559660307581150173
1	0	1388	1559660307581158818
100	0	1388	1559660307581223089
1	0	1388	1559660307581231422
100	0	1388	1559660307581328609
1	0	1388	1559660307581336995
100	0	1388	1559660307581401370
1	0	1388	1559660307581409755
100	0	1388	1559660307581507255
1	0	1388	1559660307581515536
100	0	1388	1559660307581577932
1	0	1388	1559660307581586265
100	0	1388	1559660307581685171
1	0	1388	1559660307581693400
100	0	1388	1559660307581756421
1	0	1388	1559660307581764650
100	0	1388	1559660307581865431
1	0	1388	1559660307581873712
100	0	1388	1559660307581936055
1	0	1388	1559660307581944180
100	0	1388	1559660307582041420
1	0	1388	1559660307582049753
100	0	1388	1559660307582113555
1	0	1388	1559660307582121992
100	0	1388	1559660307582228398
1	0	1388	1559660307582236784
100	0	1388	1559660307582299023
1	0	1388	1559660307582307252
100	0	1388	1559660307582404543
1	0	1388	1559660307582412773
100	0	1388	1559660307582477512
1	0	1388	1559660307582485637
100	0	1388	1559660307582581887
1	0	1388	1559660307582592043
100	0	1388	1559660307582654230
1	0	1388	1559660307582662563
100	0	1388	1559660307582760376
1	0	1388	1559660307582768865
100	0	1388	1559660307582830688
1	0	1388	1559660307582840896
100	0	1388	1559660307582938552
1	0	1388	1559660307582946781
100	0	1388	1559660307583008917
1	0	1388	1559660307583017302
100	0	1388	1559660307583114854
1	0	1388	1559660307583123135
100	0	1388	1559660307583185270
1	0	1388	1559660307583193499
100	0	1388	1559660307583290426
1	0	1388	1559660307583298811
100	0	1388	1559660307583419905
1	0	1388	1559660307583428655
100	0	1388	1559660307583525842
1	0	1388	1559660307583541779
100	0	1388	1559660307583613915
1	0	1388	1559660307583622456
100	0	1388	1559660307583718237
1	0	1388	1559660307583726675
100	0	1388	1559660307583787872
1	0	1388	1559660307583796310
100	0	1388	1559660307583889487
1	0	1388	1559660307583897924
100	0	1388	1559660307583959695
1	0	1388	1559660307583969799
100	0	1388	1559660307584063184
1	0	1388	1559660307584071465
100	0	1388	1559660307584134225
1	0	1388	1559660307584142507
100	0	1388	1559660307584234017
1	0	1388	1559660307584242246
100	0	1388	1559660307584302610
1	0	1388	1559660307584310787
100	0	1388	1559660307584404016
1	0	1388	1559660307584412402
100	0	1388	1559660307584473808
1	0	1388	1559660307584482141
100	0	1388	1559660307584574068
1	0	1388	1559660307584582401
100	0	1388	1559660307584645995
1	0	1388	1559660307584654380
100	0	1388	1559660307584748911
1	0	1388	1559660307584757036
100	0	1388	1559660307584825994
1	0	1388	1559660307584834536
100	0	1388	1559660307584928962
1	0	1388	1559660307584937504
100	0	1388	1559660307585000993
1	0	1388	1559660307585009379
100	0	1388	1559660307585104118
1	0	1388	1559660307585112243
100	0	1388	1559660307585173701
1	0	1388	1559660307585181930
100	0	1388	1559660307585274586
1	0	1388	1559660307585282711
100	0	1388	1559660307585345315
1	0	1388	1559660307585353857
100	0	1388	1559660307585446096
1	0	1388	1559660307585454377
100	0	1388	1559660307585517658
1	0	1388	1559660307585526096
100	0	1388	1559660307585617606
1	0	1388	1559660307585625679
100	0	1388	1559660307585687033
1	0	1388	1559660307585695262
100	0	1388	1559660307585788595
1	0	1388	1559660307585796772
100	0	1388	1559660307585857709
1	0	1388	1559660307585865886
100	0	1388	1559660307585957969
1	0	1388	1559660307585968074
100	0	1388	1559660307586029115
1	0	1388	1559660307586044532
100	0	1388	1559660307586139115
1	0	1388	1559660307586147604
100	0	1388	1559660307586209219
1	0	1388	1559660307586219271
100	0	1388	1559660307586311406
1	0	1388	1559660307586319479
100	0	1388	1559660307586381510
1	0	1388	1559660307586390416
100	0	1388	1559660307586484530
1	0	1388	1559660307586492916
100	0	1388	1559660307586553749
1	0	1388	1559660307586561926
100	0	1388	1559660307586654321
1	0	1388	1559660307586662446
100	0	1388	1559660307586723384
1	0	1388	1559660307586731717
100	0	1388	1559660307586823748
1	0	1388	1559660307586832394
100	0	1388	1559660307586896248
1	0	1388	1559660307586904529
100	0	1388	1559660307586998487
1	0	1388	1559660307587006716
100	0	1388	1559660307587067758
1	0	1388	1559660307587076143
100	0	1388	1559660307587171247
1	0	1388	1559660307587179528
100	0	1388	1559660307587241247
1	0	1388	1559660307587256455
100	0	1388	1559660307587351507
1	0	1388	1559660307587359840
100	0	1388	1559660307587421246
1	0	1388	1559660307587429527
100	0	1388	1559660307587522496
1	0	1388	1559660307587530881
100	0	1388	1559660307587606610
1	0	1388	1559660307587614995
100	0	1388	1559660307587707860
1	0	1388	1559660307587732339
100	0	1388	1559660307587794109
1	0	1388	1559660307587802443
100	0	1388	1559660307587895880
1	0	1388	1559660307587904161
100	0	1388	1559660307587967234
1	0	1388	1559660307587975359
100	0	1388	1559660307588067963
1	0	1388	1559660307588076296
100	0	1388	1559660307588140775
1	0	1388	1559660307588149108
100	0	1388	1559660307588241347
1	0	1388	1559660307588249733
100	0	1388	1559660307588310618
1	0	1388	1559660307588319003
100	0	1388	1559660307588412493
1	0	1388	1559660307588421086
100	0	1388	1559660307588481347
1	0	1388	1559660307588489628
100	0	1388	1559660307588605669
1	0	1388	1559660307588614315
100	0	1388	1559660307588679419
1	0	1388	1559660307588687648
100	0	1388	1559660307588784523
1	0	1388	1559660307588797179
100	0	1388	1559660307588859054
1	0	1388	1559660307588867179
100	0	1388	1559660307588959470
1	0	1388	1559660307588969887
100	0	1388	1559660307589036918
1	0	1388	1559660307589045303
100	0	1388	1559660307589141240
1	0	1388	1559660307589149365
100	0	1388	1559660307589221917
1	0	1388	1559660307589230198
100	0	1388	1559660307589323219
1	0	1388	1559660307589331604
100	0	1388	1559660307589394781
1	0	1388	1559660307589403167
100	0	1388	1559660307589496187
1	0	1388	1559660307589504364
100	0	1388	1559660307589564937
1	0	1388	1559660307589573218
100	0	1388	1559660307589667228
1	0	1388	1559660307589675614
100	0	1388	1559660307589759207
1	0	1388	1559660307589767749
100	0	1388	1559660307589860405
1	0	1388	1559660307589868738
100	0	1388	1559660307589929623
1	0	1388	1559660307589938061
100	0	1388	1559660307590030769
1	0	1388	1559660307590039310
100	0	1388	1559660307590102019
1	0	1388	1559660307590110404
100	0	1388	1559660307590202435
1	0	1388	1559660307590210768
100	0	1388	1559660307590275091
1	0	1388	1559660307590283528
100	0	1388	1559660307590376757
1	0	1388	1559660307590384986
100	0	1388	1559660307590446080
1	0	1388	1559660307590454569
100	0	1388	1559660307590548788
1	0	1388	1559660307590557173
100	0	1388	1559660307590619100
1	0	1388	1559660307590627434
100	0	1388	1559660307590721079
1	0	1388	1559660307590729464
100	0	1388	1559660307593491330
1	0	1388	1559660307593504299
100	0	1388	1559660307604042911
1	0	1388	1559660307604069213
100	0	1388	1559660307604209004
1	0	1388	1559660307604236035
100	0	1388	1559660307604377754
1	0	1388	1559660307604387701
100	0	1388	1559660307604449576
1	0	1388	1559660307604458170
100	0	1388	1559660307604554263
1	0	1388	1559660307604562857
100	0	1388	1559660307604637492
1	0	1388	1559660307604645982
100	0	1388	1559660307604759315
1	0	1388	1559660307604767961
100	0	1388	1559660307604829888
1	0	1388	1559660307604838429
100	0	1388	1559660307604932387
1	0	1388	1559660307604941085
100	0	1388	1559660307605000199
1	0	1388	1559660307605008689
100	0	1388	1559660307605102230
1	0	1388	1559660307605110564
100	0	1388	1559660307605169730
1	0	1388	1559660307605178116
100	0	1388	1559660307605269782
1	0	1388	1559660307605278324
100	0	1388	1559660307605337073
1	0	1388	1559660307605347438
100	0	1388	1559660307605437750
1	0	1388	1559660307605446083
100	0	1388	1559660307605504469
1	0	1388	1559660307605521292
100	0	1388	1559660307605615093
1	0	1388	1559660307605623322
100	0	1388	1559660307605681656
1	0	1388	1559660307605690145
100	0	1388	1559660307605780457
1	0	1388	1559660307605788947
100	0	1388	1559660307605848843
1	0	1388	1559660307605858113
100	0	1388	1559660307605948321
1	0	1388	1559660307605956655
100	0	1388	1559660307606020144
1	0	1388	1559660307606028477
100	0	1388	1559660307606118008
1	0	1388	1559660307606126290
100	0	1388	1559660307606184987
1	0	1388	1559660307606193321
100	0	1388	1559660307606282799
1	0	1388	1559660307606290977
100	0	1388	1559660307606349049
1	0	1388	1559660307606357383
100	0	1388	1559660307606446080
1	0	1388	1559660307606454414
100	0	1388	1559660307606514986
1	0	1388	1559660307606523267
100	0	1388	1559660307606613111
1	0	1388	1559660307606621340
100	0	1388	1559660307606678996
1	0	1388	1559660307606694465
100	0	1388	1559660307606784829
1	0	1388	1559660307606793267
100	0	1388	1559660307606851652
1	0	1388	1559660307606859881
100	0	1388	1559660307606950037
1	0	1388	1559660307606958370
100	0	1388	1559660307607020141
1	0	1388	1559660307607028370
100	0	1388	1559660307607117432
1	0	1388	1559660307607125766
100	0	1388	1559660307607184099
1	0	1388	1559660307607192484
100	0	1388	1559660307607282588
1	0	1388	1559660307607290869
100	0	1388	1559660307607348317
1	0	1388	1559660307607356650
100	0	1388	1559660307607445869
1	0	1388	1559660307607454098
100	0	1388	1559660307607514827
1	0	1388	1559660307607523264
100	0	1388	1559660307607634201
1	0	1388	1559660307607642691
100	0	1388	1559660307607701493
1	0	1388	1559660307607709826
100	0	1388	1559660307607817742
1	0	1388	1559660307607826076
100	0	1388	1559660307607886284
1	0	1388	1559660307607894826
100	0	1388	1559660307607985815
1	0	1388	1559660307608001336
100	0	1388	1559660307608068262
1	0	1388	1559660307608076596
100	0	1388	1559660307608168991
1	0	1388	1559660307608177220
100	0	1388	1559660307608235397
1	0	1388	1559660307608243679
100	0	1388	1559660307608332585
1	0	1388	1559660307608343262
100	0	1388	1559660307608400813
1	0	1388	1559660307608408991
100	0	1388	1559660307608499199
1	0	1388	1559660307608507636
100	0	1388	1559660307608564928
1	0	1388	1559660307608573105
100	0	1388	1559660307608665708
1	0	1388	1559660307608673990
100	0	1388	1559660307608731073
1	0	1388	1559660307608739510
100	0	1388	1559660307608828312
1	0	1388	1559660307608836489
100	0	1388	1559660307608896281
1	0	1388	1559660307608904510
100	0	1388	1559660307608993520
1	0	1388	1559660307609001749
100	0	1388	1559660307609059613
1	0	1388	1559660307609067686
100	0	1388	1559660307609156749
1	0	1388	1559660307609164821
100	0	1388	1559660307609230811
1	0	1388	1559660307609239144
100	0	1388	1559660307609328831
1	0	1388	1559660307609336800
100	0	1388	1559660307609396539
1	0	1388	1559660307609404821
100	0	1388	1559660307609495914
1	0	1388	1559660307609504456
100	0	1388	1559660307609561799
1	0	1388	1559660307609570081
100	0	1388	1559660307609660809
1	0	1388	1559660307609669091
100	0	1388	1559660307609743101
1	0	1388	1559660307609751799
100	0	1388	1559660307609843778
1	0	1388	1559660307609852163
100	0	1388	1559660307609910027
1	0	1388	1559660307609918517
100	0	1388	1559660307610007631
1	0	1388	1559660307610015964
100	0	1388	1559660307610073673
1	0	1388	1559660307610082006
100	0	1388	1559660307610174610
1	0	1388	1559660307610182891
100	0	1388	1559660307610241276
1	0	1388	1559660307610249505
100	0	1388	1559660307610341432
1	0	1388	1559660307610349661
100	0	1388	1559660307610408203
1	0	1388	1559660307610424401
100	0	1388	1559660307610513827
1	0	1388	1559660307610522057
100	0	1388	1559660307610579869
1	0	1388	1559660307610588358
100	0	1388	1559660307610681796
1	0	1388	1559660307610690129
100	0	1388	1559660307610748514
1	0	1388	1559660307610756743
100	0	1388	1559660307610847160
1	0	1388	1559660307610855285
100	0	1388	1559660307610913149
1	0	1388	1559660307610921378
100	0	1388	1559660307611010597
1	0	1388	1559660307611018930
100	0	1388	1559660307611076534
1	0	1388	1559660307611085076
100	0	1388	1559660307611175232
1	0	1388	1559660307611183409
100	0	1388	1559660307611242367
1	0	1388	1559660307611251169
100	0	1388	1559660307611342731
1	0	1388	1559660307611351064
100	0	1388	1559660307611409345
1	0	1388	1559660307611417783
100	0	1388	1559660307611506585
1	0	1388	1559660307611514814
100	0	1388	1559660307611572626
1	0	1388	1559660307611588095
100	0	1388	1559660307611693355
1	0	1388	1559660307611702157
100	0	1388	1559660307611778511
1	0	1388	1559660307611786896
100	0	1388	1559660307611875958
1	0	1388	1559660307611884448
100	0	1388	1559660307611942364
1	0	1388	1559660307611950698
100	0	1388	1559660307612040958
1	0	1388	1559660307612049239
100	0	1388	1559660307612106426
1	0	1388	1559660307612114864
100	0	1388	1559660307612202728
1	0	1388	1559660307612211062
100	0	1388	1559660307612270853
1	0	1388	1559660307612279134
100	0	1388	1559660307612368613
1	0	1388	1559660307612376790
100	0	1388	1559660307612434915
1	0	1388	1559660307612443092
100	0	1388	1559660307612531842
1	0	1388	1559660307612539863
100	0	1388	1559660307612613248
1	0	1388	1559660307612624550
100	0	1388	1559660307612716893
1	0	1388	1559660307612739810
100	0	1388	1559660307612799810
1	0	1388	1559660307612808143
100	0	1388	1559660307612904549
1	0	1388	1559660307612912986
100	0	1388	1559660307612972778
1	0	1388	1559660307612981163
100	0	1388	1559660307613070121
1	0	1388	1559660307613083142
100	0	1388	1559660307613145069
1	0	1388	1559660307613153663
100	0	1388	1559660307613243454
1	0	1388	1559660307613251892
100	0	1388	1559660307613350277
1	0	1388	1559660307613358870
100	0	1388	1559660307613456110
1	0	1388	1559660307613466474
100	0	1388	1559660307613534547
1	0	1388	1559660307613542828
100	0	1388	1559660307613633765
1	0	1388	1559660307613641942
100	0	1388	1559660307613700380
1	0	1388	1559660307613708609
100	0	1388	1559660307613800379
1	0	1388	1559660307613808504
100	0	1388	1559660307613866369
1	0	1388	1559660307613874806
100	0	1388	1559660307613966056
1	0	1388	1559660307613974181
100	0	1388	1559660307614031993
1	0	1388	1559660307614040431
100	0	1388	1559660307614129545
1	0	1388	1559660307614145066
100	0	1388	1559660307614203972
1	0	1388	1559660307614212253
100	0	1388	1559660307614303555
1	0	1388	1559660307614311940
100	0	1388	1559660307614371784
1	0	1388	1559660307614380169
100	0	1388	1559660307614471523
1	0	1388	1559660307614479960
100	0	1388	1559660307614538606
1	0	1388	1559660307614546887
100	0	1388	1559660307614636054
1	0	1388	1559660307614644179
100	0	1388	1559660307614702772
1	0	1388	1559660307614711106
100	0	1388	1559660307614801626
1	0	1388	1559660307614809855
100	0	1388	1559660307614867303
1	0	1388	1559660307614875740
100	0	1388	1559660307614966157
1	0	1388	1559660307614974334
100	0	1388	1559660307615032511
1	0	1388	1559660307615040688
100	0	1388	1559660307615129646
1	0	1388	1559660307615137875
100	0	1388	1559660307615195375
1	0	1388	1559660307615203604
100	0	1388	1559660307615294072
1	0	1388	1559660307615302406
100	0	1388	1559660307615368083
1	0	1388	1559660307615376416
100	0	1388	1559660307615469228
1	0	1388	1559660307615477353
100	0	1388	1559660307615535530
1	0	1388	1559660307615543863
100	0	1388	1559660307615633082
1	0	1388	1559660307615641415
100	0	1388	1559660307615699488
1	0	1388	1559660307615707665
100	0	1388	1559660307615798550
1	0	1388	1559660307615806727
100	0	1388	1559660307615864852
1	0	1388	1559660307615873185
100	0	1388	1559660307615962560
1	0	1388	1559660307615972508
100	0	1388	1559660307616030372
1	0	1388	1559660307616038705
100	0	1388	1559660307616128288
1	0	1388	1559660307616136361
100	0	1388	1559660307616194278
1	0	1388	1559660307616202767
100	0	1388	1559660307616293757
1	0	1388	1559660307616301882
100	0	1388	1559660307616359746
1	0	1388	1559660307616367923
100	0	1388	1559660307616458339
1	0	1388	1559660307616468392
100	0	1388	1559660307616526464
1	0	1388	1559660307616541829
100	0	1388	1559660307616631776
1	0	1388	1559660307616640266
100	0	1388	1559660307616697922
1	0	1388	1559660307616706203
100	0	1388	1559660307616797140
1	0	1388	1559660307616805578
100	0	1388	1559660307616863234
1	0	1388	1559660307616871515
100	0	1388	1559660307616960629
1	0	1388	1559660307616971098
100	0	1388	1559660307617029223
1	0	1388	1559660307617037504
100	0	1388	1559660307617125941
1	0	1388	1559660307617133910
100	0	1388	1559660307617191618
1	0	1388	1559660307617199795
100	0	1388	1559660307617290472
1	0	1388	1559660307617298805
100	0	1388	1559660307617356930
1	0	1388	1559660307617365107
100	0	1388	1559660307617453545
1	0	1388	1559660307617461722
100	0	1388	1559660307617523024
1	0	1388	1559660307617531357
100	0	1388	1559660307617621461
1	0	1388	1559660307617629481
100	0	1388	1559660307617687450
1	0	1388	1559660307617710992
100	0	1388	1559660307617802866
1	0	1388	1559660307617811043
100	0	1388	1559660307617869429
1	0	1388	1559660307617877710
100	0	1388	1559660307617969012
1	0	1388	1559660307617977293
100	0	1388	1559660307618035678
1	0	1388	1559660307618043907
100	0	1388	1559660307618132709
1	0	1388	1559660307618140938
100	0	1388	1559660307618198594
1	0	1388	1559660307618207032
100	0	1388	1559660307618298229
1	0	1388	1559660307618306302
100	0	1388	1559660307618364010
1	0	1388	1559660307618372187
100	0	1388	1559660307618461041
1	0	1388	1559660307618471458
100	0	1388	1559660307618528854
1	0	1388	1559660307618537031
100	0	1388	1559660307618627395
1	0	1388	1559660307618635780
100	0	1388	1559660307618693593
1	0	1388	1559660307618701926
100	0	1388	1559660307618793905
1	0	1388	1559660307618802030
100	0	1388	1559660307618867134
1	0	1388	1559660307618875519
100	0	1388	1559660307618973748
1	0	1388	1559660307618982185
100	0	1388	1559660307619040467
1	0	1388	1559660307619048800
100	0	1388	1559660307619138591
1	0	1388	1559660307619146924
100	0	1388	1559660307619204685
1	0	1388	1559660307619212966
100	0	1388	1559660307619304164
1	0	1388	1559660307619312341
100	0	1388	1559660307619369997
1	0	1388	1559660307619378382
100	0	1388	1559660307619469528
1	0	1388	1559660307619478069
100	0	1388	1559660307619535986
1	0	1388	1559660307619544163
100	0	1388	1559660307619635465
1	0	1388	1559660307619643746
100	0	1388	1559660307619702444
1	0	1388	1559660307619710881
100	0	1388	1559660307619818276
1	0	1388	1559660307619826506
100	0	1388	1559660307619886297
1	0	1388	1559660307619894735
100	0	1388	1559660307619983484
1	0	1388	1559660307619991713
100	0	1388	1559660307620049838
1	0	1388	1559660307620058067
100	0	1388	1559660307620146713
1	0	1388	1559660307620161921
100	0	1388	1559660307620222442
1	0	1388	1559660307620231192
100	0	1388	1559660307620320671
1	0	1388	1559660307620328952
100	0	1388	1559660307620389264
1	0	1388	1559660307620397650
100	0	1388	1559660307620489420
1	0	1388	1559660307620497649
100	0	1388	1559660307620555462
1	0	1388	1559660307620563639
100	0	1388	1559660307620654732
1	0	1388	1559660307620663117
100	0	1388	1559660307620723013
1	0	1388	1559660307620746398
100	0	1388	1559660307620836138
1	0	1388	1559660307620846450
100	0	1388	1559660307620904992
1	0	1388	1559660307620913221
100	0	1388	1559660307621002335
1	0	1388	1559660307621010564
100	0	1388	1559660307621068272
1	0	1388	1559660307621076554
100	0	1388	1559660307621168376
1	0	1388	1559660307621176658
100	0	1388	1559660307621234886
1	0	1388	1559660307621243376
100	0	1388	1559660307621332230
1	0	1388	1559660307621342230
100	0	1388	1559660307621408011
1	0	1388	1559660307621416344
100	0	1388	1559660307621505875
1	0	1388	1559660307621514156
100	0	1388	1559660307621572490
1	0	1388	1559660307621580719
100	0	1388	1559660307621671812
1	0	1388	1559660307621679989
100	0	1388	1559660307621737489
1	0	1388	1559660307621745718
100	0	1388	1559660307621835145
1	0	1388	1559660307621845562
100	0	1388	1559660307621904155
1	0	1388	1559660307621912332
100	0	1388	1559660307622000717
1	0	1388	1559660307622008790
100	0	1388	1559660307622066342
1	0	1388	1559660307622074467
100	0	1388	1559660307622165769
1	0	1388	1559660307622173946
100	0	1388	1559660307622232383
1	0	1388	1559660307622240821
100	0	1388	1559660307622328789
1	0	1388	1559660307622337018
100	0	1388	1559660307622396914
1	0	1388	1559660307622405299
100	0	1388	1559660307622495768
1	0	1388	1559660307622504049
100	0	1388	1559660307622561705
1	0	1388	1559660307622577070
100	0	1388	1559660307622668632
1	0	1388	1559660307622677069
100	0	1388	1559660307622734830
1	0	1388	1559660307622743215
100	0	1388	1559660307622833475
1	0	1388	1559660307622843788
100	0	1388	1559660307622902277
1	0	1388	1559660307622910610
100	0	1388	1559660307623001183
1	0	1388	1559660307623009360
100	0	1388	1559660307623067381
1	0	1388	1559660307623075610
100	0	1388	1559660307623167484
1	0	1388	1559660307623175714
100	0	1388	1559660307623234255
1	0	1388	1559660307623242536
100	0	1388	1559660307623356598
1	0	1388	1559660307623365036
100	0	1388	1559660307624093627
1	0	1388	1559660307624102377
100	0	1388	1559660307624212481
1	0	1388	1559660307624222950
100	0	1388	1559660307624287793
1	0	1388	1559660307624296179
100	0	1388	1559660307624393991
1	0	1388	1559660307624402324
100	0	1388	1559660307624466230
1	0	1388	1559660307624483574
100	0	1388	1559660307624579824
1	0	1388	1559660307624593313
100	0	1388	1559660307624657480
1	0	1388	1559660307624666125
100	0	1388	1559660307624763208
1	0	1388	1559660307624771698
100	0	1388	1559660307624834562
1	0	1388	1559660307624844823
100	0	1388	1559660307624942270
1	0	1388	1559660307624950604
100	0	1388	1559660307625022999
1	0	1388	1559660307625031437
100	0	1388	1559660307625126853
1	0	1388	1559660307625134978
100	0	1388	1559660307625197947
1	0	1388	1559660307625206176
100	0	1388	1559660307625302165
1	0	1388	1559660307625310394
100	0	1388	1559660307625374456
1	0	1388	1559660307625382633
100	0	1388	1559660307625478675
1	0	1388	1559660307625486644
100	0	1388	1559660307625549300
1	0	1388	1559660307625557685
100	0	1388	1559660307625657685
1	0	1388	1559660307625666226
100	0	1388	1559660307625747424
1	0	1388	1559660307625755914
100	0	1388	1559660307625860392
1	0	1388	1559660307625868621
100	0	1388	1559660307625932840
1	0	1388	1559660307625941173
100	0	1388	1559660307626036277
1	0	1388	1559660307626044454
100	0	1388	1559660307626106798
1	0	1388	1559660307626115079
100	0	1388	1559660307626209350
1	0	1388	1559660307626219714
100	0	1388	1559660307626282266
1	0	1388	1559660307626290599
100	0	1388	1559660307626387370
1	0	1388	1559660307626395755
100	0	1388	1559660307626457838
1	0	1388	1559660307626468151
100	0	1388	1559660307626562682
1	0	1388	1559660307626570859
100	0	1388	1559660307626634192
1	0	1388	1559660307626642317
100	0	1388	1559660307626738619
1	0	1388	1559660307626746744
100	0	1388	1559660307626809035
1	0	1388	1559660307626817420
100	0	1388	1559660307626912889
1	0	1388	1559660307626921118
100	0	1388	1559660307626984451
1	0	1388	1559660307626992889
100	0	1388	1559660307627087472
1	0	1388	1559660307627104920
100	0	1388	1559660307627167784
1	0	1388	1559660307627176273
100	0	1388	1559660307627272367
1	0	1388	1559660307627280492
100	0	1388	1559660307627344242
1	0	1388	1559660307627352471
100	0	1388	1559660307627446689
1	0	1388	1559660307627454762
100	0	1388	1559660307627518356
1	0	1388	1559660307627526689
100	0	1388	1559660307627634397
1	0	1388	1559660307627642574
100	0	1388	1559660307627704709
1	0	1388	1559660307627712782
100	0	1388	1559660307627824761
1	0	1388	1559660307627832886
100	0	1388	1559660307627897417
1	0	1388	1559660307627905646
100	0	1388	1559660307628002156
1	0	1388	1559660307628010437
100	0	1388	1559660307628072312
1	0	1388	1559660307628080333
100	0	1388	1559660307628176635
1	0	1388	1559660307628184708
100	0	1388	1559660307628247728
1	0	1388	1559660307628255801
100	0	1388	1559660307628351374
1	0	1388	1559660307628359655
100	0	1388	1559660307628429499
1	0	1388	1559660307628438144
100	0	1388	1559660307628534550
1	0	1388	1559660307628542779
100	0	1388	1559660307628626321
1	0	1388	1559660307628634706
100	0	1388	1559660307628746841
1	0	1388	1559660307628755175
100	0	1388	1559660307628818352
1	0	1388	1559660307628826581
100	0	1388	1559660307628922830
1	0	1388	1559660307628931216
100	0	1388	1559660307628993663
1	0	1388	1559660307629002049
100	0	1388	1559660307629099705
1	0	1388	1559660307629107778
100	0	1388	1559660307629169861
1	0	1388	1559660307629178038
100	0	1388	1559660307629273663
1	0	1388	1559660307629281840
100	0	1388	1559660307629345485
1	0	1388	1559660307629353506
100	0	1388	1559660307629447829
1	0	1388	1559660307629456318
100	0	1388	1559660307629520693
1	0	1388	1559660307629529026
100	0	1388	1559660307629623870
1	0	1388	1559660307629632307
100	0	1388	1559660307629693765
1	0	1388	1559660307629709234
100	0	1388	1559660307629806577
1	0	1388	1559660307629814911
100	0	1388	1559660307629878504
1	0	1388	1559660307629886994
100	0	1388	1559660307629981316
1	0	1388	1559660307629989494
100	0	1388	1559660307630051837
1	0	1388	1559660307630060066
100	0	1388	1559660307630156576
1	0	1388	1559660307630164910
100	0	1388	1559660307630226680
1	0	1388	1559660307630235118
100	0	1388	1559660307630329440
1	0	1388	1559660307630337774
100	0	1388	1559660307630401367
1	0	1388	1559660307630409596
100	0	1388	1559660307630504231
1	0	1388	1559660307630512356
100	0	1388	1559660307630573815
1	0	1388	1559660307630581940
100	0	1388	1559660307630678293
1	0	1388	1559660307630686470
100	0	1388	1559660307630756366
1	0	1388	1559660307630764751
100	0	1388	1559660307630858814
1	0	1388	1559660307630867043
100	0	1388	1559660307630928813
1	0	1388	1559660307630944855
100	0	1388	1559660307631040063
1	0	1388	1559660307631048396
100	0	1388	1559660307631110636
1	0	1388	1559660307631118813
100	0	1388	1559660307631215896
1	0	1388	1559660307631224229
100	0	1388	1559660307631287094
1	0	1388	1559660307631295166
100	0	1388	1559660307631390687
1	0	1388	1559660307631398812
100	0	1388	1559660307631460270
1	0	1388	1559660307631470530
100	0	1388	1559660307631565113
1	0	1388	1559660307631573238
100	0	1388	1559660307631636624
1	0	1388	1559660307631644957
100	0	1388	1559660307631738602
1	0	1388	1559660307631746675
100	0	1388	1559660307631808811
1	0	1388	1559660307631817092
100	0	1388	1559660307631911779
1	0	1388	1559660307631919904
100	0	1388	1559660307631981466
1	0	1388	1559660307631989591
100	0	1388	1559660307632083966
1	0	1388	1559660307632094226
100	0	1388	1559660307632156362
1	0	1388	1559660307632164539
100	0	1388	1559660307632306830
1	0	1388	1559660307632315788
100	0	1388	1559660307632379538
1	0	1388	1559660307632387975
100	0	1388	1559660307632481985
1	0	1388	1559660307632490267
100	0	1388	1559660307632552350
1	0	1388	1559660307632560787
100	0	1388	1559660307632655370
1	0	1388	1559660307632663704
100	0	1388	1559660307632725891
1	0	1388	1559660307632734276
100	0	1388	1559660307632827870
1	0	1388	1559660307632836099
100	0	1388	1559660307632900161
1	0	1388	1559660307632908495
100	0	1388	1559660307633002973
1	0	1388	1559660307633011150
100	0	1388	1559660307633073598
1	0	1388	1559660307633081827
100	0	1388	1559660307633177817
1	0	1388	1559660307633186046
100	0	1388	1559660307633250577
1	0	1388	1559660307633258962
100	0	1388	1559660307633386826
1	0	1388	1559660307633395160
100	0	1388	1559660307633457972
1	0	1388	1559660307633468180
100	0	1388	1559660307633563232
1	0	1388	1559660307633573544
100	0	1388	1559660307633652450
1	0	1388	1559660307633660784
100	0	1388	1559660307633756877
1	0	1388	1559660307633765210
100	0	1388	1559660307633827658
1	0	1388	1559660307633835939
100	0	1388	1559660307633932033
1	0	1388	1559660307633940262
100	0	1388	1559660307634003126
1	0	1388	1559660307634011251
100	0	1388	1559660307634106824
1	0	1388	1559660307634115157
100	0	1388	1559660307634177709
1	0	1388	1559660307634186042
100	0	1388	1559660307634282657
1	0	1388	1559660307634290834
100	0	1388	1559660307634353073
1	0	1388	1559660307634361667
100	0	1388	1559660307634455937
1	0	1388	1559660307634465989
100	0	1388	1559660307634529062
1	0	1388	1559660307634537552
100	0	1388	1559660307634633020
1	0	1388	1559660307634641197
100	0	1388	1559660307634703020
1	0	1388	1559660307634711353
100	0	1388	1559660307634807603
1	0	1388	1559660307634815728
100	0	1388	1559660307634895780
1	0	1388	1559660307634904582
100	0	1388	1559660307635001509
1	0	1388	1559660307635009894
100	0	1388	1559660307635072133
1	0	1388	1559660307635080258
100	0	1388	1559660307635176664
1	0	1388	1559660307635184945
100	0	1388	1559660307635247185
1	0	1388	1559660307635255570
100	0	1388	1559660307635352549
1	0	1388	1559660307635360882
100	0	1388	1559660307635423226
1	0	1388	1559660307635431299
100	0	1388	1559660307635525882
1	0	1388	1559660307635533903
100	0	1388	1559660307635609580
1	0	1388	1559660307635617809
100	0	1388	1559660307635713277
1	0	1388	1559660307635737808
100	0	1388	1559660307635800881
1	0	1388	1559660307635809266
100	0	1388	1559660307635904839
1	0	1388	1559660307635913172
100	0	1388	1559660307635974318
1	0	1388	1559660307635982547
100	0	1388	1559660307636075932
1	0	1388	1559660307636102651
100	0	1388	1559660307636166349
1	0	1388	1559660307636174734
100	0	1388	1559660307636269473
1	0	1388	1559660307636278379
100	0	1388	1559660307636358952
1	0	1388	1559660307636367390
100	0	1388	1559660307636468795
1	0	1388	1559660307636477285
100	0	1388	1559660307636547962
1	0	1388	1559660307636556556
100	0	1388	1559660307636656243
1	0	1388	1559660307636664732
100	0	1388	1559660307636741503
1	0	1388	1559660307636749992
100	0	1388	1559660307636847440
1	0	1388	1559660307636855617
100	0	1388	1559660307636918742
1	0	1388	1559660307636927179
100	0	1388	1559660307637022804
1	0	1388	1559660307637030877
100	0	1388	1559660307637095096
1	0	1388	1559660307637103429
100	0	1388	1559660307637198272
1	0	1388	1559660307637206501
100	0	1388	1559660307637269782
1	0	1388	1559660307637278064
100	0	1388	1559660307637373636
1	0	1388	1559660307637381761
100	0	1388	1559660307637445199
1	0	1388	1559660307637470823
100	0	1388	1559660307637568479
1	0	1388	1559660307637577386
100	0	1388	1559660307637642385
1	0	1388	1559660307637650771
100	0	1388	1559660307637749260
1	0	1388	1559660307637757385
100	0	1388	1559660307637820041
1	0	1388	1559660307637828270
100	0	1388	1559660307637925145
1	0	1388	1559660307637933270
100	0	1388	1559660307637996707
1	0	1388	1559660307638004832
100	0	1388	1559660307638101811
1	0	1388	1559660307638110040
100	0	1388	1559660307638171550
1	0	1388	1559660307638179832
100	0	1388	1559660307638275352
1	0	1388	1559660307638283581
100	0	1388	1559660307638347435
1	0	1388	1559660307638355769
100	0	1388	1559660307638450039
1	0	1388	1559660307638458320
100	0	1388	1559660307638523424
1	0	1388	1559660307638531862
100	0	1388	1559660307638626913
1	0	1388	1559660307638635351
100	0	1388	1559660307638697799
1	0	1388	1559660307638706080
100	0	1388	1559660307638818371
1	0	1388	1559660307638827277
100	0	1388	1559660307638891183
1	0	1388	1559660307638899517
100	0	1388	1559660307638996287
1	0	1388	1559660307639004569
100	0	1388	1559660307639066547
1	0	1388	1559660307639074985
100	0	1388	1559660307639171391
1	0	1388	1559660307639179568
100	0	1388	1559660307639242901
1	0	1388	1559660307639251234
100	0	1388	1559660307639347484
1	0	1388	1559660307639355661
100	0	1388	1559660307639417536
1	0	1388	1559660307639425973
100	0	1388	1559660307639520556
1	0	1388	1559660307639528994
100	0	1388	1559660307639607327
1	0	1388	1559660307639615869
100	0	1388	1559660307639716910
1	0	1388	1559660307639740035
100	0	1388	1559660307639803524
1	0	1388	1559660307639811858
100	0	1388	1559660307639908055
1	0	1388	1559660307639916441
100	0	1388	1559660307639978055
1	0	1388	1559660307639986753
100	0	1388	1559660307640082013
1	0	1388	1559660307640100242
100	0	1388	1559660307640170867
1	0	1388	1559660307640179461
100	0	1388	1559660307640274877
1	0	1388	1559660307640283106
100	0	1388	1559660307640347273
1	0	1388	1559660307640355554
100	0	1388	1559660307640450137
1	0	1388	1559660307640458314
100	0	1388	1559660307640522428
1	0	1388	1559660307640530970
100	0	1388	1559660307640628261
1	0	1388	1559660307640636594
100	0	1388	1559660307640698417
1	0	1388	1559660307640706646
100	0	1388	1559660307640803261
1	0	1388	1559660307640811386
100	0	1388	1559660307640874823
1	0	1388	1559660307640883052
100	0	1388	1559660307640978729
1	0	1388	1559660307640986854
100	0	1388	1559660307641048156
1	0	1388	1559660307641056333
100	0	1388	1559660307641151593
1	0	1388	1559660307641159822
100	0	1388	1559660307641223884
1	0	1388	1559660307641232270
100	0	1388	1559660307641326905
1	0	1388	1559660307641335186
100	0	1388	1559660307641414352
1	0	1388	1559660307641423207
100	0	1388	1559660307641519196
1	0	1388	1559660307641527529
100	0	1388	1559660307641605446
1	0	1388	1559660307641614143
100	0	1388	1559660307641716278
1	0	1388	1559660307641740601
100	0	1388	1559660307641804143
1	0	1388	1559660307641813101
100	0	1388	1559660307641908674
1	0	1388	1559660307641917267
100	0	1388	1559660307641982319
1	0	1388	1559660307641990809
100	0	1388	1559660307642084923
1	0	1388	1559660307642095184
100	0	1388	1559660307642157319
1	0	1388	1559660307642165808
100	0	1388	1559660307642261537
1	0	1388	1559660307642269818
100	0	1388	1559660307642341329
1	0	1388	1559660307642349870
100	0	1388	1559660307642443672
1	0	1388	1559660307642452005
100	0	1388	1559660307642515911
1	0	1388	1559660307642524245
100	0	1388	1559660307642620807
1	0	1388	1559660307642629036
100	0	1388	1559660307642692421
1	0	1388	1559660307642717421
100	0	1388	1559660307642813515
1	0	1388	1559660307642822108
100	0	1388	1559660307642884296
1	0	1388	1559660307642892785
100	0	1388	1559660307642990545
1	0	1388	1559660307642999035
100	0	1388	1559660307643061222
1	0	1388	1559660307643069347
100	0	1388	1559660307643165024
1	0	1388	1559660307643173409
100	0	1388	1559660307643235544
1	0	1388	1559660307643243721
100	0	1388	1559660307643346794
1	0	1388	1559660307643355179
100	0	1388	1559660307643419242
1	0	1388	1559660307643427731
100	0	1388	1559660307643524814
1	0	1388	1559660307643533096
100	0	1388	1559660307643609033
1	0	1388	1559660307643617522
100	0	1388	1559660307643712262
1	0	1388	1559660307643736793
100	0	1388	1559660307643801168
1	0	1388	1559660307643809553
100	0	1388	1559660307643905386
1	0	1388	1559660307643913615
100	0	1388	1559660307643975855
1	0	1388	1559660307643998250
100	0	1388	1559660307644096479
1	0	1388	1559660307644105177
100	0	1388	1559660307644167625
1	0	1388	1559660307644176010
100	0	1388	1559660307644272104
1	0	1388	1559660307644280437
100	0	1388	1559660307644343926
1	0	1388	1559660307644352051
100	0	1388	1559660307644446634
1	0	1388	1559660307644454759
100	0	1388	1559660307644519186
1	0	1388	1559660307644527311
100	0	1388	1559660307644639550
1	0	1388	1559660307644647884
100	0	1388	1559660307644710488
1	0	1388	1559660307644720956
100	0	1388	1559660307644833560
1	0	1388	1559660307644843873
100	0	1388	1559660307644906737
1	0	1388	1559660307644915539
100	0	1388	1559660307645012101
1	0	1388	1559660307645020539
100	0	1388	1559660307645083195
1	0	1388	1559660307645093299
100	0	1388	1559660307645187986
1	0	1388	1559660307645196163
100	0	1388	1559660307645259340
1	0	1388	1559660307645267517
100	0	1388	1559660307645378090
1	0	1388	1559660307645386631
100	0	1388	1559660307645448662
1	0	1388	1559660307645456996
100	0	1388	1559660307645554079
1	0	1388	1559660307645562516
100	0	1388	1559660307645625172
1	0	1388	1559660307645633766
100	0	1388	1559660307645730276
1	0	1388	1559660307645738557
100	0	1388	1559660307645800640
1	0	1388	1559660307645808921
100	0	1388	1559660307645906005
1	0	1388	1559660307645914390
100	0	1388	1559660307645976161
1	0	1388	1559660307645984598
100	0	1388	1559660307646079285
1	0	1388	1559660307646087723
100	0	1388	1559660307646151264
1	0	1388	1559660307646159545
100	0	1388	1559660307646255118
1	0	1388	1559660307646263451
100	0	1388	1559660307646325430
1	0	1388	1559660307646333659
100	0	1388	1559660307646430274
1	0	1388	1559660307646438711
100	0	1388	1559660307646501003
1	0	1388	1559660307646509961
100	0	1388	1559660307646605533
1	0	1388	1559660307646628450
100	0	1388	1559660307646692304
1	0	1388	1559660307646700585
100	0	1388	1559660307646797043
1	0	1388	1559660307646805272
100	0	1388	1559660307646868293
1	0	1388	1559660307646876783
100	0	1388	1559660307646973501
1	0	1388	1559660307646981730
100	0	1388	1559660307647043553
1	0	1388	1559660307647051782
100	0	1388	1559660307647147146
1	0	1388	1559660307647155532
100	0	1388	1559660307647219334
1	0	1388	1559660307647227771
100	0	1388	1559660307647322406
1	0	1388	1559660307647330739
100	0	1388	1559660307647395583
1	0	1388	1559660307647404073
100	0	1388	1559660307647498239
1	0	1388	1559660307647506468
100	0	1388	1559660307647568343
1	0	1388	1559660307647576520
100	0	1388	1559660307647672613
1	0	1388	1559660307647684697
100	0	1388	1559660307647748446
1	0	1388	1559660307647757092
100	0	1388	1559660307647853394
1	0	1388	1559660307647861988
100	0	1388	1559660307647948758
1	0	1388	1559660307647957560
100	0	1388	1559660307648055425
1	0	1388	1559660307648063758
100	0	1388	1559660307648134487
1	0	1388	1559660307648143081
100	0	1388	1559660307648240268
1	0	1388	1559660307648248653
100	0	1388	1559660307648310736
1	0	1388	1559660307648319122
100	0	1388	1559660307648414538
1	0	1388	1559660307648422663
100	0	1388	1559660307648484017
1	0	1388	1559660307648492663
100	0	1388	1559660307648586777
1	0	1388	1559660307648596881
100	0	1388	1559660307648658860
1	0	1388	1559660307648667141
100	0	1388	1559660307648761464
1	0	1388	1559660307648769849
100	0	1388	1559660307648831620
1	0	1388	1559660307648842037
100	0	1388	1559660307648937088
1	0	1388	1559660307648945318
100	0	1388	1559660307649009692
1	0	1388	1559660307649018234
100	0	1388	1559660307649115369
1	0	1388	1559660307649123494
100	0	1388	1559660307649185733
1	0	1388	1559660307649209015
100	0	1388	1559660307649307087
1	0	1388	1559660307649315421
100	0	1388	1559660307649378493
1	0	1388	1559660307649386774
100	0	1388	1559660307649482087
1	0	1388	1559660307649490212
100	0	1388	1559660307649552191
1	0	1388	1559660307649560680
100	0	1388	1559660307649656201
1	0	1388	1559660307649664430
100	0	1388	1559660307649726409
1	0	1388	1559660307649734794
100	0	1388	1559660307649829065
1	0	1388	1559660307649837346
100	0	1388	1559660307649901200
1	0	1388	1559660307649909637
100	0	1388	1559660307650004377
1	0	1388	1559660307650012814
100	0	1388	1559660307650075783
1	0	1388	1559660307650084376
100	0	1388	1559660307650180470
1	0	1388	1559660307650188855
100	0	1388	1559660307650251615
1	0	1388	1559660307650260053
100	0	1388	1559660307650355678
1	0	1388	1559660307650363959
100	0	1388	1559660307650425782
1	0	1388	1559660307650448750
100	0	1388	1559660307650547656
1	0	1388	1559660307650556354
100	0	1388	1559660307650619635
1	0	1388	1559660307650628125
100	0	1388	1559660307650723801
1	0	1388	1559660307650731978
100	0	1388	1559660307650794322
1	0	1388	1559660307650802603
100	0	1388	1559660307650898384
1	0	1388	1559660307650906717
100	0	1388	1559660307650969999
1	0	1388	1559660307650978436
100	0	1388	1559660307651074217
1	0	1388	1559660307651082342
100	0	1388	1559660307651147185
1	0	1388	1559660307651155519
100	0	1388	1559660307651250935
1	0	1388	1559660307651259112
100	0	1388	1559660307651321299
1	0	1388	1559660307651329685
100	0	1388	1559660307651425987
1	0	1388	1559660307651434320
100	0	1388	1559660307651497236
1	0	1388	1559660307651505466
100	0	1388	1559660307651613746
1	0	1388	1559660307651622132
100	0	1388	1559660307651685100
1	0	1388	1559660307651708121
100	0	1388	1559660307651821350
1	0	1388	1559660307651830412
100	0	1388	1559660307651894787
1	0	1388	1559660307651903277
100	0	1388	1559660307651999422
1	0	1388	1559660307652007808
100	0	1388	1559660307652070203
1	0	1388	1559660307652078641
100	0	1388	1559660307652177130
1	0	1388	1559660307652185515
100	0	1388	1559660307652248276
1	0	1388	1559660307652256609
100	0	1388	1559660307652353536
1	0	1388	1559660307652361869
100	0	1388	1559660307652423692
1	0	1388	1559660307652432025
100	0	1388	1559660307652527077
1	0	1388	1559660307652535254
100	0	1388	1559660307652613431
1	0	1388	1559660307652624993
100	0	1388	1559660307652722545
1	0	1388	1559660307652746034
100	0	1388	1559660307652809055
1	0	1388	1559660307652817545
100	0	1388	1559660307652913742
1	0	1388	1559660307652922023
100	0	1388	1559660307652983950
1	0	1388	1559660307652992440
100	0	1388	1559660307653104679
1	0	1388	1559660307653113377
100	0	1388	1559660307653177075
1	0	1388	1559660307653185460
100	0	1388	1559660307653281241
1	0	1388	1559660307653289887
100	0	1388	1559660307653363220
1	0	1388	1559660307653371918
100	0	1388	1559660307653470772
1	0	1388	1559660307653479365
100	0	1388	1559660307653541865
1	0	1388	1559660307653550407
100	0	1388	1559660307653646709
1	0	1388	1559660307653655198
100	0	1388	1559660307653719521
1	0	1388	1559660307653727802
100	0	1388	1559660307653822802
1	0	1388	1559660307653831291
100	0	1388	1559660307653902333
1	0	1388	1559660307653910666
100	0	1388	1559660307654006499
1	0	1388	1559660307654014832
100	0	1388	1559660307654076603
1	0	1388	1559660307654085145
100	0	1388	1559660307654181342
1	0	1388	1559660307654189415
100	0	1388	1559660307654253686
1	0	1388	1559660307654261863
100	0	1388	1559660307654355821
1	0	1388	1559660307654365821
100	0	1388	1559660307654442644
1	0	1388	1559660307654451237
100	0	1388	1559660307654547904
1	0	1388	1559660307654556289
100	0	1388	1559660307654619153
1	0	1388	1559660307654627539
100	0	1388	1559660307654723632
1	0	1388	1559660307654731913
100	0	1388	1559660307654794049
1	0	1388	1559660307654802330
100	0	1388	1559660307654897694
1	0	1388	1559660307654906132
100	0	1388	1559660307654970506
1	0	1388	1559660307654978840
100	0	1388	1559660307655072589
1	0	1388	1559660307655080975
100	0	1388	1559660307655144985
1	0	1388	1559660307655153475
100	0	1388	1559660307655248735
1	0	1388	1559660307655256912
100	0	1388	1559660307655320401
1	0	1388	1559660307655328786
100	0	1388	1559660307655425140
1	0	1388	1559660307655433630
100	0	1388	1559660307655496755
1	0	1388	1559660307655505192
100	0	1388	1559660307655615504
1	0	1388	1559660307655626911
100	0	1388	1559660307655705608
1	0	1388	1559660307655716598
100	0	1388	1559660307655829618
1	0	1388	1559660307655838316
100	0	1388	1559660307655901805
1	0	1388	1559660307655910139
100	0	1388	1559660307656005920
1	0	1388	1559660307656014513
100	0	1388	1559660307656076649
1	0	1388	1559660307656084930
100	0	1388	1559660307656181388
1	0	1388	1559660307656189617
100	0	1388	1559660307656252429
1	0	1388	1559660307656260919
100	0	1388	1559660307656356023
1	0	1388	1559660307656364356
100	0	1388	1559660307656426491
1	0	1388	1559660307656435033
100	0	1388	1559660307656530866
1	0	1388	1559660307656539303
100	0	1388	1559660307656600866
1	0	1388	1559660307656609095
100	0	1388	1559660307656702792
1	0	1388	1559660307656711178
100	0	1388	1559660307656775605
1	0	1388	1559660307656783782
100	0	1388	1559660307656879198
1	0	1388	1559660307656887584
100	0	1388	1559660307656950292
1	0	1388	1559660307656976229
100	0	1388	1559660307657072270
1	0	1388	1559660307657080968
100	0	1388	1559660307657145291
1	0	1388	1559660307657153520
100	0	1388	1559660307657248989
1	0	1388	1559660307657257791
100	0	1388	1559660307657319718
1	0	1388	1559660307657328415
100	0	1388	1559660307657426905
1	0	1388	1559660307657435134
100	0	1388	1559660307657498467
1	0	1388	1559660307657506800
100	0	1388	1559660307657617321
1	0	1388	1559660307657628362
100	0	1388	1559660307657691331
1	0	1388	1559660307657699768
100	0	1388	1559660307657799039
1	0	1388	1559660307657807528
100	0	1388	1559660307657871851
1	0	1388	1559660307657880184
100	0	1388	1559660307657976226
1	0	1388	1559660307657984767
100	0	1388	1559660307658047059
1	0	1388	1559660307658055444
100	0	1388	1559660307658150548
1	0	1388	1559660307658158881
100	0	1388	1559660307658222579
1	0	1388	1559660307658245652
100	0	1388	1559660307658344402
1	0	1388	1559660307658353360
100	0	1388	1559660307658417318
1	0	1388	1559660307658425808
100	0	1388	1559660307658521745
1	0	1388	1559660307658530339
100	0	1388	1559660307658594349
1	0	1388	1559660307658602995
100	0	1388	1559660307658697630
1	0	1388	1559660307658705807
100	0	1388	1559660307658769817
1	0	1388	1559660307658778150
100	0	1388	1559660307658873410
1	0	1388	1559660307658881692
100	0	1388	1559660307658944296
1	0	1388	1559660307658952577
100	0	1388	1559660307659049087
1	0	1388	1559660307659057472
100	0	1388	1559660307659120493
1	0	1388	1559660307659128722
100	0	1388	1559660307659225024
1	0	1388	1559660307659236274
100	0	1388	1559660307659298982
1	0	1388	1559660307659307367
100	0	1388	1559660307659403565
1	0	1388	1559660307659412263
100	0	1388	1559660307659475961
1	0	1388	1559660307659485804
100	0	1388	1559660307659609398
1	0	1388	1559660307659618148
100	0	1388	1559660307659688356
1	0	1388	1559660307659696793
100	0	1388	1559660307659794085
1	0	1388	1559660307659802678
100	0	1388	1559660307659866324
1	0	1388	1559660307659874657
100	0	1388	1559660307659971740
1	0	1388	1559660307659980178
100	0	1388	1559660307660041948
1	0	1388	1559660307660050334
100	0	1388	1559660307660145229
1	0	1388	1559660307660153563
100	0	1388	1559660307660217677
1	0	1388	1559660307660226062
100	0	1388	1559660307660320333
1	0	1388	1559660307660328770
100	0	1388	1559660307660392624
1	0	1388	1559660307660401062
100	0	1388	1559660307660500124
1	0	1388	1559660307660508613
100	0	1388	1559660307660570592
1	0	1388	1559660307660578926
100	0	1388	1559660307660692311
1	0	1388	1559660307660700696
100	0	1388	1559660307660772831
1	0	1388	1559660307660781321
100	0	1388	1559660307660892987
1	0	1388	1559660307660901737
100	0	1388	1559660307660966164
1	0	1388	1559660307660974810
100	0	1388	1559660307661070591
1	0	1388	1559660307661079028
100	0	1388	1559660307661143247
1	0	1388	1559660307661151684
100	0	1388	1559660307661248871
1	0	1388	1559660307661256996
100	0	1388	1559660307661318767
1	0	1388	1559660307661327205
100	0	1388	1559660307661423558
1	0	1388	1559660307661431788
100	0	1388	1559660307661494496
1	0	1388	1559660307661502829
100	0	1388	1559660307661600537
1	0	1388	1559660307661608922
100	0	1388	1559660307661671318
1	0	1388	1559660307661679547
100	0	1388	1559660307661774651
1	0	1388	1559660307661783089
100	0	1388	1559660307661847151
1	0	1388	1559660307661855328
100	0	1388	1559660307661949442
1	0	1388	1559660307661957671
100	0	1388	1559660307662021525
1	0	1388	1559660307662029859
100	0	1388	1559660307662125587
1	0	1388	1559660307662135587
100	0	1388	1559660307662221785
1	0	1388	1559660307662230483
100	0	1388	1559660307662325326
1	0	1388	1559660307662333920
100	0	1388	1559660307662397774
1	0	1388	1559660307662406107
100	0	1388	1559660307662501367
1	0	1388	1559660307662509440
100	0	1388	1559660307662571836
1	0	1388	1559660307662580117
100	0	1388	1559660307662677409
1	0	1388	1559660307662685586
100	0	1388	1559660307662748606
1	0	1388	1559660307662756835
100	0	1388	1559660307662853085
1	0	1388	1559660307662861106
100	0	1388	1559660307662922408
1	0	1388	1559660307662930533
100	0	1388	1559660307663024803
1	0	1388	1559660307663032824
100	0	1388	1559660307663096366
1	0	1388	1559660307663104543
100	0	1388	1559660307663198657
1	0	1388	1559660307663206782
100	0	1388	1559660307663270271
1	0	1388	1559660307663278240
100	0	1388	1559660307663404021
1	0	1388	1559660307663412406
100	0	1388	1559660307663492041
1	0	1388	1559660307663500791
100	0	1388	1559660307663597978
1	0	1388	1559660307663606260
100	0	1388	1559660307663670374
1	0	1388	1559660307663678603
100	0	1388	1559660307663774436
1	0	1388	1559660307663782717
100	0	1388	1559660307663847144
1	0	1388	1559660307663855634
100	0	1388	1559660307663951050
1	0	1388	1559660307663959227
100	0	1388	1559660307664022821
1	0	1388	1559660307664031467
100	0	1388	1559660307664127196
1	0	1388	1559660307664135529
100	0	1388	1559660307664197716
1	0	1388	1559660307664205997
100	0	1388	1559660307664302143
1	0	1388	1559660307664310320
100	0	1388	1559660307664373497
1	0	1388	1559660307664382091
100	0	1388	1559660307664477403
1	0	1388	1559660307664485736
100	0	1388	1559660307664547611
1	0	1388	1559660307664556048
100	0	1388	1559660307664651204
1	0	1388	1559660307664659590
100	0	1388	1559660307664723079
1	0	1388	1559660307664745943
100	0	1388	1559660307664844902
1	0	1388	1559660307664853547
100	0	1388	1559660307664916308
1	0	1388	1559660307664924589
100	0	1388	1559660307665019797
1	0	1388	1559660307665028182
100	0	1388	1559660307665092453
1	0	1388	1559660307665100942
100	0	1388	1559660307665195682
1	0	1388	1559660307665203963
100	0	1388	1559660307665267869
1	0	1388	1559660307665276358
100	0	1388	1559660307665373494
1	0	1388	1559660307665381619
100	0	1388	1559660307665451566
1	0	1388	1559660307665460004
100	0	1388	1559660307665556358
1	0	1388	1559660307665564587
100	0	1388	1559660307665627972
1	0	1388	1559660307665636201
100	0	1388	1559660307665731774
1	0	1388	1559660307665740003
100	0	1388	1559660307665803544
1	0	1388	1559660307665812086
100	0	1388	1559660307665907190
1	0	1388	1559660307665915471
100	0	1388	1559660307665978127
1	0	1388	1559660307666000419
100	0	1388	1559660307666098960
1	0	1388	1559660307666107814
100	0	1388	1559660307666170314
1	0	1388	1559660307666178699
100	0	1388	1559660307666273595
1	0	1388	1559660307666281980
100	0	1388	1559660307666346199
1	0	1388	1559660307666354792
100	0	1388	1559660307666448594
1	0	1388	1559660307666456980
100	0	1388	1559660307666521146
1	0	1388	1559660307666529792
100	0	1388	1559660307666625781
1	0	1388	1559660307666634010
100	0	1388	1559660307666695781
1	0	1388	1559660307666703906
100	0	1388	1559660307666801718
1	0	1388	1559660307666810051
100	0	1388	1559660307666873697
1	0	1388	1559660307666881874
100	0	1388	1559660307666977499
1	0	1388	1559660307666985884
100	0	1388	1559660307667047499
1	0	1388	1559660307667055936
100	0	1388	1559660307667150779
1	0	1388	1559660307667158904
100	0	1388	1559660307667222967
1	0	1388	1559660307667231248
100	0	1388	1559660307667343852
1	0	1388	1559660307667352237
100	0	1388	1559660307667414737
1	0	1388	1559660307667423018
100	0	1388	1559660307667518851
1	0	1388	1559660307667527237
100	0	1388	1559660307667603903
1	0	1388	1559660307667612497
100	0	1388	1559660307667708226
1	0	1388	1559660307667733173
100	0	1388	1559660307667796454
1	0	1388	1559660307667804944
100	0	1388	1559660307667902183
1	0	1388	1559660307667910569
100	0	1388	1559660307667973016
1	0	1388	1559660307667981402
100	0	1388	1559660307668076297
1	0	1388	1559660307668084526
100	0	1388	1559660307668148120
1	0	1388	1559660307668156401
100	0	1388	1559660307668250724
1	0	1388	1559660307668259057
100	0	1388	1559660307668320932
1	0	1388	1559660307668329213
100	0	1388	1559660307668425932
1	0	1388	1559660307668434109
100	0	1388	1559660307668497338
1	0	1388	1559660307668505827
100	0	1388	1559660307668615671
1	0	1388	1559660307668641243
100	0	1388	1559660307668705670
1	0	1388	1559660307668716243
100	0	1388	1559660307668827024
1	0	1388	1559660307668835826
100	0	1388	1559660307668901763
1	0	1388	1559660307668910461
100	0	1388	1559660307669006867
1	0	1388	1559660307669015253
100	0	1388	1559660307669077544
1	0	1388	1559660307669085825
100	0	1388	1559660307669181971
1	0	1388	1559660307669190200
100	0	1388	1559660307669253377
1	0	1388	1559660307669261554
100	0	1388	1559660307669355408
1	0	1388	1559660307669363741
100	0	1388	1559660307669426189
1	0	1388	1559660307669434574
100	0	1388	1559660307669529105
1	0	1388	1559660307669537282
100	0	1388	1559660307669598740
1	0	1388	1559660307669607126
100	0	1388	1559660307669701032
1	0	1388	1559660307669709261
100	0	1388	1559660307669772906
1	0	1388	1559660307669781240
100	0	1388	1559660307669876864
1	0	1388	1559660307669884989
100	0	1388	1559660307669965875
1	0	1388	1559660307669974416
100	0	1388	1559660307670069833
1	0	1388	1559660307670078114
100	0	1388	1559660307670142228
1	0	1388	1559660307670150874
100	0	1388	1559660307670245978
1	0	1388	1559660307670254415
100	0	1388	1559660307670316342
1	0	1388	1559660307670324884
100	0	1388	1559660307670421133
1	0	1388	1559660307670429467
100	0	1388	1559660307670493269
1	0	1388	1559660307670501602
100	0	1388	1559660307670597852
1	0	1388	1559660307670606081
100	0	1388	1559660307670668060
1	0	1388	1559660307670676497
100	0	1388	1559660307670771289
1	0	1388	1559660307670782799
100	0	1388	1559660307670847174
1	0	1388	1559660307670855872
100	0	1388	1559660307670950715
1	0	1388	1559660307670959569
100	0	1388	1559660307671025559
1	0	1388	1559660307671033996
100	0	1388	1559660307671129100
1	0	1388	1559660307671137589
100	0	1388	1559660307671208058
1	0	1388	1559660307671232850
100	0	1388	1559660307671329151
1	0	1388	1559660307671337537
100	0	1388	1559660307671401599
1	0	1388	1559660307671410193
100	0	1388	1559660307671506234
1	0	1388	1559660307671514619
100	0	1388	1559660307671576598
1	0	1388	1559660307671584932
100	0	1388	1559660307671698161
1	0	1388	1559660307671706702
100	0	1388	1559660307671786754
1	0	1388	1559660307671795504
100	0	1388	1559660307671891181
1	0	1388	1559660307671899410
100	0	1388	1559660307671960972
1	0	1388	1559660307671971233
100	0	1388	1559660307672067222
1	0	1388	1559660307672075243
100	0	1388	1559660307672139670
1	0	1388	1559660307672148003
100	0	1388	1559660307672242534
1	0	1388	1559660307672250763
100	0	1388	1559660307672312690
1	0	1388	1559660307672321023
100	0	1388	1559660307672415919
1	0	1388	1559660307672424044
100	0	1388	1559660307672488418
1	0	1388	1559660307672512950
100	0	1388	1559660307672610345
1	0	1388	1559660307672619043
100	0	1388	1559660307672681907
1	0	1388	1559660307672690501
100	0	1388	1559660307672785761
1	0	1388	1559660307672794303
100	0	1388	1559660307672856073
1	0	1388	1559660307672864251
100	0	1388	1559660307672958417
1	0	1388	1559660307672968886
100	0	1388	1559660307673030865
1	0	1388	1559660307673039302
100	0	1388	1559660307673136229
1	0	1388	1559660307673144718
100	0	1388	1559660307673206593
1	0	1388	1559660307673216749
100	0	1388	1559660307673311072
1	0	1388	1559660307673350811
100	0	1388	1559660307673416593
1	0	1388	1559660307673424926
100	0	1388	1559660307673520238
1	0	1388	1559660307673528363
100	0	1388	1559660307673606904
1	0	1388	1559660307673615706
100	0	1388	1559660307673715498
1	0	1388	1559660307673724196
100	0	1388	1559660307673802998
1	0	1388	1559660307673825497
100	0	1388	1559660307673924976
1	0	1388	1559660307673933726
100	0	1388	1559660307673997372
1	0	1388	1559660307674005653
100	0	1388	1559660307674102580
1	0	1388	1559660307674111122
100	0	1388	1559660307674174559
1	0	1388	1559660307674182892
100	0	1388	1559660307674278673
1	0	1388	1559660307674286902
100	0	1388	1559660307674349402
1	0	1388	1559660307674357787
100	0	1388	1559660307674452110
1	0	1388	1559660307674460495
100	0	1388	1559660307674524141
1	0	1388	1559660307674532474
100	0	1388	1559660307674628151
1	0	1388	1559660307674636328
100	0	1388	1559660307674698151
1	0	1388	1559660307674706588
100	0	1388	1559660307674802526
1	0	1388	1559660307674810859
100	0	1388	1559660307674873775
1	0	1388	1559660307674882161
100	0	1388	1559660307674977629
1	0	1388	1559660307674986171
100	0	1388	1559660307675048462
1	0	1388	1559660307675056796
100	0	1388	1559660307675167420
1	0	1388	1559660307675175910
100	0	1388	1559660307675241170
1	0	1388	1559660307675249503
100	0	1388	1559660307675346430
1	0	1388	1559660307675354763
100	0	1388	1559660307675416638
1	0	1388	1559660307675425232
100	0	1388	1559660307675519659
1	0	1388	1559660307675528096
100	0	1388	1559660307675603929
1	0	1388	1559660307675612523
100	0	1388	1559660307675707887
1	0	1388	1559660307675732627
100	0	1388	1559660307675796272
1	0	1388	1559660307675804606
100	0	1388	1559660307675900855
1	0	1388	1559660307675909241
100	0	1388	1559660307675973043
1	0	1388	1559660307675981168
100	0	1388	1559660307676075646
1	0	1388	1559660307676084032
100	0	1388	1559660307676148563
1	0	1388	1559660307676156792
100	0	1388	1559660307676253875
1	0	1388	1559660307676262312
100	0	1388	1559660307676325021
1	0	1388	1559660307676333302
100	0	1388	1559660307676429239
1	0	1388	1559660307676439499
100	0	1388	1559660307676517780
1	0	1388	1559660307676526478
100	0	1388	1559660307676639395
1	0	1388	1559660307676648040
100	0	1388	1559660307676710853
1	0	1388	1559660307676722259
100	0	1388	1559660307676832884
1	0	1388	1559660307676843248
100	0	1388	1559660307676905852
1	0	1388	1559660307676914394
100	0	1388	1559660307677010487
1	0	1388	1559660307677018925
100	0	1388	1559660307677081112
1	0	1388	1559660307677091581
100	0	1388	1559660307677186632
1	0	1388	1559660307677195018
100	0	1388	1559660307677258351
1	0	1388	1559660307677266580
100	0	1388	1559660307677365694
1	0	1388	1559660307677374028
100	0	1388	1559660307677436579
1	0	1388	1559660307677444809
100	0	1388	1559660307677541267
1	0	1388	1559660307677549652
100	0	1388	1559660307677613194
1	0	1388	1559660307677621631
100	0	1388	1559660307677717933
1	0	1388	1559660307677726318
100	0	1388	1559660307677814339
1	0	1388	1559660307677823349
100	0	1388	1559660307677920901
1	0	1388	1559660307677929234
100	0	1388	1559660307677991526
1	0	1388	1559660307678000015
100	0	1388	1559660307678097619
1	0	1388	1559660307678106109
100	0	1388	1559660307678168296
1	0	1388	1559660307678176577
100	0	1388	1559660307678272462
1	0	1388	1559660307678280743
100	0	1388	1559660307678346056
1	0	1388	1559660307678354493
100	0	1388	1559660307678450118
1	0	1388	1559660307678458503
100	0	1388	1559660307678523451
1	0	1388	1559660307678531732
100	0	1388	1559660307678627149
1	0	1388	1559660307678635638
100	0	1388	1559660307678697773
1	0	1388	1559660307678706159
100	0	1388	1559660307678803294
1	0	1388	1559660307678811471
100	0	1388	1559660307678874492
1	0	1388	1559660307678882825
100	0	1388	1559660307678978970
1	0	1388	1559660307678987356
100	0	1388	1559660307679049595
1	0	1388	1559660307679073033
100	0	1388	1559660307679170532
1	0	1388	1559660307679179178
100	0	1388	1559660307679241157
1	0	1388	1559660307679249490
100	0	1388	1559660307679345844
1	0	1388	1559660307679354177
100	0	1388	1559660307679417458
1	0	1388	1559660307679426000
100	0	1388	1559660307679521573
1	0	1388	1559660307679529646
100	0	1388	1559660307679593760
1	0	1388	1559660307679602041
100	0	1388	1559660307679695635
1	0	1388	1559660307679704280
100	0	1388	1559660307679769437
1	0	1388	1559660307679777561
100	0	1388	1559660307679873603
1	0	1388	1559660307679881988
100	0	1388	1559660307679944853
1	0	1388	1559660307679953134
100	0	1388	1559660307680049279
1	0	1388	1559660307680057613
100	0	1388	1559660307680120321
1	0	1388	1559660307680128550
100	0	1388	1559660307680224435
1	0	1388	1559660307680232664
