1	3	3965	1559657662150504544
100	3	3965	1559657662150825373
1	3	3965	1559657662150837717
100	3	3965	1559657662150926987
1	3	3965	1559657662150937820
100	3	3965	1559657662151139849
1	3	3965	1559657662151148495
100	3	3965	1559657662151224223
1	3	3965	1559657662151233025
100	3	3965	1559657662151330628
1	3	3965	1559657662151339066
100	3	3965	1559657662151398336
1	3	3965	1559657662151406305
100	3	3965	1559657662151500210
1	3	3965	1559657662151508283
100	3	3965	1559657662151564480
1	3	3965	1559657662151572969
100	3	3965	1559657662151660781
1	3	3965	1559657662151669062
100	3	3965	1559657662151739113
1	3	3965	1559657662151747290
100	3	3965	1559657662151835519
1	3	3965	1559657662151843748
100	3	3965	1559657662151901716
1	3	3965	1559657662151910153
100	3	3965	1559657662151998902
1	3	3965	1559657662152006819
100	3	3965	1559657662152064214
1	3	3965	1559657662152072287
100	3	3965	1559657662152160307
1	3	3965	1559657662152168640
100	3	3965	1559657662152223848
1	3	3965	1559657662152232129
100	3	3965	1559657662152320722
1	3	3965	1559657662152329055
100	3	3965	1559657662152387075
1	3	3965	1559657662152395304
100	3	3965	1559657662152484626
1	3	3965	1559657662152492907
100	3	3965	1559657662152548688
1	3	3965	1559657662152556969
100	3	3965	1559657662152644364
1	3	3965	1559657662152652593
100	3	3965	1559657662152706342
1	3	3965	1559657662152714467
100	3	3965	1559657662152907955
1	3	3965	1559657662152916705
100	3	3965	1559657662152983371
1	3	3965	1559657662153008266
100	3	3965	1559657662153101390
1	3	3965	1559657662153109515
100	3	3965	1559657662153167483
1	3	3965	1559657662153175712
100	3	3965	1559657662153266232
1	3	3965	1559657662153274461
100	3	3965	1559657662153334252
1	3	3965	1559657662153342377
100	3	3965	1559657662153432532
1	3	3965	1559657662153440709
100	3	3965	1559657662153499250
1	3	3965	1559657662153507479
100	3	3965	1559657662153595916
1	3	3965	1559657662153603989
100	3	3965	1559657662153661540
1	3	3965	1559657662153669874
100	3	3965	1559657662153756852
1	3	3965	1559657662153764820
100	3	3965	1559657662153827111
1	3	3965	1559657662153835288
100	3	3965	1559657662153932683
1	3	3965	1559657662153941225
100	3	3965	1559657662154019453
1	3	3965	1559657662154028932
100	3	3965	1559657662154142004
1	3	3965	1559657662154150754
100	3	3965	1559657662154209503
1	3	3965	1559657662154231534
100	3	3965	1559657662154325127
1	3	3965	1559657662154332991
100	3	3965	1559657662154393616
1	3	3965	1559657662154401793
100	3	3965	1559657662154494240
1	3	3965	1559657662154502312
100	3	3965	1559657662154562676
1	3	3965	1559657662154570749
100	3	3965	1559657662154665748
1	3	3965	1559657662154673821
100	3	3965	1559657662154735851
1	3	3965	1559657662154744237
100	3	3965	1559657662154839652
1	3	3965	1559657662154847569
100	3	3965	1559657662154906579
1	3	3965	1559657662154914756
100	3	3965	1559657662155010067
1	3	3965	1559657662155018557
100	3	3965	1559657662155077723
1	3	3965	1559657662155085744
100	3	3965	1559657662155180326
1	3	3965	1559657662155188242
100	3	3965	1559657662155246263
1	3	3965	1559657662155254387
100	3	3965	1559657662155349282
1	3	3965	1559657662155357459
100	3	3965	1559657662155418657
1	3	3965	1559657662155426834
100	3	3965	1559657662155542145
1	3	3965	1559657662155550374
100	3	3965	1559657662155611884
1	3	3965	1559657662155620113
100	3	3965	1559657662155713862
1	3	3965	1559657662155721934
100	3	3965	1559657662155792090
1	3	3965	1559657662155800632
100	3	3965	1559657662155894745
1	3	3965	1559657662155902870
100	3	3965	1559657662155961359
1	3	3965	1559657662155969640
100	3	3965	1559657662156063181
1	3	3965	1559657662156071566
100	3	3965	1559657662156129951
1	3	3965	1559657662156138336
100	3	3965	1559657662156232085
1	3	3965	1559657662156240314
100	3	3965	1559657662156298178
1	3	3965	1559657662156306303
100	3	3965	1559657662156400781
1	3	3965	1559657662156409062
100	3	3965	1559657662156467968
1	3	3965	1559657662156476145
100	3	3965	1559657662156566717
1	3	3965	1559657662156574686
100	3	3965	1559657662156637810
1	3	3965	1559657662156645831
100	3	3965	1559657662156736038
1	3	3965	1559657662156752652
100	3	3965	1559657662156816558
1	3	3965	1559657662156824891
100	3	3965	1559657662156914057
1	3	3965	1559657662156922130
100	3	3965	1559657662156978952
1	3	3965	1559657662156986973
100	3	3965	1559657662157075461
1	3	3965	1559657662157083534
100	3	3965	1559657662157142336
1	3	3965	1559657662157150721
100	3	3965	1559657662157238845
1	3	3965	1559657662157247074
100	3	3965	1559657662157304313
1	3	3965	1559657662157312438
100	3	3965	1559657662157401447
1	3	3965	1559657662157409572
100	3	3965	1559657662157466968
1	3	3965	1559657662157475145
100	3	3965	1559657662157568789
1	3	3965	1559657662157576810
100	3	3965	1559657662157634309
1	3	3965	1559657662157642330
100	3	3965	1559657662157730767
1	3	3965	1559657662157738840
100	3	3965	1559657662157795974
1	3	3965	1559657662157804933
100	3	3965	1559657662157894880
1	3	3965	1559657662157903004
100	3	3965	1559657662157971493
1	3	3965	1559657662157979670
100	3	3965	1559657662158068836
1	3	3965	1559657662158077065
100	3	3965	1559657662158134721
1	3	3965	1559657662158143158
100	3	3965	1559657662158249563
1	3	3965	1559657662158257480
100	3	3965	1559657662158315552
1	3	3965	1559657662158323729
100	3	3965	1559657662158411957
1	3	3965	1559657662158420082
100	3	3965	1559657662158477009
1	3	3965	1559657662158484977
100	3	3965	1559657662158575080
1	3	3965	1559657662158583257
100	3	3965	1559657662158641851
1	3	3965	1559657662158649975
100	3	3965	1559657662158738672
1	3	3965	1559657662158747058
100	3	3965	1559657662158804922
1	3	3965	1559657662158813203
100	3	3965	1559657662158902525
1	3	3965	1559657662158910545
100	3	3965	1559657662158969399
1	3	3965	1559657662158977680
100	3	3965	1559657662159066117
1	3	3965	1559657662159074137
100	3	3965	1559657662159134970
1	3	3965	1559657662159154657
100	3	3965	1559657662159246583
1	3	3965	1559657662159254917
100	3	3965	1559657662159312156
1	3	3965	1559657662159320333
100	3	3965	1559657662159408405
1	3	3965	1559657662159416477
100	3	3965	1559657662159474654
1	3	3965	1559657662159482883
100	3	3965	1559657662159571111
1	3	3965	1559657662159579080
100	3	3965	1559657662159637048
1	3	3965	1559657662159645277
100	3	3965	1559657662159733401
1	3	3965	1559657662159741578
100	3	3965	1559657662159798505
1	3	3965	1559657662159806786
100	3	3965	1559657662159894806
1	3	3965	1559657662159903035
100	3	3965	1559657662159960794
1	3	3965	1559657662159969180
100	3	3965	1559657662160057773
1	3	3965	1559657662160066054
100	3	3965	1559657662160125584
1	3	3965	1559657662160133813
100	3	3965	1559657662160221260
1	3	3965	1559657662160229229
100	3	3965	1559657662160288395
1	3	3965	1559657662160306416
100	3	3965	1559657662160396258
1	3	3965	1559657662160404696
100	3	3965	1559657662160462508
1	3	3965	1559657662160470476
100	3	3965	1559657662160558653
1	3	3965	1559657662160566882
100	3	3965	1559657662160626829
1	3	3965	1559657662160637297
100	3	3965	1559657662160725578
1	3	3965	1559657662160733807
100	3	3965	1559657662160792660
1	3	3965	1559657662160800837
100	3	3965	1559657662160889222
1	3	3965	1559657662160897399
100	3	3965	1559657662160954898
1	3	3965	1559657662160963023
100	3	3965	1559657662161050730
1	3	3965	1559657662161058960
100	3	3965	1559657662161118698
1	3	3965	1559657662161126875
100	3	3965	1559657662161215416
1	3	3965	1559657662161223489
100	3	3965	1559657662161284895
1	3	3965	1559657662161293124
100	3	3965	1559657662161394060
1	3	3965	1559657662161402654
100	3	3965	1559657662161460830
1	3	3965	1559657662161468851
100	3	3965	1559657662161570777
1	3	3965	1559657662161578746
100	3	3965	1559657662161637495
1	3	3965	1559657662161645776
100	3	3965	1559657662161735150
1	3	3965	1559657662161751192
100	3	3965	1559657662161809212
1	3	3965	1559657662161817441
100	3	3965	1559657662161906971
1	3	3965	1559657662161915148
100	3	3965	1559657662161980929
1	3	3965	1559657662161989210
100	3	3965	1559657662162082021
1	3	3965	1559657662162090094
100	3	3965	1559657662162178583
1	3	3965	1559657662162187124
100	3	3965	1559657662162277384
1	3	3965	1559657662162285613
100	3	3965	1559657662162345873
1	3	3965	1559657662162354310
100	3	3965	1559657662162443580
1	3	3965	1559657662162452017
100	3	3965	1559657662162512329
1	3	3965	1559657662162520506
100	3	3965	1559657662162608578
1	3	3965	1559657662162616703
100	3	3965	1559657662162694306
1	3	3965	1559657662162703160
100	3	3965	1559657662163353622
1	3	3965	1559657662163364195
100	3	3965	1559657662163429507
1	3	3965	1559657662163439194
100	3	3965	1559657662163535287
1	3	3965	1559657662163543307
100	3	3965	1559657662163601119
1	3	3965	1559657662163609348
100	3	3965	1559657662163697733
1	3	3965	1559657662163705441
100	3	3965	1559657662163760284
1	3	3965	1559657662163768930
100	3	3965	1559657662163854658
1	3	3965	1559657662163862783
100	3	3965	1559657662163919397
1	3	3965	1559657662163927678
100	3	3965	1559657662164014656
1	3	3965	1559657662164023042
100	3	3965	1559657662164079291
1	3	3965	1559657662164088458
100	3	3965	1559657662164174603
1	3	3965	1559657662164182728
100	3	3965	1559657662164237519
1	3	3965	1559657662164245539
100	3	3965	1559657662164332361
1	3	3965	1559657662164340486
100	3	3965	1559657662164394392
1	3	3965	1559657662164425329
100	3	3965	1559657662164515745
1	3	3965	1559657662164523870
100	3	3965	1559657662164578400
1	3	3965	1559657662164586681
100	3	3965	1559657662164672722
1	3	3965	1559657662164680899
100	3	3965	1559657662164734544
1	3	3965	1559657662164742826
100	3	3965	1559657662164827877
1	3	3965	1559657662164836158
100	3	3965	1559657662164889907
1	3	3965	1559657662164898032
100	3	3965	1559657662164984750
1	3	3965	1559657662164992927
100	3	3965	1559657662165047354
1	3	3965	1559657662165055478
100	3	3965	1559657662165140477
1	3	3965	1559657662165148446
100	3	3965	1559657662165204175
1	3	3965	1559657662165212508
100	3	3965	1559657662165297820
1	3	3965	1559657662165306153
100	3	3965	1559657662165365371
1	3	3965	1559657662165373548
100	3	3965	1559657662165459224
1	3	3965	1559657662165467401
100	3	3965	1559657662165523130
1	3	3965	1559657662165546827
100	3	3965	1559657662165635420
1	3	3965	1559657662165643441
100	3	3965	1559657662165697555
1	3	3965	1559657662165705523
100	3	3965	1559657662165791356
1	3	3965	1559657662165799533
100	3	3965	1559657662165856303
1	3	3965	1559657662165864532
100	3	3965	1559657662178027524
1	3	3965	1559657662178046795
100	3	3965	1559657662178167419
1	3	3965	1559657662178177731
100	3	3965	1559657662178289917
1	3	3965	1559657662178298459
100	3	3965	1559657662178359239
1	3	3965	1559657662178369135
100	3	3965	1559657662178462155
1	3	3965	1559657662178471009
100	3	3965	1559657662178529967
1	3	3965	1559657662178538873
100	3	3965	1559657662178641163
1	3	3965	1559657662178651320
100	3	3965	1559657662178711423
1	3	3965	1559657662178720277
100	3	3965	1559657662178811995
1	3	3965	1559657662178820172
100	3	3965	1559657662178879650
1	3	3965	1559657662178920379
100	3	3965	1559657662179011941
1	3	3965	1559657662179020430
100	3	3965	1559657662179078398
1	3	3965	1559657662179086731
100	3	3965	1559657662179179699
1	3	3965	1559657662179187876
100	3	3965	1559657662179246209
1	3	3965	1559657662179254490
100	3	3965	1559657662179344333
1	3	3965	1559657662179352562
100	3	3965	1559657662179410582
1	3	3965	1559657662179418915
100	3	3965	1559657662179509175
1	3	3965	1559657662179517248
100	3	3965	1559657662179576153
1	3	3965	1559657662179584382
100	3	3965	1559657662179673600
1	3	3965	1559657662179681725
100	3	3965	1559657662179739797
1	3	3965	1559657662179747922
100	3	3965	1559657662179837765
1	3	3965	1559657662179845838
100	3	3965	1559657662179904483
1	3	3965	1559657662179912608
100	3	3965	1559657662180003024
1	3	3965	1559657662180011148
100	3	3965	1559657662180069273
1	3	3965	1559657662180077294
100	3	3965	1559657662180171720
1	3	3965	1559657662180189115
100	3	3965	1559657662180255156
1	3	3965	1559657662180263125
100	3	3965	1559657662180354374
1	3	3965	1559657662180362395
100	3	3965	1559657662180424165
1	3	3965	1559657662180433019
100	3	3965	1559657662180530049
1	3	3965	1559657662180538018
100	3	3965	1559657662180605204
1	3	3965	1559657662180613538
100	3	3965	1559657662180710985
1	3	3965	1559657662180719109
100	3	3965	1559657662180784161
1	3	3965	1559657662180792546
100	3	3965	1559657662180888743
1	3	3965	1559657662180896972
100	3	3965	1559657662180959784
1	3	3965	1559657662180967961
100	3	3965	1559657662181060825
1	3	3965	1559657662181068897
100	3	3965	1559657662181132282
1	3	3965	1559657662181141240
100	3	3965	1559657662181241760
1	3	3965	1559657662181250041
100	3	3965	1559657662181314988
1	3	3965	1559657662181323061
100	3	3965	1559657662181420039
1	3	3965	1559657662181428216
100	3	3965	1559657662181517017
1	3	3965	1559657662181525194
100	3	3965	1559657662181624360
1	3	3965	1559657662181632433
100	3	3965	1559657662181693891
1	3	3965	1559657662181701963
100	3	3965	1559657662181794671
1	3	3965	1559657662181802639
100	3	3965	1559657662181862691
1	3	3965	1559657662181870868
100	3	3965	1559657662181964773
1	3	3965	1559657662181972742
100	3	3965	1559657662182034616
1	3	3965	1559657662182042845
100	3	3965	1559657662182135396
1	3	3965	1559657662182143625
100	3	3965	1559657662182207895
1	3	3965	1559657662182216124
100	3	3965	1559657662182315759
1	3	3965	1559657662182323884
100	3	3965	1559657662182386852
1	3	3965	1559657662182395029
100	3	3965	1559657662182488830
1	3	3965	1559657662182496955
100	3	3965	1559657662182563933
1	3	3965	1559657662182572943
100	3	3965	1559657662182669505
1	3	3965	1559657662182677630
100	3	3965	1559657662182786691
1	3	3965	1559657662182827524
100	3	3965	1559657662182927471
1	3	3965	1559657662182938304
100	3	3965	1559657662183001324
1	3	3965	1559657662183009345
100	3	3965	1559657662183104188
1	3	3965	1559657662183112260
100	3	3965	1559657662183174239
1	3	3965	1559657662183182468
100	3	3965	1559657662183273925
1	3	3965	1559657662183282154
100	3	3965	1559657662183345279
1	3	3965	1559657662183353560
100	3	3965	1559657662183446111
1	3	3965	1559657662183454444
100	3	3965	1559657662183515694
1	3	3965	1559657662183524079
100	3	3965	1559657662183617255
1	3	3965	1559657662183625484
100	3	3965	1559657662183689442
1	3	3965	1559657662183698192
100	3	3965	1559657662183794232
1	3	3965	1559657662183802305
100	3	3965	1559657662183866679
1	3	3965	1559657662183874804
100	3	3965	1559657662183967824
1	3	3965	1559657662183975897
100	3	3965	1559657662184039021
1	3	3965	1559657662184077875
100	3	3965	1559657662184172926
1	3	3965	1559657662184180999
100	3	3965	1559657662184241831
1	3	3965	1559657662184250061
100	3	3965	1559657662184344226
1	3	3965	1559657662184352299
100	3	3965	1559657662184417090
1	3	3965	1559657662184425371
100	3	3965	1559657662184522037
1	3	3965	1559657662184530057
100	3	3965	1559657662184593963
1	3	3965	1559657662184602036
100	3	3965	1559657662184695837
1	3	3965	1559657662184703962
100	3	3965	1559657662184767503
1	3	3965	1559657662184775576
100	3	3965	1559657662184867398
1	3	3965	1559657662184875418
100	3	3965	1559657662184933230
1	3	3965	1559657662184941407
100	3	3965	1559657662185030885
1	3	3965	1559657662185039167
100	3	3965	1559657662185095937
1	3	3965	1559657662185104218
100	3	3965	1559657662185194165
1	3	3965	1559657662185202029
100	3	3965	1559657662185259893
1	3	3965	1559657662185268435
100	3	3965	1559657662185372288
1	3	3965	1559657662185380569
100	3	3965	1559657662185439527
1	3	3965	1559657662185447808
100	3	3965	1559657662185572442
1	3	3965	1559657662185587025
100	3	3965	1559657662185646191
1	3	3965	1559657662185654524
100	3	3965	1559657662185744107
1	3	3965	1559657662185752284
100	3	3965	1559657662185821293
1	3	3965	1559657662185829522
100	3	3965	1559657662185921709
1	3	3965	1559657662185929834
100	3	3965	1559657662185996916
1	3	3965	1559657662186005250
100	3	3965	1559657662186095717
1	3	3965	1559657662186103999
100	3	3965	1559657662186161550
1	3	3965	1559657662186169935
100	3	3965	1559657662186260351
1	3	3965	1559657662186268424
100	3	3965	1559657662186325923
1	3	3965	1559657662186333944
100	3	3965	1559657662186423891
1	3	3965	1559657662186432120
100	3	3965	1559657662186491546
1	3	3965	1559657662186499828
100	3	3965	1559657662186588629
1	3	3965	1559657662186604514
100	3	3965	1559657662186663315
1	3	3965	1559657662186671440
100	3	3965	1559657662186762637
1	3	3965	1559657662186771023
100	3	3965	1559657662186830866
1	3	3965	1559657662186839095
100	3	3965	1559657662186928938
1	3	3965	1559657662186937115
100	3	3965	1559657662186994926
1	3	3965	1559657662187003155
100	3	3965	1559657662187091800
1	3	3965	1559657662187100290
100	3	3965	1559657662187157268
1	3	3965	1559657662187165237
100	3	3965	1559657662187254507
1	3	3965	1559657662187262736
100	3	3965	1559657662187320235
1	3	3965	1559657662187328569
100	3	3965	1559657662187419088
1	3	3965	1559657662187427213
100	3	3965	1559657662187485650
1	3	3965	1559657662187495702
100	3	3965	1559657662187591534
1	3	3965	1559657662187599868
100	3	3965	1559657662187660544
1	3	3965	1559657662187669138
100	3	3965	1559657662187764970
1	3	3965	1559657662187773147
100	3	3965	1559657662187855177
1	3	3965	1559657662187864969
100	3	3965	1559657662187960176
1	3	3965	1559657662187969187
100	3	3965	1559657662188032415
1	3	3965	1559657662188042207
100	3	3965	1559657662188136945
1	3	3965	1559657662188145018
100	3	3965	1559657662188204601
1	3	3965	1559657662188213038
100	3	3965	1559657662188308245
1	3	3965	1559657662188316474
100	3	3965	1559657662188378036
1	3	3965	1559657662188386265
100	3	3965	1559657662188477514
1	3	3965	1559657662188485848
100	3	3965	1559657662188547045
1	3	3965	1559657662188555899
100	3	3965	1559657662188654127
1	3	3965	1559657662188662200
100	3	3965	1559657662188722876
1	3	3965	1559657662188732095
100	3	3965	1559657662188826104
1	3	3965	1559657662188834281
100	3	3965	1559657662188894281
1	3	3965	1559657662188904228
100	3	3965	1559657662189005217
1	3	3965	1559657662189013654
100	3	3965	1559657662189076622
1	3	3965	1559657662189110476
100	3	3965	1559657662189207975
1	3	3965	1559657662189217246
100	3	3965	1559657662189277922
1	3	3965	1559657662189286047
100	3	3965	1559657662189379744
1	3	3965	1559657662189387921
100	3	3965	1559657662189448233
1	3	3965	1559657662189456410
100	3	3965	1559657662189549690
1	3	3965	1559657662189558180
100	3	3965	1559657662189621200
1	3	3965	1559657662189630054
100	3	3965	1559657662189722657
1	3	3965	1559657662189732553
100	3	3965	1559657662189793542
1	3	3965	1559657662189801667
100	3	3965	1559657662189894582
1	3	3965	1559657662189903124
100	3	3965	1559657662189963956
1	3	3965	1559657662189973123
100	3	3965	1559657662190068435
1	3	3965	1559657662190076716
100	3	3965	1559657662190136663
1	3	3965	1559657662190146871
100	3	3965	1559657662190239058
1	3	3965	1559657662190247235
100	3	3965	1559657662190307442
1	3	3965	1559657662190345463
100	3	3965	1559657662190442701
1	3	3965	1559657662190451451
100	3	3965	1559657662190512909
1	3	3965	1559657662190523221
100	3	3965	1559657662190618012
1	3	3965	1559657662190626501
100	3	3965	1559657662190689105
1	3	3965	1559657662190697646
100	3	3965	1559657662190795197
1	3	3965	1559657662190803426
100	3	3965	1559657662190863999
1	3	3965	1559657662190873530
100	3	3965	1559657662190963737
1	3	3965	1559657662190972175
100	3	3965	1559657662191031549
1	3	3965	1559657662191041653
100	3	3965	1559657662191136392
1	3	3965	1559657662191145350
100	3	3965	1559657662191210141
1	3	3965	1559657662191219151
100	3	3965	1559657662191312692
1	3	3965	1559657662191321129
100	3	3965	1559657662191382431
1	3	3965	1559657662191393264
100	3	3965	1559657662191488419
1	3	3965	1559657662191496700
100	3	3965	1559657662191591647
1	3	3965	1559657662191602272
100	3	3965	1559657662191712010
1	3	3965	1559657662191720500
100	3	3965	1559657662191782010
1	3	3965	1559657662191790864
100	3	3965	1559657662191885081
1	3	3965	1559657662191893363
100	3	3965	1559657662191953831
1	3	3965	1559657662191962060
100	3	3965	1559657662192057319
1	3	3965	1559657662192065288
100	3	3965	1559657662192125495
1	3	3965	1559657662192134245
100	3	3965	1559657662192228307
1	3	3965	1559657662192236848
100	3	3965	1559657662192301118
1	3	3965	1559657662192311431
100	3	3965	1559657662192403097
1	3	3965	1559657662192413409
100	3	3965	1559657662192477367
1	3	3965	1559657662192486741
100	3	3965	1559657662192580803
1	3	3965	1559657662192590542
100	3	3965	1559657662192652365
1	3	3965	1559657662192661375
100	3	3965	1559657662192832519
1	3	3965	1559657662192844081
100	3	3965	1559657662192917310
1	3	3965	1559657662192926476
100	3	3965	1559657662193027361
1	3	3965	1559657662193054964
100	3	3965	1559657662193116891
1	3	3965	1559657662193126891
100	3	3965	1559657662193219546
1	3	3965	1559657662193229754
100	3	3965	1559657662193289597
1	3	3965	1559657662193297878
100	3	3965	1559657662193396471
1	3	3965	1559657662193405273
100	3	3965	1559657662193465637
1	3	3965	1559657662193474283
100	3	3965	1559657662193571678
1	3	3965	1559657662193579907
100	3	3965	1559657662193642770
1	3	3965	1559657662193651260
100	3	3965	1559657662193747040
1	3	3965	1559657662193755946
100	3	3965	1559657662193822456
1	3	3965	1559657662193831258
100	3	3965	1559657662193927507
1	3	3965	1559657662193936153
100	3	3965	1559657662193999017
1	3	3965	1559657662194008131
100	3	3965	1559657662194110213
1	3	3965	1559657662194119172
100	3	3965	1559657662194194535
1	3	3965	1559657662194205264
100	3	3965	1559657662194318544
1	3	3965	1559657662194328128
100	3	3965	1559657662194436876
1	3	3965	1559657662194447189
100	3	3965	1559657662194559479
1	3	3965	1559657662194568125
100	3	3965	1559657662194649322
1	3	3965	1559657662194659218
100	3	3965	1559657662194775675
1	3	3965	1559657662194785518
100	3	3965	1559657662194871038
1	3	3965	1559657662194880101
100	3	3965	1559657662195002183
1	3	3965	1559657662195010620
100	3	3965	1559657662195074630
1	3	3965	1559657662195085984
100	3	3965	1559657662195202597
1	3	3965	1559657662195214108
100	3	3965	1559657662195289732
1	3	3965	1559657662195300304
100	3	3965	1559657662195405772
1	3	3965	1559657662195416189
100	3	3965	1559657662195488271
1	3	3965	1559657662195499156
100	3	3965	1559657662195609468
1	3	3965	1559657662195619884
100	3	3965	1559657662195696967
1	3	3965	1559657662195706967
100	3	3965	1559657662195826653
1	3	3965	1559657662195836497
100	3	3965	1559657662195920194
1	3	3965	1559657662195979307
100	3	3965	1559657662196136650
1	3	3965	1559657662196149670
100	3	3965	1559657662196792372
1	3	3965	1559657662196826746
100	3	3965	1559657662197140336
1	3	3965	1559657662197155909
100	3	3965	1559657662197266793
1	3	3965	1559657662197277991
100	3	3965	1559657662197432677
1	3	3965	1559657662197443094
100	3	3965	1559657662197524499
1	3	3965	1559657662197535124
100	3	3965	1559657662197676320
1	3	3965	1559657662197687726
100	3	3965	1559657662197767517
1	3	3965	1559657662197779340
100	3	3965	1559657662197902932
1	3	3965	1559657662197914807
100	3	3965	1559657662197989858
1	3	3965	1559657662198002671
100	3	3965	1559657662198131211
1	3	3965	1559657662198142565
100	3	3965	1559657662198205689
1	3	3965	1559657662198214856
100	3	3965	1559657662198309647
1	3	3965	1559657662198318292
100	3	3965	1559657662198386000
1	3	3965	1559657662198442822
100	3	3965	1559657662198539488
1	3	3965	1559657662198554800
100	3	3965	1559657662198618602
1	3	3965	1559657662198627768
100	3	3965	1559657662198719746
1	3	3965	1559657662198728288
100	3	3965	1559657662198789381
1	3	3965	1559657662198798079
100	3	3965	1559657662198890474
1	3	3965	1559657662198898963
100	3	3965	1559657662198973025
1	3	3965	1559657662198981462
100	3	3965	1559657662199209689
1	3	3965	1559657662199220835
100	3	3965	1559657662199301094
1	3	3965	1559657662199309740
100	3	3965	1559657662199406041
1	3	3965	1559657662199414582
100	3	3965	1559657662199475363
1	3	3965	1559657662199483644
100	3	3965	1559657662199573383
1	3	3965	1559657662199581456
100	3	3965	1559657662199641143
1	3	3965	1559657662199649215
100	3	3965	1559657662199738902
1	3	3965	1559657662199747339
100	3	3965	1559657662199805047
1	3	3965	1559657662199813276
100	3	3965	1559657662199913744
1	3	3965	1559657662199922025
100	3	3965	1559657662199981139
1	3	3965	1559657662199989368
100	3	3965	1559657662200080252
1	3	3965	1559657662200088481
100	3	3965	1559657662200148064
1	3	3965	1559657662200156293
100	3	3965	1559657662200246500
1	3	3965	1559657662200254886
100	3	3965	1559657662200314468
1	3	3965	1559657662200322958
100	3	3965	1559657662200375978
1	3	3965	1559657662200380197
100	3	3965	1559657662200409936
1	3	3965	1559657662200413947
100	3	3965	1559657662200458425
1	3	3965	1559657662200462644
100	3	3965	1559657662200491862
1	3	3965	1559657662200495873
100	3	3965	1559657662200540924
1	3	3965	1559657662200544935
100	3	3965	1559657662200574778
1	3	3965	1559657662200579205
100	3	3965	1559657662200634725
1	3	3965	1559657662200638788
100	3	3965	1559657662200668423
1	3	3965	1559657662200672642
100	3	3965	1559657662200718735
1	3	3965	1559657662200771443
100	3	3965	1559657662200803421
1	3	3965	1559657662200807796
100	3	3965	1559657662200852588
1	3	3965	1559657662200856910
100	3	3965	1559657662200885660
1	3	3965	1559657662200889879
100	3	3965	1559657662200936076
1	3	3965	1559657662200940139
100	3	3965	1559657662200969930
1	3	3965	1559657662200974774
100	3	3965	1559657662201022221
1	3	3965	1559657662201026388
100	3	3965	1559657662201055346
1	3	3965	1559657662201059460
100	3	3965	1559657662201107429
1	3	3965	1559657662201111543
100	3	3965	1559657662201143782
1	3	3965	1559657662201148105
100	3	3965	1559657662201195865
1	3	3965	1559657662201200032
100	3	3965	1559657662201233104
1	3	3965	1559657662201237271
100	3	3965	1559657662201285708
1	3	3965	1559657662201289822
100	3	3965	1559657662201321072
1	3	3965	1559657662201325499
100	3	3965	1559657662201373519
1	3	3965	1559657662201377894
100	3	3965	1559657662201417529
1	3	3965	1559657662201421748
100	3	3965	1559657662201467008
1	3	3965	1559657662201471018
100	3	3965	1559657662201499872
1	3	3965	1559657662201504091
100	3	3965	1559657662201549455
1	3	3965	1559657662201553570
100	3	3965	1559657662201582371
1	3	3965	1559657662201586590
100	3	3965	1559657662201632996
1	3	3965	1559657662201637058
100	3	3965	1559657662201665912
1	3	3965	1559657662201670131
100	3	3965	1559657662201714714
1	3	3965	1559657662201718776
100	3	3965	1559657662201748567
1	3	3965	1559657662201752682
100	3	3965	1559657662201799921
1	3	3965	1559657662201804036
100	3	3965	1559657662201833202
1	3	3965	1559657662201837525
100	3	3965	1559657662201885858
1	3	3965	1559657662201890128
100	3	3965	1559657662201920909
1	3	3965	1559657662201925545
100	3	3965	1559657662201974294
1	3	3965	1559657662201978357
100	3	3965	1559657662202007940
1	3	3965	1559657662202022210
100	3	3965	1559657662202069918
1	3	3965	1559657662202074241
100	3	3965	1559657662202103251
1	3	3965	1559657662202107522
100	3	3965	1559657662202151948
1	3	3965	1559657662202156115
100	3	3965	1559657662202185958
1	3	3965	1559657662202190125
100	3	3965	1559657662202234656
1	3	3965	1559657662202238927
100	3	3965	1559657662202268510
1	3	3965	1559657662202273197
100	3	3965	1559657662202326686
1	3	3965	1559657662202330957
100	3	3965	1559657662202362519
1	3	3965	1559657662202368248
100	3	3965	1559657662202428560
1	3	3965	1559657662202433820
100	3	3965	1559657662202467622
1	3	3965	1559657662202472518
100	3	3965	1559657662202518819
1	3	3965	1559657662202523142
100	3	3965	1559657662202560590
1	3	3965	1559657662202564809
100	3	3965	1559657662202610016
1	3	3965	1559657662202614183
100	3	3965	1559657662202644443
1	3	3965	1559657662202656943
100	3	3965	1559657662202709651
1	3	3965	1559657662202713817
100	3	3965	1559657662202834337
1	3	3965	1559657662202838451
100	3	3965	1559657662202897097
1	3	3965	1559657662202901211
100	3	3965	1559657662202933450
1	3	3965	1559657662202937565
100	3	3965	1559657662202989387
1	3	3965	1559657662202993502
100	3	3965	1559657662203029751
1	3	3965	1559657662203034126
100	3	3965	1559657662203083970
1	3	3965	1559657662203088084
100	3	3965	1559657662203124021
1	3	3965	1559657662203128500
100	3	3965	1559657662203182927
1	3	3965	1559657662203187093
100	3	3965	1559657662203221937
1	3	3965	1559657662203226051
100	3	3965	1559657662203274228
1	3	3965	1559657662203278290
100	3	3965	1559657662203312561
1	3	3965	1559657662203317925
100	3	3965	1559657662203369800
1	3	3965	1559657662203375425
100	3	3965	1559657662203406049
1	3	3965	1559657662203410268
100	3	3965	1559657662203508079
1	3	3965	1559657662203512663
100	3	3965	1559657662203544902
1	3	3965	1559657662203549121
100	3	3965	1559657662203596568
1	3	3965	1559657662203600631
100	3	3965	1559657662203633495
1	3	3965	1559657662203637713
100	3	3965	1559657662203685786
1	3	3965	1559657662203690109
100	3	3965	1559657662203722817
1	3	3965	1559657662203726983
100	3	3965	1559657662203774170
1	3	3965	1559657662203778389
100	3	3965	1559657662203810732
1	3	3965	1559657662203814795
100	3	3965	1559657662203862034
1	3	3965	1559657662203866044
100	3	3965	1559657662203896513
1	3	3965	1559657662203900784
100	3	3965	1559657662203947762
1	3	3965	1559657662203951877
100	3	3965	1559657662203982814
1	3	3965	1559657662203987033
100	3	3965	1559657662204034324
1	3	3965	1559657662204038386
100	3	3965	1559657662204070625
1	3	3965	1559657662204074792
100	3	3965	1559657662204124583
1	3	3965	1559657662204132083
100	3	3965	1559657662204176145
1	3	3965	1559657662204180416
100	3	3965	1559657662204226978
1	3	3965	1559657662204231092
100	3	3965	1559657662204262498
1	3	3965	1559657662204266717
100	3	3965	1559657662204314060
1	3	3965	1559657662204318175
100	3	3965	1559657662204349581
1	3	3965	1559657662204355310
100	3	3965	1559657662204402028
1	3	3965	1559657662204406090
100	3	3965	1559657662204436611
1	3	3965	1559657662204440726
100	3	3965	1559657662204487600
1	3	3965	1559657662204491715
100	3	3965	1559657662204522756
1	3	3965	1559657662204526923
100	3	3965	1559657662204574057
1	3	3965	1559657662204578068
100	3	3965	1559657662204608745
1	3	3965	1559657662204613172
100	3	3965	1559657662204662025
1	3	3965	1559657662204666088
100	3	3965	1559657662204707598
1	3	3965	1559657662204712650
100	3	3965	1559657662204762753
1	3	3965	1559657662204766868
100	3	3965	1559657662204820305
1	3	3965	1559657662204825669
100	3	3965	1559657662204873950
1	3	3965	1559657662204878065
100	3	3965	1559657662204911189
1	3	3965	1559657662204916658
100	3	3965	1559657662204963376
1	3	3965	1559657662204967439
100	3	3965	1559657662205000199
1	3	3965	1559657662205004469
100	3	3965	1559657662205053271
1	3	3965	1559657662205057385
100	3	3965	1559657662205090510
1	3	3965	1559657662205094625
100	3	3965	1559657662205142489
1	3	3965	1559657662205146655
100	3	3965	1559657662205178165
1	3	3965	1559657662205182540
100	3	3965	1559657662205230092
1	3	3965	1559657662205234259
100	3	3965	1559657662205266289
1	3	3965	1559657662205270456
100	3	3965	1559657662205317278
1	3	3965	1559657662205321497
100	3	3965	1559657662205355403
1	3	3965	1559657662205361288
100	3	3965	1559657662205407902
1	3	3965	1559657662205434621
100	3	3965	1559657662205467902
1	3	3965	1559657662205472641
100	3	3965	1559657662205523005
1	3	3965	1559657662205527432
100	3	3965	1559657662205573578
1	3	3965	1559657662205577744
100	3	3965	1559657662205628317
1	3	3965	1559657662205632431
100	3	3965	1559657662205668264
1	3	3965	1559657662205672379
100	3	3965	1559657662205719670
1	3	3965	1559657662205723837
100	3	3965	1559657662205755711
1	3	3965	1559657662205759826
100	3	3965	1559657662205807638
1	3	3965	1559657662205811700
100	3	3965	1559657662205844252
1	3	3965	1559657662205848783
100	3	3965	1559657662205895918
1	3	3965	1559657662205900033
100	3	3965	1559657662205932376
1	3	3965	1559657662205938522
100	3	3965	1559657662205985240
1	3	3965	1559657662205989459
100	3	3965	1559657662206022323
1	3	3965	1559657662206026489
100	3	3965	1559657662206073364
1	3	3965	1559657662206077531
100	3	3965	1559657662206111020
1	3	3965	1559657662206133728
100	3	3965	1559657662206184352
1	3	3965	1559657662206188884
100	3	3965	1559657662206220029
1	3	3965	1559657662206224352
100	3	3965	1559657662206272060
1	3	3965	1559657662206276174
100	3	3965	1559657662206308518
1	3	3965	1559657662206312632
100	3	3965	1559657662206364246
1	3	3965	1559657662206368517
100	3	3965	1559657662206402579
1	3	3965	1559657662206406746
100	3	3965	1559657662206455912
1	3	3965	1559657662206460235
100	3	3965	1559657662206492422
1	3	3965	1559657662206496589
100	3	3965	1559657662206544609
1	3	3965	1559657662206548828
100	3	3965	1559657662206580233
1	3	3965	1559657662206584400
100	3	3965	1559657662206631431
1	3	3965	1559657662206635702
100	3	3965	1559657662206666587
1	3	3965	1559657662206671066
100	3	3965	1559657662206718669
1	3	3965	1559657662206723982
100	3	3965	1559657662206754607
1	3	3965	1559657662206758981
100	3	3965	1559657662206822314
1	3	3965	1559657662206827679
100	3	3965	1559657662206858303
1	3	3965	1559657662206862522
100	3	3965	1559657662206911949
1	3	3965	1559657662206916167
100	3	3965	1559657662206947261
1	3	3965	1559657662206951427
100	3	3965	1559657662207000177
1	3	3965	1559657662207004291
100	3	3965	1559657662207034916
1	3	3965	1559657662207039187
100	3	3965	1559657662207088197
1	3	3965	1559657662207092155
100	3	3965	1559657662207122519
1	3	3965	1559657662207126686
100	3	3965	1559657662207173092
1	3	3965	1559657662207177258
100	3	3965	1559657662207208560
1	3	3965	1559657662207212831
100	3	3965	1559657662207261788
1	3	3965	1559657662207265955
100	3	3965	1559657662207296996
1	3	3965	1559657662207301892
100	3	3965	1559657662207355694
1	3	3965	1559657662207360642
100	3	3965	1559657662207399964
1	3	3965	1559657662207404027
100	3	3965	1559657662207452516
1	3	3965	1559657662207469599
100	3	3965	1559657662207515067
1	3	3965	1559657662207519442
100	3	3965	1559657662207567931
1	3	3965	1559657662207572098
100	3	3965	1559657662207604649
1	3	3965	1559657662207608764
100	3	3965	1559657662207657826
1	3	3965	1559657662207661888
100	3	3965	1559657662207692930
1	3	3965	1559657662207697044
100	3	3965	1559657662207746887
1	3	3965	1559657662207751054
100	3	3965	1559657662207782199
1	3	3965	1559657662207786470
100	3	3965	1559657662207835376
1	3	3965	1559657662207839543
100	3	3965	1559657662207870896
1	3	3965	1559657662207875063
100	3	3965	1559657662207922302
1	3	3965	1559657662207926417
100	3	3965	1559657662207959125
1	3	3965	1559657662207963343
100	3	3965	1559657662208011364
1	3	3965	1559657662208015478
100	3	3965	1559657662208051728
1	3	3965	1559657662208055842
100	3	3965	1559657662208104748
1	3	3965	1559657662208108810
100	3	3965	1559657662208161466
1	3	3965	1559657662208165789
100	3	3965	1559657662208215111
1	3	3965	1559657662208219226
100	3	3965	1559657662208250007
1	3	3965	1559657662208254173
100	3	3965	1559657662208302975
1	3	3965	1559657662208307142
100	3	3965	1559657662208337714
1	3	3965	1559657662208341933
100	3	3965	1559657662208393078
1	3	3965	1559657662208397297
100	3	3965	1559657662208428599
1	3	3965	1559657662208432817
100	3	3965	1559657662208488390
1	3	3965	1559657662208492556
100	3	3965	1559657662208525368
1	3	3965	1559657662208531306
100	3	3965	1559657662208579170
1	3	3965	1559657662208583389
100	3	3965	1559657662208626044
1	3	3965	1559657662208630263
100	3	3965	1559657662208679013
1	3	3965	1559657662208683127
100	3	3965	1559657662208718752
1	3	3965	1559657662208722866
100	3	3965	1559657662208772866
1	3	3965	1559657662208776980
100	3	3965	1559657662208808386
1	3	3965	1559657662208830053
100	3	3965	1559657662208881771
1	3	3965	1559657662208888333
100	3	3965	1559657662208919270
1	3	3965	1559657662208923437
100	3	3965	1559657662208971145
1	3	3965	1559657662208975259
100	3	3965	1559657662209007447
1	3	3965	1559657662209011457
100	3	3965	1559657662209063019
1	3	3965	1559657662209067081
100	3	3965	1559657662209097810
1	3	3965	1559657662209101977
100	3	3965	1559657662209149893
1	3	3965	1559657662209154216
100	3	3965	1559657662209185101
1	3	3965	1559657662209189267
100	3	3965	1559657662209236767
1	3	3965	1559657662209240829
100	3	3965	1559657662209271089
1	3	3965	1559657662209275360
100	3	3965	1559657662209325933
1	3	3965	1559657662209330412
100	3	3965	1559657662209361193
1	3	3965	1559657662209365359
100	3	3965	1559657662209412234
1	3	3965	1559657662209416505
100	3	3965	1559657662209446973
1	3	3965	1559657662209463275
100	3	3965	1559657662209511295
1	3	3965	1559657662209515566
100	3	3965	1559657662209548482
1	3	3965	1559657662209553482
100	3	3965	1559657662209600513
1	3	3965	1559657662209604627
100	3	3965	1559657662209637960
1	3	3965	1559657662209642440
100	3	3965	1559657662209693741
1	3	3965	1559657662209697804
100	3	3965	1559657662209728272
1	3	3965	1559657662209732491
100	3	3965	1559657662209780251
1	3	3965	1559657662209784365
100	3	3965	1559657662209815406
1	3	3965	1559657662209820458
100	3	3965	1559657662209868427
1	3	3965	1559657662209872645
100	3	3965	1559657662209903635
1	3	3965	1559657662209907853
100	3	3965	1559657662209954832
1	3	3965	1559657662209959103
100	3	3965	1559657662209990248
1	3	3965	1559657662209994415
100	3	3965	1559657662210042071
1	3	3965	1559657662210046237
100	3	3965	1559657662210077487
1	3	3965	1559657662210081601
100	3	3965	1559657662210150194
1	3	3965	1559657662210155194
100	3	3965	1559657662210193423
1	3	3965	1559657662210197902
100	3	3965	1559657662210254568
1	3	3965	1559657662210258735
100	3	3965	1559657662210289724
1	3	3965	1559657662210293891
100	3	3965	1559657662210341390
1	3	3965	1559657662210345557
100	3	3965	1559657662210378265
1	3	3965	1559657662210382431
100	3	3965	1559657662210432066
1	3	3965	1559657662210436181
100	3	3965	1559657662210468264
1	3	3965	1559657662210472483
100	3	3965	1559657662210522899
1	3	3965	1559657662210527065
100	3	3965	1559657662210560711
1	3	3965	1559657662210564930
100	3	3965	1559657662210619512
1	3	3965	1559657662210623627
100	3	3965	1559657662210660293
1	3	3965	1559657662210664616
100	3	3965	1559657662210713782
1	3	3965	1559657662210717897
100	3	3965	1559657662210748677
1	3	3965	1559657662210753782
100	3	3965	1559657662210800656
1	3	3965	1559657662210829197
100	3	3965	1559657662210862739
1	3	3965	1559657662210866905
100	3	3965	1559657662210914249
1	3	3965	1559657662210918519
100	3	3965	1559657662210950394
1	3	3965	1559657662210955029
100	3	3965	1559657662211013310
1	3	3965	1559657662211018622
100	3	3965	1559657662211058414
1	3	3965	1559657662211064143
100	3	3965	1559657662211121590
1	3	3965	1559657662211125705
100	3	3965	1559657662211159090
1	3	3965	1559657662211163308
100	3	3965	1559657662211212006
1	3	3965	1559657662211216224
100	3	3965	1559657662211248203
1	3	3965	1559657662211252318
100	3	3965	1559657662211300338
1	3	3965	1559657662211304557
100	3	3965	1559657662211338984
1	3	3965	1559657662211343254
100	3	3965	1559657662211392941
1	3	3965	1559657662211401431
100	3	3965	1559657662211437212
1	3	3965	1559657662211441899
100	3	3965	1559657662211493513
1	3	3965	1559657662211497888
100	3	3965	1559657662211564398
1	3	3965	1559657662211570023
100	3	3965	1559657662211628199
1	3	3965	1559657662211632418
100	3	3965	1559657662211672990
1	3	3965	1559657662211677261
100	3	3965	1559657662211726063
1	3	3965	1559657662211730229
100	3	3965	1559657662211761271
1	3	3965	1559657662211765489
100	3	3965	1559657662211818041
1	3	3965	1559657662211822155
100	3	3965	1559657662211853301
1	3	3965	1559657662211857467
100	3	3965	1559657662211908925
1	3	3965	1559657662211913040
100	3	3965	1559657662211944394
1	3	3965	1559657662211948560
100	3	3965	1559657662211995799
1	3	3965	1559657662211999966
100	3	3965	1559657662212035070
1	3	3965	1559657662212039184
100	3	3965	1559657662212086215
1	3	3965	1559657662212090330
100	3	3965	1559657662212121631
1	3	3965	1559657662212125798
100	3	3965	1559657662212174027
1	3	3965	1559657662212178089
100	3	3965	1559657662212208714
1	3	3965	1559657662212223818
100	3	3965	1559657662212271630
1	3	3965	1559657662212275848
100	3	3965	1559657662212309338
1	3	3965	1559657662212313973
100	3	3965	1559657662212370274
1	3	3965	1559657662212374389
100	3	3965	1559657662212407253
1	3	3965	1559657662212411420
100	3	3965	1559657662212457721
1	3	3965	1559657662212461940
100	3	3965	1559657662212492981
1	3	3965	1559657662212497200
100	3	3965	1559657662212546470
1	3	3965	1559657662212550585
100	3	3965	1559657662212584960
1	3	3965	1559657662212591105
100	3	3965	1559657662212638344
1	3	3965	1559657662212642563
100	3	3965	1559657662212676000
1	3	3965	1559657662212680219
100	3	3965	1559657662212769905
1	3	3965	1559657662212774437
100	3	3965	1559657662212832353
1	3	3965	1559657662212836676
100	3	3965	1559657662212885269
1	3	3965	1559657662212889435
100	3	3965	1559657662212921623
1	3	3965	1559657662212941362
100	3	3965	1559657662212989695
1	3	3965	1559657662212994122
100	3	3965	1559657662213025840
1	3	3965	1559657662213030007
100	3	3965	1559657662213079537
1	3	3965	1559657662213084485
100	3	3965	1559657662213120370
1	3	3965	1559657662213124641
100	3	3965	1559657662213172661
1	3	3965	1559657662213176828
100	3	3965	1559657662213208963
1	3	3965	1559657662213213234
100	3	3965	1559657662213259640
1	3	3965	1559657662213263858
100	3	3965	1559657662213295889
1	3	3965	1559657662213300108
100	3	3965	1559657662213346566
1	3	3965	1559657662213350785
100	3	3965	1559657662213381097
1	3	3965	1559657662213385420
100	3	3965	1559657662213432763
1	3	3965	1559657662213436929
100	3	3965	1559657662213469742
1	3	3965	1559657662213473856
100	3	3965	1559657662213522606
1	3	3965	1559657662213526772
100	3	3965	1559657662213559584
1	3	3965	1559657662213577657
100	3	3965	1559657662213625573
1	3	3965	1559657662213629948
100	3	3965	1559657662213661198
1	3	3965	1559657662213665469
100	3	3965	1559657662213715728
1	3	3965	1559657662213719947
100	3	3965	1559657662213751561
1	3	3965	1559657662213755780
100	3	3965	1559657662213802655
1	3	3965	1559657662213806665
100	3	3965	1559657662213837654
1	3	3965	1559657662213841821
100	3	3965	1559657662213889060
1	3	3965	1559657662213893174
100	3	3965	1559657662213924216
1	3	3965	1559657662213928382
100	3	3965	1559657662213977340
1	3	3965	1559657662213981507
100	3	3965	1559657662214012600
1	3	3965	1559657662214016819
100	3	3965	1559657662214063954
1	3	3965	1559657662214068068
100	3	3965	1559657662214101818
1	3	3965	1559657662214106141
100	3	3965	1559657662214156765
1	3	3965	1559657662214160932
100	3	3965	1559657662214191869
1	3	3965	1559657662214196036
100	3	3965	1559657662214270149
1	3	3965	1559657662214274785
100	3	3965	1559657662214312441
1	3	3965	1559657662214316555
100	3	3965	1559657662214367909
1	3	3965	1559657662214372023
100	3	3965	1559657662214403221
1	3	3965	1559657662214407440
100	3	3965	1559657662214455564
1	3	3965	1559657662214459627
100	3	3965	1559657662214490095
1	3	3965	1559657662214494262
100	3	3965	1559657662214541032
1	3	3965	1559657662214545199
100	3	3965	1559657662214575823
1	3	3965	1559657662214580042
100	3	3965	1559657662214630041
1	3	3965	1559657662214634104
100	3	3965	1559657662214675978
1	3	3965	1559657662214680145
100	3	3965	1559657662214738165
1	3	3965	1559657662214742384
100	3	3965	1559657662214783790
1	3	3965	1559657662214788060
100	3	3965	1559657662214842070
1	3	3965	1559657662214846549
100	3	3965	1559657662214883216
1	3	3965	1559657662214888111
100	3	3965	1559657662214944413
1	3	3965	1559657662214951861
100	3	3965	1559657662215011548
1	3	3965	1559657662215015870
100	3	3965	1559657662215068214
1	3	3965	1559657662215072641
100	3	3965	1559657662215108474
1	3	3965	1559657662215112744
100	3	3965	1559657662215168577
1	3	3965	1559657662215172900
100	3	3965	1559657662215207535
1	3	3965	1559657662215211754
100	3	3965	1559657662215265451
1	3	3965	1559657662215269566
100	3	3965	1559657662215304774
1	3	3965	1559657662215309044
100	3	3965	1559657662215362429
1	3	3965	1559657662215366492
100	3	3965	1559657662215403314
1	3	3965	1559657662215407481
100	3	3965	1559657662215460032
1	3	3965	1559657662215464095
100	3	3965	1559657662215500136
1	3	3965	1559657662215504303
100	3	3965	1559657662215554979
1	3	3965	1559657662215559094
100	3	3965	1559657662215594562
1	3	3965	1559657662215598729
100	3	3965	1559657662215655551
1	3	3965	1559657662215659770
100	3	3965	1559657662215724457
1	3	3965	1559657662215728831
100	3	3965	1559657662215779248
1	3	3965	1559657662215783414
100	3	3965	1559657662215820289
1	3	3965	1559657662215824612
100	3	3965	1559657662215880132
1	3	3965	1559657662215884246
100	3	3965	1559657662215920704
1	3	3965	1559657662215924871
100	3	3965	1559657662215982162
1	3	3965	1559657662215986277
100	3	3965	1559657662216023255
1	3	3965	1559657662216027370
100	3	3965	1559657662216081276
1	3	3965	1559657662216085442
100	3	3965	1559657662216119973
1	3	3965	1559657662216124088
100	3	3965	1559657662216175858
1	3	3965	1559657662216180024
100	3	3965	1559657662216214295
1	3	3965	1559657662216218462
100	3	3965	1559657662216279086
1	3	3965	1559657662216283148
100	3	3965	1559657662216316794
1	3	3965	1559657662216321065
100	3	3965	1559657662216371949
1	3	3965	1559657662216376064
100	3	3965	1559657662216410230
1	3	3965	1559657662216439605
100	3	3965	1559657662216492417
1	3	3965	1559657662216496636
100	3	3965	1559657662216531010
1	3	3965	1559657662216535385
100	3	3965	1559657662216584708
1	3	3965	1559657662216588874
100	3	3965	1559657662216622155
1	3	3965	1559657662216626426
100	3	3965	1559657662216678509
1	3	3965	1559657662216682571
100	3	3965	1559657662216717154
1	3	3965	1559657662216721321
100	3	3965	1559657662216771945
1	3	3965	1559657662216776112
100	3	3965	1559657662216811268
1	3	3965	1559657662216815486
100	3	3965	1559657662216868298
1	3	3965	1559657662216872465
100	3	3965	1559657662216907829
1	3	3965	1559657662216911996
100	3	3965	1559657662216963714
1	3	3965	1559657662216967776
100	3	3965	1559657662217003193
1	3	3965	1559657662217007515
100	3	3965	1559657662217063504
1	3	3965	1559657662217067567
100	3	3965	1559657662217105275
1	3	3965	1559657662217141629
100	3	3965	1559657662217196784
1	3	3965	1559657662217201784
100	3	3965	1559657662217238659
1	3	3965	1559657662217242877
100	3	3965	1559657662217300741
1	3	3965	1559657662217304960
100	3	3965	1559657662217342199
1	3	3965	1559657662217346574
100	3	3965	1559657662217404542
1	3	3965	1559657662217408657
100	3	3965	1559657662217446417
1	3	3965	1559657662217450636
100	3	3965	1559657662217508083
1	3	3965	1559657662217512249
100	3	3965	1559657662217549853
1	3	3965	1559657662217553916
100	3	3965	1559657662217611728
1	3	3965	1559657662217615946
100	3	3965	1559657662217652717
1	3	3965	1559657662217656831
100	3	3965	1559657662217714539
1	3	3965	1559657662217723237
100	3	3965	1559657662217762559
1	3	3965	1559657662217767090
100	3	3965	1559657662217820059
1	3	3965	1559657662217824434
100	3	3965	1559657662217861360
1	3	3965	1559657662217866308
100	3	3965	1559657662217952505
1	3	3965	1559657662217956880
100	3	3965	1559657662217993859
1	3	3965	1559657662217998130
100	3	3965	1559657662218046098
1	3	3965	1559657662218050264
100	3	3965	1559657662218081202
1	3	3965	1559657662218085420
100	3	3965	1559657662218134170
1	3	3965	1559657662218138336
100	3	3965	1559657662218169794
1	3	3965	1559657662218174013
100	3	3965	1559657662218221044
1	3	3965	1559657662218225263
100	3	3965	1559657662218256043
1	3	3965	1559657662218260210
100	3	3965	1559657662218307189
1	3	3965	1559657662218311355
100	3	3965	1559657662218345053
1	3	3965	1559657662218349272
100	3	3965	1559657662218395990
1	3	3965	1559657662218400052
100	3	3965	1559657662218431250
1	3	3965	1559657662218435469
100	3	3965	1559657662218484166
1	3	3965	1559657662218488281
100	3	3965	1559657662218534009
1	3	3965	1559657662218541665
100	3	3965	1559657662218597602
1	3	3965	1559657662218601769
100	3	3965	1559657662218632498
1	3	3965	1559657662218636664
100	3	3965	1559657662218683487
1	3	3965	1559657662218687601
100	3	3965	1559657662218717861
1	3	3965	1559657662218722028
100	3	3965	1559657662218768277
1	3	3965	1559657662218772496
100	3	3965	1559657662218803433
1	3	3965	1559657662218807652
100	3	3965	1559657662218854266
1	3	3965	1559657662218858381
100	3	3965	1559657662218888745
1	3	3965	1559657662218893016
100	3	3965	1559657662218941401
1	3	3965	1559657662218945515
100	3	3965	1559657662218977754
1	3	3965	1559657662218982077
100	3	3965	1559657662219028743
1	3	3965	1559657662219032910
100	3	3965	1559657662219063535
1	3	3965	1559657662219067753
100	3	3965	1559657662219115826
1	3	3965	1559657662219119992
100	3	3965	1559657662219150513
1	3	3965	1559657662219154732
100	3	3965	1559657662219200981
1	3	3965	1559657662219206033
100	3	3965	1559657662219250356
1	3	3965	1559657662219254678
100	3	3965	1559657662219301345
1	3	3965	1559657662219305511
100	3	3965	1559657662219336344
1	3	3965	1559657662219340511
100	3	3965	1559657662219388219
1	3	3965	1559657662219392333
100	3	3965	1559657662219422749
1	3	3965	1559657662219426916
100	3	3965	1559657662219473270
1	3	3965	1559657662219477384
100	3	3965	1559657662219507592
1	3	3965	1559657662219511811
100	3	3965	1559657662219558321
1	3	3965	1559657662219562488
100	3	3965	1559657662219592904
1	3	3965	1559657662219597123
100	3	3965	1559657662219643424
1	3	3965	1559657662219647591
100	3	3965	1559657662219677903
1	3	3965	1559657662219682070
100	3	3965	1559657662219728579
1	3	3965	1559657662219732694
100	3	3965	1559657662219763162
1	3	3965	1559657662219767329
100	3	3965	1559657662219813683
1	3	3965	1559657662219817797
100	3	3965	1559657662219856286
1	3	3965	1559657662219860557
100	3	3965	1559657662219908682
1	3	3965	1559657662219912744
100	3	3965	1559657662219943213
1	3	3965	1559657662219947483
100	3	3965	1559657662219994254
1	3	3965	1559657662219998368
100	3	3965	1559657662220029357
1	3	3965	1559657662220033524
100	3	3965	1559657662220081232
1	3	3965	1559657662220085398
100	3	3965	1559657662220115763
1	3	3965	1559657662220119877
100	3	3965	1559657662220166387
1	3	3965	1559657662220170554
100	3	3965	1559657662220200918
1	3	3965	1559657662220205137
100	3	3965	1559657662220251855
1	3	3965	1559657662220256126
100	3	3965	1559657662220286594
1	3	3965	1559657662220290761
100	3	3965	1559657662220337271
1	3	3965	1559657662220341489
100	3	3965	1559657662220371958
1	3	3965	1559657662220376020
100	3	3965	1559657662220424457
1	3	3965	1559657662220428676
100	3	3965	1559657662220459144
1	3	3965	1559657662220470498
100	3	3965	1559657662220517998
1	3	3965	1559657662220522321
100	3	3965	1559657662220552789
1	3	3965	1559657662220556904
100	3	3965	1559657662220603830
1	3	3965	1559657662220607945
100	3	3965	1559657662220638517
1	3	3965	1559657662220642632
100	3	3965	1559657662220688725
1	3	3965	1559657662220692840
100	3	3965	1559657662220723204
1	3	3965	1559657662220727266
100	3	3965	1559657662220773776
1	3	3965	1559657662220777943
100	3	3965	1559657662220813151
1	3	3965	1559657662220817318
100	3	3965	1559657662220863567
1	3	3965	1559657662220867786
100	3	3965	1559657662220898306
1	3	3965	1559657662220902473
100	3	3965	1559657662220948827
1	3	3965	1559657662220952941
100	3	3965	1559657662220983253
1	3	3965	1559657662220987472
100	3	3965	1559657662221033878
1	3	3965	1559657662221038044
100	3	3965	1559657662221069294
1	3	3965	1559657662221081742
100	3	3965	1559657662221129502
1	3	3965	1559657662221133825
100	3	3965	1559657662221164345
1	3	3965	1559657662221168616
100	3	3965	1559657662221215334
1	3	3965	1559657662221219501
100	3	3965	1559657662221250490
1	3	3965	1559657662221254604
100	3	3965	1559657662221300958
1	3	3965	1559657662221305125
100	3	3965	1559657662221335645
1	3	3965	1559657662221339864
100	3	3965	1559657662221386270
1	3	3965	1559657662221390332
100	3	3965	1559657662221420696
1	3	3965	1559657662221424915
100	3	3965	1559657662221472154
1	3	3965	1559657662221476373
100	3	3965	1559657662221506789
1	3	3965	1559657662221510852
100	3	3965	1559657662221556997
1	3	3965	1559657662221561059
100	3	3965	1559657662221591476
1	3	3965	1559657662221595694
100	3	3965	1559657662221641944
1	3	3965	1559657662221646059
100	3	3965	1559657662221676371
1	3	3965	1559657662221680485
100	3	3965	1559657662221739599
1	3	3965	1559657662221743974
100	3	3965	1559657662221774443
1	3	3965	1559657662221778609
100	3	3965	1559657662221825432
1	3	3965	1559657662221829598
100	3	3965	1559657662221860015
1	3	3965	1559657662221864233
100	3	3965	1559657662221910847
1	3	3965	1559657662221914962
100	3	3965	1559657662221945482
1	3	3965	1559657662221949753
100	3	3965	1559657662221996367
1	3	3965	1559657662222000586
100	3	3965	1559657662222030950
1	3	3965	1559657662222035065
100	3	3965	1559657662222081939
1	3	3965	1559657662222085950
100	3	3965	1559657662222116939
1	3	3965	1559657662222121314
100	3	3965	1559657662222168084
1	3	3965	1559657662222172251
100	3	3965	1559657662222202302
1	3	3965	1559657662222206521
100	3	3965	1559657662222252719
1	3	3965	1559657662222256937
100	3	3965	1559657662222287562
1	3	3965	1559657662222291729
100	3	3965	1559657662222338134
1	3	3965	1559657662222349749
100	3	3965	1559657662222380894
1	3	3965	1559657662222385113
100	3	3965	1559657662222431362
1	3	3965	1559657662222435529
100	3	3965	1559657662222465997
1	3	3965	1559657662222470268
100	3	3965	1559657662222516987
1	3	3965	1559657662222521153
100	3	3965	1559657662222551465
1	3	3965	1559657662222555684
100	3	3965	1559657662222602402
1	3	3965	1559657662222606517
100	3	3965	1559657662222636933
1	3	3965	1559657662222641100
100	3	3965	1559657662222688339
1	3	3965	1559657662222692453
100	3	3965	1559657662222722818
1	3	3965	1559657662222727036
100	3	3965	1559657662222807973
1	3	3965	1559657662222812192
100	3	3965	1559657662222841150
1	3	3965	1559657662222845473
100	3	3965	1559657662222890212
1	3	3965	1559657662222894326
100	3	3965	1559657662222923024
1	3	3965	1559657662222927086
100	3	3965	1559657662222971200
1	3	3965	1559657662222975263
100	3	3965	1559657662223011929
1	3	3965	1559657662223016252
100	3	3965	1559657662223061616
1	3	3965	1559657662223065678
100	3	3965	1559657662223094220
1	3	3965	1559657662223098386
100	3	3965	1559657662223142709
1	3	3965	1559657662223146875
100	3	3965	1559657662223176198
1	3	3965	1559657662223180469
100	3	3965	1559657662223225000
1	3	3965	1559657662223229218
100	3	3965	1559657662223258020
1	3	3965	1559657662223262187
100	3	3965	1559657662223306457
1	3	3965	1559657662223310572
100	3	3965	1559657662223339790
1	3	3965	1559657662223344061
100	3	3965	1559657662223388227
1	3	3965	1559657662223394008
100	3	3965	1559657662223422758
1	3	3965	1559657662223427029
100	3	3965	1559657662223471924
1	3	3965	1559657662223476351
100	3	3965	1559657662223505205
1	3	3965	1559657662223509528
100	3	3965	1559657662223554684
1	3	3965	1559657662223558902
100	3	3965	1559657662223591037
1	3	3965	1559657662223602600
100	3	3965	1559657662223648068
1	3	3965	1559657662223652339
100	3	3965	1559657662223681193
1	3	3965	1559657662223685307
100	3	3965	1559657662223729838
1	3	3965	1559657662223734004
100	3	3965	1559657662223762494
1	3	3965	1559657662223766660
100	3	3965	1559657662223811035
1	3	3965	1559657662223815202
100	3	3965	1559657662223843951
1	3	3965	1559657662223848170
100	3	3965	1559657662223892544
1	3	3965	1559657662223896659
100	3	3965	1559657662223924992
1	3	3965	1559657662223929211
100	3	3965	1559657662223973637
1	3	3965	1559657662223977804
100	3	3965	1559657662224006137
1	3	3965	1559657662224010356
100	3	3965	1559657662224055511
1	3	3965	1559657662224059730
100	3	3965	1559657662224088480
1	3	3965	1559657662224092698
100	3	3965	1559657662224136969
1	3	3965	1559657662224141031
100	3	3965	1559657662224169573
1	3	3965	1559657662224181187
100	3	3965	1559657662224227801
1	3	3965	1559657662224232176
100	3	3965	1559657662224261030
1	3	3965	1559657662224265197
100	3	3965	1559657662224309519
1	3	3965	1559657662224313634
100	3	3965	1559657662224342019
1	3	3965	1559657662224346289
100	3	3965	1559657662224390664
1	3	3965	1559657662224394779
100	3	3965	1559657662224423320
1	3	3965	1559657662224427486
100	3	3965	1559657662224471809
1	3	3965	1559657662224475923
100	3	3965	1559657662224504725
1	3	3965	1559657662224508944
100	3	3965	1559657662224553943
1	3	3965	1559657662224558266
100	3	3965	1559657662224587016
1	3	3965	1559657662224591235
100	3	3965	1559657662224635193
1	3	3965	1559657662224639307
100	3	3965	1559657662224667536
1	3	3965	1559657662224671755
100	3	3965	1559657662224716129
1	3	3965	1559657662224720244
100	3	3965	1559657662224748785
1	3	3965	1559657662224760295
100	3	3965	1559657662224805712
1	3	3965	1559657662224810139
100	3	3965	1559657662224838576
1	3	3965	1559657662224842742
100	3	3965	1559657662224887742
1	3	3965	1559657662224891804
100	3	3965	1559657662224920658
1	3	3965	1559657662224924981
100	3	3965	1559657662224969460
1	3	3965	1559657662224973678
100	3	3965	1559657662225002376
1	3	3965	1559657662225006543
100	3	3965	1559657662225051178
1	3	3965	1559657662225055292
100	3	3965	1559657662225084042
1	3	3965	1559657662225088261
100	3	3965	1559657662225132948
1	3	3965	1559657662225137114
100	3	3965	1559657662225165603
1	3	3965	1559657662225169822
100	3	3965	1559657662225214353
1	3	3965	1559657662225218520
100	3	3965	1559657662225248155
1	3	3965	1559657662225252373
100	3	3965	1559657662225296644
1	3	3965	1559657662225300706
100	3	3965	1559657662225329508
1	3	3965	1559657662225333727
100	3	3965	1559657662225386434
1	3	3965	1559657662225390653
100	3	3965	1559657662225419351
1	3	3965	1559657662225423569
100	3	3965	1559657662225467944
1	3	3965	1559657662225472163
100	3	3965	1559657662225500704
1	3	3965	1559657662225504818
100	3	3965	1559657662225550026
1	3	3965	1559657662225554245
100	3	3965	1559657662225582526
1	3	3965	1559657662225586797
100	3	3965	1559657662225630859
1	3	3965	1559657662225635025
100	3	3965	1559657662225663775
1	3	3965	1559657662225668046
100	3	3965	1559657662225713150
1	3	3965	1559657662225717368
100	3	3965	1559657662225746118
1	3	3965	1559657662225750389
100	3	3965	1559657662225794607
1	3	3965	1559657662225798774
100	3	3965	1559657662225827523
1	3	3965	1559657662225831690
100	3	3965	1559657662225875856
1	3	3965	1559657662225879971
100	3	3965	1559657662225908408
1	3	3965	1559657662225912418
100	3	3965	1559657662225956376
1	3	3965	1559657662225961324
100	3	3965	1559657662225997105
1	3	3965	1559657662226001428
100	3	3965	1559657662226045802
1	3	3965	1559657662226049813
100	3	3965	1559657662226078406
1	3	3965	1559657662226082625
100	3	3965	1559657662226126947
1	3	3965	1559657662226131010
100	3	3965	1559657662226159499
1	3	3965	1559657662226163665
100	3	3965	1559657662226208457
1	3	3965	1559657662226212519
100	3	3965	1559657662226241269
1	3	3965	1559657662226245540
100	3	3965	1559657662226291372
1	3	3965	1559657662226295487
100	3	3965	1559657662226325070
1	3	3965	1559657662226329289
100	3	3965	1559657662226373872
1	3	3965	1559657662226378038
100	3	3965	1559657662226406527
1	3	3965	1559657662226410798
100	3	3965	1559657662226455329
1	3	3965	1559657662226459496
100	3	3965	1559657662226488245
1	3	3965	1559657662226492308
100	3	3965	1559657662226536526
1	3	3965	1559657662226540588
100	3	3965	1559657662226582203
1	3	3965	1559657662226586525
100	3	3965	1559657662226631577
1	3	3965	1559657662226635796
100	3	3965	1559657662226664962
1	3	3965	1559657662226669129
100	3	3965	1559657662226713920
1	3	3965	1559657662226718139
100	3	3965	1559657662226747149
1	3	3965	1559657662226751315
100	3	3965	1559657662226795742
1	3	3965	1559657662226799856
100	3	3965	1559657662226828346
1	3	3965	1559657662226832512
100	3	3965	1559657662226877304
1	3	3965	1559657662226881366
100	3	3965	1559657662226910376
1	3	3965	1559657662226914595
100	3	3965	1559657662226958917
1	3	3965	1559657662226963084
100	3	3965	1559657662226991729
1	3	3965	1559657662226995948
100	3	3965	1559657662227040218
1	3	3965	1559657662227044333
100	3	3965	1559657662227073135
1	3	3965	1559657662227077249
100	3	3965	1559657662227121624
1	3	3965	1559657662227125738
100	3	3965	1559657662227154540
1	3	3965	1559657662227166102
100	3	3965	1559657662227211727
1	3	3965	1559657662227215841
100	3	3965	1559657662227244956
1	3	3965	1559657662227249174
100	3	3965	1559657662227293757
1	3	3965	1559657662227297872
100	3	3965	1559657662227327611
1	3	3965	1559657662227331778
100	3	3965	1559657662227376881
1	3	3965	1559657662227380996
100	3	3965	1559657662227409798
1	3	3965	1559657662227413912
100	3	3965	1559657662227458339
1	3	3965	1559657662227462558
100	3	3965	1559657662227491255
1	3	3965	1559657662227495318
100	3	3965	1559657662227539796
1	3	3965	1559657662227543911
100	3	3965	1559657662227572192
1	3	3965	1559657662227576306
100	3	3965	1559657662227620629
1	3	3965	1559657662227624743
100	3	3965	1559657662227653858
1	3	3965	1559657662227658128
100	3	3965	1559657662227702347
1	3	3965	1559657662227706461
