1	0	3921	1559657520367300181
100	0	3921	1559657520367573407
1	0	3921	1559657520367584084
100	0	3921	1559657520367669083
1	0	3921	1559657520367678093
100	0	3921	1559657520367859862
1	0	3921	1559657520367870747
100	0	3921	1559657520367948507
1	0	3921	1559657520367957152
100	0	3921	1559657520368057568
1	0	3921	1559657520368066109
100	0	3921	1559657520368131473
1	0	3921	1559657520368140015
100	0	3921	1559657520368239649
1	0	3921	1559657520368248190
100	0	3921	1559657520368310742
1	0	3921	1559657520368319335
100	0	3921	1559657520368414438
1	0	3921	1559657520368422876
100	0	3921	1559657520368497458
1	0	3921	1559657520368505999
100	0	3921	1559657520368600477
1	0	3921	1559657520368608706
100	0	3921	1559657520368672352
1	0	3921	1559657520368680789
100	0	3921	1559657520368776309
1	0	3921	1559657520368784798
100	0	3921	1559657520368846776
1	0	3921	1559657520368855318
100	0	3921	1559657520368952504
1	0	3921	1559657520368960733
100	0	3921	1559657520369030732
1	0	3921	1559657520369039066
100	0	3921	1559657520369151877
1	0	3921	1559657520369160418
100	0	3921	1559657520369226511
1	0	3921	1559657520369234792
100	0	3921	1559657520369335260
1	0	3921	1559657520369343541
100	0	3921	1559657520369405415
1	0	3921	1559657520369413957
100	0	3921	1559657520369507706
1	0	3921	1559657520369516143
100	0	3921	1559657520369576923
1	0	3921	1559657520369585257
100	0	3921	1559657520369677287
1	0	3921	1559657520369685568
100	0	3921	1559657520369747234
1	0	3921	1559657520369762859
100	0	3921	1559657520369854993
1	0	3921	1559657520369865357
100	0	3921	1559657520369926763
1	0	3921	1559657520369935200
100	0	3921	1559657520370027334
1	0	3921	1559657520370035615
100	0	3921	1559657520372930787
1	0	3921	1559657520372945162
100	0	3921	1559657520373082556
1	0	3921	1559657520373092504
100	0	3921	1559657520373177555
1	0	3921	1559657520373186201
100	0	3921	1559657520373279949
1	0	3921	1559657520373288543
100	0	3921	1559657520373347657
1	0	3921	1559657520373356146
100	0	3921	1559657520373449635
1	0	3921	1559657520373459635
100	0	3921	1559657520373529998
1	0	3921	1559657520373538540
100	0	3921	1559657520373631507
1	0	3921	1559657520373640726
100	0	3921	1559657520373700777
1	0	3921	1559657520373710308
100	0	3921	1559657520373805151
1	0	3921	1559657520373814995
100	0	3921	1559657520373876036
1	0	3921	1559657520373901608
100	0	3921	1559657520374000617
1	0	3921	1559657520374009107
100	0	3921	1559657520374069835
1	0	3921	1559657520374078116
100	0	3921	1559657520374174573
1	0	3921	1559657520374182855
100	0	3921	1559657520374244677
1	0	3921	1559657520374252958
100	0	3921	1559657520374347852
1	0	3921	1559657520374356186
100	0	3921	1559657520374417799
1	0	3921	1559657520374426185
100	0	3921	1559657520374524100
1	0	3921	1559657520374532486
100	0	3921	1559657520374593995
1	0	3921	1559657520374602172
100	0	3921	1559657520374697952
1	0	3921	1559657520374706442
100	0	3921	1559657520374765920
1	0	3921	1559657520374774149
100	0	3921	1559657520374869200
1	0	3921	1559657520374877637
100	0	3921	1559657520374937324
1	0	3921	1559657520374945501
100	0	3921	1559657520375039354
1	0	3921	1559657520375047948
100	0	3921	1559657520375106749
1	0	3921	1559657520375117166
100	0	3921	1559657520375227112
1	0	3921	1559657520375235602
100	0	3921	1559657520375297788
1	0	3921	1559657520375306226
100	0	3921	1559657520375402318
1	0	3921	1559657520375410756
100	0	3921	1559657520375470547
1	0	3921	1559657520375479088
100	0	3921	1559657520375575181
1	0	3921	1559657520375583462
100	0	3921	1559657520375643721
1	0	3921	1559657520375652263
100	0	3921	1559657520375749345
1	0	3921	1559657520375757835
100	0	3921	1559657520375817313
1	0	3921	1559657520375825802
100	1	3921	1559657520382942327
1	1	3921	1559657520382965452
100	1	3921	1559657520383111596
1	1	3921	1559657520383123887
100	1	3921	1559657520383271802
1	1	3921	1559657520383282218
100	1	3921	1559657520383341541
1	1	3921	1559657520383350603
100	1	3921	1559657520383451070
1	1	3921	1559657520383459976
100	1	3921	1559657520383529142
1	1	3921	1559657520383538101
100	1	3921	1559657520383639193
1	1	3921	1559657520383696848
100	1	3921	1559657520383771535
1	1	3921	1559657520383779868
100	1	3921	1559657520383874607
1	1	3921	1559657520383883252
100	1	3921	1559657520383940647
1	1	3921	1559657520383948772
100	1	3921	1559657520384044292
1	1	3921	1559657520384053771
100	1	3921	1559657520384110385
1	1	3921	1559657520384119864
100	1	3921	1559657520384210592
1	1	3921	1559657520384220175
100	1	3921	1559657520384278560
1	1	3921	1559657520384286893
100	1	3921	1559657520384378298
1	1	3921	1559657520384386892
100	1	3921	1559657520384442829
1	1	3921	1559657520384451110
100	1	3921	1559657520384543088
1	1	3921	1559657520384551733
100	1	3921	1559657520384606629
1	1	3921	1559657520384616576
100	1	3921	1559657520384706159
1	1	3921	1559657520384714648
100	1	3921	1559657520384770897
1	1	3921	1559657520384779126
100	1	3921	1559657520384870011
1	1	3921	1559657520384878448
100	1	3921	1559657520384952926
1	1	3921	1559657520384961103
100	1	3921	1559657520385059956
1	1	3921	1559657520385068706
100	1	3921	1559657520385132351
1	1	3921	1559657520385140528
100	1	3921	1559657520385231360
1	1	3921	1559657520385241204
100	1	3921	1559657520385296672
1	1	3921	1559657520385304536
100	1	3921	1559657520385395889
1	1	3921	1559657520385404327
100	1	3921	1559657520385459639
1	1	3921	1559657520385467659
100	1	3921	1559657520385559429
1	1	3921	1559657520385568023
100	1	3921	1559657520385624949
1	1	3921	1559657520385633230
100	1	3921	1559657520385722812
1	1	3921	1559657520385731198
100	1	3921	1559657520385789739
1	1	3921	1559657520385799166
100	1	3921	1559657520385890310
1	1	3921	1559657520385899008
100	1	3921	1559657520385954216
1	1	3921	1559657520385963174
100	1	3921	1559657520386059371
1	1	3921	1559657520386067704
100	1	3921	1559657520386124422
1	1	3921	1559657520386149474
100	1	3921	1559657520386243431
1	1	3921	1559657520386252337
100	1	3921	1559657520386309003
1	1	3921	1559657520386317284
100	1	3921	1559657520386409262
1	1	3921	1559657520386417804
100	1	3921	1559657520386474157
1	1	3921	1559657520386483271
100	1	3921	1559657520386574156
1	1	3921	1559657520386583947
100	1	3921	1559657520386641082
1	1	3921	1559657520386649207
100	1	3921	1559657520386740195
1	1	3921	1559657520386748685
100	1	3921	1559657520386804361
1	1	3921	1559657520386812746
100	1	3921	1559657520386906079
1	1	3921	1559657520386914516
100	1	3921	1559657520386969255
1	1	3921	1559657520386977901
100	1	3921	1559657520387069566
1	1	3921	1559657520387077899
100	1	3921	1559657520387137117
1	1	3921	1559657520387145294
100	1	3921	1559657520387234929
1	1	3921	1559657520387244981
100	1	3921	1559657520387300397
1	1	3921	1559657520387321021
100	1	3921	1559657520387415864
1	1	3921	1559657520387424405
100	1	3921	1559657520387482165
1	1	3921	1559657520387491800
100	1	3921	1559657520387580862
1	1	3921	1559657520387589299
100	1	3921	1559657520387648673
1	1	3921	1559657520387656955
100	1	3921	1559657520387750964
1	1	3921	1559657520387759401
100	1	3921	1559657520387814609
1	1	3921	1559657520387822838
100	1	3921	1559657520387913514
1	1	3921	1559657520387922160
100	1	3921	1559657520387978096
1	1	3921	1559657520387986534
100	1	3921	1559657520388088720
1	1	3921	1559657520388097522
100	1	3921	1559657520388164448
1	1	3921	1559657520388175073
100	1	3921	1559657520388266895
1	1	3921	1559657520388275488
100	1	3921	1559657520388331581
1	1	3921	1559657520388339863
100	1	3921	1559657520388431528
1	1	3921	1559657520388440330
100	1	3921	1559657520388496840
1	1	3921	1559657520388504756
100	1	3921	1559657520388624546
1	1	3921	1559657520388633192
100	1	3921	1559657520388688400
1	1	3921	1559657520388696525
100	1	3921	1559657520388788815
1	1	3921	1559657520388803294
100	1	3921	1559657520388860481
1	1	3921	1559657520388871939
100	1	3921	1559657520388963188
1	1	3921	1559657520388971938
100	1	3921	1559657520389040791
1	1	3921	1559657520389049020
100	1	3921	1559657520389147977
1	1	3921	1559657520389156467
100	1	3921	1559657520389230268
1	1	3921	1559657520389242039
100	1	3921	1559657520389334225
1	1	3921	1559657520389342610
100	1	3921	1559657520389399589
1	1	3921	1559657520389407818
100	1	3921	1559657520389499067
1	1	3921	1559657520389507660
100	1	3921	1559657520389562555
1	1	3921	1559657520389570837
100	1	3921	1559657520389662294
1	1	3921	1559657520389670731
100	1	3921	1559657520389754949
1	1	3921	1559657520389763438
100	1	3921	1559657520389855052
1	1	3921	1559657520389864739
100	1	3921	1559657520389919843
1	1	3921	1559657520389928124
100	1	3921	1559657520390021768
1	1	3921	1559657520390029997
100	1	3921	1559657520390085465
1	1	3921	1559657520390093590
100	1	3921	1559657520390185516
1	1	3921	1559657520390194162
100	1	3921	1559657520390254161
1	1	3921	1559657520390262390
100	1	3921	1559657520390353691
1	1	3921	1559657520390363170
100	1	3921	1559657520390418274
1	1	3921	1559657520390426399
100	1	3921	1559657520390517022
1	1	3921	1559657520390525356
100	1	3921	1559657520390580824
1	1	3921	1559657520390589209
100	1	3921	1559657520390681395
1	1	3921	1559657520390689937
100	1	3921	1559657520390749572
1	1	3921	1559657520390758426
100	1	3921	1559657520390851602
1	1	3921	1559657520390860039
100	1	3921	1559657520390918424
1	1	3921	1559657520390937850
100	1	3921	1559657520391031339
1	1	3921	1559657520391039985
100	1	3921	1559657520391095036
1	1	3921	1559657520391105296
100	1	3921	1559657520391197222
1	1	3921	1559657520391206128
100	1	3921	1559657520391263784
1	1	3921	1559657520391271961
100	1	3921	1559657520391369824
1	1	3921	1559657520391378314
100	1	3921	1559657520391435032
1	1	3921	1559657520391443365
100	1	3921	1559657520391536905
1	1	3921	1559657520391545343
100	1	3921	1559657520391600707
1	1	3921	1559657520391608832
100	1	3921	1559657520391700341
1	1	3921	1559657520391708830
100	1	3921	1559657520391767267
1	1	3921	1559657520391775496
100	1	3921	1559657520391868307
1	1	3921	1559657520391876901
100	1	3921	1559657520391932369
1	1	3921	1559657520391941431
100	1	3921	1559657520392035493
1	1	3921	1559657520392043774
100	1	3921	1559657520392102263
1	1	3921	1559657520392131481
100	1	3921	1559657520392233772
1	1	3921	1559657520392243771
100	1	3921	1559657520392299239
1	1	3921	1559657520392307364
100	1	3921	1559657520392401530
1	1	3921	1559657520392410280
100	1	3921	1559657520392466789
1	1	3921	1559657520392474810
100	1	3921	1559657520392569184
1	1	3921	1559657520392577725
100	1	3921	1559657520392635589
1	1	3921	1559657520392643818
100	1	3921	1559657520392858868
1	1	3921	1559657520392872045
100	1	3921	1559657520392936836
1	1	3921	1559657520392946575
100	1	3921	1559657520393043813
1	1	3921	1559657520393052303
100	1	3921	1559657520393107875
1	1	3921	1559657520393117094
100	1	3921	1559657520393206103
1	1	3921	1559657520393214697
100	1	3921	1559657520393271467
1	1	3921	1559657520393281154
100	1	3921	1559657520393373653
1	1	3921	1559657520393382299
100	1	3921	1559657520393440527
1	1	3921	1559657520393470370
100	1	3921	1559657520393567817
1	1	3921	1559657520393576359
100	1	3921	1559657520393633181
1	1	3921	1559657520393641566
100	1	3921	1559657520393731148
1	1	3921	1559657520393742815
100	1	3921	1559657520393797918
1	1	3921	1559657520393806147
100	1	3921	1559657520393897188
1	1	3921	1559657520393905886
100	1	3921	1559657520393960885
1	1	3921	1559657520393969270
100	1	3921	1559657520394063644
1	1	3921	1559657520394072394
100	1	3921	1559657520394129216
1	1	3921	1559657520394137497
100	1	3921	1559657520394227809
1	1	3921	1559657520394236194
100	1	3921	1559657520394291975
1	1	3921	1559657520394299995
100	1	3921	1559657520394391609
1	1	3921	1559657520394400307
100	1	3921	1559657520394457545
1	1	3921	1559657520394465879
100	1	3921	1559657520394560461
1	1	3921	1559657520394569106
100	1	3921	1559657520394629366
1	1	3921	1559657520394637856
100	1	3921	1559657520394731865
1	1	3921	1559657520394756552
100	1	3921	1559657520394827593
1	1	3921	1559657520394836499
100	1	3921	1559657520394933373
1	1	3921	1559657520394942018
100	1	3921	1559657520394999674
1	1	3921	1559657520395007851
100	1	3921	1559657520395101912
1	1	3921	1559657520395110506
100	1	3921	1559657520395168057
1	1	3921	1559657520395176130
100	1	3921	1559657520395269098
1	1	3921	1559657520395277535
100	1	3921	1559657520395332795
1	1	3921	1559657520395343472
100	1	3921	1559657520395436595
1	1	3921	1559657520395444981
100	1	3921	1559657520395507740
1	1	3921	1559657520395515865
100	1	3921	1559657520395607947
1	1	3921	1559657520395618572
100	1	3921	1559657520395677009
1	1	3921	1559657520395685707
100	1	3921	1559657520395780133
1	1	3921	1559657520395788518
100	1	3921	1559657520395843986
1	1	3921	1559657520395852371
100	1	3921	1559657520395955703
1	1	3921	1559657520395964349
100	1	3921	1559657520396047265
1	1	3921	1559657520396059921
100	1	3921	1559657520396164555
1	1	3921	1559657520396173201
100	1	3921	1559657520396235231
1	1	3921	1559657520396245387
100	1	3921	1559657520396341063
1	1	3921	1559657520396351740
100	1	3921	1559657520396415177
1	1	3921	1559657520396423458
100	1	3921	1559657520396521373
1	1	3921	1559657520396529863
100	1	3921	1559657520396595956
1	1	3921	1559657520396604185
100	1	3921	1559657520396702413
1	1	3921	1559657520396710642
100	1	3921	1559657520396774391
1	1	3921	1559657520396782933
100	1	3921	1559657520396883035
1	1	3921	1559657520396891629
100	1	3921	1559657520396952878
1	1	3921	1559657520396960951
100	1	3921	1559657520397058346
1	1	3921	1559657520397067148
100	1	3921	1559657520397134074
1	1	3921	1559657520397142511
100	1	3921	1559657520397240218
1	1	3921	1559657520397248604
100	1	3921	1559657520397309332
1	1	3921	1559657520397330374
100	1	3921	1559657520397445685
1	1	3921	1559657520397454487
100	1	3921	1559657520397518027
1	1	3921	1559657520397526465
100	1	3921	1559657520397624745
1	1	3921	1559657520397633443
100	1	3921	1559657520397695994
1	1	3921	1559657520397704171
100	1	3921	1559657520397799795
1	1	3921	1559657520397808180
100	1	3921	1559657520397870783
1	1	3921	1559657520397878960
100	1	3921	1559657520397973803
1	1	3921	1559657520397982292
100	1	3921	1559657520398044531
1	1	3921	1559657520398052708
100	1	3921	1559657520398147082
1	1	3921	1559657520398155571
100	1	3921	1559657520398215883
1	1	3921	1559657520398224008
100	1	3921	1559657520398321976
1	1	3921	1559657520398330934
100	1	3921	1559657520398392287
1	1	3921	1559657520398400725
100	1	3921	1559657520398495359
1	1	3921	1559657520398503692
100	1	3921	1559657520398564212
1	1	3921	1559657520398580462
100	1	3921	1559657520398681763
1	1	3921	1559657520398690356
100	1	3921	1559657520398752856
1	1	3921	1559657520398761032
100	1	3921	1559657520398855719
1	1	3921	1559657520398865042
100	1	3921	1559657520398925562
1	1	3921	1559657520398933739
100	1	3921	1559657520399034258
1	1	3921	1559657520399042748
100	1	3921	1559657520399103893
1	1	3921	1559657520399113736
100	1	3921	1559657520399210923
1	1	3921	1559657520399219204
100	1	3921	1559657520399281286
1	1	3921	1559657520399289411
100	1	3921	1559657520399385035
1	1	3921	1559657520399393316
100	1	3921	1559657520399453888
1	1	3921	1559657520399462222
100	1	3921	1559657520399557377
1	1	3921	1559657520399565814
100	1	3921	1559657520399627896
1	1	3921	1559657520399636907
100	1	3921	1559657520399733312
1	1	3921	1559657520399743885
100	1	3921	1559657520399805707
1	1	3921	1559657520399814040
100	1	3921	1559657520399918987
1	1	3921	1559657520399927372
100	1	3921	1559657520399988934
1	1	3921	1559657520399997736
100	1	3921	1559657520400092057
1	1	3921	1559657520400105390
100	1	3921	1559657520400169035
1	1	3921	1559657520400177421
100	1	3921	1559657520400273357
1	1	3921	1559657520400281847
100	1	3921	1559657520400353148
1	1	3921	1559657520400361168
100	1	3921	1559657520400459344
1	1	3921	1559657520400467834
100	1	3921	1559657520400539864
1	1	3921	1559657520400548301
100	1	3921	1559657520400644759
1	1	3921	1559657520400653248
100	1	3921	1559657520400714706
1	1	3921	1559657520400722935
100	1	3921	1559657520400820381
1	1	3921	1559657520400828558
100	1	3921	1559657520400890485
1	1	3921	1559657520400898766
100	1	3921	1559657520400993713
1	1	3921	1559657520401002098
100	1	3921	1559657520401064962
1	1	3921	1559657520401073191
100	1	3921	1559657520401172773
1	1	3921	1559657520401188606
100	1	3921	1559657520401252043
1	1	3921	1559657520401260532
100	1	3921	1559657520401355791
1	1	3921	1559657520401365218
100	1	3921	1559657520401425009
1	1	3921	1559657520401433238
100	1	3921	1559657520401528237
1	1	3921	1559657520401536570
100	1	3921	1559657520401596986
1	1	3921	1559657520401605163
100	1	3921	1559657520401699849
1	1	3921	1559657520401708131
100	1	3921	1559657520401771723
1	1	3921	1559657520401780057
100	1	3921	1559657520401876670
1	1	3921	1559657520401885212
100	1	3921	1559657520401945471
1	1	3921	1559657520401953804
100	1	3921	1559657520402049272
1	1	3921	1559657520402057553
100	1	3921	1559657520402118073
1	1	3921	1559657520402126198
100	1	3921	1559657520402219739
1	1	3921	1559657520402228020
100	1	3921	1559657520402290102
1	1	3921	1559657520402298383
100	1	3921	1559657520402393955
1	1	3921	1559657520402402236
100	1	3921	1559657520402471454
1	1	3921	1559657520402479683
100	1	3921	1559657520402575151
1	1	3921	1559657520402583692
100	1	3921	1559657520402645306
1	1	3921	1559657520402653483
100	1	3921	1559657520402795825
1	1	3921	1559657520402804575
100	1	3921	1559657520402870720
1	1	3921	1559657520402879053
100	1	3921	1559657520402974521
1	1	3921	1559657520402982854
100	1	3921	1559657520403044155
1	1	3921	1559657520403052645
100	1	3921	1559657520403147644
1	1	3921	1559657520403156133
100	1	3921	1559657520403216445
1	1	3921	1559657520403224726
100	1	3921	1559657520403320766
1	1	3921	1559657520403329047
100	1	3921	1559657520403390297
1	1	3921	1559657520403398526
100	1	3921	1559657520403493160
1	1	3921	1559657520403501441
100	1	3921	1559657520403561388
1	1	3921	1559657520403569722
100	1	3921	1559657520403665293
1	1	3921	1559657520403673626
100	1	3921	1559657520403733730
1	1	3921	1559657520403751021
100	1	3921	1559657520403846541
1	1	3921	1559657520403854926
100	1	3921	1559657520403919144
1	1	3921	1559657520403927529
100	1	3921	1559657520404025237
1	1	3921	1559657520404033726
100	1	3921	1559657520404094090
1	1	3921	1559657520404102215
100	1	3921	1559657520404200286
1	1	3921	1559657520404208724
100	1	3921	1559657520404271848
1	1	3921	1559657520404280129
100	1	3921	1559657520404375545
1	1	3921	1559657520404384034
100	1	3921	1559657520404444398
1	1	3921	1559657520404452887
100	1	3921	1559657520404550647
1	1	3921	1559657520404559032
100	1	3921	1559657520404622469
1	1	3921	1559657520404631010
100	1	3921	1559657520404727571
1	1	3921	1559657520404735957
100	1	3921	1559657520404797727
1	1	3921	1559657520404806216
100	1	3921	1559657520404906267
1	1	3921	1559657520404914809
100	1	3921	1559657520404977777
1	1	3921	1559657520405015745
100	1	3921	1559657520405118973
1	1	3921	1559657520405127306
100	1	3921	1559657520405188138
1	1	3921	1559657520405196368
100	1	3921	1559657520405292356
1	1	3921	1559657520405301731
100	1	3921	1559657520405363761
1	1	3921	1559657520405371886
100	1	3921	1559657520405466156
1	1	3921	1559657520405474749
100	1	3921	1559657520405536259
1	1	3921	1559657520405544540
100	1	3921	1559657520405639747
1	1	3921	1559657520405647976
100	1	3921	1559657520405708913
1	1	3921	1559657520405717090
100	1	3921	1559657520405811724
1	1	3921	1559657520405820110
100	1	3921	1559657520405881359
1	1	3921	1559657520405889484
100	1	3921	1559657520405984847
1	1	3921	1559657520405994222
100	1	3921	1559657520406054534
1	1	3921	1559657520406062867
100	1	3921	1559657520406158595
1	1	3921	1559657520406166772
100	1	3921	1559657520406238125
1	1	3921	1559657520406246563
100	1	3921	1559657520406349165
1	1	3921	1559657520406358176
100	1	3921	1559657520406420467
1	1	3921	1559657520406428748
100	1	3921	1559657520406523694
1	1	3921	1559657520406532080
100	1	3921	1559657520406592339
1	1	3921	1559657520406600464
100	1	3921	1559657520406695411
1	1	3921	1559657520406703796
100	1	3921	1559657520406765202
1	1	3921	1559657520406773275
100	1	3921	1559657520406868430
1	1	3921	1559657520406876815
100	1	3921	1559657520406936970
1	1	3921	1559657520406945147
100	1	3921	1559657520407041813
1	1	3921	1559657520407050302
100	1	3921	1559657520407111343
1	1	3921	1559657520407120562
100	1	3921	1559657520407214415
1	1	3921	1559657520407222748
100	1	3921	1559657520407284622
1	1	3921	1559657520407292851
100	1	3921	1559657520407387746
1	1	3921	1559657520407396183
100	1	3921	1559657520407456339
1	1	3921	1559657520407464464
100	1	3921	1559657520407560140
1	1	3921	1559657520407576806
100	1	3921	1559657520407639826
1	1	3921	1559657520407648159
100	1	3921	1559657520407743106
1	1	3921	1559657520407751648
100	1	3921	1559657520407811907
1	1	3921	1559657520407819824
100	1	3921	1559657520407915187
1	1	3921	1559657520407923729
100	1	3921	1559657520407984405
1	1	3921	1559657520407993936
100	1	3921	1559657520408089456
1	1	3921	1559657520408097841
100	1	3921	1559657520408159976
1	1	3921	1559657520408168205
100	1	3921	1559657520408263881
1	1	3921	1559657520408272318
100	1	3921	1559657520408332526
1	1	3921	1559657520408340807
100	1	3921	1559657520408434920
1	1	3921	1559657520408442993
100	1	3921	1559657520408504138
1	1	3921	1559657520408512523
100	1	3921	1559657520408605595
1	1	3921	1559657520408615283
100	1	3921	1559657520408675594
1	1	3921	1559657520408683875
100	1	3921	1559657520408778614
1	1	3921	1559657520408786895
100	1	3921	1559657520408855592
1	1	3921	1559657520408865071
100	1	3921	1559657520408960955
1	1	3921	1559657520408969132
100	1	3921	1559657520409031892
1	1	3921	1559657520409040069
100	1	3921	1559657520409137463
1	1	3921	1559657520409145797
100	1	3921	1559657520409207046
1	1	3921	1559657520409215483
100	1	3921	1559657520409310690
1	1	3921	1559657520409319180
100	1	3921	1559657520409380742
1	1	3921	1559657520409389023
100	1	3921	1559657520409482719
1	1	3921	1559657520409492407
100	1	3921	1559657520409552927
1	1	3921	1559657520409561156
100	1	3921	1559657520409655530
1	1	3921	1559657520409664175
100	1	3921	1559657520409724800
1	1	3921	1559657520409732873
100	1	3921	1559657520409827559
1	1	3921	1559657520409835892
100	1	3921	1559657520409897454
1	1	3921	1559657520409905631
100	1	3921	1559657520409999848
1	1	3921	1559657520410008286
100	1	3921	1559657520410068806
1	1	3921	1559657520410085420
100	1	3921	1559657520410184377
1	1	3921	1559657520410192971
100	1	3921	1559657520410256668
1	1	3921	1559657520410264793
100	1	3921	1559657520410358646
1	1	3921	1559657520410368021
100	1	3921	1559657520410428280
1	1	3921	1559657520410436666
100	1	3921	1559657520410531144
1	1	3921	1559657520410539477
100	1	3921	1559657520410599997
1	1	3921	1559657520410608226
100	1	3921	1559657520410702860
1	1	3921	1559657520410711350
100	1	3921	1559657520410772859
1	1	3921	1559657520410781140
100	1	3921	1559657520410875983
1	1	3921	1559657520410884368
100	1	3921	1559657520410944576
1	1	3921	1559657520410952753
100	1	3921	1559657520411047231
1	1	3921	1559657520411055981
100	1	3921	1559657520411117282
1	1	3921	1559657520411125407
100	1	3921	1559657520411221343
1	1	3921	1559657520411229937
100	1	3921	1559657520411292228
1	1	3921	1559657520411307800
100	1	3921	1559657520411405508
1	1	3921	1559657520411419778
100	1	3921	1559657520411482173
1	1	3921	1559657520411492642
100	1	3921	1559657520411587589
1	1	3921	1559657520411596182
100	1	3921	1559657520411657431
1	1	3921	1559657520411665713
100	1	3921	1559657520411761649
1	1	3921	1559657520411770243
100	1	3921	1559657520411839565
1	1	3921	1559657520411847898
100	1	3921	1559657520411943626
1	1	3921	1559657520411952167
100	1	3921	1559657520412014250
1	1	3921	1559657520412025604
100	1	3921	1559657520412120707
1	1	3921	1559657520412131071
100	1	3921	1559657520412191800
1	1	3921	1559657520412200081
100	1	3921	1559657520412297892
1	1	3921	1559657520412306329
100	1	3921	1559657520412368100
1	1	3921	1559657520412376277
100	1	3921	1559657520412469973
1	1	3921	1559657520412478306
100	1	3921	1559657520412540285
1	1	3921	1559657520412548514
100	1	3921	1559657520412651742
1	1	3921	1559657520412660075
100	1	3921	1559657520412720387
1	1	3921	1559657520412817313
100	1	3921	1559657520412919186
1	1	3921	1559657520412928040
100	1	3921	1559657520412990123
1	1	3921	1559657520412998508
100	1	3921	1559657520413093247
1	1	3921	1559657520413101944
100	1	3921	1559657520413165381
1	1	3921	1559657520413173558
100	1	3921	1559657520413269911
1	1	3921	1559657520413278348
100	1	3921	1559657520413341056
1	1	3921	1559657520413349389
100	1	3921	1559657520413446003
1	1	3921	1559657520413454492
100	1	3921	1559657520413516054
1	1	3921	1559657520413524283
100	1	3921	1559657520413619073
1	1	3921	1559657520413627615
100	1	3921	1559657520413687979
1	1	3921	1559657520413696468
100	1	3921	1559657520413791467
1	1	3921	1559657520413800008
100	1	3921	1559657520413860008
1	1	3921	1559657520413869435
100	1	3921	1559657520413963808
1	1	3921	1559657520413980162
100	1	3921	1559657520414042557
1	1	3921	1559657520414050787
100	1	3921	1559657520414146619
1	1	3921	1559657520414155316
100	1	3921	1559657520414215628
1	1	3921	1559657520414224066
100	1	3921	1559657520414319481
1	1	3921	1559657520414327918
100	1	3921	1559657520414391251
1	1	3921	1559657520414399740
100	1	3921	1559657520414495208
1	1	3921	1559657520414503645
100	1	3921	1559657520414564322
1	1	3921	1559657520414572551
100	1	3921	1559657520414668070
1	1	3921	1559657520414676352
100	1	3921	1559657520414735882
1	1	3921	1559657520414745257
100	1	3921	1559657520414839006
1	1	3921	1559657520414847391
100	1	3921	1559657520414908640
1	1	3921	1559657520414916817
100	1	3921	1559657520415011660
1	1	3921	1559657520415022024
100	1	3921	1559657520415083482
1	1	3921	1559657520415091607
100	1	3921	1559657520415189105
1	1	3921	1559657520415197439
100	1	3921	1559657520415267802
1	1	3921	1559657520415276083
100	1	3921	1559657520415371968
1	1	3921	1559657520415380405
100	1	3921	1559657520415443946
1	1	3921	1559657520415452331
100	1	3921	1559657520415549101
1	1	3921	1559657520415557486
100	1	3921	1559657520415619465
1	1	3921	1559657520415627433
100	1	3921	1559657520415721390
1	1	3921	1559657520415729619
100	1	3921	1559657520415790660
1	1	3921	1559657520415799098
100	1	3921	1559657520415894930
1	1	3921	1559657520415903315
100	1	3921	1559657520415963835
1	1	3921	1559657520415972064
100	1	3921	1559657520416066646
1	1	3921	1559657520416074928
100	1	3921	1559657520416136593
1	1	3921	1559657520416145083
100	1	3921	1559657520416240603
1	1	3921	1559657520416249040
100	1	3921	1559657520416309664
1	1	3921	1559657520416317841
100	1	3921	1559657520416413413
1	1	3921	1559657520416422006
100	1	3921	1559657520416484193
1	1	3921	1559657520416501485
100	1	3921	1559657520416597890
1	1	3921	1559657520416606431
100	1	3921	1559657520416667785
1	1	3921	1559657520416675909
100	1	3921	1559657520416771065
1	1	3921	1559657520416779658
100	1	3921	1559657520416840126
1	1	3921	1559657520416848459
100	1	3921	1559657520416943250
1	1	3921	1559657520416951791
100	1	3921	1559657520417013145
1	1	3921	1559657520417023405
100	1	3921	1559657520417119393
1	1	3921	1559657520417129550
100	1	3921	1559657520417190278
1	1	3921	1559657520417198611
100	1	3921	1559657520417294495
1	1	3921	1559657520417302829
100	1	3921	1559657520417364651
1	1	3921	1559657520417373036
100	1	3921	1559657520417467827
1	1	3921	1559657520417476316
100	1	3921	1559657520417548919
1	1	3921	1559657520417557357
100	1	3921	1559657520417653553
1	1	3921	1559657520417662199
100	1	3921	1559657520417722980
1	1	3921	1559657520417740427
100	1	3921	1559657520417836468
1	1	3921	1559657520417844853
100	1	3921	1559657520417906883
1	1	3921	1559657520417915113
100	1	3921	1559657520418010632
1	1	3921	1559657520418019122
100	1	3921	1559657520418079902
1	1	3921	1559657520418088392
100	1	3921	1559657520418183599
1	1	3921	1559657520418191776
100	1	3921	1559657520418253910
1	1	3921	1559657520418262296
100	1	3921	1559657520418356513
1	1	3921	1559657520418366253
100	1	3921	1559657520418426773
1	1	3921	1559657520418435158
100	1	3921	1559657520418530313
1	1	3921	1559657520418538594
100	1	3921	1559657520418600781
1	1	3921	1559657520418609114
100	1	3921	1559657520418703280
1	1	3921	1559657520418711613
100	1	3921	1559657520418773487
1	1	3921	1559657520418781664
100	1	3921	1559657520418877079
1	1	3921	1559657520418885465
100	1	3921	1559657520418945516
1	1	3921	1559657520418953693
100	1	3921	1559657520419097233
1	1	3921	1559657520419106712
100	1	3921	1559657520419168742
1	1	3921	1559657520419177024
100	1	3921	1559657520419274210
1	1	3921	1559657520419282804
100	1	3921	1559657520419343532
1	1	3921	1559657520419351761
100	1	3921	1559657520419446916
1	1	3921	1559657520419455510
100	1	3921	1559657520419517280
1	1	3921	1559657520419525665
100	1	3921	1559657520419623633
1	1	3921	1559657520419632070
100	1	3921	1559657520419692746
1	1	3921	1559657520419700871
100	1	3921	1559657520419796078
1	1	3921	1559657520419804359
100	1	3921	1559657520419864879
1	1	3921	1559657520419873056
100	1	3921	1559657520419966597
1	1	3921	1559657520419975138
100	1	3921	1559657520420038679
1	1	3921	1559657520420047169
100	1	3921	1559657520420145240
1	1	3921	1559657520420153834
100	1	3921	1559657520420213677
1	1	3921	1559657520420221750
100	1	3921	1559657520420318155
1	1	3921	1559657520420328519
100	1	3921	1559657520420406643
1	1	3921	1559657520420415185
100	1	3921	1559657520420511017
1	1	3921	1559657520420519559
100	1	3921	1559657520420580027
1	1	3921	1559657520420588464
100	1	3921	1559657520420685859
1	1	3921	1559657520420694400
100	1	3921	1559657520420756379
1	1	3921	1559657520420764764
100	1	3921	1559657520420858825
1	1	3921	1559657520420868356
100	1	3921	1559657520420928408
1	1	3921	1559657520420936689
100	1	3921	1559657520421031479
1	1	3921	1559657520421039917
100	1	3921	1559657520421100124
1	1	3921	1559657520421108457
100	1	3921	1559657520421205331
1	1	3921	1559657520421213664
100	1	3921	1559657520421275070
1	1	3921	1559657520421283299
100	1	3921	1559657520421377985
1	1	3921	1559657520421386475
100	1	3921	1559657520421446266
1	1	3921	1559657520421454547
100	1	3921	1559657520421549702
1	1	3921	1559657520421558191
100	1	3921	1559657520421637357
1	1	3921	1559657520421646003
100	1	3921	1559657520421745012
1	1	3921	1559657520421753658
100	1	3921	1559657520421815219
1	1	3921	1559657520421823448
100	1	3921	1559657520421919489
1	1	3921	1559657520421927614
100	1	3921	1559657520421989592
1	1	3921	1559657520421997769
100	1	3921	1559657520422091987
1	1	3921	1559657520422100580
100	1	3921	1559657520422161361
1	1	3921	1559657520422169798
100	1	3921	1559657520422265787
1	1	3921	1559657520422274016
100	1	3921	1559657520422334848
1	1	3921	1559657520422343129
100	1	3921	1559657520422438649
1	1	3921	1559657520422447086
100	1	3921	1559657520422509325
1	1	3921	1559657520422517815
100	1	3921	1559657520422613022
1	1	3921	1559657520422621355
100	1	3921	1559657520422681667
1	1	3921	1559657520422689896
100	1	3921	1559657520422831873
1	1	3921	1559657520422858852
100	1	3921	1559657520422927966
1	1	3921	1559657520422936820
100	1	3921	1559657520423033850
1	1	3921	1559657520423043120
100	1	3921	1559657520423124474
1	1	3921	1559657520423132807
100	1	3921	1559657520423231608
1	1	3921	1559657520423241191
100	1	3921	1559657520423312909
1	1	3921	1559657520423321502
100	1	3921	1559657520423418220
1	1	3921	1559657520423426605
100	1	3921	1559657520423488115
1	1	3921	1559657520423496396
100	1	3921	1559657520423591134
1	1	3921	1559657520423599468
100	1	3921	1559657520423660925
1	1	3921	1559657520423669310
100	1	3921	1559657520423765090
1	1	3921	1559657520423773424
100	1	3921	1559657520423835350
1	1	3921	1559657520423843996
100	1	3921	1559657520423940140
1	1	3921	1559657520423948630
100	1	3921	1559657520424010452
1	1	3921	1559657520424018785
100	1	3921	1559657520424069149
1	1	3921	1559657520424073420
100	1	3921	1559657520424103524
1	1	3921	1559657520424116857
100	1	3921	1559657520424166231
1	1	3921	1559657520424170867
100	1	3921	1559657520424201231
1	1	3921	1559657520424205397
100	1	3921	1559657520424253313
1	1	3921	1559657520424257584
100	1	3921	1559657520424287740
1	1	3921	1559657520424291907
100	1	3921	1559657520424339250
1	1	3921	1559657520424343260
100	1	3921	1559657520424374301
1	1	3921	1559657520424378416
100	1	3921	1559657520424425395
1	1	3921	1559657520424429613
100	1	3921	1559657520424459769
1	1	3921	1559657520424463832
100	1	3921	1559657520424511435
1	1	3921	1559657520424515654
100	1	3921	1559657520424545810
1	1	3921	1559657520424550028
100	1	3921	1559657520424596694
1	1	3921	1559657520424600809
100	1	3921	1559657520424631173
1	1	3921	1559657520424635340
100	1	3921	1559657520424682579
1	1	3921	1559657520424686693
100	1	3921	1559657520424716485
1	1	3921	1559657520424720547
100	1	3921	1559657520424777734
1	1	3921	1559657520424782161
100	1	3921	1559657520424812733
1	1	3921	1559657520424816900
100	1	3921	1559657520424865597
1	1	3921	1559657520424869764
100	1	3921	1559657520424900128
1	1	3921	1559657520424904347
100	1	3921	1559657520424951482
1	1	3921	1559657520424955700
100	1	3921	1559657520424985856
1	1	3921	1559657520424990648
100	1	3921	1559657520425037991
1	1	3921	1559657520425042366
100	1	3921	1559657520425072574
1	1	3921	1559657520425076688
100	1	3921	1559657520425124188
1	1	3921	1559657520425128354
100	1	3921	1559657520425158667
1	1	3921	1559657520425162885
100	1	3921	1559657520425209864
1	1	3921	1559657520425214082
100	1	3921	1559657520425244967
1	1	3921	1559657520425248978
100	1	3921	1559657520425296009
1	1	3921	1559657520425300227
100	1	3921	1559657520425330539
1	1	3921	1559657520425334550
100	1	3921	1559657520425382153
1	1	3921	1559657520425390434
100	1	3921	1559657520425425799
1	1	3921	1559657520425429965
100	1	3921	1559657520425477725
1	1	3921	1559657520425481944
100	1	3921	1559657520425512672
1	1	3921	1559657520425516839
100	1	3921	1559657520425564286
1	1	3921	1559657520425568453
100	1	3921	1559657520425598557
1	1	3921	1559657520425602567
100	1	3921	1559657520425650327
1	1	3921	1559657520425654494
100	1	3921	1559657520425684649
1	1	3921	1559657520425688920
100	1	3921	1559657520425736055
1	1	3921	1559657520425741211
100	1	3921	1559657520425771315
1	1	3921	1559657520425775482
100	1	3921	1559657520425822356
1	1	3921	1559657520425826418
100	1	3921	1559657520425856574
1	1	3921	1559657520425860741
100	1	3921	1559657520425909386
1	1	3921	1559657520425913501
100	1	3921	1559657520425943709
1	1	3921	1559657520425947719
100	1	3921	1559657520425995375
1	1	3921	1559657520425999541
100	1	3921	1559657520426038343
1	1	3921	1559657520426042666
100	1	3921	1559657520426090426
1	1	3921	1559657520426094592
100	1	3921	1559657520426125633
1	1	3921	1559657520426129696
100	1	3921	1559657520426176622
1	1	3921	1559657520426180841
100	1	3921	1559657520426211257
1	1	3921	1559657520426215372
100	1	3921	1559657520426263757
1	1	3921	1559657520426267923
100	1	3921	1559657520426298027
1	1	3921	1559657520426302246
100	1	3921	1559657520426349485
1	1	3921	1559657520426353703
100	1	3921	1559657520426384432
1	1	3921	1559657520426388599
100	1	3921	1559657520426436307
1	1	3921	1559657520426440525
100	1	3921	1559657520426475108
1	1	3921	1559657520426479223
100	1	3921	1559657520426526878
1	1	3921	1559657520426531201
100	1	3921	1559657520426561305
1	1	3921	1559657520426565420
100	1	3921	1559657520426613388
1	1	3921	1559657520426617763
100	1	3921	1559657520426647971
1	1	3921	1559657520426660522
100	1	3921	1559657520426709428
1	1	3921	1559657520426713699
100	1	3921	1559657520426745105
1	1	3921	1559657520426749271
100	1	3921	1559657520426797292
1	1	3921	1559657520426801458
100	1	3921	1559657520426831718
1	1	3921	1559657520426835937
100	1	3921	1559657520426883593
1	1	3921	1559657520426887811
100	1	3921	1559657520426917915
1	1	3921	1559657520426922030
100	1	3921	1559657520426969998
1	1	3921	1559657520426974216
100	1	3921	1559657520427004789
1	1	3921	1559657520427008956
100	1	3921	1559657520427056507
1	1	3921	1559657520427060726
100	1	3921	1559657520427090986
1	1	3921	1559657520427095100
100	1	3921	1559657520427142964
1	1	3921	1559657520427147131
100	1	3921	1559657520427177443
1	1	3921	1559657520427181714
100	1	3921	1559657520427228744
1	1	3921	1559657520427233015
100	1	3921	1559657520427264056
1	1	3921	1559657520427275671
100	1	3921	1559657520427324733
1	1	3921	1559657520427329160
100	1	3921	1559657520427360045
1	1	3921	1559657520427364836
100	1	3921	1559657520427412596
1	1	3921	1559657520427416919
100	1	3921	1559657520427447179
1	1	3921	1559657520427451346
100	1	3921	1559657520427499210
1	1	3921	1559657520427503481
100	1	3921	1559657520427533636
1	1	3921	1559657520427537803
100	1	3921	1559657520427584729
1	1	3921	1559657520427589104
100	1	3921	1559657520427619885
1	1	3921	1559657520427624052
100	1	3921	1559657520427671135
1	1	3921	1559657520427675301
100	1	3921	1559657520427705509
1	1	3921	1559657520427709572
100	1	3921	1559657520427757331
1	1	3921	1559657520427761446
100	1	3921	1559657520427791914
1	1	3921	1559657520427795925
100	1	3921	1559657520427843216
1	1	3921	1559657520427847330
100	1	3921	1559657520427878215
1	1	3921	1559657520427882382
100	1	3921	1559657520427938579
1	1	3921	1559657520427942850
100	1	3921	1559657520427974308
1	1	3921	1559657520427978579
100	1	3921	1559657520428028266
1	1	3921	1559657520428032588
100	1	3921	1559657520428063317
1	1	3921	1559657520428067380
100	1	3921	1559657520428115869
1	1	3921	1559657520428120035
100	1	3921	1559657520428151441
1	1	3921	1559657520428155556
100	1	3921	1559657520428202899
1	1	3921	1559657520428207065
100	1	3921	1559657520428237950
1	1	3921	1559657520428242013
100	1	3921	1559657520428289304
1	1	3921	1559657520428293575
100	1	3921	1559657520428323939
1	1	3921	1559657520428328053
100	1	3921	1559657520428375917
1	1	3921	1559657520428380188
100	1	3921	1559657520428410448
1	1	3921	1559657520428414615
100	1	3921	1559657520428461541
1	1	3921	1559657520428465760
100	1	3921	1559657520428496801
1	1	3921	1559657520428500916
100	1	3921	1559657520428548311
1	1	3921	1559657520428563988
100	1	3921	1559657520428595863
1	1	3921	1559657520428600029
100	1	3921	1559657520428648987
1	1	3921	1559657520428653049
100	1	3921	1559657520428683466
1	1	3921	1559657520428687632
100	1	3921	1559657520428735079
1	1	3921	1559657520428739975
100	1	3921	1559657520428770392
1	1	3921	1559657520428774558
100	1	3921	1559657520428821797
1	1	3921	1559657520428826068
100	1	3921	1559657520428856328
1	1	3921	1559657520428860495
100	1	3921	1559657520428908411
1	1	3921	1559657520428912577
100	1	3921	1559657520428942629
1	1	3921	1559657520428946639
100	1	3921	1559657520428994295
1	1	3921	1559657520428998618
100	1	3921	1559657520429029399
1	1	3921	1559657520429033617
100	1	3921	1559657520429080804
1	1	3921	1559657520429086898
100	1	3921	1559657520429119710
1	1	3921	1559657520429124033
100	1	3921	1559657520429171949
1	1	3921	1559657520429176376
100	1	3921	1559657520429214969
1	1	3921	1559657520429219188
100	1	3921	1559657520429267989
1	1	3921	1559657520429272312
100	1	3921	1559657520429307676
1	1	3921	1559657520429311999
100	1	3921	1559657520429359759
1	1	3921	1559657520429364603
100	1	3921	1559657520429395279
1	1	3921	1559657520429399446
100	1	3921	1559657520429446737
1	1	3921	1559657520429450904
100	1	3921	1559657520429481268
1	1	3921	1559657520429485487
100	1	3921	1559657520429533351
1	1	3921	1559657520429537621
100	1	3921	1559657520429567829
1	1	3921	1559657520429571944
100	1	3921	1559657520429619652
1	1	3921	1559657520429623870
100	1	3921	1559657520429654078
1	1	3921	1559657520429658193
100	1	3921	1559657520429705015
1	1	3921	1559657520429709182
100	1	3921	1559657520429740171
1	1	3921	1559657520429744285
100	1	3921	1559657520429791316
1	1	3921	1559657520429795326
100	1	3921	1559657520429825482
1	1	3921	1559657520429837461
100	1	3921	1559657520429887096
1	1	3921	1559657520429891367
100	1	3921	1559657520429921835
1	1	3921	1559657520429926054
100	1	3921	1559657520429973293
1	1	3921	1559657520429977303
100	1	3921	1559657520430008397
1	1	3921	1559657520430012459
100	1	3921	1559657520430060167
1	1	3921	1559657520430064333
100	1	3921	1559657520430095219
1	1	3921	1559657520430099385
100	1	3921	1559657520430147562
1	1	3921	1559657520430151884
100	1	3921	1559657520430182353
1	1	3921	1559657520430186467
100	1	3921	1559657520430233810
1	1	3921	1559657520430238706
100	1	3921	1559657520430269123
1	1	3921	1559657520430273341
100	1	3921	1559657520430320268
1	1	3921	1559657520430324434
100	1	3921	1559657520430354226
1	1	3921	1559657520430358340
100	1	3921	1559657520430406412
1	1	3921	1559657520430410683
100	1	3921	1559657520430440839
1	1	3921	1559657520430453131
100	1	3921	1559657520430502661
1	1	3921	1559657520430507088
100	1	3921	1559657520430537452
1	1	3921	1559657520430541619
100	1	3921	1559657520430588702
1	1	3921	1559657520430592868
100	1	3921	1559657520430623649
1	1	3921	1559657520430627764
100	1	3921	1559657520430675263
1	1	3921	1559657520430679430
100	1	3921	1559657520430709534
1	1	3921	1559657520430713700
100	1	3921	1559657520430761356
1	1	3921	1559657520430765523
100	1	3921	1559657520430795783
1	1	3921	1559657520430800001
100	1	3921	1559657520430846824
1	1	3921	1559657520430850938
100	1	3921	1559657520430881823
1	1	3921	1559657520430886042
100	1	3921	1559657520430932968
1	1	3921	1559657520430937083
100	1	3921	1559657520430967030
1	1	3921	1559657520430971093
100	1	3921	1559657520431020051
1	1	3921	1559657520431024217
100	1	3921	1559657520431054373
1	1	3921	1559657520431066456
100	1	3921	1559657520431116664
1	1	3921	1559657520431121039
100	1	3921	1559657520431153903
1	1	3921	1559657520431158174
100	1	3921	1559657520431205517
1	1	3921	1559657520431209788
100	1	3921	1559657520431240985
1	1	3921	1559657520431245152
100	1	3921	1559657520431291922
1	1	3921	1559657520431296193
100	1	3921	1559657520431326401
1	1	3921	1559657520431330567
100	1	3921	1559657520431378119
1	1	3921	1559657520431382286
100	1	3921	1559657520431412493
1	1	3921	1559657520431416660
100	1	3921	1559657520431463743
1	1	3921	1559657520431467909
100	1	3921	1559657520431498690
1	1	3921	1559657520431502909
100	1	3921	1559657520431549835
1	1	3921	1559657520431554002
100	1	3921	1559657520431584002
1	1	3921	1559657520431588116
100	1	3921	1559657520431635616
1	1	3921	1559657520431639782
100	1	3921	1559657520431669990
1	1	3921	1559657520431674105
100	1	3921	1559657520431730406
1	1	3921	1559657520431734781
100	1	3921	1559657520431765926
1	1	3921	1559657520431770197
100	1	3921	1559657520431817436
1	1	3921	1559657520431821707
100	1	3921	1559657520431851915
1	1	3921	1559657520431855977
100	1	3921	1559657520431903737
1	1	3921	1559657520431908008
100	1	3921	1559657520431938268
1	1	3921	1559657520431942435
100	1	3921	1559657520431990299
1	1	3921	1559657520431994413
100	1	3921	1559657520432024673
1	1	3921	1559657520432028788
100	1	3921	1559657520432076027
1	1	3921	1559657520432080245
100	1	3921	1559657520432115714
1	1	3921	1559657520432119880
100	1	3921	1559657520432168057
1	1	3921	1559657520432172380
100	1	3921	1559657520432204046
1	1	3921	1559657520432208160
100	1	3921	1559657520432256077
1	1	3921	1559657520432260295
100	1	3921	1559657520432290868
1	1	3921	1559657520432294982
100	1	3921	1559657520432342378
1	1	3921	1559657520432347482
100	1	3921	1559657520432385919
1	1	3921	1559657520432390346
100	1	3921	1559657520432438210
1	1	3921	1559657520432442532
100	1	3921	1559657520432472480
1	1	3921	1559657520432476699
100	1	3921	1559657520432524511
1	1	3921	1559657520432528729
100	1	3921	1559657520432558989
1	1	3921	1559657520432563104
100	1	3921	1559657520432610030
1	1	3921	1559657520432614978
100	1	3921	1559657520432645603
1	1	3921	1559657520432649769
100	1	3921	1559657520432697217
1	1	3921	1559657520432701435
100	1	3921	1559657520432758726
1	1	3921	1559657520432763310
100	1	3921	1559657520432812840
1	1	3921	1559657520432817111
100	1	3921	1559657520432847423
1	1	3921	1559657520432851590
100	1	3921	1559657520432899714
1	1	3921	1559657520432903881
100	1	3921	1559657520432934141
1	1	3921	1559657520432938360
100	1	3921	1559657520432985599
1	1	3921	1559657520432990598
100	1	3921	1559657520433030963
1	1	3921	1559657520433035285
100	1	3921	1559657520433083254
1	1	3921	1559657520433087785
100	1	3921	1559657520433119086
1	1	3921	1559657520433124086
100	1	3921	1559657520433171221
1	1	3921	1559657520433175492
100	1	3921	1559657520433205908
1	1	3921	1559657520433210023
100	1	3921	1559657520433258876
1	1	3921	1559657520433263251
100	1	3921	1559657520433293511
1	1	3921	1559657520433297730
100	1	3921	1559657520433344761
1	1	3921	1559657520433348927
100	1	3921	1559657520433379760
1	1	3921	1559657520433383979
100	1	3921	1559657520433431114
1	1	3921	1559657520433435332
100	1	3921	1559657520433465436
1	1	3921	1559657520433469603
100	1	3921	1559657520433517675
1	1	3921	1559657520433521842
100	1	3921	1559657520433552050
1	1	3921	1559657520433556216
100	1	3921	1559657520433603351
1	1	3921	1559657520433607570
100	1	3921	1559657520433638351
1	1	3921	1559657520433651996
100	1	3921	1559657520433701371
1	1	3921	1559657520433705641
100	1	3921	1559657520433735745
1	1	3921	1559657520433740589
100	1	3921	1559657520433787932
1	1	3921	1559657520433792203
100	1	3921	1559657520433822202
1	1	3921	1559657520433826265
100	1	3921	1559657520433873921
1	1	3921	1559657520433878139
100	1	3921	1559657520433908191
1	1	3921	1559657520433912306
100	1	3921	1559657520433959128
1	1	3921	1559657520433963347
100	1	3921	1559657520433994284
1	1	3921	1559657520433998294
100	1	3921	1559657520434045637
1	1	3921	1559657520434049752
100	1	3921	1559657520434079803
1	1	3921	1559657520434083866
100	1	3921	1559657520434131574
1	1	3921	1559657520434135740
100	1	3921	1559657520434165948
1	1	3921	1559657520434170011
100	1	3921	1559657520434216885
1	1	3921	1559657520434221000
100	1	3921	1559657520434252041
1	1	3921	1559657520434263343
100	1	3921	1559657520434313082
1	1	3921	1559657520434317352
100	1	3921	1559657520434347769
1	1	3921	1559657520434351935
100	1	3921	1559657520434400268
1	1	3921	1559657520434404487
100	1	3921	1559657520434434799
1	1	3921	1559657520434439018
100	1	3921	1559657520434485996
1	1	3921	1559657520434490840
100	1	3921	1559657520434521152
1	1	3921	1559657520434525319
100	1	3921	1559657520434572766
1	1	3921	1559657520434576880
100	1	3921	1559657520434607245
1	1	3921	1559657520434611984
100	1	3921	1559657520434659379
1	1	3921	1559657520434663650
100	1	3921	1559657520434694327
1	1	3921	1559657520434698441
100	1	3921	1559657520434746045
1	1	3921	1559657520434751618
100	1	3921	1559657520434782347
1	1	3921	1559657520434786617
100	1	3921	1559657520434834429
1	1	3921	1559657520434838804
100	1	3921	1559657520434869898
1	1	3921	1559657520434874689
100	1	3921	1559657520434937345
1	1	3921	1559657520434941772
100	1	3921	1559657520434976615
1	1	3921	1559657520434980834
100	1	3921	1559657520435028854
1	1	3921	1559657520435033229
100	1	3921	1559657520435063489
1	1	3921	1559657520435067655
100	1	3921	1559657520435115676
1	1	3921	1559657520435119842
100	1	3921	1559657520435150259
1	1	3921	1559657520435154477
100	1	3921	1559657520435201612
1	1	3921	1559657520435205987
100	1	3921	1559657520435236143
1	1	3921	1559657520435241091
100	1	3921	1559657520435288590
1	1	3921	1559657520435292809
100	1	3921	1559657520435324267
1	1	3921	1559657520435328485
100	1	3921	1559657520435376141
1	1	3921	1559657520435380308
100	1	3921	1559657520435411089
1	1	3921	1559657520435415203
100	1	3921	1559657520435462390
1	1	3921	1559657520435466661
100	1	3921	1559657520435497546
1	1	3921	1559657520435501660
100	1	3921	1559657520435563170
1	1	3921	1559657520435567545
100	1	3921	1559657520435597909
1	1	3921	1559657520435601920
100	1	3921	1559657520435650096
1	1	3921	1559657520435654419
100	1	3921	1559657520435684627
1	1	3921	1559657520435688689
100	1	3921	1559657520435735824
1	1	3921	1559657520435740720
100	1	3921	1559657520435770980
1	1	3921	1559657520435775094
100	1	3921	1559657520435822177
1	1	3921	1559657520435826396
100	1	3921	1559657520435856395
1	1	3921	1559657520435860354
100	1	3921	1559657520435908218
1	1	3921	1559657520435912488
100	1	3921	1559657520435942644
1	1	3921	1559657520435946811
100	1	3921	1559657520435994519
1	1	3921	1559657520435998737
100	1	3921	1559657520436030195
1	1	3921	1559657520436034258
100	1	3921	1559657520436081497
1	1	3921	1559657520436085768
100	1	3921	1559657520436116809
1	1	3921	1559657520436120871
100	1	3921	1559657520436168944
1	1	3921	1559657520436173996
100	1	3921	1559657520436211808
1	1	3921	1559657520436215974
100	1	3921	1559657520436264567
1	1	3921	1559657520436268890
100	1	3921	1559657520436299359
1	1	3921	1559657520436303421
100	1	3921	1559657520436351337
1	1	3921	1559657520436355556
100	1	3921	1559657520436387378
1	1	3921	1559657520436391493
100	1	3921	1559657520436438576
1	1	3921	1559657520436442742
100	1	3921	1559657520436473054
1	1	3921	1559657520436477221
100	1	3921	1559657520436524877
1	1	3921	1559657520436529147
100	1	3921	1559657520436559043
1	1	3921	1559657520436563157
100	1	3921	1559657520436610136
1	1	3921	1559657520436615032
100	1	3921	1559657520436645188
1	1	3921	1559657520436649354
100	1	3921	1559657520436696541
1	1	3921	1559657520436700812
100	1	3921	1559657520436730864
1	1	3921	1559657520436735030
100	1	3921	1559657520436782842
1	1	3921	1559657520436787113
100	1	3921	1559657520436826227
1	1	3921	1559657520436830550
100	1	3921	1559657520436879039
1	1	3921	1559657520436883205
100	1	3921	1559657520436913465
1	1	3921	1559657520436917632
100	1	3921	1559657520436964663
1	1	3921	1559657520436968881
100	1	3921	1559657520437000027
1	1	3921	1559657520437004089
100	1	3921	1559657520437051484
1	1	3921	1559657520437055703
100	1	3921	1559657520437085859
1	1	3921	1559657520437090026
100	1	3921	1559657520437138671
1	1	3921	1559657520437142942
100	1	3921	1559657520437172941
1	1	3921	1559657520437177108
100	1	3921	1559657520437224659
1	1	3921	1559657520437228878
100	1	3921	1559657520437260023
1	1	3921	1559657520437264138
100	1	3921	1559657520437311169
1	1	3921	1559657520437315335
100	1	3921	1559657520437345543
1	1	3921	1559657520437349658
100	1	3921	1559657520437397834
1	1	3921	1559657520437402157
100	1	3921	1559657520437433250
1	1	3921	1559657520437445073
100	1	3921	1559657520437494552
1	1	3921	1559657520437498979
100	1	3921	1559657520437529551
1	1	3921	1559657520437533666
100	1	3921	1559657520437580801
1	1	3921	1559657520437585124
100	1	3921	1559657520437616113
1	1	3921	1559657520437620227
100	1	3921	1559657520437667206
1	1	3921	1559657520437671372
100	1	3921	1559657520437701372
1	1	3921	1559657520437705487
100	1	3921	1559657520437753298
1	1	3921	1559657520437757569
100	1	3921	1559657520437792100
1	1	3921	1559657520437796475
100	1	3921	1559657520437843870
1	1	3921	1559657520437848141
100	1	3921	1559657520437879130
1	1	3921	1559657520437883349
100	1	3921	1559657520437930223
1	1	3921	1559657520437934442
100	1	3921	1559657520437964494
1	1	3921	1559657520437968608
100	1	3921	1559657520438016524
1	1	3921	1559657520438020847
100	1	3921	1559657520438051368
1	1	3921	1559657520438062826
100	1	3921	1559657520438112356
1	1	3921	1559657520438116731
100	1	3921	1559657520438147200
1	1	3921	1559657520438151471
100	1	3921	1559657520438198814
1	1	3921	1559657520438203032
100	1	3921	1559657520438233084
1	1	3921	1559657520438238032
100	1	3921	1559657520438285375
1	1	3921	1559657520438289542
100	1	3921	1559657520438319593
1	1	3921	1559657520438323864
100	1	3921	1559657520438371624
1	1	3921	1559657520438375843
100	1	3921	1559657520438405946
1	1	3921	1559657520438410009
100	1	3921	1559657520438457404
1	1	3921	1559657520438461519
100	1	3921	1559657520438493602
1	1	3921	1559657520438497820
100	1	3921	1559657520438544955
1	1	3921	1559657520438549278
100	1	3921	1559657520438579434
1	1	3921	1559657520438583600
100	1	3921	1559657520438631256
1	1	3921	1559657520438635475
100	1	3921	1559657520438665943
1	1	3921	1559657520438670058
100	1	3921	1559657520438726724
1	1	3921	1559657520438730994
100	1	3921	1559657520438762452
1	1	3921	1559657520438766671
100	1	3921	1559657520438814379
1	1	3921	1559657520438818650
100	1	3921	1559657520438848649
1	1	3921	1559657520438852868
100	1	3921	1559657520438900992
1	1	3921	1559657520438905211
100	1	3921	1559657520438935523
1	1	3921	1559657520438939742
100	1	3921	1559657520438987449
1	1	3921	1559657520438991668
100	1	3921	1559657520439022137
1	1	3921	1559657520439026355
100	1	3921	1559657520439073386
1	1	3921	1559657520439077605
100	1	3921	1559657520439107708
1	1	3921	1559657520439112448
100	1	3921	1559657520439159687
1	1	3921	1559657520439163958
100	1	3921	1559657520439193957
1	1	3921	1559657520439198072
100	1	3921	1559657520439246040
1	1	3921	1559657520439250259
100	1	3921	1559657520439280675
1	1	3921	1559657520439284946
100	1	3921	1559657520439332081
1	1	3921	1559657520439343747
100	1	3921	1559657520439375830
1	1	3921	1559657520439380101
100	1	3921	1559657520439427288
1	1	3921	1559657520439431506
100	1	3921	1559657520439461558
1	1	3921	1559657520439465725
100	1	3921	1559657520439514370
1	1	3921	1559657520439518641
100	1	3921	1559657520439549265
1	1	3921	1559657520439553432
100	1	3921	1559657520439600306
1	1	3921	1559657520439604525
100	1	3921	1559657520439635775
1	1	3921	1559657520439639837
100	1	3921	1559657520439687232
1	1	3921	1559657520439691503
100	1	3921	1559657520439721867
1	1	3921	1559657520439725930
100	1	3921	1559657520439774002
1	1	3921	1559657520439778273
100	1	3921	1559657520439808481
1	1	3921	1559657520439812647
100	1	3921	1559657520439860095
1	1	3921	1559657520439864938
100	1	3921	1559657520439895146
1	1	3921	1559657520439899261
100	1	3921	1559657520439946500
1	1	3921	1559657520439950719
100	1	3921	1559657520439990406
1	1	3921	1559657520439994624
100	1	3921	1559657520440042332
1	1	3921	1559657520440046551
100	1	3921	1559657520440076759
1	1	3921	1559657520440080925
100	1	3921	1559657520440128841
1	1	3921	1559657520440132956
100	1	3921	1559657520440163164
1	1	3921	1559657520440167226
100	1	3921	1559657520440214517
1	1	3921	1559657520440218684
100	1	3921	1559657520440249829
1	1	3921	1559657520440253944
100	1	3921	1559657520440301183
1	1	3921	1559657520440305402
100	1	3921	1559657520440335453
1	1	3921	1559657520440339568
100	1	3921	1559657520440387275
1	1	3921	1559657520440393057
100	1	3921	1559657520440424150
1	1	3921	1559657520440428421
100	1	3921	1559657520440476129
1	1	3921	1559657520440480556
100	1	3921	1559657520440511493
1	1	3921	1559657520440515659
100	1	3921	1559657520440563627
1	1	3921	1559657520440567742
100	1	3921	1559657520440602325
1	1	3921	1559657520440616179
100	1	3921	1559657520440665397
1	1	3921	1559657520440669720
100	1	3921	1559657520440700084
1	1	3921	1559657520440704251
100	1	3921	1559657520440752271
1	1	3921	1559657520440756385
100	1	3921	1559657520440786489
1	1	3921	1559657520440790604
100	1	3921	1559657520440837686
1	1	3921	1559657520440841853
100	1	3921	1559657520440872582
1	1	3921	1559657520440876592
100	1	3921	1559657520440923675
1	1	3921	1559657520440927946
100	1	3921	1559657520440957997
1	1	3921	1559657520440962164
100	1	3921	1559657520441009716
1	1	3921	1559657520441013882
100	1	3921	1559657520441044038
1	1	3921	1559657520441048153
100	1	3921	1559657520441094714
1	1	3921	1559657520441098933
100	1	3921	1559657520441129714
1	1	3921	1559657520441133829
100	1	3921	1559657520441180651
1	1	3921	1559657520441184870
100	1	3921	1559657520441215182
1	1	3921	1559657520441226952
100	1	3921	1559657520441276952
1	1	3921	1559657520441281275
100	1	3921	1559657520441311743
1	1	3921	1559657520441315962
100	1	3921	1559657520441363617
1	1	3921	1559657520441367940
100	1	3921	1559657520441398252
1	1	3921	1559657520441402419
100	1	3921	1559657520441450075
1	1	3921	1559657520441454397
100	1	3921	1559657520441484189
1	1	3921	1559657520441489084
100	1	3921	1559657520441536063
1	1	3921	1559657520441540282
100	1	3921	1559657520441570594
1	1	3921	1559657520441574708
100	1	3921	1559657520441623562
1	1	3921	1559657520441627781
100	1	3921	1559657520441657884
1	1	3921	1559657520441661999
100	1	3921	1559657520441708873
1	1	3921	1559657520441712936
100	1	3921	1559657520441743925
1	1	3921	1559657520441748039
100	1	3921	1559657520441795226
1	1	3921	1559657520441799341
100	1	3921	1559657520441829705
1	1	3921	1559657520441841111
100	1	3921	1559657520441891475
1	1	3921	1559657520441895850
100	1	3921	1559657520441926527
1	1	3921	1559657520441930693
100	1	3921	1559657520441978089
1	1	3921	1559657520441982307
100	1	3921	1559657520442013297
1	1	3921	1559657520442017515
100	1	3921	1559657520442064546
1	1	3921	1559657520442068765
100	1	3921	1559657520442098712
1	1	3921	1559657520442102827
100	1	3921	1559657520442150430
1	1	3921	1559657520442154597
100	1	3921	1559657520442184701
1	1	3921	1559657520442188815
100	1	3921	1559657520442235429
1	1	3921	1559657520442240325
100	1	3921	1559657520442270272
1	1	3921	1559657520442274387
100	1	3921	1559657520442321678
1	1	3921	1559657520442325897
100	1	3921	1559657520442355896
1	1	3921	1559657520442359907
100	1	3921	1559657520442408031
1	1	3921	1559657520442412250
100	1	3921	1559657520442442406
1	1	3921	1559657520442446520
100	1	3921	1559657520442503238
1	1	3921	1559657520442507613
100	1	3921	1559657520442537977
1	1	3921	1559657520442542144
100	1	3921	1559657520442588914
1	1	3921	1559657520442593185
100	1	3921	1559657520442624591
1	1	3921	1559657520442628810
100	1	3921	1559657520442676205
1	1	3921	1559657520442680423
100	1	3921	1559657520442710684
1	1	3921	1559657520442714902
100	1	3921	1559657520442776204
1	1	3921	1559657520442780526
100	1	3921	1559657520442810734
1	1	3921	1559657520442814849
100	1	3921	1559657520442862244
1	1	3921	1559657520442866515
100	1	3921	1559657520442896723
1	1	3921	1559657520442900889
100	1	3921	1559657520442947972
1	1	3921	1559657520442952243
100	1	3921	1559657520442982451
1	1	3921	1559657520442987190
100	1	3921	1559657520443034638
1	1	3921	1559657520443038752
100	1	3921	1559657520443069116
1	1	3921	1559657520443073231
100	1	3921	1559657520443120835
1	1	3921	1559657520443125939
100	1	3921	1559657520443168282
1	1	3921	1559657520443172501
100	1	3921	1559657520443220052
1	1	3921	1559657520443224323
100	1	3921	1559657520443255208
1	1	3921	1559657520443259374
100	1	3921	1559657520443306561
1	1	3921	1559657520443310780
100	1	3921	1559657520443340884
1	1	3921	1559657520443344998
100	1	3921	1559657520443393071
1	1	3921	1559657520443397185
100	1	3921	1559657520443427237
1	1	3921	1559657520443431299
100	1	3921	1559657520443478278
1	1	3921	1559657520443482445
100	1	3921	1559657520443513382
1	1	3921	1559657520443517496
100	1	3921	1559657520443564787
1	1	3921	1559657520443568954
100	1	3921	1559657520443599110
1	1	3921	1559657520443603328
100	1	3921	1559657520443651557
1	1	3921	1559657520443655724
100	1	3921	1559657520443685984
1	1	3921	1559657520443690150
100	1	3921	1559657520443738795
1	1	3921	1559657520443742910
100	1	3921	1559657520443781868
1	1	3921	1559657520443786139
100	1	3921	1559657520443833846
1	1	3921	1559657520443838117
100	1	3921	1559657520443869158
1	1	3921	1559657520443873221
100	1	3921	1559657520443920408
1	1	3921	1559657520443924522
100	1	3921	1559657520443954730
1	1	3921	1559657520443958741
100	1	3921	1559657520444006917
1	1	3921	1559657520444012230
100	1	3921	1559657520444042281
1	1	3921	1559657520444046396
100	1	3921	1559657520444094520
1	1	3921	1559657520444098739
100	1	3921	1559657520444130718
1	1	3921	1559657520444134832
100	1	3921	1559657520444182592
1	1	3921	1559657520444186811
100	1	3921	1559657520444217175
1	1	3921	1559657520444221341
100	1	3921	1559657520444269362
1	1	3921	1559657520444273685
100	1	3921	1559657520444304205
1	1	3921	1559657520444308267
100	1	3921	1559657520444355402
1	1	3921	1559657520444359673
100	1	3921	1559657520444390610
1	1	3921	1559657520444402641
100	1	3921	1559657520444452484
1	1	3921	1559657520444456755
100	1	3921	1559657520444488057
1	1	3921	1559657520444492171
100	1	3921	1559657520444539671
1	1	3921	1559657520444543942
100	1	3921	1559657520444574462
1	1	3921	1559657520444578629
100	1	3921	1559657520444626076
1	1	3921	1559657520444630243
100	1	3921	1559657520444660503
1	1	3921	1559657520444664669
100	1	3921	1559657520444712012
1	1	3921	1559657520444716231
100	1	3921	1559657520444747793
1	1	3921	1559657520444751856
100	1	3921	1559657520444799876
1	1	3921	1559657520444804042
100	1	3921	1559657520444834250
1	1	3921	1559657520444838365
100	1	3921	1559657520444886646
1	1	3921	1559657520444890968
100	1	3921	1559657520444922010
1	1	3921	1559657520444926228
100	1	3921	1559657520444973467
1	1	3921	1559657520444977738
