1	3	3987	1559657716342480007
100	3	3987	1559657716342847451
1	3	3987	1559657716342859430
100	3	3987	1559657716342949429
1	3	3987	1559657716342958023
100	3	3987	1559657716343161510
1	3	3987	1559657716343169791
100	3	3987	1559657716343245051
1	3	3987	1559657716343253280
100	3	3987	1559657716343356300
1	3	3987	1559657716343364164
100	3	3987	1559657716343426403
1	3	3987	1559657716343435518
100	3	3987	1559657716343532652
1	3	3987	1559657716343541454
100	3	3987	1559657716343606193
1	3	3987	1559657716343618485
100	3	3987	1559657716343732338
1	3	3987	1559657716343740671
100	3	3987	1559657716343828535
1	3	3987	1559657716343836868
100	3	3987	1559657716343931294
1	3	3987	1559657716343939627
100	3	3987	1559657716343999054
1	3	3987	1559657716344007178
100	3	3987	1559657716344100719
1	3	3987	1559657716344108948
100	3	3987	1559657716344167802
1	3	3987	1559657716344175770
100	3	3987	1559657716344270717
1	3	3987	1559657716344278894
100	3	3987	1559657716344337904
1	3	3987	1559657716344346029
100	3	3987	1559657716344442539
1	3	3987	1559657716344450768
100	3	3987	1559657716344516079
1	3	3987	1559657716344524465
100	3	3987	1559657716344620974
1	3	3987	1559657716344629203
100	3	3987	1559657716344688421
1	3	3987	1559657716344698838
100	3	3987	1559657716344795504
1	3	3987	1559657716344804201
100	3	3987	1559657716344865711
1	3	3987	1559657716344873940
100	3	3987	1559657716344963731
1	3	3987	1559657716344971856
100	3	3987	1559657716345034564
1	3	3987	1559657716345060188
100	3	3987	1559657716345154510
1	3	3987	1559657716345164041
100	3	3987	1559657716345233624
1	3	3987	1559657716345241593
100	3	3987	1559657716345332425
1	3	3987	1559657716345340550
100	3	3987	1559657716345401018
1	3	3987	1559657716345409351
100	3	3987	1559657716345499038
1	3	3987	1559657716345507007
100	3	3987	1559657716345566381
1	3	3987	1559657716345574662
100	3	3987	1559657716345665026
1	3	3987	1559657716345673151
100	3	3987	1559657716345736952
1	3	3987	1559657716345744973
100	3	3987	1559657716345842264
1	3	3987	1559657716345850441
100	3	3987	1559657716345921898
1	3	3987	1559657716345930388
100	3	3987	1559657716346043876
1	3	3987	1559657716346052261
100	3	3987	1559657716346112677
1	3	3987	1559657716346121896
100	3	3987	1559657716346217937
1	3	3987	1559657716346226218
100	3	3987	1559657716346285072
1	3	3987	1559657716346304551
100	3	3987	1559657716346403195
1	3	3987	1559657716346411476
100	3	3987	1559657716346471736
1	3	3987	1559657716346479913
100	3	3987	1559657716346574079
1	3	3987	1559657716346582152
100	3	3987	1559657716346643349
1	3	3987	1559657716346651578
100	3	3987	1559657716346748192
1	3	3987	1559657716346756629
100	3	3987	1559657716346816420
1	3	3987	1559657716346824597
100	3	3987	1559657716346920950
1	3	3987	1559657716346929127
100	3	3987	1559657716346989648
1	3	3987	1559657716346998033
100	3	3987	1559657716347093605
1	3	3987	1559657716347102459
100	3	3987	1559657716347161937
1	3	3987	1559657716347170114
100	3	3987	1559657716347262613
1	3	3987	1559657716347270686
100	3	3987	1559657716347330269
1	3	3987	1559657716347338394
100	3	3987	1559657716347432924
1	3	3987	1559657716347441049
100	3	3987	1559657716347499382
1	3	3987	1559657716347507351
100	3	3987	1559657716347615110
1	3	3987	1559657716347623599
100	3	3987	1559657716347682713
1	3	3987	1559657716347690942
100	3	3987	1559657716347784587
1	3	3987	1559657716347792712
100	3	3987	1559657716347860316
1	3	3987	1559657716347871201
100	3	3987	1559657716347964429
1	3	3987	1559657716347972398
100	3	3987	1559657716348034428
1	3	3987	1559657716348042657
100	3	3987	1559657716348136302
1	3	3987	1559657716348144844
100	3	3987	1559657716348203958
1	3	3987	1559657716348211927
100	3	3987	1559657716348307342
1	3	3987	1559657716348315519
100	3	3987	1559657716348374008
1	3	3987	1559657716348382133
100	3	3987	1559657716348476403
1	3	3987	1559657716348484684
100	3	3987	1559657716348548954
1	3	3987	1559657716348557079
100	3	3987	1559657716348655047
1	3	3987	1559657716348663901
100	3	3987	1559657716348735463
1	3	3987	1559657716348744734
100	3	3987	1559657716348844160
1	3	3987	1559657716348873899
100	3	3987	1559657716348943117
1	3	3987	1559657716348951450
100	3	3987	1559657716349051293
1	3	3987	1559657716349059678
100	3	3987	1559657716349118844
1	3	3987	1559657716349126917
100	3	3987	1559657716349216968
1	3	3987	1559657716349225301
100	3	3987	1559657716349284832
1	3	3987	1559657716349292905
100	3	3987	1559657716349382227
1	3	3987	1559657716349390039
100	3	3987	1559657716349448476
1	3	3987	1559657716349456445
100	3	3987	1559657716349547381
1	3	3987	1559657716349555454
100	3	3987	1559657716349613527
1	3	3987	1559657716349621495
100	3	3987	1559657716349720505
1	3	3987	1559657716349728942
100	3	3987	1559657716349796285
1	3	3987	1559657716349807170
100	3	3987	1559657716349912274
1	3	3987	1559657716349920451
100	3	3987	1559657716349980242
1	3	3987	1559657716349988366
100	3	3987	1559657716350079563
1	3	3987	1559657716350087636
100	3	3987	1559657716350160448
1	3	3987	1559657716350168781
100	3	3987	1559657716350261124
1	3	3987	1559657716350269249
100	3	3987	1559657716350328936
1	3	3987	1559657716350337530
100	3	3987	1559657716350430133
1	3	3987	1559657716350438154
100	3	3987	1559657716350498517
1	3	3987	1559657716350506694
100	3	3987	1559657716350596277
1	3	3987	1559657716350604350
100	3	3987	1559657716350662682
1	3	3987	1559657716350670912
100	3	3987	1559657716350761171
1	3	3987	1559657716350769400
100	3	3987	1559657716350834139
1	3	3987	1559657716350842316
100	3	3987	1559657716350946013
1	3	3987	1559657716350953929
100	3	3987	1559657716351016377
1	3	3987	1559657716351024502
100	3	3987	1559657716351115907
1	3	3987	1559657716351123928
100	3	3987	1559657716351186219
1	3	3987	1559657716351195594
100	3	3987	1559657716351292051
1	3	3987	1559657716351300228
100	3	3987	1559657716351359654
1	3	3987	1559657716351382519
100	3	3987	1559657716351474184
1	3	3987	1559657716351482570
100	3	3987	1559657716351542830
1	3	3987	1559657716351551007
100	3	3987	1559657716351643037
1	3	3987	1559657716351651110
100	3	3987	1559657716351710953
1	3	3987	1559657716351720796
100	3	3987	1559657716351813243
1	3	3987	1559657716351821472
100	3	3987	1559657716351879805
1	3	3987	1559657716351887982
100	3	3987	1559657716351978346
1	3	3987	1559657716351987096
100	3	3987	1559657716352046366
1	3	3987	1559657716352054699
100	3	3987	1559657716352147146
1	3	3987	1559657716352155219
100	3	3987	1559657716352215218
1	3	3987	1559657716352223604
100	3	3987	1559657716352314644
1	3	3987	1559657716352322717
100	3	3987	1559657716352381988
1	3	3987	1559657716352390060
100	3	3987	1559657716352479643
1	3	3987	1559657716352487716
100	3	3987	1559657716352545423
1	3	3987	1559657716352565215
100	3	3987	1559657716352658912
1	3	3987	1559657716352667245
100	3	3987	1559657716352727192
1	3	3987	1559657716352791306
100	3	3987	1559657716352897243
1	3	3987	1559657716352907347
100	3	3987	1559657716352977294
1	3	3987	1559657716352986460
100	3	3987	1559657716353086928
1	3	3987	1559657716353096511
100	3	3987	1559657716353156407
1	3	3987	1559657716353164688
100	3	3987	1559657716353255833
1	3	3987	1559657716353264166
100	3	3987	1559657716353322394
1	3	3987	1559657716353330415
100	3	3987	1559657716353421456
1	3	3987	1559657716353429425
100	3	3987	1559657716353491559
1	3	3987	1559657716353500257
100	3	3987	1559657716353589735
1	3	3987	1559657716353598069
100	3	3987	1559657716353661141
1	3	3987	1559657716353669266
100	3	3987	1559657716353760984
1	3	3987	1559657716353769369
100	3	3987	1559657716353834681
1	3	3987	1559657716353843222
100	3	3987	1559657716353957127
1	3	3987	1559657716353965513
100	3	3987	1559657716354027023
1	3	3987	1559657716354035200
100	3	3987	1559657716354124782
1	3	3987	1559657716354142021
100	3	3987	1559657716354203114
1	3	3987	1559657716354211187
100	3	3987	1559657716354303947
1	3	3987	1559657716354312228
100	3	3987	1559657716354381967
1	3	3987	1559657716354390196
100	3	3987	1559657716354487330
1	3	3987	1559657716354495455
100	3	3987	1559657716354571236
1	3	3987	1559657716354579829
100	3	3987	1559657716354670141
1	3	3987	1559657716354678630
100	3	3987	1559657716354737744
1	3	3987	1559657716354745921
100	3	3987	1559657716354835400
1	3	3987	1559657716354843525
100	3	3987	1559657716354903993
1	3	3987	1559657716354912013
100	3	3987	1559657716355003523
1	3	3987	1559657716355011544
100	3	3987	1559657716355099720
1	3	3987	1559657716355108001
100	3	3987	1559657716355202948
1	3	3987	1559657716355211073
100	3	3987	1559657716355275239
1	3	3987	1559657716355283207
100	3	3987	1559657716355374144
1	3	3987	1559657716355382634
100	3	3987	1559657716355440133
1	3	3987	1559657716355448102
100	3	3987	1559657716355539403
1	3	3987	1559657716355547528
100	3	3987	1559657716355604246
1	3	3987	1559657716355613256
100	3	3987	1559657716355703203
1	3	3987	1559657716355711224
100	3	3987	1559657716355776692
1	3	3987	1559657716355785025
100	3	3987	1559657716366011430
1	3	3987	1559657716366026586
100	3	3987	1559657716366117574
1	3	3987	1559657716366127053
100	3	3987	1559657716366266062
1	3	3987	1559657716366274708
100	3	3987	1559657716373001670
1	3	3987	1559657716373032711
100	3	3987	1559657716373249271
1	3	3987	1559657716373259740
100	3	3987	1559657716373330468
1	3	3987	1559657716373364947
100	3	3987	1559657716373470102
1	3	3987	1559657716373480936
100	3	3987	1559657716373537966
1	3	3987	1559657716373546299
100	3	3987	1559657716373643486
1	3	3987	1559657716373652496
100	3	3987	1559657716373716246
1	3	3987	1559657716373725152
100	3	3987	1559657716373829421
1	3	3987	1559657716373840671
100	3	3987	1559657716373904681
1	3	3987	1559657716373913587
100	3	3987	1559657716374020669
1	3	3987	1559657716374030357
100	3	3987	1559657716374092023
1	3	3987	1559657716374103950
100	3	3987	1559657716374226657
1	3	3987	1559657716374238740
100	3	3987	1559657716374304937
1	3	3987	1559657716374316500
100	3	3987	1559657716374431759
1	3	3987	1559657716374444936
100	3	3987	1559657716374508008
1	3	3987	1559657716374519935
100	3	3987	1559657716374635976
1	3	3987	1559657716374646080
100	3	3987	1559657716374717641
1	3	3987	1559657716374780714
100	3	3987	1559657716374917796
1	3	3987	1559657716374926702
100	3	3987	1559657716374993368
1	3	3987	1559657716375004722
100	3	3987	1559657716375118575
1	3	3987	1559657716375128575
100	3	3987	1559657716375192428
1	3	3987	1559657716375203209
100	3	3987	1559657716375325760
1	3	3987	1559657716375338520
100	3	3987	1559657716375407166
1	3	3987	1559657716375416124
100	3	3987	1559657716375533883
1	3	3987	1559657716375543154
100	3	3987	1559657716375608205
1	3	3987	1559657716375620236
100	3	3987	1559657716375737370
1	3	3987	1559657716375747162
100	3	3987	1559657716375812422
1	3	3987	1559657716375826015
100	3	3987	1559657716375945910
1	3	3987	1559657716375956795
100	3	3987	1559657716376018826
1	3	3987	1559657716376031169
100	3	3987	1559657716376142158
1	3	3987	1559657716376151637
100	3	3987	1559657716376219345
1	3	3987	1559657716376281219
100	3	3987	1559657716376397103
1	3	3987	1559657716376406582
100	3	3987	1559657716376474290
1	3	3987	1559657716376483509
100	3	3987	1559657716376598247
1	3	3987	1559657716376607986
100	3	3987	1559657716376673819
1	3	3987	1559657716376684600
100	3	3987	1559657716376797776
1	3	3987	1559657716376807620
100	3	3987	1559657716376878661
1	3	3987	1559657716376890900
100	3	3987	1559657716377008764
1	3	3987	1559657716377018503
100	3	3987	1559657716377082044
1	3	3987	1559657716377091940
100	3	3987	1559657716377206522
1	3	3987	1559657716377217563
100	3	3987	1559657716377282198
1	3	3987	1559657716377294021
100	3	3987	1559657716377421572
1	3	3987	1559657716377431415
100	3	3987	1559657716377498238
1	3	3987	1559657716377510165
100	3	3987	1559657716377618757
1	3	3987	1559657716377627559
100	3	3987	1559657716377684434
1	3	3987	1559657716377694017
100	3	3987	1559657716377793391
1	3	3987	1559657716377839328
100	3	3987	1559657716377911723
1	3	3987	1559657716377919900
100	3	3987	1559657716378013232
1	3	3987	1559657716378021513
100	3	3987	1559657716378076200
1	3	3987	1559657716378084325
100	3	3987	1559657716378176095
1	3	3987	1559657716378184637
100	3	3987	1559657716378239792
1	3	3987	1559657716378248126
100	3	3987	1559657716378352395
1	3	3987	1559657716378362812
100	3	3987	1559657716378425103
1	3	3987	1559657716378434790
100	3	3987	1559657716378535310
1	3	3987	1559657716378544216
100	3	3987	1559657716378599424
1	3	3987	1559657716378607601
100	3	3987	1559657716378697913
1	3	3987	1559657716378706298
100	3	3987	1559657716378762183
1	3	3987	1559657716378770308
100	3	3987	1559657716378864526
1	3	3987	1559657716378872807
100	3	3987	1559657716378928014
1	3	3987	1559657716378936244
100	3	3987	1559657716379026816
1	3	3987	1559657716379035149
100	3	3987	1559657716379109679
1	3	3987	1559657716379117908
100	3	3987	1559657716379212126
1	3	3987	1559657716379220720
100	3	3987	1559657716379276136
1	3	3987	1559657716379284417
100	3	3987	1559657716379373635
1	3	3987	1559657716379382124
100	3	3987	1559657716379442332
1	3	3987	1559657716379450613
100	3	3987	1559657716379541706
1	3	3987	1559657716379550196
100	3	3987	1559657716379606289
1	3	3987	1559657716379614674
100	3	3987	1559657716379703736
1	3	3987	1559657716379712017
100	3	3987	1559657716379767277
1	3	3987	1559657716379775506
100	3	3987	1559657716379865453
1	3	3987	1559657716379873838
100	3	3987	1559657716379929202
1	3	3987	1559657716379937483
100	3	3987	1559657716380030347
1	3	3987	1559657716380038836
100	3	3987	1559657716380094357
1	3	3987	1559657716380102794
100	3	3987	1559657716380193522
1	3	3987	1559657716380202220
100	3	3987	1559657716380260032
1	3	3987	1559657716380281073
100	3	3987	1559657716380373833
1	3	3987	1559657716380383051
100	3	3987	1559657716380439613
1	3	3987	1559657716380447947
100	3	3987	1559657716380543258
1	3	3987	1559657716380551956
100	3	3987	1559657716380608205
1	3	3987	1559657716380616539
100	3	3987	1559657716380705496
1	3	3987	1559657716380713777
100	3	3987	1559657716380772891
1	3	3987	1559657716380781329
100	3	3987	1559657716380882838
1	3	3987	1559657716380891380
100	3	3987	1559657716380947160
1	3	3987	1559657716380955546
100	3	3987	1559657716381046065
1	3	3987	1559657716381054399
100	3	3987	1559657716381110909
1	3	3987	1559657716381119033
100	3	3987	1559657716381209762
1	3	3987	1559657716381218147
100	3	3987	1559657716381275438
1	3	3987	1559657716381283250
100	3	3987	1559657716381373145
1	3	3987	1559657716381382416
100	3	3987	1559657716381437520
1	3	3987	1559657716381460905
100	3	3987	1559657716381559706
1	3	3987	1559657716381568039
100	3	3987	1559657716381624237
1	3	3987	1559657716381632414
100	3	3987	1559657716381724652
1	3	3987	1559657716381733090
100	3	3987	1559657716381788454
1	3	3987	1559657716381796683
100	3	3987	1559657716381887307
1	3	3987	1559657716381895484
100	3	3987	1559657716381950744
1	3	3987	1559657716381958973
100	3	3987	1559657716382048763
1	3	3987	1559657716382057201
100	3	3987	1559657716382112148
1	3	3987	1559657716382120429
100	3	3987	1559657716382220428
1	3	3987	1559657716382228918
100	3	3987	1559657716382285063
1	3	3987	1559657716382293240
100	3	3987	1559657716382383343
1	3	3987	1559657716382391729
100	3	3987	1559657716382447405
1	3	3987	1559657716382455738
100	3	3987	1559657716382545737
1	3	3987	1559657716382554175
100	3	3987	1559657716382612143
1	3	3987	1559657716382620476
100	3	3987	1559657716382721100
1	3	3987	1559657716382769329
100	3	3987	1559657716382830526
1	3	3987	1559657716382839068
100	3	3987	1559657716382931202
1	3	3987	1559657716382944744
100	3	3987	1559657716383002660
1	3	3987	1559657716383011566
100	3	3987	1559657716383103544
1	3	3987	1559657716383111929
100	3	3987	1559657716383179220
1	3	3987	1559657716383187606
100	3	3987	1559657716383282188
1	3	3987	1559657716383290625
100	3	3987	1559657716383355625
1	3	3987	1559657716383363958
100	3	3987	1559657716383454634
1	3	3987	1559657716383463020
100	3	3987	1559657716383517915
1	3	3987	1559657716383526300
100	3	3987	1559657716383615883
1	3	3987	1559657716383624112
100	3	3987	1559657716383680934
1	3	3987	1559657716383689371
100	3	3987	1559657716383780568
1	3	3987	1559657716383789162
100	3	3987	1559657716383852338
1	3	3987	1559657716383861245
100	3	3987	1559657716383967077
1	3	3987	1559657716383989733
100	3	3987	1559657716384053847
1	3	3987	1559657716384062128
100	3	3987	1559657716384152700
1	3	3987	1559657716384161189
100	3	3987	1559657716384216501
1	3	3987	1559657716384224626
100	3	3987	1559657716384314157
1	3	3987	1559657716384322542
100	3	3987	1559657716384377645
1	3	3987	1559657716384386083
100	3	3987	1559657716384476134
1	3	3987	1559657716384484780
100	3	3987	1559657716384541967
1	3	3987	1559657716384550040
100	3	3987	1559657716384641132
1	3	3987	1559657716384649570
100	3	3987	1559657716384706861
1	3	3987	1559657716384715350
100	3	3987	1559657716384805506
1	3	3987	1559657716384813943
100	3	3987	1559657716384869672
1	3	3987	1559657716384878474
100	3	3987	1559657716384971285
1	3	3987	1559657716384980191
100	3	3987	1559657716385036909
1	3	3987	1559657716385045607
100	3	3987	1559657716385135919
1	3	3987	1559657716385144565
100	3	3987	1559657716385223626
1	3	3987	1559657716385233001
100	3	3987	1559657716385324198
1	3	3987	1559657716385332792
100	3	3987	1559657716385388052
1	3	3987	1559657716385396177
100	3	3987	1559657716385490446
1	3	3987	1559657716385499092
100	3	3987	1559657716385554404
1	3	3987	1559657716385562633
100	3	3987	1559657716385653309
1	3	3987	1559657716385662216
100	3	3987	1559657716385719611
1	3	3987	1559657716385727944
100	3	3987	1559657716385819818
1	3	3987	1559657716385828308
100	3	3987	1559657716385883515
1	3	3987	1559657716385891744
100	3	3987	1559657716385984816
1	3	3987	1559657716385993358
100	3	3987	1559657716386048878
1	3	3987	1559657716386057263
100	3	3987	1559657716386153669
1	3	3987	1559657716386162419
100	3	3987	1559657716386220751
1	3	3987	1559657716386229137
100	3	3987	1559657716386319865
1	3	3987	1559657716386328354
100	3	3987	1559657716386383927
1	3	3987	1559657716386400437
100	3	3987	1559657716386495436
1	3	3987	1559657716386503926
100	3	3987	1559657716386559550
1	3	3987	1559657716386567883
100	3	3987	1559657716386661997
1	3	3987	1559657716386670590
100	3	3987	1559657716386727100
1	3	3987	1559657716386735590
100	3	3987	1559657716386833558
1	3	3987	1559657716386842203
100	3	3987	1559657716386898296
1	3	3987	1559657716386907098
100	3	3987	1559657716387003660
1	3	3987	1559657716387012097
100	3	3987	1559657716387067253
1	3	3987	1559657716387075482
100	3	3987	1559657716387165273
1	3	3987	1559657716387173867
100	3	3987	1559657716387229908
1	3	3987	1559657716387238137
100	3	3987	1559657716387329854
1	3	3987	1559657716387338188
100	3	3987	1559657716387393812
1	3	3987	1559657716387402197
100	3	3987	1559657716387494436
1	3	3987	1559657716387503030
100	3	3987	1559657716387558394
1	3	3987	1559657716387597300
100	3	3987	1559657716387701413
1	3	3987	1559657716387710007
100	3	3987	1559657716387772298
1	3	3987	1559657716387780527
100	3	3987	1559657716387878963
1	3	3987	1559657716387887453
100	3	3987	1559657716387949483
1	3	3987	1559657716387957817
100	3	3987	1559657716388054274
1	3	3987	1559657716388062659
100	3	3987	1559657716388124117
1	3	3987	1559657716388132815
100	3	3987	1559657716388231356
1	3	3987	1559657716388239741
100	3	3987	1559657716388301771
1	3	3987	1559657716388310053
100	3	3987	1559657716388405625
1	3	3987	1559657716388413958
100	3	3987	1559657716388475051
1	3	3987	1559657716388483176
100	3	3987	1559657716388579737
1	3	3987	1559657716388588487
100	3	3987	1559657716388652237
1	3	3987	1559657716388660778
100	3	3987	1559657716388760256
1	3	3987	1559657716388768433
100	3	3987	1559657716388854891
1	3	3987	1559657716388863901
100	3	3987	1559657716388975827
1	3	3987	1559657716388984316
100	3	3987	1559657716389054576
1	3	3987	1559657716389063586
100	3	3987	1559657716389158273
1	3	3987	1559657716389166815
100	3	3987	1559657716389227647
1	3	3987	1559657716389235981
100	3	3987	1559657716389330459
1	3	3987	1559657716389338896
100	3	3987	1559657716389400302
1	3	3987	1559657716389408687
100	3	3987	1559657716389506811
1	3	3987	1559657716389515040
100	3	3987	1559657716389576081
1	3	3987	1559657716389584571
100	3	3987	1559657716389679257
1	3	3987	1559657716389688320
100	3	3987	1559657716389749517
1	3	3987	1559657716389757902
100	3	3987	1559657716389853474
1	3	3987	1559657716389861912
100	3	3987	1559657716389924723
1	3	3987	1559657716389933161
100	3	3987	1559657716390034826
1	3	3987	1559657716390044983
100	3	3987	1559657716390110086
1	3	3987	1559657716390119096
100	3	3987	1559657716390219095
1	3	3987	1559657716390239251
100	3	3987	1559657716390301230
1	3	3987	1559657716390309615
100	3	3987	1559657716390404927
1	3	3987	1559657716390413260
100	3	3987	1559657716390475030
1	3	3987	1559657716390483572
100	3	3987	1559657716390580602
1	3	3987	1559657716390588987
100	3	3987	1559657716390650810
1	3	3987	1559657716390658987
100	3	3987	1559657716390753048
1	3	3987	1559657716390761538
100	3	3987	1559657716390822631
1	3	3987	1559657716390830964
100	3	3987	1559657716390926015
1	3	3987	1559657716390934661
100	3	3987	1559657716390997160
1	3	3987	1559657716391005702
100	3	3987	1559657716391101690
1	3	3987	1559657716391110440
100	3	3987	1559657716391171221
1	3	3987	1559657716391179554
100	3	3987	1559657716391276741
1	3	3987	1559657716391285491
100	3	3987	1559657716391347521
1	3	3987	1559657716391356479
100	3	3987	1559657716391458301
1	3	3987	1559657716391468926
100	3	3987	1559657716391547675
1	3	3987	1559657716391555957
100	3	3987	1559657716391654133
1	3	3987	1559657716391662830
100	3	3987	1559657716391723767
1	3	3987	1559657716391732413
100	3	3987	1559657716391827256
1	3	3987	1559657716391836110
100	3	3987	1559657716391898297
1	3	3987	1559657716391906838
100	3	3987	1559657716392004441
1	3	3987	1559657716392012983
100	3	3987	1559657716392076368
1	3	3987	1559657716392084753
100	3	3987	1559657716392181523
1	3	3987	1559657716392189960
100	3	3987	1559657716392251626
1	3	3987	1559657716392259960
100	3	3987	1559657716392356417
1	3	3987	1559657716392364854
100	3	3987	1559657716392426000
1	3	3987	1559657716392434385
100	3	3987	1559657716392529488
1	3	3987	1559657716392538863
100	3	3987	1559657716392600685
1	3	3987	1559657716392608914
100	3	3987	1559657716392704070
1	3	3987	1559657716392712403
100	3	3987	1559657716393369115
1	3	3987	1559657716393395000
100	3	3987	1559657716393499791
1	3	3987	1559657716393508280
100	3	3987	1559657716393570623
1	3	3987	1559657716393579008
100	3	3987	1559657716393676612
1	3	3987	1559657716393685362
100	3	3987	1559657716393748069
1	3	3987	1559657716393756611
100	3	3987	1559657716393852235
1	3	3987	1559657716393860776
100	3	3987	1559657716393921974
1	3	3987	1559657716393930359
100	3	3987	1559657716394026504
1	3	3987	1559657716394034837
100	3	3987	1559657716394096816
1	3	3987	1559657716394105774
100	3	3987	1559657716394205512
1	3	3987	1559657716394214002
100	3	3987	1559657716394275720
1	3	3987	1559657716394284105
100	3	3987	1559657716394382177
1	3	3987	1559657716394390406
100	3	3987	1559657716394453062
1	3	3987	1559657716394462489
100	3	3987	1559657716394558321
1	3	3987	1559657716394566759
100	3	3987	1559657716394627956
1	3	3987	1559657716394656914
100	3	3987	1559657716394759413
1	3	3987	1559657716394775454
100	3	3987	1559657716394839516
1	3	3987	1559657716394849412
100	3	3987	1559657716394948578
1	3	3987	1559657716394957171
100	3	3987	1559657716395018421
1	3	3987	1559657716395026441
100	3	3987	1559657716395123420
1	3	3987	1559657716395131857
100	3	3987	1559657716395206856
1	3	3987	1559657716395215241
100	3	3987	1559657716395310188
1	3	3987	1559657716395318678
100	3	3987	1559657716395379563
1	3	3987	1559657716395387896
100	3	3987	1559657716395485916
1	3	3987	1559657716395494509
100	3	3987	1559657716395558884
1	3	3987	1559657716395567269
100	3	3987	1559657716395662424
1	3	3987	1559657716395670549
100	3	3987	1559657716395731694
1	3	3987	1559657716395740080
100	3	3987	1559657716395834818
1	3	3987	1559657716395843256
100	3	3987	1559657716395904349
1	3	3987	1559657716395912526
100	3	3987	1559657716396015337
1	3	3987	1559657716396023983
100	3	3987	1559657716396085128
1	3	3987	1559657716396093357
100	3	3987	1559657716396190075
1	3	3987	1559657716396198773
100	3	3987	1559657716396265335
1	3	3987	1559657716396273824
100	3	3987	1559657716396368771
1	3	3987	1559657716396377209
100	3	3987	1559657716396438406
1	3	3987	1559657716396446739
100	3	3987	1559657716396543353
1	3	3987	1559657716396551894
100	3	3987	1559657716396612415
1	3	3987	1559657716396620644
100	3	3987	1559657716396716424
1	3	3987	1559657716396725070
100	3	3987	1559657716396786996
1	3	3987	1559657716396795173
100	3	3987	1559657716396892099
1	3	3987	1559657716396900224
100	3	3987	1559657716396961005
1	3	3987	1559657716396969077
100	3	3987	1559657716397063972
1	3	3987	1559657716397072462
100	3	3987	1559657716397134909
1	3	3987	1559657716397143242
100	3	3987	1559657716397240845
1	3	3987	1559657716397262720
100	3	3987	1559657716397327511
1	3	3987	1559657716397335949
100	3	3987	1559657716397430739
1	3	3987	1559657716397438968
100	3	3987	1559657716397499697
1	3	3987	1559657716397508030
100	3	3987	1559657716397602977
1	3	3987	1559657716397611467
100	3	3987	1559657716397672143
1	3	3987	1559657716397680372
100	3	3987	1559657716397779954
1	3	3987	1559657716397788496
100	3	3987	1559657716397854902
1	3	3987	1559657716397863235
100	3	3987	1559657716397959953
1	3	3987	1559657716397968598
100	3	3987	1559657716398029639
1	3	3987	1559657716398037764
100	3	3987	1559657716398132503
1	3	3987	1559657716398140888
100	3	3987	1559657716398201773
1	3	3987	1559657716398210054
100	3	3987	1559657716398309324
1	3	3987	1559657716398318126
100	3	3987	1559657716398379167
1	3	3987	1559657716398388125
100	3	3987	1559657716398486249
1	3	3987	1559657716398494583
100	3	3987	1559657716398573123
1	3	3987	1559657716398581509
100	3	3987	1559657716398678226
1	3	3987	1559657716398686612
100	3	3987	1559657716398748226
1	3	3987	1559657716398756767
100	3	3987	1559657716398851193
1	3	3987	1559657716398859579
100	3	3987	1559657716398921193
1	3	3987	1559657716398929265
100	3	3987	1559657716399024317
1	3	3987	1559657716399032702
100	3	3987	1559657716399093326
1	3	3987	1559657716399101712
100	3	3987	1559657716399197127
1	3	3987	1559657716399205461
100	3	3987	1559657716399265929
1	3	3987	1559657716399274210
100	3	3987	1559657716399371396
1	3	3987	1559657716399379990
100	3	3987	1559657716399441239
1	3	3987	1559657716399449416
100	3	3987	1559657716399544207
1	3	3987	1559657716399552697
100	3	3987	1559657716399614154
1	3	3987	1559657716399622904
100	3	3987	1559657716399719153
1	3	3987	1559657716399727747
100	3	3987	1559657716399790507
1	3	3987	1559657716399814413
100	3	3987	1559657716399914203
1	3	3987	1559657716399922536
100	3	3987	1559657716399984463
1	3	3987	1559657716399992692
100	3	3987	1559657716400088212
1	3	3987	1559657716400096701
100	3	3987	1559657716400157378
1	3	3987	1559657716400165711
100	3	3987	1559657716400261231
1	3	3987	1559657716400269668
100	3	3987	1559657716400331647
1	3	3987	1559657716400339772
100	3	3987	1559657716400438521
1	3	3987	1559657716400446698
100	3	3987	1559657716400509197
1	3	3987	1559657716400517426
100	3	3987	1559657716400613415
1	3	3987	1559657716400623050
100	3	3987	1559657716400684508
1	3	3987	1559657716400693153
100	3	3987	1559657716400790913
1	3	3987	1559657716400799402
100	3	3987	1559657716400883724
1	3	3987	1559657716400892318
100	3	3987	1559657716400989348
1	3	3987	1559657716400997421
100	3	3987	1559657716401060702
1	3	3987	1559657716401080129
100	3	3987	1559657716401181013
1	3	3987	1559657716401189659
100	3	3987	1559657716401252106
1	3	3987	1559657716401260543
100	3	3987	1559657716401358042
1	3	3987	1559657716401366480
100	3	3987	1559657716401434760
1	3	3987	1559657716401443146
100	3	3987	1559657716401547728
1	3	3987	1559657716401556530
100	3	3987	1559657716401618352
1	3	3987	1559657716401626685
100	3	3987	1559657716401722257
1	3	3987	1559657716401730695
100	3	3987	1559657716401792361
1	3	3987	1559657716401800746
100	3	3987	1559657716401898506
1	3	3987	1559657716401906787
100	3	3987	1559657716401967724
1	3	3987	1559657716401976109
100	3	3987	1559657716402070639
1	3	3987	1559657716402079233
100	3	3987	1559657716402140274
1	3	3987	1559657716402148711
100	3	3987	1559657716402244439
1	3	3987	1559657716402252825
100	3	3987	1559657716402315012
1	3	3987	1559657716402323397
100	3	3987	1559657716402491156
1	3	3987	1559657716402500062
100	3	3987	1559657716402566519
1	3	3987	1559657716402575009
100	3	3987	1559657716402671935
1	3	3987	1559657716402680529
100	3	3987	1559657716402789538
1	3	3987	1559657716402798288
100	3	3987	1559657716402901308
1	3	3987	1559657716402909849
100	3	3987	1559657716402971776
1	3	3987	1559657716402980057
100	3	3987	1559657716403078233
1	3	3987	1559657716403086722
100	3	3987	1559657716403147763
1	3	3987	1559657716403156097
100	3	3987	1559657716403252033
1	3	3987	1559657716403260575
100	3	3987	1559657716403321876
1	3	3987	1559657716403330314
100	3	3987	1559657716403426198
1	3	3987	1559657716403434531
100	3	3987	1559657716403495677
1	3	3987	1559657716403503958
100	3	3987	1559657716403606769
1	3	3987	1559657716403615936
100	3	3987	1559657716403678070
1	3	3987	1559657716403686352
100	3	3987	1559657716403782653
1	3	3987	1559657716403797184
100	3	3987	1559657716403942026
1	3	3987	1559657716403950516
100	3	3987	1559657716404050462
1	3	3987	1559657716404059108
100	3	3987	1559657716404120878
1	3	3987	1559657716404129368
100	3	3987	1559657716404225565
1	3	3987	1559657716404234158
100	3	3987	1559657716404296918
1	3	3987	1559657716404305095
100	3	3987	1559657716404400303
1	3	3987	1559657716404408844
100	3	3987	1559657716404470406
1	3	3987	1559657716404478635
100	3	3987	1559657716404575092
1	3	3987	1559657716404583842
100	3	3987	1559657716404648529
1	3	3987	1559657716404656862
100	3	3987	1559657716404754934
1	3	3987	1559657716404763059
100	3	3987	1559657716404824829
1	3	3987	1559657716404833371
100	3	3987	1559657716404929724
1	3	3987	1559657716404937901
100	3	3987	1559657716405000140
1	3	3987	1559657716405008369
100	3	3987	1559657716405107795
1	3	3987	1559657716405116337
100	3	3987	1559657716405260189
1	3	3987	1559657716405268887
100	3	3987	1559657716405371386
1	3	3987	1559657716405379667
100	3	3987	1559657716405441646
1	3	3987	1559657716405450083
100	3	3987	1559657716405545551
1	3	3987	1559657716405554145
100	3	3987	1559657716405615550
1	3	3987	1559657716405624092
100	3	3987	1559657716405722060
1	3	3987	1559657716405730705
100	3	3987	1559657716405792580
1	3	3987	1559657716405800757
100	3	3987	1559657716405896120
1	3	3987	1559657716405904610
100	3	3987	1559657716405966640
1	3	3987	1559657716405975026
100	3	3987	1559657716406071900
1	3	3987	1559657716406080441
100	3	3987	1559657716406142107
1	3	3987	1559657716406150232
100	3	3987	1559657716406246846
1	3	3987	1559657716406255283
100	3	3987	1559657716406316481
1	3	3987	1559657716406327210
100	3	3987	1559657716406423407
1	3	3987	1559657716406464187
100	3	3987	1559657716406529447
1	3	3987	1559657716406538770
100	3	3987	1559657716406635019
1	3	3987	1559657716406644446
100	3	3987	1559657716406766736
1	3	3987	1559657716406775799
100	3	3987	1559657716406878194
1	3	3987	1559657716406886579
100	3	3987	1559657716406958505
1	3	3987	1559657716406966891
100	3	3987	1559657716407064077
1	3	3987	1559657716407072462
100	3	3987	1559657716407133920
1	3	3987	1559657716407142462
100	3	3987	1559657716407239961
1	3	3987	1559657716407248502
100	3	3987	1559657716407308710
1	3	3987	1559657716407316783
100	3	3987	1559657716407411521
1	3	3987	1559657716407420011
100	3	3987	1559657716407480531
1	3	3987	1559657716407488812
100	3	3987	1559657716407583759
1	3	3987	1559657716407591936
100	3	3987	1559657716407652717
1	3	3987	1559657716407661102
100	3	3987	1559657716407758653
1	3	3987	1559657716407767195
100	3	3987	1559657716407828392
1	3	3987	1559657716407855110
100	3	3987	1559657716407955318
1	3	3987	1559657716407964224
100	3	3987	1559657716408025213
1	3	3987	1559657716408033650
100	3	3987	1559657716408128753
1	3	3987	1559657716408136878
100	3	3987	1559657716408197763
1	3	3987	1559657716408205992
100	3	3987	1559657716408301408
1	3	3987	1559657716408309845
100	3	3987	1559657716408370209
1	3	3987	1559657716408378490
100	3	3987	1559657716408472917
1	3	3987	1559657716408481198
100	3	3987	1559657716408541614
1	3	3987	1559657716408549947
100	3	3987	1559657716408643644
1	3	3987	1559657716408651873
100	3	3987	1559657716408711560
1	3	3987	1559657716408719789
100	3	3987	1559657716408815465
1	3	3987	1559657716408823903
100	3	3987	1559657716408884371
1	3	3987	1559657716408892704
100	3	3987	1559657716408987859
1	3	3987	1559657716408996140
100	3	3987	1559657716409056556
1	3	3987	1559657716409064838
100	3	3987	1559657716409177753
1	3	3987	1559657716409186243
100	3	3987	1559657716409248065
1	3	3987	1559657716409256450
100	3	3987	1559657716409352074
1	3	3987	1559657716409360459
100	3	3987	1559657716409420407
1	3	3987	1559657716409428792
100	3	3987	1559657716409522749
1	3	3987	1559657716409531239
100	3	3987	1559657716409591707
1	3	3987	1559657716409599988
100	3	3987	1559657716409694727
1	3	3987	1559657716409702852
100	3	3987	1559657716409763632
1	3	3987	1559657716409771757
100	3	3987	1559657716409867902
1	3	3987	1559657716409876287
100	3	3987	1559657716409937120
1	3	3987	1559657716409945349
100	3	3987	1559657716410040088
1	3	3987	1559657716410048577
100	3	3987	1559657716410108785
1	3	3987	1559657716410117222
100	3	3987	1559657716410211753
1	3	3987	1559657716410219982
100	3	3987	1559657716410281179
1	3	3987	1559657716410289356
100	3	3987	1559657716410385501
1	3	3987	1559657716410402220
100	3	3987	1559657716410472531
1	3	3987	1559657716410481125
100	3	3987	1559657716410575864
1	3	3987	1559657716410584301
100	3	3987	1559657716410644613
1	3	3987	1559657716410652738
100	3	3987	1559657716410747424
1	3	3987	1559657716410755705
100	3	3987	1559657716410816278
1	3	3987	1559657716410824507
100	3	3987	1559657716410919922
1	3	3987	1559657716410928204
100	3	3987	1559657716410989088
1	3	3987	1559657716410997318
100	3	3987	1559657716411091848
1	3	3987	1559657716411100129
100	3	3987	1559657716411160389
1	3	3987	1559657716411168462
100	3	3987	1559657716411262419
1	3	3987	1559657716411270648
100	3	3987	1559657716411331533
1	3	3987	1559657716411339814
100	3	3987	1559657716411434761
1	3	3987	1559657716411443250
100	3	3987	1559657716411504135
1	3	3987	1559657716411512468
100	3	3987	1559657716411606061
1	3	3987	1559657716411614238
100	3	3987	1559657716411692206
1	3	3987	1559657716411701112
100	3	3987	1559657716411797309
1	3	3987	1559657716411805747
100	3	3987	1559657716411866163
1	3	3987	1559657716411874496
100	3	3987	1559657716411971422
1	3	3987	1559657716411979859
100	3	3987	1559657716412040953
1	3	3987	1559657716412049442
100	3	3987	1559657716412144389
1	3	3987	1559657716412152774
100	3	3987	1559657716412213451
1	3	3987	1559657716412221836
100	3	3987	1559657716412316158
1	3	3987	1559657716412324647
100	3	3987	1559657716412385480
1	3	3987	1559657716412393761
100	3	3987	1559657716412489958
1	3	3987	1559657716412498500
100	3	3987	1559657716412578603
1	3	3987	1559657716412587093
100	3	3987	1559657716412681935
1	3	3987	1559657716412690321
100	3	3987	1559657716412813705
1	3	3987	1559657716412822559
100	3	3987	1559657716412920110
1	3	3987	1559657716412928600
100	3	3987	1559657716412991568
1	3	3987	1559657716413015422
100	3	3987	1559657716413114327
1	3	3987	1559657716413123598
100	3	3987	1559657716413185264
1	3	3987	1559657716413193441
100	3	3987	1559657716413289794
1	3	3987	1559657716413297814
100	3	3987	1559657716413357918
1	3	3987	1559657716413366199
100	3	3987	1559657716413460729
1	3	3987	1559657716413468959
100	3	3987	1559657716413529635
1	3	3987	1559657716413538020
100	3	3987	1559657716413632082
1	3	3987	1559657716413640519
100	3	3987	1559657716413700935
1	3	3987	1559657716413709373
100	3	3987	1559657716413803538
1	3	3987	1559657716413811924
100	3	3987	1559657716413872600
1	3	3987	1559657716413881506
100	3	3987	1559657716413975360
1	3	3987	1559657716413983693
100	3	3987	1559657716414046088
1	3	3987	1559657716414054369
100	3	3987	1559657716414148587
1	3	3987	1559657716414156764
100	3	3987	1559657716414216972
1	3	3987	1559657716414240669
100	3	3987	1559657716414338533
1	3	3987	1559657716414347283
100	3	3987	1559657716414408011
1	3	3987	1559657716414416501
100	3	3987	1559657716414511916
1	3	3987	1559657716414520510
100	3	3987	1559657716414581239
1	3	3987	1559657716414589468
100	3	3987	1559657716414683321
1	3	3987	1559657716414691706
100	3	3987	1559657716414752383
1	3	3987	1559657716414760872
100	3	3987	1559657716414854673
1	3	3987	1559657716414862798
100	3	3987	1559657716414923423
1	3	3987	1559657716414931808
100	3	3987	1559657716415026442
1	3	3987	1559657716415034567
100	3	3987	1559657716415096390
1	3	3987	1559657716415104619
100	3	3987	1559657716415199097
1	3	3987	1559657716415207430
100	3	3987	1559657716415268419
1	3	3987	1559657716415276752
100	3	3987	1559657716415371387
1	3	3987	1559657716415379928
100	3	3987	1559657716415440553
1	3	3987	1559657716415448886
100	3	3987	1559657716415561958
1	3	3987	1559657716415570760
100	3	3987	1559657716415632165
1	3	3987	1559657716415640655
100	3	3987	1559657716415736227
1	3	3987	1559657716415744612
100	3	3987	1559657716415806070
1	3	3987	1559657716415814507
100	3	3987	1559657716415908569
1	3	3987	1559657716415917058
100	3	3987	1559657716415977943
1	3	3987	1559657716415986380
100	3	3987	1559657716416080650
1	3	3987	1559657716416088983
100	3	3987	1559657716416151170
1	3	3987	1559657716416159556
100	3	3987	1559657716416253878
1	3	3987	1559657716416262107
100	3	3987	1559657716416322679
1	3	3987	1559657716416330960
100	3	3987	1559657716416424970
1	3	3987	1559657716416433303
100	3	3987	1559657716416493667
1	3	3987	1559657716416501948
100	3	3987	1559657716416595905
1	3	3987	1559657716416604082
100	3	3987	1559657716416665228
1	3	3987	1559657716416673561
100	3	3987	1559657716416769081
1	3	3987	1559657716416802570
100	3	3987	1559657716416866267
1	3	3987	1559657716416874757
100	3	3987	1559657716416969808
1	3	3987	1559657716416978453
100	3	3987	1559657716417038922
1	3	3987	1559657716417046994
100	3	3987	1559657716417141837
1	3	3987	1559657716417150535
100	3	3987	1559657716417213034
1	3	3987	1559657716417221368
100	3	3987	1559657716417315533
1	3	3987	1559657716417323867
100	3	3987	1559657716417384022
1	3	3987	1559657716417392460
100	3	3987	1559657716417486104
1	3	3987	1559657716417494438
100	3	3987	1559657716417554437
1	3	3987	1559657716417562562
100	3	3987	1559657716417656832
1	3	3987	1559657716417665478
100	3	3987	1559657716417725685
1	3	3987	1559657716417734071
100	3	3987	1559657716417828288
1	3	3987	1559657716417841622
100	3	3987	1559657716417902663
1	3	3987	1559657716417911256
100	3	3987	1559657716418007297
1	3	3987	1559657716418015682
100	3	3987	1559657716418093494
1	3	3987	1559657716418101931
100	3	3987	1559657716418199014
1	3	3987	1559657716418207555
100	3	3987	1559657716418278857
1	3	3987	1559657716418287450
100	3	3987	1559657716418382814
1	3	3987	1559657716418391147
100	3	3987	1559657716418451615
1	3	3987	1559657716418459948
100	3	3987	1559657716418554739
1	3	3987	1559657716418563281
100	3	3987	1559657716418623957
1	3	3987	1559657716418632290
100	3	3987	1559657716418727289
1	3	3987	1559657716418735519
100	3	3987	1559657716418795935
1	3	3987	1559657716418804216
100	3	3987	1559657716418899267
1	3	3987	1559657716418907600
100	3	3987	1559657716418968068
1	3	3987	1559657716418976401
100	3	3987	1559657716419070150
1	3	3987	1559657716419078484
100	3	3987	1559657716419138952
1	3	3987	1559657716419147233
100	3	3987	1559657716419242076
1	3	3987	1559657716419250201
100	3	3987	1559657716419312700
1	3	3987	1559657716419336085
100	3	3987	1559657716419434886
1	3	3987	1559657716419443428
100	3	3987	1559657716419504156
1	3	3987	1559657716419512333
100	3	3987	1559657716419607697
1	3	3987	1559657716419616134
100	3	3987	1559657716419676863
1	3	3987	1559657716419684936
100	3	3987	1559657716419779987
1	3	3987	1559657716419788164
100	3	3987	1559657716419848372
1	3	3987	1559657716419856549
100	3	3987	1559657716419950714
1	3	3987	1559657716419958839
100	3	3987	1559657716420019203
1	3	3987	1559657716420027953
100	3	3987	1559657716420122588
1	3	3987	1559657716420130921
100	3	3987	1559657716420191337
1	3	3987	1559657716420199722
100	3	3987	1559657716420294357
1	3	3987	1559657716420303002
100	3	3987	1559657716420365502
1	3	3987	1559657716420373679
100	3	3987	1559657716420467740
1	3	3987	1559657716420476021
100	3	3987	1559657716420536281
1	3	3987	1559657716420559614
100	3	3987	1559657716420657113
1	3	3987	1559657716420665967
100	3	3987	1559657716420726956
1	3	3987	1559657716420735342
100	3	3987	1559657716420830809
1	3	3987	1559657716420839299
100	3	3987	1559657716420899871
1	3	3987	1559657716420908152
100	3	3987	1559657716421003047
1	3	3987	1559657716421011432
100	3	3987	1559657716421071588
1	3	3987	1559657716421080078
100	3	3987	1559657716421174243
1	3	3987	1559657716421182941
100	3	3987	1559657716421243149
1	3	3987	1559657716421251482
100	3	3987	1559657716421346064
1	3	3987	1559657716421354502
100	3	3987	1559657716421416324
1	3	3987	1559657716421424762
100	3	3987	1559657716421518563
1	3	3987	1559657716421526948
100	3	3987	1559657716421587104
1	3	3987	1559657716421595437
100	3	3987	1559657716421690280
1	3	3987	1559657716421698821
100	3	3987	1559657716421759133
1	3	3987	1559657716421782727
100	3	3987	1559657716421881423
1	3	3987	1559657716421890121
100	3	3987	1559657716421950694
1	3	3987	1559657716421958818
100	3	3987	1559657716422053088
1	3	3987	1559657716422061526
100	3	3987	1559657716422122306
1	3	3987	1559657716422130796
100	3	3987	1559657716422225639
1	3	3987	1559657716422234076
100	3	3987	1559657716422294752
1	3	3987	1559657716422303034
100	3	3987	1559657716422397512
1	3	3987	1559657716422406210
100	3	3987	1559657716422468553
1	3	3987	1559657716422476990
100	3	3987	1559657716422571052
1	3	3987	1559657716422579437
100	3	3987	1559657716422639645
1	3	3987	1559657716422648186
100	3	3987	1559657716422762300
1	3	3987	1559657716422771258
100	3	3987	1559657716422834122
1	3	3987	1559657716422842455
100	3	3987	1559657716422937923
1	3	3987	1559657716422946100
100	3	3987	1559657716423006620
1	3	3987	1559657716423015005
100	3	3987	1559657716423129171
1	3	3987	1559657716423137713
100	3	3987	1559657716423198493
1	3	3987	1559657716423206826
100	3	3987	1559657716423300784
1	3	3987	1559657716423309325
100	3	3987	1559657716423369793
1	3	3987	1559657716423378075
100	3	3987	1559657716423472553
1	3	3987	1559657716423481094
100	3	3987	1559657716423630884
1	3	3987	1559657716423640051
100	3	3987	1559657716423738852
1	3	3987	1559657716423747394
100	3	3987	1559657716423808383
1	3	3987	1559657716423816612
100	3	3987	1559657716423913121
1	3	3987	1559657716423921611
100	3	3987	1559657716423992652
1	3	3987	1559657716424001037
100	3	3987	1559657716424095567
1	3	3987	1559657716424103952
100	3	3987	1559657716424164212
1	3	3987	1559657716424172441
100	3	3987	1559657716424267180
1	3	3987	1559657716424275617
100	3	3987	1559657716424336398
1	3	3987	1559657716424344679
100	3	3987	1559657716424439418
1	3	3987	1559657716424449574
100	3	3987	1559657716424527542
1	3	3987	1559657716424536344
100	3	3987	1559657716424632957
1	3	3987	1559657716424641343
100	3	3987	1559657716424701707
1	3	3987	1559657716424709988
100	3	3987	1559657716424767904
1	3	3987	1559657716424772071
100	3	3987	1559657716424802070
1	3	3987	1559657716424806185
100	3	3987	1559657716424853476
1	3	3987	1559657716424857591
100	3	3987	1559657716424887694
1	3	3987	1559657716424891809
100	3	3987	1559657716424938683
1	3	3987	1559657716424942798
100	3	3987	1559657716424973058
1	3	3987	1559657716424977173
100	3	3987	1559657716425041599
1	3	3987	1559657716425045818
100	3	3987	1559657716425075765
1	3	3987	1559657716425079880
100	3	3987	1559657716425148369
1	3	3987	1559657716425152744
100	3	3987	1559657716425183733
1	3	3987	1559657716425187952
100	3	3987	1559657716425235816
1	3	3987	1559657716425240034
100	3	3987	1559657716425279253
1	3	3987	1559657716425283524
100	3	3987	1559657716425331388
1	3	3987	1559657716425335606
100	3	3987	1559657716425365971
1	3	3987	1559657716425370241
100	3	3987	1559657716425418106
1	3	3987	1559657716425422324
100	3	3987	1559657716425452636
1	3	3987	1559657716425456751
100	3	3987	1559657716425503782
1	3	3987	1559657716425508000
100	3	3987	1559657716425538365
1	3	3987	1559657716425542479
100	3	3987	1559657716425591333
1	3	3987	1559657716425595500
100	3	3987	1559657716425625760
1	3	3987	1559657716425629874
100	3	3987	1559657716425677061
1	3	3987	1559657716425681176
100	3	3987	1559657716425711123
1	3	3987	1559657716425715342
100	3	3987	1559657716425763467
1	3	3987	1559657716425767685
100	3	3987	1559657716425797997
1	3	3987	1559657716425802060
100	3	3987	1559657716425848882
1	3	3987	1559657716425852997
100	3	3987	1559657716425883101
1	3	3987	1559657716425894976
100	3	3987	1559657716425944350
1	3	3987	1559657716425948673
100	3	3987	1559657716425979298
1	3	3987	1559657716425983516
100	3	3987	1559657716426030912
1	3	3987	1559657716426035287
100	3	3987	1559657716426066068
1	3	3987	1559657716426070234
100	3	3987	1559657716426117682
1	3	3987	1559657716426121952
100	3	3987	1559657716426152421
1	3	3987	1559657716426156640
100	3	3987	1559657716426203827
1	3	3987	1559657716426207941
100	3	3987	1559657716426238097
1	3	3987	1559657716426242264
100	3	3987	1559657716426289399
1	3	3987	1559657716426293669
100	3	3987	1559657716426324190
1	3	3987	1559657716426328357
100	3	3987	1559657716426375491
1	3	3987	1559657716426379554
100	3	3987	1559657716426409970
1	3	3987	1559657716426414085
100	3	3987	1559657716426461949
1	3	3987	1559657716426466168
100	3	3987	1559657716426496584
1	3	3987	1559657716426508615
100	3	3987	1559657716426557625
1	3	3987	1559657716426561948
100	3	3987	1559657716426592573
1	3	3987	1559657716426596687
100	3	3987	1559657716426645124
1	3	3987	1559657716426649343
100	3	3987	1559657716426680228
1	3	3987	1559657716426684447
100	3	3987	1559657716426731998
1	3	3987	1559657716426736217
100	3	3987	1559657716426766529
1	3	3987	1559657716426770696
100	3	3987	1559657716426818039
1	3	3987	1559657716426822310
100	3	3987	1559657716426852518
1	3	3987	1559657716426856684
100	3	3987	1559657716426903923
1	3	3987	1559657716426908142
100	3	3987	1559657716426938454
1	3	3987	1559657716426942621
100	3	3987	1559657716426990068
1	3	3987	1559657716426995641
100	3	3987	1559657716427026787
1	3	3987	1559657716427031005
100	3	3987	1559657716427079182
1	3	3987	1559657716427083453
100	3	3987	1559657716427114025
1	3	3987	1559657716427118869
100	3	3987	1559657716427176941
1	3	3987	1559657716427181212
100	3	3987	1559657716427215951
1	3	3987	1559657716427220118
100	3	3987	1559657716427267982
1	3	3987	1559657716427272149
100	3	3987	1559657716427302409
1	3	3987	1559657716427306628
100	3	3987	1559657716427354544
1	3	3987	1559657716427358763
100	3	3987	1559657716427389179
1	3	3987	1559657716427393189
100	3	3987	1559657716427440585
1	3	3987	1559657716427444699
100	3	3987	1559657716427474959
1	3	3987	1559657716427478970
100	3	3987	1559657716427526261
1	3	3987	1559657716427530532
100	3	3987	1559657716427560531
1	3	3987	1559657716427564750
100	3	3987	1559657716427611885
1	3	3987	1559657716427615999
100	3	3987	1559657716427646312
1	3	3987	1559657716427650322
100	3	3987	1559657716427698342
1	3	3987	1559657716427702561
100	3	3987	1559657716427732717
1	3	3987	1559657716427736832
100	3	3987	1559657716427797195
1	3	3987	1559657716427801414
100	3	3987	1559657716427832143
1	3	3987	1559657716427836258
100	3	3987	1559657716427884590
1	3	3987	1559657716427888809
100	3	3987	1559657716427919225
1	3	3987	1559657716427923340
100	3	3987	1559657716427970631
1	3	3987	1559657716427974746
100	3	3987	1559657716428004954
1	3	3987	1559657716428009068
100	3	3987	1559657716428056620
1	3	3987	1559657716428060734
100	3	3987	1559657716428091359
1	3	3987	1559657716428095578
100	3	3987	1559657716428143077
1	3	3987	1559657716428147296
100	3	3987	1559657716428177712
1	3	3987	1559657716428181931
100	3	3987	1559657716428229274
1	3	3987	1559657716428233285
100	3	3987	1559657716428263545
1	3	3987	1559657716428267711
100	3	3987	1559657716428314951
1	3	3987	1559657716428319117
100	3	3987	1559657716428349065
1	3	3987	1559657716428353231
100	3	3987	1559657716428400731
1	3	3987	1559657716428405783
100	3	3987	1559657716428444689
1	3	3987	1559657716428449012
100	3	3987	1559657716428496719
1	3	3987	1559657716428500990
100	3	3987	1559657716428531094
1	3	3987	1559657716428535209
100	3	3987	1559657716428584062
1	3	3987	1559657716428588229
100	3	3987	1559657716428618229
1	3	3987	1559657716428622447
100	3	3987	1559657716428669218
1	3	3987	1559657716428673384
100	3	3987	1559657716428704634
1	3	3987	1559657716428708905
100	3	3987	1559657716428755988
1	3	3987	1559657716428760154
100	3	3987	1559657716428790518
1	3	3987	1559657716428794581
100	3	3987	1559657716428841299
1	3	3987	1559657716428845414
100	3	3987	1559657716428875674
1	3	3987	1559657716428879840
100	3	3987	1559657716428927236
1	3	3987	1559657716428931246
100	3	3987	1559657716428961454
1	3	3987	1559657716428965569
100	3	3987	1559657716429012547
1	3	3987	1559657716429016610
100	3	3987	1559657716429055464
1	3	3987	1559657716429059995
100	3	3987	1559657716429108224
1	3	3987	1559657716429112494
100	3	3987	1559657716429142702
1	3	3987	1559657716429146817
100	3	3987	1559657716429194368
1	3	3987	1559657716429198691
100	3	3987	1559657716429229108
1	3	3987	1559657716429233274
100	3	3987	1559657716429281190
1	3	3987	1559657716429285305
100	3	3987	1559657716429315826
1	3	3987	1559657716429320044
100	3	3987	1559657716429367179
1	3	3987	1559657716429371346
100	3	3987	1559657716429401658
1	3	3987	1559657716429405825
100	3	3987	1559657716429453012
1	3	3987	1559657716429457335
100	3	3987	1559657716429487178
1	3	3987	1559657716429491292
100	3	3987	1559657716429538063
1	3	3987	1559657716429542229
100	3	3987	1559657716429572281
1	3	3987	1559657716429576448
100	3	3987	1559657716429623583
1	3	3987	1559657716429627801
100	3	3987	1559657716429657957
1	3	3987	1559657716429669624
100	3	3987	1559657716429718582
1	3	3987	1559657716429722853
100	3	3987	1559657716429754154
1	3	3987	1559657716429758321
100	3	3987	1559657716429805560
1	3	3987	1559657716429809779
100	3	3987	1559657716429839987
1	3	3987	1559657716429844101
100	3	3987	1559657716429891288
1	3	3987	1559657716429895507
100	3	3987	1559657716429925819
1	3	3987	1559657716429930038
100	3	3987	1559657716429977590
1	3	3987	1559657716429981704
100	3	3987	1559657716430016391
1	3	3987	1559657716430020558
100	3	3987	1559657716430067953
1	3	3987	1559657716430072120
100	3	3987	1559657716430102224
1	3	3987	1559657716430106286
100	3	3987	1559657716430153265
1	3	3987	1559657716430157431
100	3	3987	1559657716430187848
1	3	3987	1559657716430192014
100	3	3987	1559657716430239722
1	3	3987	1559657716430243785
100	3	3987	1559657716430274149
1	3	3987	1559657716430285607
100	3	3987	1559657716430335086
1	3	3987	1559657716430339461
100	3	3987	1559657716430369825
1	3	3987	1559657716430374044
100	3	3987	1559657716430421283
1	3	3987	1559657716430425502
100	3	3987	1559657716430455605
1	3	3987	1559657716430459668
100	3	3987	1559657716430507063
1	3	3987	1559657716430511334
100	3	3987	1559657716430541334
1	3	3987	1559657716430545500
100	3	3987	1559657716430592635
1	3	3987	1559657716430596802
100	3	3987	1559657716430626958
1	3	3987	1559657716430631177
100	3	3987	1559657716430678572
1	3	3987	1559657716430682686
100	3	3987	1559657716430712790
1	3	3987	1559657716430716905
100	3	3987	1559657716430763363
1	3	3987	1559657716430767477
100	3	3987	1559657716430797425
1	3	3987	1559657716430801591
100	3	3987	1559657716430850497
1	3	3987	1559657716430854560
100	3	3987	1559657716430884820
1	3	3987	1559657716430888882
100	3	3987	1559657716430944819
1	3	3987	1559657716430949142
100	3	3987	1559657716430979662
1	3	3987	1559657716430983881
100	3	3987	1559657716431031485
1	3	3987	1559657716431035704
100	3	3987	1559657716431065755
1	3	3987	1559657716431069818
100	3	3987	1559657716431117161
1	3	3987	1559657716431121380
100	3	3987	1559657716431152057
1	3	3987	1559657716431156119
100	3	3987	1559657716431203358
1	3	3987	1559657716431207525
100	3	3987	1559657716431237733
1	3	3987	1559657716431241847
100	3	3987	1559657716431289086
1	3	3987	1559657716431293201
100	3	3987	1559657716431323253
1	3	3987	1559657716431327419
100	3	3987	1559657716431375075
1	3	3987	1559657716431379294
100	3	3987	1559657716431409606
1	3	3987	1559657716431413720
100	3	3987	1559657716431460595
1	3	3987	1559657716431464762
100	3	3987	1559657716431494553
1	3	3987	1559657716431498668
100	3	3987	1559657716431545542
1	3	3987	1559657716431557156
100	3	3987	1559657716431588823
1	3	3987	1559657716431593094
100	3	3987	1559657716431640593
1	3	3987	1559657716431644656
100	3	3987	1559657716431674916
1	3	3987	1559657716431678978
100	3	3987	1559657716431726373
1	3	3987	1559657716431730592
100	3	3987	1559657716431760800
1	3	3987	1559657716431765019
100	3	3987	1559657716431812102
1	3	3987	1559657716431816216
100	3	3987	1559657716431847310
1	3	3987	1559657716431851528
100	3	3987	1559657716431898872
1	3	3987	1559657716431902986
100	3	3987	1559657716431933298
1	3	3987	1559657716431937361
100	3	3987	1559657716431983819
1	3	3987	1559657716431988037
100	3	3987	1559657716432018350
1	3	3987	1559657716432022516
100	3	3987	1559657716432069912
1	3	3987	1559657716432074026
100	3	3987	1559657716432104182
1	3	3987	1559657716432108297
100	3	3987	1559657716432155223
1	3	3987	1559657716432159442
100	3	3987	1559657716432198712
1	3	3987	1559657716432203035
100	3	3987	1559657716432251056
1	3	3987	1559657716432255378
100	3	3987	1559657716432285847
1	3	3987	1559657716432290066
100	3	3987	1559657716432337721
1	3	3987	1559657716432341888
100	3	3987	1559657716432372148
1	3	3987	1559657716432376315
100	3	3987	1559657716432423658
1	3	3987	1559657716432427825
100	3	3987	1559657716432457876
1	3	3987	1559657716432461991
100	3	3987	1559657716432509074
1	3	3987	1559657716432513344
100	3	3987	1559657716432543813
1	3	3987	1559657716432548032
100	3	3987	1559657716432595479
1	3	3987	1559657716432601208
100	3	3987	1559657716432632354
1	3	3987	1559657716432636572
100	3	3987	1559657716432684072
1	3	3987	1559657716432688343
100	3	3987	1559657716432718447
1	3	3987	1559657716432722561
100	3	3987	1559657716432793446
1	3	3987	1559657716432797821
100	3	3987	1559657716432833029
1	3	3987	1559657716432844591
100	3	3987	1559657716432894434
1	3	3987	1559657716432898653
100	3	3987	1559657716432930163
1	3	3987	1559657716432934330
100	3	3987	1559657716432981777
1	3	3987	1559657716432985944
100	3	3987	1559657716433016412
1	3	3987	1559657716433020787
100	3	3987	1559657716433068130
1	3	3987	1559657716433072349
100	3	3987	1559657716433102609
1	3	3987	1559657716433106724
100	3	3987	1559657716433154171
1	3	3987	1559657716433158286
100	3	3987	1559657716433188129
1	3	3987	1559657716433192348
100	3	3987	1559657716433239327
1	3	3987	1559657716433243441
100	3	3987	1559657716433273649
1	3	3987	1559657716433277816
100	3	3987	1559657716433324794
1	3	3987	1559657716433329013
100	3	3987	1559657716433359221
1	3	3987	1559657716433363388
100	3	3987	1559657716433410939
1	3	3987	1559657716433415158
100	3	3987	1559657716433445210
1	3	3987	1559657716433457033
100	3	3987	1559657716433506407
1	3	3987	1559657716433510782
100	3	3987	1559657716433541615
1	3	3987	1559657716433545782
100	3	3987	1559657716433593125
1	3	3987	1559657716433597448
100	3	3987	1559657716433627448
1	3	3987	1559657716433631614
100	3	3987	1559657716433679478
1	3	3987	1559657716433683697
100	3	3987	1559657716433713957
1	3	3987	1559657716433718176
100	3	3987	1559657716433765467
1	3	3987	1559657716433769634
100	3	3987	1559657716433799685
1	3	3987	1559657716433803800
100	3	3987	1559657716433850779
1	3	3987	1559657716433854841
100	3	3987	1559657716433885049
1	3	3987	1559657716433889268
100	3	3987	1559657716433936194
1	3	3987	1559657716433940361
100	3	3987	1559657716433971142
1	3	3987	1559657716433975204
100	3	3987	1559657716434022600
1	3	3987	1559657716434026818
100	3	3987	1559657716434056766
1	3	3987	1559657716434068537
100	3	3987	1559657716434117807
1	3	3987	1559657716434122130
100	3	3987	1559657716434152598
1	3	3987	1559657716434156869
100	3	3987	1559657716434204525
1	3	3987	1559657716434208692
100	3	3987	1559657716434238900
1	3	3987	1559657716434243222
100	3	3987	1559657716434290149
1	3	3987	1559657716434294368
100	3	3987	1559657716434324315
1	3	3987	1559657716434328482
100	3	3987	1559657716434375304
1	3	3987	1559657716434379575
100	3	3987	1559657716434410044
1	3	3987	1559657716434414158
100	3	3987	1559657716434461085
1	3	3987	1559657716434465303
100	3	3987	1559657716434495355
1	3	3987	1559657716434499522
100	3	3987	1559657716434546761
1	3	3987	1559657716434550928
100	3	3987	1559657716434581136
1	3	3987	1559657716434585302
100	3	3987	1559657716434632229
1	3	3987	1559657716434636447
100	3	3987	1559657716434666447
1	3	3987	1559657716434670510
100	3	3987	1559657716434733217
1	3	3987	1559657716434737436
100	3	3987	1559657716434768009
1	3	3987	1559657716434772123
100	3	3987	1559657716434819466
1	3	3987	1559657716434823581
100	3	3987	1559657716434853476
1	3	3987	1559657716434857539
100	3	3987	1559657716434905091
1	3	3987	1559657716434909257
100	3	3987	1559657716434939257
1	3	3987	1559657716434943371
100	3	3987	1559657716434990454
1	3	3987	1559657716434994569
100	3	3987	1559657716435025506
1	3	3987	1559657716435029725
100	3	3987	1559657716435077068
1	3	3987	1559657716435081339
100	3	3987	1559657716435111390
1	3	3987	1559657716435115401
100	3	3987	1559657716435162536
1	3	3987	1559657716435167484
100	3	3987	1559657716435197796
1	3	3987	1559657716435201910
100	3	3987	1559657716435250295
1	3	3987	1559657716435254514
100	3	3987	1559657716435284722
1	3	3987	1559657716435288889
100	3	3987	1559657716435336232
1	3	3987	1559657716435341388
100	3	3987	1559657716435383106
1	3	3987	1559657716435387273
100	3	3987	1559657716435435033
1	3	3987	1559657716435439148
100	3	3987	1559657716435469564
1	3	3987	1559657716435473678
100	3	3987	1559657716435520657
1	3	3987	1559657716435524980
100	3	3987	1559657716435555396
1	3	3987	1559657716435559511
100	3	3987	1559657716435607062
1	3	3987	1559657716435611281
100	3	3987	1559657716435641906
1	3	3987	1559657716435645968
100	3	3987	1559657716435693259
1	3	3987	1559657716435697426
100	3	3987	1559657716435727790
1	3	3987	1559657716435732009
100	3	3987	1559657716435779300
1	3	3987	1559657716435783519
100	3	3987	1559657716435813779
1	3	3987	1559657716435817998
100	3	3987	1559657716435865810
1	3	3987	1559657716435869924
100	3	3987	1559657716435900445
1	3	3987	1559657716435904507
100	3	3987	1559657716435951798
1	3	3987	1559657716435956069
100	3	3987	1559657716435995548
1	3	3987	1559657716435999923
100	3	3987	1559657716436048672
1	3	3987	1559657716436052891
100	3	3987	1559657716436083568
1	3	3987	1559657716436087682
100	3	3987	1559657716436135442
1	3	3987	1559657716436139609
100	3	3987	1559657716436169817
1	3	3987	1559657716436173984
100	3	3987	1559657716436221587
1	3	3987	1559657716436225754
100	3	3987	1559657716436255962
1	3	3987	1559657716436260076
100	3	3987	1559657716436307368
1	3	3987	1559657716436311638
100	3	3987	1559657716436341846
1	3	3987	1559657716436345857
100	3	3987	1559657716436393304
1	3	3987	1559657716436397523
100	3	3987	1559657716436427627
1	3	3987	1559657716436431846
100	3	3987	1559657716436478980
1	3	3987	1559657716436483147
100	3	3987	1559657716436513668
1	3	3987	1559657716436517730
100	3	3987	1559657716436564761
1	3	3987	1559657716436568980
100	3	3987	1559657716436599240
1	3	3987	1559657716436610958
100	3	3987	1559657716436660697
1	3	3987	1559657716436665124
100	3	3987	1559657716436695697
1	3	3987	1559657716436699916
100	3	3987	1559657716436747207
1	3	3987	1559657716436751321
100	3	3987	1559657716436782154
1	3	3987	1559657716436786165
100	3	3987	1559657716436833768
1	3	3987	1559657716436837831
100	3	3987	1559657716436868351
1	3	3987	1559657716436872466
100	3	3987	1559657716436919549
1	3	3987	1559657716436923872
100	3	3987	1559657716436954444
1	3	3987	1559657716436958611
100	3	3987	1559657716437007100
1	3	3987	1559657716437011215
100	3	3987	1559657716437041370
1	3	3987	1559657716437045589
100	3	3987	1559657716437093141
1	3	3987	1559657716437097307
100	3	3987	1559657716437128557
1	3	3987	1559657716437132880
100	3	3987	1559657716437180327
1	3	3987	1559657716437184494
