1	2	870	1559658335261318708
100	2	870	1559658335261585010
1	2	870	1559658335261595740
100	2	870	1559658335261682875
1	2	870	1559658335261691781
100	2	870	1559658335261880323
1	2	870	1559658335261889281
100	2	870	1559658335261967250
1	2	870	1559658335261976729
100	2	870	1559658335262078240
1	2	870	1559658335262086573
100	2	870	1559658335262153344
1	2	870	1559658335262161729
100	2	870	1559658335262263396
1	2	870	1559658335262271781
100	2	870	1559658335262336156
1	2	870	1559658335262344542
100	2	870	1559658335262443344
1	2	870	1559658335262451729
100	2	870	1559658335262528500
1	2	870	1559658335262537146
100	2	870	1559658335262635948
1	2	870	1559658335262644385
100	2	870	1559658335262709542
1	2	870	1559658335262717927
100	2	870	1559658335262816208
1	2	870	1559658335262824698
100	2	870	1559658335262888969
1	2	870	1559658335262897302
100	2	870	1559658335262997354
1	2	870	1559658335263005792
100	2	870	1559658335263070427
1	2	870	1559658335263078865
100	2	870	1559658335263174698
1	2	870	1559658335263183083
100	2	870	1559658335263250479
1	2	870	1559658335263258708
100	2	870	1559658335263417771
1	2	870	1559658335263426417
100	2	870	1559658335263492406
1	2	870	1559658335263502354
100	2	870	1559658335263599490
1	2	870	1559658335263607927
100	2	870	1559658335263670896
1	2	870	1559658335263679281
100	2	870	1559658335263777458
1	2	870	1559658335263786000
100	2	870	1559658335263850687
1	2	870	1559658335263872250
100	2	870	1559658335263967875
1	2	870	1559658335263976260
100	2	870	1559658335264039750
1	2	870	1559658335264047927
100	2	870	1559658335264142979
1	2	870	1559658335264151312
100	2	870	1559658335264213865
1	2	870	1559658335264222198
100	2	870	1559658335264317094
1	2	870	1559658335264325219
100	2	870	1559658335264388031
1	2	870	1559658335264396312
100	2	870	1559658335264490844
1	2	870	1559658335264498969
100	2	870	1559658335264562927
1	2	870	1559658335264571104
100	2	870	1559658335264665687
1	2	870	1559658335264673969
100	2	870	1559658335264743917
1	2	870	1559658335264752146
100	2	870	1559658335264849073
1	2	870	1559658335264857458
100	2	870	1559658335264919958
1	2	870	1559658335264928969
100	2	870	1559658335265026729
1	2	870	1559658335265035062
100	2	870	1559658335265099542
1	2	870	1559658335265120583
100	2	870	1559658335265217979
1	2	870	1559658335265226469
100	2	870	1559658335265289177
1	2	870	1559658335265297719
100	2	870	1559658335265395375
1	2	870	1559658335265403917
100	2	870	1559658335265466312
1	2	870	1559658335265474698
100	2	870	1559658335265572146
1	2	870	1559658335265580583
100	2	870	1559658335265643344
1	2	870	1559658335265651937
100	2	870	1559658335265751625
1	2	870	1559658335265759906
100	2	870	1559658335265826052
1	2	870	1559658335265834437
100	2	870	1559658335265935687
1	2	870	1559658335265944021
100	2	870	1559658335266009281
1	2	870	1559658335266017510
100	2	870	1559658335266115687
1	2	870	1559658335266123969
100	2	870	1559658335266186052
1	2	870	1559658335266194333
100	2	870	1559658335266290427
1	2	870	1559658335266298604
100	2	870	1559658335266362458
1	2	870	1559658335266370687
100	2	870	1559658335266476000
1	2	870	1559658335266484698
100	2	870	1559658335266547042
1	2	870	1559658335266555271
100	2	870	1559658335266652510
1	2	870	1559658335266660896
100	2	870	1559658335266724073
1	2	870	1559658335266732302
100	2	870	1559658335266828917
1	2	870	1559658335266837302
100	2	870	1559658335266901260
1	2	870	1559658335266909542
100	2	870	1559658335267006885
1	2	870	1559658335267015167
100	2	870	1559658335267077042
1	2	870	1559658335267085219
100	2	870	1559658335267181260
1	2	870	1559658335267189385
100	2	870	1559658335267251521
1	2	870	1559658335267259698
100	2	870	1559658335267356573
1	2	870	1559658335267364802
100	2	870	1559658335267427510
1	2	870	1559658335267435792
100	2	870	1559658335267531312
1	2	870	1559658335267539594
100	2	870	1559658335267606833
1	2	870	1559658335267614958
100	2	870	1559658335267709750
1	2	870	1559658335267724854
100	2	870	1559658335267795167
1	2	870	1559658335267803448
100	2	870	1559658335267897823
1	2	870	1559658335267906156
100	2	870	1559658335267969958
1	2	870	1559658335267978240
100	2	870	1559658335268070948
1	2	870	1559658335268079125
100	2	870	1559658335268141469
1	2	870	1559658335268149750
100	2	870	1559658335268244594
1	2	870	1559658335268252719
100	2	870	1559658335268314854
1	2	870	1559658335268323031
100	2	870	1559658335268416208
1	2	870	1559658335268424594
100	2	870	1559658335268488135
1	2	870	1559658335268496677
100	2	870	1559658335268590010
1	2	870	1559658335268598396
100	2	870	1559658335268660792
1	2	870	1559658335268669385
100	2	870	1559658335268762979
1	2	870	1559658335268771052
100	2	870	1559658335268833187
1	2	870	1559658335268841469
100	2	870	1559658335268934542
1	2	870	1559658335268942823
100	2	870	1559658335269013656
1	2	870	1559658335269022146
100	2	870	1559658335269117198
1	2	870	1559658335269125531
100	2	870	1559658335269187198
1	2	870	1559658335269195531
100	2	870	1559658335269288865
1	2	870	1559658335269297250
100	2	870	1559658335269360531
1	2	870	1559658335269368917
100	2	870	1559658335269461990
1	2	870	1559658335269470271
100	2	870	1559658335269531625
1	2	870	1559658335269539802
100	2	870	1559658335269633865
1	2	870	1559658335269642250
100	2	870	1559658335269703917
1	2	870	1559658335269712302
100	2	870	1559658335269804750
1	2	870	1559658335269813083
100	2	870	1559658335269875375
1	2	870	1559658335269883708
100	2	870	1559658335269976469
1	2	870	1559658335269984542
100	2	870	1559658335270048031
1	2	870	1559658335270056365
100	2	870	1559658335270150635
1	2	870	1559658335270158865
100	2	870	1559658335270220635
1	2	870	1559658335270235896
100	2	870	1559658335270329437
1	2	870	1559658335270337979
100	2	870	1559658335270400219
1	2	870	1559658335270408448
100	2	870	1559658335270502510
1	2	870	1559658335270510583
100	2	870	1559658335270572979
1	2	870	1559658335270581260
100	2	870	1559658335270673917
1	2	870	1559658335270682094
100	2	870	1559658335270745375
1	2	870	1559658335270753760
100	2	870	1559658335270846625
1	2	870	1559658335270854958
100	2	870	1559658335270917250
1	2	870	1559658335270925583
100	2	870	1559658335271019229
1	2	870	1559658335271027562
100	2	870	1559658335271090844
1	2	870	1559658335271099073
100	2	870	1559658335271191937
1	2	870	1559658335271200167
100	2	870	1559658335271261937
1	2	870	1559658335271270219
100	2	870	1559658335271364490
1	2	870	1559658335271372823
100	2	870	1559658335271434698
1	2	870	1559658335271449958
100	2	870	1559658335271543031
1	2	870	1559658335271551417
100	2	870	1559658335271615010
1	2	870	1559658335271623396
100	2	870	1559658335271716312
1	2	870	1559658335271724594
100	2	870	1559658335271786625
1	2	870	1559658335271795010
100	2	870	1559658335271888708
1	2	870	1559658335271896885
100	2	870	1559658335271958448
1	2	870	1559658335271966729
100	2	870	1559658335272059698
1	2	870	1559658335272068187
100	2	870	1559658335272130375
1	2	870	1559658335272138760
100	2	870	1559658335272232250
1	2	870	1559658335272240583
100	2	870	1559658335272302875
1	2	870	1559658335272311260
100	2	870	1559658335272404385
1	2	870	1559658335272412510
100	2	870	1559658335272475792
1	2	870	1559658335272484281
100	2	870	1559658335272577146
1	2	870	1559658335272585479
100	2	870	1559658335272647458
1	2	870	1559658335272655635
100	2	870	1559658335272756885
1	2	870	1559658335272765115
100	2	870	1559658335272827198
1	2	870	1559658335272835687
100	2	870	1559658335272928552
1	2	870	1559658335272941781
100	2	870	1559658335273004333
1	2	870	1559658335273012615
100	2	870	1559658335273106312
1	2	870	1559658335273114854
100	2	870	1559658335273184646
1	2	870	1559658335273193187
100	2	870	1559658335273288344
1	2	870	1559658335273296573
100	2	870	1559658335273413083
1	2	870	1559658335273422146
100	2	870	1559658335273518240
1	2	870	1559658335273526521
100	2	870	1559658335273588865
1	2	870	1559658335273597302
100	2	870	1559658335273690531
1	2	870	1559658335273698760
100	2	870	1559658335273761365
1	2	870	1559658335273769698
100	2	870	1559658335273863708
1	2	870	1559658335273871885
100	2	870	1559658335273954698
1	2	870	1559658335273963031
100	2	870	1559658335274056260
1	2	870	1559658335274064594
100	2	870	1559658335274126937
1	2	870	1559658335274135271
100	2	870	1559658335274229490
1	2	870	1559658335274237562
100	2	870	1559658335274299958
1	2	870	1559658335274308292
100	2	870	1559658335274402146
1	2	870	1559658335274410792
100	2	870	1559658335274472979
1	2	870	1559658335274481365
100	2	870	1559658335274574385
1	2	870	1559658335274582615
100	2	870	1559658335274644698
1	2	870	1559658335274652927
100	2	870	1559658335274746625
1	2	870	1559658335274754958
100	2	870	1559658335274816729
1	2	870	1559658335274825010
100	2	870	1559658335274918344
1	2	870	1559658335274926625
100	2	870	1559658335274989333
1	2	870	1559658335274997719
100	2	870	1559658335275090844
1	2	870	1559658335275099021
100	2	870	1559658335275161312
1	2	870	1559658335275176417
100	2	870	1559658335275271990
1	2	870	1559658335275280531
100	2	870	1559658335275342562
1	2	870	1559658335275350948
100	2	870	1559658335275443552
1	2	870	1559658335275451781
100	2	870	1559658335275513500
1	2	870	1559658335275521781
100	2	870	1559658335275616365
1	2	870	1559658335275624594
100	2	870	1559658335275685375
1	2	870	1559658335275693760
100	2	870	1559658335275787146
1	2	870	1559658335275795427
100	2	870	1559658335275858969
1	2	870	1559658335275867250
100	2	870	1559658335275960167
1	2	870	1559658335275968448
100	2	870	1559658335276030323
1	2	870	1559658335276038656
100	2	870	1559658335276132927
1	2	870	1559658335276141208
100	2	870	1559658335276203135
1	2	870	1559658335276211417
100	2	870	1559658335276304229
1	2	870	1559658335276312562
100	2	870	1559658335276375792
1	2	870	1559658335276392198
100	2	870	1559658335276487146
1	2	870	1559658335276495531
100	2	870	1559658335276557042
1	2	870	1559658335276565531
100	2	870	1559658335276658969
1	2	870	1559658335276667510
100	2	870	1559658335276730635
1	2	870	1559658335276738760
100	2	870	1559658335276831573
1	2	870	1559658335276839854
100	2	870	1559658335276902875
1	2	870	1559658335276911156
100	2	870	1559658335277006833
1	2	870	1559658335277015062
100	2	870	1559658335277076469
1	2	870	1559658335277084802
100	2	870	1559658335277176833
1	2	870	1559658335277185115
100	2	870	1559658335277248031
1	2	870	1559658335277256469
100	2	870	1559658335277349281
1	2	870	1559658335277357562
100	2	870	1559658335277421000
1	2	870	1559658335277429490
100	2	870	1559658335277523344
1	2	870	1559658335277531521
100	2	870	1559658335277594385
1	2	870	1559658335277609490
100	2	870	1559658335277706677
1	2	870	1559658335277715010
100	2	870	1559658335277780635
1	2	870	1559658335277788969
100	2	870	1559658335277884594
1	2	870	1559658335277892875
100	2	870	1559658335277958031
1	2	870	1559658335277966521
100	2	870	1559658335278060375
1	2	870	1559658335278068604
100	2	870	1559658335278131104
1	2	870	1559658335278139281
100	2	870	1559658335278233969
1	2	870	1559658335278242406
100	2	870	1559658335278304802
1	2	870	1559658335278314437
100	2	870	1559658335278409177
1	2	870	1559658335278417615
100	2	870	1559658335278480844
1	2	870	1559658335278489854
100	2	870	1559658335278582094
1	2	870	1559658335278590427
100	2	870	1559658335278653552
1	2	870	1559658335278661833
100	2	870	1559658335278758031
1	2	870	1559658335278766312
100	2	870	1559658335278828083
1	2	870	1559658335278836625
100	2	870	1559658335278929854
1	2	870	1559658335278946521
100	2	870	1559658335279017979
1	2	870	1559658335279026417
100	2	870	1559658335279121312
1	2	870	1559658335279129750
100	2	870	1559658335279191625
1	2	870	1559658335279199854
100	2	870	1559658335279291990
1	2	870	1559658335279300271
100	2	870	1559658335279362771
1	2	870	1559658335279370948
100	2	870	1559658335279464958
1	2	870	1559658335279473292
100	2	870	1559658335279535167
1	2	870	1559658335279543500
100	2	870	1559658335279638760
1	2	870	1559658335279646990
100	2	870	1559658335279709646
1	2	870	1559658335279718031
100	2	870	1559658335279810792
1	2	870	1559658335279818969
100	2	870	1559658335279881781
1	2	870	1559658335279890219
100	2	870	1559658335279986208
1	2	870	1559658335279994490
100	2	870	1559658335280057250
1	2	870	1559658335280065427
100	2	870	1559658335280158865
1	2	870	1559658335280167250
100	2	870	1559658335280237927
1	2	870	1559658335280246052
100	2	870	1559658335280339281
1	2	870	1559658335280347354
100	2	870	1559658335280409698
1	2	870	1559658335280417927
100	2	870	1559658335280513552
1	2	870	1559658335280521729
100	2	870	1559658335280587094
1	2	870	1559658335280595323
100	2	870	1559658335280689750
1	2	870	1559658335280697823
100	2	870	1559658335280761781
1	2	870	1559658335280770010
100	2	870	1559658335280865010
1	2	870	1559658335280873344
100	2	870	1559658335280936573
1	2	870	1559658335280945167
100	2	870	1559658335281039958
1	2	870	1559658335281048240
100	2	870	1559658335281112823
1	2	870	1559658335281121521
100	2	870	1559658335281217510
1	2	870	1559658335281225740
100	2	870	1559658335281289333
1	2	870	1559658335281298187
100	2	870	1559658335281394229
1	2	870	1559658335281402615
100	2	870	1559658335281467094
1	2	870	1559658335281486781
100	2	870	1559658335281592042
1	2	870	1559658335281601365
100	2	870	1559658335281670635
1	2	870	1559658335281679125
100	2	870	1559658335281786365
1	2	870	1559658335281795010
100	2	870	1559658335281862510
1	2	870	1559658335281870948
100	2	870	1559658335281974333
1	2	870	1559658335281982562
100	2	870	1559658335282050687
1	2	870	1559658335282058812
100	2	870	1559658335282160375
1	2	870	1559658335282169021
100	2	870	1559658335282235010
1	2	870	1559658335282244646
100	2	870	1559658335282347510
1	2	870	1559658335282356469
100	2	870	1559658335282427042
1	2	870	1559658335282437406
100	2	870	1559658335282548708
1	2	870	1559658335282558083
100	2	870	1559658335282625062
1	2	870	1559658335282633708
100	2	870	1559658335282737979
1	2	870	1559658335282746156
100	2	870	1559658335282813448
1	2	870	1559658335282851885
100	2	870	1559658335282963917
1	2	870	1559658335282972667
100	2	870	1559658335283055844
1	2	870	1559658335283065010
100	2	870	1559658335283180375
1	2	870	1559658335283189698
100	2	870	1559658335283269177
1	2	870	1559658335283278760
100	2	870	1559658335283467615
1	2	870	1559658335283476677
100	2	870	1559658335283555531
1	2	870	1559658335283565271
100	2	870	1559658335283671781
1	2	870	1559658335283681260
100	2	870	1559658335283746052
1	2	870	1559658335283755375
100	2	870	1559658335283865687
1	2	870	1559658335283875010
100	2	870	1559658335283942562
1	2	870	1559658335283951469
100	2	870	1559658335284050375
1	2	870	1559658335284058917
100	2	870	1559658335284123500
1	2	870	1559658335284132458
100	2	870	1559658335284234229
1	2	870	1559658335284243083
100	2	870	1559658335284307354
1	2	870	1559658335284315479
100	2	870	1559658335284448656
1	2	870	1559658335284457094
100	2	870	1559658335284521781
1	2	870	1559658335284530010
100	2	870	1559658335284625219
1	2	870	1559658335284639125
100	2	870	1559658335284708448
1	2	870	1559658335284716990
100	2	870	1559658335284811729
1	2	870	1559658335284820323
100	2	870	1559658335284900792
1	2	870	1559658335284909229
100	2	870	1559658335285017146
1	2	870	1559658335285025531
100	2	870	1559658335285101000
1	2	870	1559658335285109594
100	2	870	1559658335285206260
1	2	870	1559658335285214542
100	2	870	1559658335285277771
1	2	870	1559658335285286208
100	2	870	1559658335285381781
1	2	870	1559658335285390219
100	2	870	1559658335285457458
1	2	870	1559658335285465896
100	2	870	1559658335285560219
1	2	870	1559658335285568396
100	2	870	1559658335285633083
1	2	870	1559658335285641729
100	2	870	1559658335285737510
1	2	870	1559658335285756990
100	2	870	1559658335285823865
1	2	870	1559658335285831937
100	2	870	1559658335285929646
1	2	870	1559658335285938135
100	2	870	1559658335286005687
1	2	870	1559658335286013865
100	2	870	1559658335286115010
1	2	870	1559658335286123240
100	2	870	1559658335286186990
1	2	870	1559658335286195479
100	2	870	1559658335286289437
1	2	870	1559658335286297615
100	2	870	1559658335286361365
1	2	870	1559658335286369698
100	2	870	1559658335286463812
1	2	870	1559658335286472198
100	2	870	1559658335286536521
1	2	870	1559658335286544958
100	2	870	1559658335286640219
1	2	870	1559658335286648552
100	2	870	1559658335286710271
1	2	870	1559658335286718448
100	2	870	1559658335286813865
1	2	870	1559658335286822146
100	2	870	1559658335286884802
1	2	870	1559658335286893292
100	2	870	1559658335286989906
1	2	870	1559658335286998552
100	2	870	1559658335287070323
1	2	870	1559658335287078708
100	2	870	1559658335287172771
1	2	870	1559658335287180635
100	2	870	1559658335287243552
1	2	870	1559658335287251677
100	2	870	1559658335287345427
1	2	870	1559658335287353604
100	2	870	1559658335287416990
1	2	870	1559658335287425115
100	2	870	1559658335287520167
1	2	870	1559658335287528500
100	2	870	1559658335287590687
1	2	870	1559658335287599073
100	2	870	1559658335287693083
1	2	870	1559658335287701573
100	2	870	1559658335287764437
1	2	870	1559658335287772979
100	2	870	1559658335287870844
1	2	870	1559658335287879177
100	2	870	1559658335287941573
1	2	870	1559658335287950062
100	2	870	1559658335288043812
1	2	870	1559658335288051990
100	2	870	1559658335288115427
1	2	870	1559658335288123500
100	2	870	1559658335288216469
1	2	870	1559658335288224854
100	2	870	1559658335288287146
1	2	870	1559658335288303396
100	2	870	1559658335288403969
1	2	870	1559658335288412250
100	2	870	1559658335288477406
1	2	870	1559658335288485740
100	2	870	1559658335288581104
1	2	870	1559658335288589646
100	2	870	1559658335288654333
1	2	870	1559658335288662875
100	2	870	1559658335288757667
1	2	870	1559658335288766000
100	2	870	1559658335288827823
1	2	870	1559658335288836156
100	2	870	1559658335288987875
1	2	870	1559658335288996312
100	2	870	1559658335289060167
1	2	870	1559658335289068500
100	2	870	1559658335289164333
1	2	870	1559658335289172823
100	2	870	1559658335289238865
1	2	870	1559658335289247250
100	2	870	1559658335289341000
1	2	870	1559658335289349073
100	2	870	1559658335289411729
1	2	870	1559658335289419906
100	2	870	1559658335289515740
1	2	870	1559658335289524021
100	2	870	1559658335289586729
1	2	870	1559658335289617302
100	2	870	1559658335289713031
1	2	870	1559658335289721625
100	2	870	1559658335289784229
1	2	870	1559658335289792719
100	2	870	1559658335289888240
1	2	870	1559658335289896729
100	2	870	1559658335289962198
1	2	870	1559658335289970427
100	2	870	1559658335290066469
1	2	870	1559658335290074958
100	2	870	1559658335290139073
1	2	870	1559658335290147562
100	2	870	1559658335290244281
1	2	870	1559658335290252667
100	2	870	1559658335290317458
1	2	870	1559658335290325687
100	2	870	1559658335290423500
1	2	870	1559658335290431937
100	2	870	1559658335290499281
1	2	870	1559658335290507458
100	2	870	1559658335290611312
1	2	870	1559658335290619437
100	2	870	1559658335290692094
1	2	870	1559658335290700583
100	2	870	1559658335290806156
1	2	870	1559658335290814854
100	2	870	1559658335290900115
1	2	870	1559658335290910948
100	2	870	1559658335291029021
1	2	870	1559658335291037562
100	2	870	1559658335291108656
1	2	870	1559658335291117146
100	2	870	1559658335291219646
1	2	870	1559658335291227927
100	2	870	1559658335291298917
1	2	870	1559658335291307198
100	2	870	1559658335291408865
1	2	870	1559658335291417146
100	2	870	1559658335291488135
1	2	870	1559658335291496469
100	2	870	1559658335291598500
1	2	870	1559658335291606677
100	2	870	1559658335291673031
1	2	870	1559658335291682406
100	2	870	1559658335291781990
1	2	870	1559658335291790427
100	2	870	1559658335291860792
1	2	870	1559658335291869125
100	2	870	1559658335291968187
1	2	870	1559658335291976729
100	2	870	1559658335292043969
1	2	870	1559658335292052406
100	2	870	1559658335292150323
1	2	870	1559658335292158812
100	2	870	1559658335292222719
1	2	870	1559658335292231260
100	2	870	1559658335292337562
1	2	870	1559658335292365896
100	2	870	1559658335292429229
1	2	870	1559658335292437667
100	2	870	1559658335292532198
1	2	870	1559658335292540896
100	2	870	1559658335292605323
1	2	870	1559658335292613656
100	2	870	1559658335292707875
1	2	870	1559658335292716365
100	2	870	1559658335292778031
1	2	870	1559658335292786469
100	2	870	1559658335292881000
1	2	870	1559658335292889437
100	2	870	1559658335292951781
1	2	870	1559658335292960323
100	2	870	1559658335293054073
1	2	870	1559658335293062615
100	2	870	1559658335293126365
1	2	870	1559658335293134750
100	2	870	1559658335293228240
1	2	870	1559658335293236625
100	2	870	1559658335293298917
1	2	870	1559658335293307667
100	2	870	1559658335293454750
1	2	870	1559658335293463552
100	2	870	1559658335293526677
1	2	870	1559658335293534958
100	2	870	1559658335293631312
1	2	870	1559658335293639490
100	2	870	1559658335293709542
1	2	870	1559658335293717875
100	2	870	1559658335293812406
1	2	870	1559658335293820635
100	2	870	1559658335293883396
1	2	870	1559658335293891781
100	2	870	1559658335293985896
1	2	870	1559658335293994073
100	2	870	1559658335294056312
1	2	870	1559658335294064594
100	2	870	1559658335294159437
1	2	870	1559658335294168031
100	2	870	1559658335294231365
1	2	870	1559658335294239594
100	2	870	1559658335294333187
1	2	870	1559658335294341469
100	2	870	1559658335294403656
1	2	870	1559658335294412146
100	2	870	1559658335294506729
1	2	870	1559658335294514958
100	2	870	1559658335294577406
1	2	870	1559658335294585792
100	2	870	1559658335294679958
1	2	870	1559658335294688031
100	2	870	1559658335294750844
1	2	870	1559658335294759177
100	2	870	1559658335294852458
1	2	870	1559658335294860896
100	2	870	1559658335294922823
1	2	870	1559658335294938240
100	2	870	1559658335295032771
1	2	870	1559658335295041156
100	2	870	1559658335295104646
1	2	870	1559658335295113083
100	2	870	1559658335295209021
1	2	870	1559658335295217510
100	2	870	1559658335295280323
1	2	870	1559658335295288865
100	2	870	1559658335295385844
1	2	870	1559658335295394125
100	2	870	1559658335295456833
1	2	870	1559658335295465115
100	2	870	1559658335295559333
1	2	870	1559658335295567875
100	2	870	1559658335295630792
1	2	870	1559658335295639021
100	2	870	1559658335295733865
1	2	870	1559658335295742406
100	2	870	1559658335295804802
1	2	870	1559658335295812927
100	2	870	1559658335295908969
1	2	870	1559658335295917354
100	2	870	1559658335295980844
1	2	870	1559658335295989229
100	2	870	1559658335296083500
1	2	870	1559658335296091677
100	2	870	1559658335296153708
1	2	870	1559658335296169021
100	2	870	1559658335296265792
1	2	870	1559658335296278917
100	2	870	1559658335296343396
1	2	870	1559658335296351781
100	2	870	1559658335296446625
1	2	870	1559658335296455271
100	2	870	1559658335296517979
1	2	870	1559658335296526260
100	2	870	1559658335296624125
1	2	870	1559658335296632354
100	2	870	1559658335296703344
1	2	870	1559658335296711729
100	2	870	1559658335296806156
1	2	870	1559658335296814333
100	2	870	1559658335296876156
1	2	870	1559658335296884229
100	2	870	1559658335296978396
1	2	870	1559658335296986833
100	2	870	1559658335297048656
1	2	870	1559658335297056937
100	2	870	1559658335297151521
1	2	870	1559658335297159854
100	2	870	1559658335297222146
1	2	870	1559658335297230583
100	2	870	1559658335297324490
1	2	870	1559658335297332823
100	2	870	1559658335297395115
1	2	870	1559658335297403448
100	2	870	1559658335297505635
1	2	870	1559658335297514021
100	2	870	1559658335297576625
1	2	870	1559658335297584802
100	2	870	1559658335297678917
1	2	870	1559658335297687354
100	2	870	1559658335297749125
1	2	870	1559658335297757458
100	2	870	1559658335297851365
1	2	870	1559658335297859802
100	2	870	1559658335297921937
1	2	870	1559658335297930323
100	2	870	1559658335298027823
1	2	870	1559658335298036052
100	2	870	1559658335298099437
1	2	870	1559658335298107719
100	2	870	1559658335298200948
1	2	870	1559658335298209333
100	2	870	1559658335298271052
1	2	870	1559658335298279490
100	2	870	1559658335298375479
1	2	870	1559658335298383865
100	2	870	1559658335298445740
1	2	870	1559658335298454125
100	2	870	1559658335298547198
1	2	870	1559658335298555583
100	2	870	1559658335298619490
1	2	870	1559658335298627875
100	2	870	1559658335298721469
1	2	870	1559658335298736781
100	2	870	1559658335298800062
1	2	870	1559658335298808500
100	2	870	1559658335298903552
1	2	870	1559658335298911937
100	2	870	1559658335298975792
1	2	870	1559658335298984073
100	2	870	1559658335299077667
1	2	870	1559658335299085948
100	2	870	1559658335299148448
1	2	870	1559658335299156729
100	2	870	1559658335299251208
1	2	870	1559658335299259437
100	2	870	1559658335299321469
1	2	870	1559658335299329750
100	2	870	1559658335299425271
1	2	870	1559658335299433604
100	2	870	1559658335299495479
1	2	870	1559658335299503917
100	2	870	1559658335299597042
1	2	870	1559658335299605531
100	2	870	1559658335299668083
1	2	870	1559658335299676521
100	2	870	1559658335299771625
1	2	870	1559658335299780062
100	2	870	1559658335299841729
1	2	870	1559658335299850062
100	2	870	1559658335299944594
1	2	870	1559658335299952875
100	2	870	1559658335300022771
1	2	870	1559658335300031260
100	2	870	1559658335300126573
1	2	870	1559658335300134750
100	2	870	1559658335300196937
1	2	870	1559658335300205271
100	2	870	1559658335300298396
1	2	870	1559658335300306573
100	2	870	1559658335300370062
1	2	870	1559658335300378500
100	2	870	1559658335300473448
1	2	870	1559658335300481677
100	2	870	1559658335300543865
1	2	870	1559658335300552146
100	2	870	1559658335300647198
1	2	870	1559658335300655687
100	2	870	1559658335300717927
1	2	870	1559658335300726156
100	2	870	1559658335300819750
1	2	870	1559658335300827927
100	2	870	1559658335300891885
1	2	870	1559658335300900271
100	2	870	1559658335300997094
1	2	870	1559658335301005323
100	2	870	1559658335301067406
1	2	870	1559658335301075635
100	2	870	1559658335301169229
1	2	870	1559658335301177510
100	2	870	1559658335301240219
1	2	870	1559658335301255583
100	2	870	1559658335301350740
1	2	870	1559658335301359229
100	2	870	1559658335301421729
1	2	870	1559658335301430010
100	2	870	1559658335301526312
1	2	870	1559658335301534698
100	2	870	1559658335301596729
1	2	870	1559658335301605062
100	2	870	1559658335301698760
1	2	870	1559658335301707198
100	2	870	1559658335301769594
1	2	870	1559658335301778031
100	2	870	1559658335301872615
1	2	870	1559658335301881104
100	2	870	1559658335301942667
1	2	870	1559658335301951208
100	2	870	1559658335302044073
1	2	870	1559658335302052510
100	2	870	1559658335302116156
1	2	870	1559658335302124802
100	2	870	1559658335302218448
1	2	870	1559658335302226885
100	2	870	1559658335302296260
1	2	870	1559658335302304906
100	2	870	1559658335302399437
1	2	870	1559658335302407615
100	2	870	1559658335302469646
1	2	870	1559658335302485844
100	2	870	1559658335302581208
1	2	870	1559658335302589437
100	2	870	1559658335302651208
1	2	870	1559658335302659333
100	2	870	1559658335302754385
1	2	870	1559658335302762823
100	2	870	1559658335302824750
1	2	870	1559658335302832927
100	2	870	1559658335302926625
1	2	870	1559658335302934854
100	2	870	1559658335302995219
1	2	870	1559658335303003552
100	2	870	1559658335303096990
1	2	870	1559658335303105323
100	2	870	1559658335303166990
1	2	870	1559658335303175479
100	2	870	1559658335303269802
1	2	870	1559658335303277927
100	2	870	1559658335303367719
1	2	870	1559658335303376000
100	2	870	1559658335303471990
1	2	870	1559658335303480323
100	2	870	1559658335303542406
1	2	870	1559658335303550583
100	2	870	1559658335303646781
1	2	870	1559658335303655062
100	2	870	1559658335303716312
1	2	870	1559658335303724802
100	2	870	1559658335303861990
1	2	870	1559658335303870740
100	2	870	1559658335303932927
1	2	870	1559658335303941260
100	2	870	1559658335304034958
1	2	870	1559658335304043187
100	2	870	1559658335304106833
1	2	870	1559658335304115167
100	2	870	1559658335304208760
1	2	870	1559658335304217198
100	2	870	1559658335304278917
1	2	870	1559658335304287094
100	2	870	1559658335304381677
1	2	870	1559658335304390010
100	2	870	1559658335304451729
1	2	870	1559658335304460115
100	2	870	1559658335304552927
1	2	870	1559658335304561104
100	2	870	1559658335304624646
1	2	870	1559658335304633187
100	2	870	1559658335304726729
1	2	870	1559658335304735271
100	2	870	1559658335304797250
1	2	870	1559658335304805479
100	2	870	1559658335304900062
1	2	870	1559658335304908396
100	2	870	1559658335304970844
1	2	870	1559658335304979073
100	2	870	1559658335305073240
1	2	870	1559658335305083396
100	2	870	1559658335305160531
1	2	870	1559658335305169177
100	2	870	1559658335305264906
1	2	870	1559658335305273448
100	2	870	1559658335305335583
1	2	870	1559658335305343917
100	2	870	1559658335305437771
1	2	870	1559658335305446156
100	2	870	1559658335305508760
1	2	870	1559658335305517198
100	2	870	1559658335305612458
1	2	870	1559658335305621000
100	2	870	1559658335305684958
1	2	870	1559658335305693344
100	2	870	1559658335305787406
1	2	870	1559658335305795844
100	2	870	1559658335305859594
1	2	870	1559658335305867927
100	2	870	1559658335305961990
1	2	870	1559658335305970271
100	2	870	1559658335306033240
1	2	870	1559658335306041208
100	2	870	1559658335306135896
1	2	870	1559658335306144125
100	2	870	1559658335306206781
1	2	870	1559658335306215167
100	2	870	1559658335306309125
1	2	870	1559658335306317354
100	2	870	1559658335306394542
1	2	870	1559658335306403240
100	2	870	1559658335306498604
1	2	870	1559658335306506781
100	2	870	1559658335306569229
1	2	870	1559658335306577667
100	2	870	1559658335306671260
1	2	870	1559658335306679437
100	2	870	1559658335306744333
1	2	870	1559658335306752875
100	2	870	1559658335306846521
1	2	870	1559658335306854854
100	2	870	1559658335306917250
1	2	870	1559658335306925427
100	2	870	1559658335307020740
1	2	870	1559658335307029125
100	2	870	1559658335307091000
1	2	870	1559658335307099177
100	2	870	1559658335307192667
1	2	870	1559658335307200896
100	2	870	1559658335307263604
1	2	870	1559658335307271937
100	2	870	1559658335307366365
1	2	870	1559658335307374542
100	2	870	1559658335307436625
1	2	870	1559658335307444854
100	2	870	1559658335307538708
1	2	870	1559658335307562510
100	2	870	1559658335307626260
1	2	870	1559658335307635115
100	2	870	1559658335307728760
1	2	870	1559658335307737875
100	2	870	1559658335307820062
1	2	870	1559658335307828552
100	2	870	1559658335307926990
1	2	870	1559658335307935271
100	2	870	1559658335308005687
1	2	870	1559658335308014229
100	2	870	1559658335308111104
1	2	870	1559658335308119646
100	2	870	1559658335308181885
1	2	870	1559658335308190167
100	2	870	1559658335308284594
1	2	870	1559658335308292719
100	2	870	1559658335308356312
1	2	870	1559658335308364646
100	2	870	1559658335308458083
1	2	870	1559658335308466625
100	2	870	1559658335308527875
1	2	870	1559658335308536260
100	2	870	1559658335308631208
1	2	870	1559658335308639385
100	2	870	1559658335308701729
1	2	870	1559658335308710115
100	2	870	1559658335308804281
1	2	870	1559658335308812615
100	2	870	1559658335308876104
1	2	870	1559658335308899385
100	2	870	1559658335308998552
1	2	870	1559658335309007719
100	2	870	1559658335309070687
1	2	870	1559658335309079177
100	2	870	1559658335309173344
1	2	870	1559658335309181677
100	2	870	1559658335309244542
1	2	870	1559658335309252927
100	2	870	1559658335309348292
1	2	870	1559658335309356781
100	2	870	1559658335309418396
1	2	870	1559658335309426833
100	2	870	1559658335309521104
1	2	870	1559658335309529594
100	2	870	1559658335309591260
1	2	870	1559658335309599750
100	2	870	1559658335309693187
1	2	870	1559658335309701417
100	2	870	1559658335309763865
1	2	870	1559658335309772250
100	2	870	1559658335309867927
1	2	870	1559658335309876260
100	2	870	1559658335309938604
1	2	870	1559658335309946729
100	2	870	1559658335310040427
1	2	870	1559658335310048604
100	2	870	1559658335310111260
1	2	870	1559658335310119646
100	2	870	1559658335310228969
1	2	870	1559658335310237927
100	2	870	1559658335310300740
1	2	870	1559658335310309177
100	2	870	1559658335310403031
1	2	870	1559658335310411312
100	2	870	1559658335310474698
1	2	870	1559658335310483135
100	2	870	1559658335310576469
1	2	870	1559658335310584542
100	2	870	1559658335310646469
1	2	870	1559658335310655010
100	2	870	1559658335310750375
1	2	870	1559658335310758448
100	2	870	1559658335310819958
1	2	870	1559658335310828344
100	2	870	1559658335310925792
1	2	870	1559658335310934177
100	2	870	1559658335310996781
1	2	870	1559658335311005323
100	2	870	1559658335311099437
1	2	870	1559658335311107979
100	2	870	1559658335311169802
1	2	870	1559658335311178240
100	2	870	1559658335311273760
1	2	870	1559658335311282094
100	2	870	1559658335311343969
1	2	870	1559658335311352354
100	2	870	1559658335311447042
1	2	870	1559658335311462875
100	2	870	1559658335311533708
1	2	870	1559658335311542302
100	2	870	1559658335311637042
1	2	870	1559658335311645375
100	2	870	1559658335311707615
1	2	870	1559658335311715948
100	2	870	1559658335311809854
1	2	870	1559658335311818031
100	2	870	1559658335311882146
1	2	870	1559658335311890375
100	2	870	1559658335311987302
1	2	870	1559658335311995323
100	2	870	1559658335312057042
1	2	870	1559658335312065271
100	2	870	1559658335312160062
1	2	870	1559658335312168344
100	2	870	1559658335312232042
1	2	870	1559658335312240531
100	2	870	1559658335312334854
1	2	870	1559658335312343240
100	2	870	1559658335312405323
1	2	870	1559658335312413865
100	2	870	1559658335312509021
1	2	870	1559658335312517250
100	2	870	1559658335312579750
1	2	870	1559658335312588083
100	2	870	1559658335312682354
1	2	870	1559658335312690687
100	2	870	1559658335312767823
1	2	870	1559658335312776573
100	2	870	1559658335312872146
1	2	870	1559658335312880271
100	2	870	1559658335312942562
1	2	870	1559658335312950844
100	2	870	1559658335313046521
1	2	870	1559658335313054854
100	2	870	1559658335313118187
1	2	870	1559658335313126521
100	2	870	1559658335313220427
1	2	870	1559658335313228656
100	2	870	1559658335313291208
1	2	870	1559658335313299490
100	2	870	1559658335313428708
1	2	870	1559658335313437302
100	2	870	1559658335313500167
1	2	870	1559658335313508500
100	2	870	1559658335313602979
1	2	870	1559658335313611521
100	2	870	1559658335313681521
1	2	870	1559658335313690115
100	2	870	1559658335313784021
1	2	870	1559658335313792354
100	2	870	1559658335313855427
1	2	870	1559658335313863708
100	2	870	1559658335313957302
1	2	870	1559658335313965583
100	2	870	1559658335314027510
1	2	870	1559658335314050115
100	2	870	1559658335314149177
1	2	870	1559658335314158240
100	2	870	1559658335314219333
1	2	870	1559658335314227615
100	2	870	1559658335314321885
1	2	870	1559658335314330115
100	2	870	1559658335314392510
1	2	870	1559658335314400844
100	2	870	1559658335314496365
1	2	870	1559658335314504802
100	2	870	1559658335314566417
1	2	870	1559658335314574750
100	2	870	1559658335314668292
1	2	870	1559658335314676833
100	2	870	1559658335314740323
1	2	870	1559658335314748708
100	2	870	1559658335314842198
1	2	870	1559658335314850479
100	2	870	1559658335314912927
1	2	870	1559658335314921469
100	2	870	1559658335315016729
1	2	870	1559658335315025167
100	2	870	1559658335315086990
1	2	870	1559658335315095427
100	2	870	1559658335315190271
1	2	870	1559658335315198604
100	2	870	1559658335315260583
1	2	870	1559658335315282979
100	2	870	1559658335315379906
1	2	870	1559658335315388865
100	2	870	1559658335315450844
1	2	870	1559658335315458969
100	2	870	1559658335315552667
1	2	870	1559658335315561000
100	2	870	1559658335315622615
1	2	870	1559658335315631104
100	2	870	1559658335315725479
1	2	870	1559658335315734021
100	2	870	1559658335315796260
1	2	870	1559658335315804542
100	2	870	1559658335315900062
1	2	870	1559658335315908552
100	2	870	1559658335315969854
1	2	870	1559658335315978292
100	2	870	1559658335316072250
1	2	870	1559658335316080583
100	2	870	1559658335316141781
1	2	870	1559658335316150271
100	2	870	1559658335316246312
1	2	870	1559658335316254646
100	2	870	1559658335316316573
1	2	870	1559658335316325062
100	2	870	1559658335316419594
1	2	870	1559658335316427979
100	2	870	1559658335316491312
1	2	870	1559658335316499698
100	2	870	1559658335316609490
1	2	870	1559658335316618083
100	2	870	1559658335316680010
1	2	870	1559658335316688396
100	2	870	1559658335316782510
1	2	870	1559658335316790792
100	2	870	1559658335316853812
1	2	870	1559658335316862146
100	2	870	1559658335316955948
1	2	870	1559658335316964281
100	2	870	1559658335317026469
1	2	870	1559658335317034906
100	2	870	1559658335317129958
1	2	870	1559658335317138448
100	2	870	1559658335317201208
1	2	870	1559658335317209698
100	2	870	1559658335317303500
1	2	870	1559658335317311833
100	2	870	1559658335317374021
1	2	870	1559658335317382302
100	2	870	1559658335317476000
1	2	870	1559658335317484177
100	2	870	1559658335317546000
1	2	870	1559658335317554177
100	2	870	1559658335317649437
1	2	870	1559658335317657667
100	2	870	1559658335317719333
1	2	870	1559658335317727562
100	2	870	1559658335317822615
1	2	870	1559658335317844854
100	2	870	1559658335317908708
1	2	870	1559658335317917094
100	2	870	1559658335318011521
1	2	870	1559658335318019698
100	2	870	1559658335318081104
1	2	870	1559658335318089542
100	2	870	1559658335318182823
1	2	870	1559658335318191104
100	2	870	1559658335318254437
1	2	870	1559658335318262719
100	2	870	1559658335318357667
1	2	870	1559658335318366104
100	2	870	1559658335318428552
1	2	870	1559658335318436833
100	2	870	1559658335318531677
1	2	870	1559658335318539958
100	2	870	1559658335318602927
1	2	870	1559658335318611312
100	2	870	1559658335318704958
1	2	870	1559658335318713135
100	2	870	1559658335318774698
1	2	870	1559658335318783083
100	2	870	1559658335318877979
1	2	870	1559658335318890010
100	2	870	1559658335318952615
1	2	870	1559658335318961312
100	2	870	1559658335319056573
1	2	870	1559658335319065323
100	2	870	1559658335319150219
1	2	870	1559658335319158865
100	2	870	1559658335319254542
1	2	870	1559658335319262979
100	2	870	1559658335319334073
1	2	870	1559658335319342562
100	2	870	1559658335319437094
1	2	870	1559658335319445427
100	2	870	1559658335319507510
1	2	870	1559658335319515948
100	2	870	1559658335319611573
1	2	870	1559658335319620010
100	2	870	1559658335319681469
1	2	870	1559658335319689698
100	2	870	1559658335319783396
1	2	870	1559658335319791729
100	2	870	1559658335319855219
1	2	870	1559658335319863552
100	2	870	1559658335319957458
1	2	870	1559658335319965635
100	2	870	1559658335320027458
1	2	870	1559658335320036000
100	2	870	1559658335320131365
1	2	870	1559658335320139698
100	2	870	1559658335320201781
1	2	870	1559658335320209958
100	2	870	1559658335320304021
1	2	870	1559658335320312562
100	2	870	1559658335320375792
1	2	870	1559658335320398552
100	2	870	1559658335320495427
1	2	870	1559658335320503969
100	2	870	1559658335320566000
1	2	870	1559658335320574437
100	2	870	1559658335320669073
1	2	870	1559658335320677302
100	2	870	1559658335320740375
1	2	870	1559658335320748969
100	2	870	1559658335320842771
1	2	870	1559658335320851260
100	2	870	1559658335320913344
1	2	870	1559658335320921677
100	2	870	1559658335321016781
1	2	870	1559658335321025062
100	2	870	1559658335321086677
1	2	870	1559658335321095219
100	2	870	1559658335321189021
1	2	870	1559658335321197406
100	2	870	1559658335321259177
1	2	870	1559658335321267771
100	2	870	1559658335321362875
1	2	870	1559658335321371208
100	2	870	1559658335321435167
1	2	870	1559658335321443500
100	2	870	1559658335321537406
1	2	870	1559658335321545635
100	2	870	1559658335321608396
1	2	870	1559658335321630687
100	2	870	1559658335321726990
1	2	870	1559658335321735844
100	2	870	1559658335321798917
1	2	870	1559658335321807250
100	2	870	1559658335321902667
1	2	870	1559658335321911052
100	2	870	1559658335321974281
1	2	870	1559658335321982667
100	2	870	1559658335322076781
1	2	870	1559658335322085115
100	2	870	1559658335322147250
1	2	870	1559658335322155896
100	2	870	1559658335322251208
1	2	870	1559658335322259698
100	2	870	1559658335322321937
1	2	870	1559658335322330427
100	2	870	1559658335322424229
1	2	870	1559658335322432510
100	2	870	1559658335322497198
1	2	870	1559658335322505531
100	2	870	1559658335322599229
1	2	870	1559658335322607615
100	2	870	1559658335322669542
1	2	870	1559658335322678135
100	2	870	1559658335322773604
1	2	870	1559658335322781937
100	2	870	1559658335322843760
1	2	870	1559658335322866521
100	2	870	1559658335322962615
1	2	870	1559658335322971156
100	2	870	1559658335323033969
1	2	870	1559658335323042354
100	2	870	1559658335323137042
1	2	870	1559658335323145219
100	2	870	1559658335323207354
1	2	870	1559658335323215792
100	2	870	1559658335323309594
1	2	870	1559658335323346417
100	2	870	1559658335323412823
1	2	870	1559658335323421208
100	2	870	1559658335323517979
1	2	870	1559658335323526260
100	2	870	1559658335323588083
1	2	870	1559658335323596365
100	2	870	1559658335323689698
1	2	870	1559658335323698187
100	2	870	1559658335323760635
1	2	870	1559658335323769125
100	2	870	1559658335323864281
1	2	870	1559658335323872719
100	2	870	1559658335323934385
1	2	870	1559658335323942771
100	2	870	1559658335324038292
1	2	870	1559658335324046729
100	2	870	1559658335324110271
1	2	870	1559658335324118552
100	2	870	1559658335324228344
1	2	870	1559658335324236885
100	2	870	1559658335324299073
1	2	870	1559658335324307458
100	2	870	1559658335324402667
1	2	870	1559658335324410948
100	2	870	1559658335324473969
1	2	870	1559658335324482615
100	2	870	1559658335324577458
1	2	870	1559658335324585948
100	2	870	1559658335324648396
1	2	870	1559658335324656729
100	2	870	1559658335324752302
1	2	870	1559658335324760635
100	2	870	1559658335324822719
1	2	870	1559658335324831208
100	2	870	1559658335324926885
1	2	870	1559658335324935115
100	2	870	1559658335325012719
1	2	870	1559658335325021260
100	2	870	1559658335325117406
1	2	870	1559658335325125792
100	2	870	1559658335325188031
1	2	870	1559658335325196469
100	2	870	1559658335325290375
1	2	870	1559658335325298760
100	2	870	1559658335325361729
1	2	870	1559658335325370271
100	2	870	1559658335325463865
1	2	870	1559658335325473865
100	2	870	1559658335325549958
1	2	870	1559658335325558448
100	2	870	1559658335325654750
1	2	870	1559658335325662979
100	2	870	1559658335325726208
1	2	870	1559658335325734698
100	2	870	1559658335325828917
1	2	870	1559658335325837406
100	2	870	1559658335325900531
1	2	870	1559658335325908865
100	2	870	1559658335326004073
1	2	870	1559658335326012302
100	2	870	1559658335326074281
1	2	870	1559658335326082771
100	2	870	1559658335326177302
1	2	870	1559658335326185687
100	2	870	1559658335326247771
1	2	870	1559658335326256156
100	2	870	1559658335326349854
1	2	870	1559658335326358240
100	2	870	1559658335326419750
1	2	870	1559658335326428240
100	2	870	1559658335326523187
1	2	870	1559658335326531729
100	2	870	1559658335326592979
1	2	870	1559658335326601521
100	2	870	1559658335326697458
1	2	870	1559658335326705792
100	2	870	1559658335326783656
1	2	870	1559658335326792198
100	2	870	1559658335326886990
1	2	870	1559658335326895375
100	2	870	1559658335326957354
1	2	870	1559658335326965740
100	2	870	1559658335327060271
1	2	870	1559658335327068656
100	2	870	1559658335327131052
1	2	870	1559658335327139542
100	2	870	1559658335327234125
1	2	870	1559658335327242719
100	2	870	1559658335327304594
1	2	870	1559658335327313031
100	2	870	1559658335327406937
1	2	870	1559658335327415427
100	2	870	1559658335327478604
1	2	870	1559658335327486990
100	2	870	1559658335327580635
1	2	870	1559658335327588917
100	2	870	1559658335327650479
1	2	870	1559658335327658917
100	2	870	1559658335327755479
1	2	870	1559658335327763812
100	2	870	1559658335327825687
1	2	870	1559658335327834177
100	2	870	1559658335327929958
1	2	870	1559658335327938240
100	2	870	1559658335328002406
1	2	870	1559658335328026573
100	2	870	1559658335328124125
1	2	870	1559658335328132823
100	2	870	1559658335328195115
1	2	870	1559658335328203604
100	2	870	1559658335328298240
1	2	870	1559658335328306625
100	2	870	1559658335328370375
1	2	870	1559658335328378760
100	2	870	1559658335328473656
1	2	870	1559658335328482094
100	2	870	1559658335328544073
1	2	870	1559658335328552562
100	2	870	1559658335328647510
1	2	870	1559658335328655948
100	2	870	1559658335328717458
1	2	870	1559658335328725635
100	2	870	1559658335328821260
1	2	870	1559658335328829698
100	2	870	1559658335328891104
1	2	870	1559658335328899542
100	2	870	1559658335328993812
1	2	870	1559658335329002042
100	2	870	1559658335329064229
1	2	870	1559658335329072458
100	2	870	1559658335329165896
1	2	870	1559658335329174229
100	2	870	1559658335329236990
1	2	870	1559658335329259333
100	2	870	1559658335329357094
1	2	870	1559658335329365948
100	2	870	1559658335329427823
1	2	870	1559658335329436469
100	2	870	1559658335329530427
1	2	870	1559658335329538917
100	2	870	1559658335329601677
1	2	870	1559658335329610115
100	2	870	1559658335329703865
1	2	870	1559658335329712354
100	2	870	1559658335329773917
1	2	870	1559658335329782146
100	2	870	1559658335329878448
1	2	870	1559658335329886729
100	2	870	1559658335329948604
1	2	870	1559658335329957198
100	2	870	1559658335330051573
1	2	870	1559658335330059958
100	2	870	1559658335330120948
1	2	870	1559658335330129281
100	2	870	1559658335330222615
1	2	870	1559658335330233812
100	2	870	1559658335330296625
1	2	870	1559658335330305323
100	2	870	1559658335330402198
1	2	870	1559658335330410896
100	2	870	1559658335330473604
1	2	870	1559658335330483552
100	2	870	1559658335330593396
1	2	870	1559658335330602198
100	2	870	1559658335330672198
1	2	870	1559658335330680635
100	2	870	1559658335330776417
1	2	870	1559658335330784802
100	2	870	1559658335330848344
1	2	870	1559658335330856573
100	2	870	1559658335330950323
1	2	870	1559658335330958760
100	2	870	1559658335331020844
1	2	870	1559658335331029229
100	2	870	1559658335331125427
1	2	870	1559658335331133656
100	2	870	1559658335331195740
1	2	870	1559658335331204125
100	2	870	1559658335331297823
1	2	870	1559658335331306052
100	2	870	1559658335331369594
1	2	870	1559658335331378083
100	2	870	1559658335331471573
1	2	870	1559658335331479958
100	2	870	1559658335331541365
1	2	870	1559658335331549750
100	2	870	1559658335331644802
1	2	870	1559658335331653135
100	2	870	1559658335331714698
1	2	870	1559658335331723083
100	2	870	1559658335331831677
1	2	870	1559658335331840167
100	2	870	1559658335331903812
1	2	870	1559658335331912094
100	2	870	1559658335332008917
1	2	870	1559658335332017510
100	2	870	1559658335332079125
1	2	870	1559658335332087562
100	2	870	1559658335332181990
1	2	870	1559658335332190375
100	2	870	1559658335332252198
1	2	870	1559658335332260687
100	2	870	1559658335332354073
1	2	870	1559658335332362406
100	2	870	1559658335332424802
1	2	870	1559658335332433396
100	2	870	1559658335332529021
1	2	870	1559658335332537146
100	2	870	1559658335332599906
1	2	870	1559658335332608344
100	2	870	1559658335332701312
1	2	870	1559658335332709802
100	2	870	1559658335332771729
1	2	870	1559658335332779958
100	2	870	1559658335332874281
1	2	870	1559658335332882615
100	2	870	1559658335332946052
1	2	870	1559658335332954542
100	2	870	1559658335333048760
1	2	870	1559658335333058708
100	2	870	1559658335333141781
1	2	870	1559658335333150375
100	2	870	1559658335333246052
1	2	870	1559658335333254333
100	2	870	1559658335333336729
1	2	870	1559658335333345271
100	2	870	1559658335333442979
1	2	870	1559658335333451104
100	2	870	1559658335333514333
1	2	870	1559658335333522667
100	2	870	1559658335333617719
1	2	870	1559658335333626156
100	2	870	1559658335333687771
1	2	870	1559658335333696104
100	2	870	1559658335333790062
1	2	870	1559658335333798344
100	2	870	1559658335333861469
1	2	870	1559658335333869802
100	2	870	1559658335333963240
1	2	870	1559658335333971677
100	2	870	1559658335334034333
1	2	870	1559658335334042562
100	2	870	1559658335334136937
1	2	870	1559658335334145167
100	2	870	1559658335334206365
1	2	870	1559658335334214854
100	2	870	1559658335334309802
1	2	870	1559658335334318240
100	2	870	1559658335334397510
1	2	870	1559658335334406312
100	2	870	1559658335334501990
1	2	870	1559658335334510375
100	2	870	1559658335334572979
1	2	870	1559658335334581469
100	2	870	1559658335334675583
1	2	870	1559658335334683969
100	2	870	1559658335334745479
1	2	870	1559658335334753865
100	2	870	1559658335334848187
1	2	870	1559658335334856677
100	2	870	1559658335334918552
1	2	870	1559658335334927042
100	2	870	1559658335335021990
1	2	870	1559658335335030479
100	2	870	1559658335335093812
1	2	870	1559658335335102354
100	2	870	1559658335335196781
1	2	870	1559658335335205271
100	2	870	1559658335335267354
1	2	870	1559658335335276000
100	2	870	1559658335335371729
1	2	870	1559658335335380010
100	2	870	1559658335335441781
1	2	870	1559658335335450219
100	2	870	1559658335335543917
1	2	870	1559658335335552250
100	2	870	1559658335335615010
1	2	870	1559658335335637406
100	2	870	1559658335335734906
1	2	870	1559658335335743760
100	2	870	1559658335335805844
1	2	870	1559658335335814333
100	2	870	1559658335335909021
1	2	870	1559658335335917302
100	2	870	1559658335335980427
1	2	870	1559658335335988760
100	2	870	1559658335336083656
1	2	870	1559658335336092302
100	2	870	1559658335336154229
1	2	870	1559658335336162719
100	2	870	1559658335336257771
1	2	870	1559658335336265948
100	2	870	1559658335336337615
1	2	870	1559658335336346052
100	2	870	1559658335336439281
1	2	870	1559658335336447667
100	2	870	1559658335336509490
1	2	870	1559658335336517823
100	2	870	1559658335336612146
1	2	870	1559658335336620427
100	2	870	1559658335336682875
1	2	870	1559658335336691521
100	2	870	1559658335336784802
1	2	870	1559658335336793083
100	2	870	1559658335336855740
1	2	870	1559658335336878500
100	2	870	1559658335336974385
1	2	870	1559658335336983135
100	2	870	1559658335337045687
1	2	870	1559658335337054177
100	2	870	1559658335337150219
1	2	870	1559658335337158396
100	2	870	1559658335337220844
1	2	870	1559658335337229229
100	2	870	1559658335337323448
1	2	870	1559658335337331729
100	2	870	1559658335337394125
1	2	870	1559658335337402771
100	2	870	1559658335337497615
1	2	870	1559658335337505948
100	2	870	1559658335337567771
1	2	870	1559658335337575896
100	2	870	1559658335337670167
1	2	870	1559658335337678552
100	2	870	1559658335337742042
1	2	870	1559658335337750740
100	2	870	1559658335337844021
1	2	870	1559658335337852354
100	2	870	1559658335337914437
1	2	870	1559658335337922719
100	2	870	1559658335338017458
1	2	870	1559658335338025740
100	2	870	1559658335338087771
1	2	870	1559658335338096000
100	2	870	1559658335338206625
1	2	870	1559658335338215375
100	2	870	1559658335338277875
1	2	870	1559658335338286312
100	2	870	1559658335338381208
1	2	870	1559658335338389542
100	2	870	1559658335338452042
1	2	870	1559658335338460323
100	2	870	1559658335338553396
1	2	870	1559658335338561781
100	2	870	1559658335338623552
1	2	870	1559658335338631937
100	2	870	1559658335338726156
1	2	870	1559658335338734490
100	2	870	1559658335338796417
1	2	870	1559658335338805062
100	2	870	1559658335338899281
1	2	870	1559658335338907667
100	2	870	1559658335338969490
1	2	870	1559658335338977823
100	2	870	1559658335339071156
1	2	870	1559658335339079333
100	2	870	1559658335339140896
1	2	870	1559658335339149333
100	2	870	1559658335339245010
1	2	870	1559658335339253396
100	2	870	1559658335339315167
1	2	870	1559658335339323604
100	2	870	1559658335339417302
1	2	870	1559658335339439854
100	2	870	1559658335339504229
1	2	870	1559658335339512771
100	2	870	1559658335339606833
1	2	870	1559658335339615271
100	2	870	1559658335339677198
1	2	870	1559658335339685635
100	2	870	1559658335339780271
1	2	870	1559658335339788708
100	2	870	1559658335339852354
1	2	870	1559658335339860792
100	2	870	1559658335339953812
1	2	870	1559658335339962198
100	2	870	1559658335340023865
1	2	870	1559658335340032562
100	2	870	1559658335340127510
1	2	870	1559658335340135896
100	2	870	1559658335340197250
1	2	870	1559658335340205531
100	2	870	1559658335340300271
1	2	870	1559658335340308656
100	2	870	1559658335340370896
1	2	870	1559658335340379333
100	2	870	1559658335340474125
1	2	870	1559658335340482406
100	2	870	1559658335340545115
1	2	870	1559658335340553396
100	2	870	1559658335340647615
1	2	870	1559658335340655948
100	2	870	1559658335340734385
1	2	870	1559658335340742927
100	2	870	1559658335340837042
1	2	870	1559658335340845479
100	2	870	1559658335340907719
1	2	870	1559658335340916104
100	2	870	1559658335341013292
1	2	870	1559658335341021729
100	2	870	1559658335341082771
1	2	870	1559658335341091260
100	2	870	1559658335341185583
1	2	870	1559658335341193969
100	2	870	1559658335341255948
1	2	870	1559658335341264229
100	2	870	1559658335341360531
1	2	870	1559658335341368917
100	2	870	1559658335341431156
1	2	870	1559658335341439802
100	2	870	1559658335341533448
1	2	870	1559658335341544698
100	2	870	1559658335341609333
1	2	870	1559658335341618187
100	2	870	1559658335341712771
1	2	870	1559658335341721469
100	2	870	1559658335341783240
1	2	870	1559658335341791885
100	2	870	1559658335341887302
1	2	870	1559658335341895896
100	2	870	1559658335341965531
1	2	870	1559658335341987875
100	2	870	1559658335342083604
1	2	870	1559658335342091990
100	2	870	1559658335342154125
1	2	870	1559658335342162458
100	2	870	1559658335342257250
1	2	870	1559658335342265531
100	2	870	1559658335342328031
1	2	870	1559658335342336417
100	2	870	1559658335342431260
1	2	870	1559658335342439437
100	2	870	1559658335342500948
1	2	870	1559658335342509177
100	2	870	1559658335342603135
1	2	870	1559658335342611677
100	2	870	1559658335342674281
1	2	870	1559658335342682823
100	2	870	1559658335342778135
1	2	870	1559658335342786312
100	2	870	1559658335342849229
1	2	870	1559658335342857614
100	2	870	1559658335342952302
1	2	870	1559658335342960687
100	2	870	1559658335343022823
1	2	870	1559658335343031208
100	2	870	1559658335343126417
1	2	870	1559658335343134698
100	2	870	1559658335343196156
1	2	870	1559658335343218812
100	2	870	1559658335343340271
1	2	870	1559658335343349542
100	2	870	1559658335343417042
1	2	870	1559658335343425583
100	2	870	1559658335343521573
1	2	870	1559658335343529958
100	2	870	1559658335343592458
1	2	870	1559658335343600844
100	2	870	1559658335343695792
1	2	870	1559658335343704073
100	2	870	1559658335343766208
1	2	870	1559658335343774542
100	2	870	1559658335343870114
1	2	870	1559658335343878396
100	2	870	1559658335343940792
1	2	870	1559658335343949177
100	2	870	1559658335344043917
1	2	870	1559658335344052354
100	2	870	1559658335344115583
1	2	870	1559658335344123864
100	2	870	1559658335344217354
1	2	870	1559658335344225687
100	2	870	1559658335344288448
1	2	870	1559658335344296885
100	2	870	1559658335344391521
1	2	870	1559658335344400010
100	2	870	1559658335344462823
1	2	870	1559658335344486104
100	2	870	1559658335344582562
1	2	870	1559658335344591312
100	2	870	1559658335344653135
1	2	870	1559658335344661469
100	2	870	1559658335344757979
1	2	870	1559658335344766156
100	2	870	1559658335344828031
1	2	870	1559658335344836364
100	2	870	1559658335344930167
1	2	870	1559658335344938552
100	2	870	1559658335345001469
1	2	870	1559658335345009802
100	2	870	1559658335345103708
1	2	870	1559658335345112094
100	2	870	1559658335345174333
1	2	870	1559658335345182667
100	2	870	1559658335345277979
1	2	870	1559658335345286000
100	2	870	1559658335345349281
1	2	870	1559658335345357719
100	2	870	1559658335345452614
1	2	870	1559658335345460739
100	2	870	1559658335345523760
1	2	870	1559658335345532146
100	2	870	1559658335345626937
1	2	870	1559658335345635114
100	2	870	1559658335345697458
1	2	870	1559658335345705896
100	2	870	1559658335345814802
1	2	870	1559658335345823396
100	2	870	1559658335345887927
1	2	870	1559658335345896052
100	2	870	1559658335345993292
1	2	870	1559658335346001677
100	2	870	1559658335346063969
1	2	870	1559658335346072250
100	2	870	1559658335346166156
1	2	870	1559658335346174594
100	2	870	1559658335346237250
1	2	870	1559658335346245583
100	2	870	1559658335346339229
1	2	870	1559658335346347667
100	2	870	1559658335346409906
1	2	870	1559658335346418448
100	2	870	1559658335346513135
1	2	870	1559658335346521417
100	2	870	1559658335346585219
1	2	870	1559658335346593552
100	2	870	1559658335346686729
1	2	870	1559658335346695167
100	2	870	1559658335346757771
1	2	870	1559658335346766312
100	2	870	1559658335346861989
1	2	870	1559658335346870375
100	2	870	1559658335346932667
1	2	870	1559658335346940948
100	2	870	1559658335347034854
1	2	870	1559658335347044906
100	2	870	1559658335347121781
1	2	870	1559658335347130375
100	2	870	1559658335347224802
1	2	870	1559658335347233135
100	2	870	1559658335347295062
1	2	870	1559658335347303292
100	2	870	1559658335347398708
1	2	870	1559658335347406937
100	2	870	1559658335347468708
1	2	870	1559658335347476885
100	2	870	1559658335347571573
1	2	870	1559658335347579906
100	2	870	1559658335347643760
1	2	870	1559658335347652198
100	2	870	1559658335347747875
1	2	870	1559658335347756156
100	2	870	1559658335347818552
1	2	870	1559658335347826989
100	2	870	1559658335347921885
1	2	870	1559658335347930271
100	2	870	1559658335347995583
1	2	870	1559658335348003864
100	2	870	1559658335348097771
1	2	870	1559658335348106104
100	2	870	1559658335348168083
1	2	870	1559658335348176573
100	2	870	1559658335348271885
1	2	870	1559658335348280219
100	2	870	1559658335348367146
1	2	870	1559658335348375896
100	2	870	1559658335348470271
1	2	870	1559658335348478656
100	2	870	1559658335348541208
1	2	870	1559658335348549854
100	2	870	1559658335348645010
1	2	870	1559658335348653396
100	2	870	1559658335348717146
1	2	870	1559658335348725583
100	2	870	1559658335348820844
1	2	870	1559658335348829281
100	2	870	1559658335348894125
1	2	870	1559658335348902562
100	2	870	1559658335349000531
1	2	870	1559658335349008656
100	2	870	1559658335349071364
1	2	870	1559658335349079698
100	2	870	1559658335349174021
1	2	870	1559658335349182094
100	2	870	1559658335349246208
1	2	870	1559658335349254750
100	2	870	1559658335349348500
1	2	870	1559658335349356781
100	2	870	1559658335349418812
1	2	870	1559658335349427198
100	2	870	1559658335349522302
1	2	870	1559658335349530687
100	2	870	1559658335349592979
1	2	870	1559658335349615792
100	2	870	1559658335349713396
1	2	870	1559658335349721989
100	2	870	1559658335349784021
1	2	870	1559658335349792406
100	2	870	1559658335349888344
1	2	870	1559658335349896573
100	2	870	1559658335349959489
1	2	870	1559658335349967823
100	2	870	1559658335350062406
1	2	870	1559658335350070687
100	2	870	1559658335350132510
1	2	870	1559658335350140739
100	2	870	1559658335350235427
1	2	870	1559658335350243917
100	2	870	1559658335350306521
1	2	870	1559658335350315062
100	2	870	1559658335350408917
1	2	870	1559658335350417458
100	2	870	1559658335350481052
1	2	870	1559658335350489489
100	2	870	1559658335350585062
1	2	870	1559658335350593396
100	2	870	1559658335350655844
1	2	870	1559658335350664281
100	2	870	1559658335350760792
1	2	870	1559658335350769177
