1	1	3977	1559657693500076862
100	1	3977	1559657693500386806
1	1	3977	1559657693500397796
100	1	3977	1559657693500490660
1	1	3977	1559657693500499201
100	1	3977	1559657693500704251
1	1	3977	1559657693500713053
100	1	3977	1559657693500793208
1	1	3977	1559657693500803990
100	1	3977	1559657693500905551
1	1	3977	1559657693500913988
100	1	3977	1559657693500976019
1	1	3977	1559657693500986279
100	1	3977	1559657693501086643
1	1	3977	1559657693501095236
100	1	3977	1559657693501158621
1	1	3977	1559657693501167059
100	1	3977	1559657693501265130
1	1	3977	1559657693501273828
100	1	3977	1559657693501346328
1	1	3977	1559657693501354661
100	1	3977	1559657693501450858
1	1	3977	1559657693501459399
100	1	3977	1559657693501518097
1	1	3977	1559657693501526274
100	1	3977	1559657693501619762
1	1	3977	1559657693501627991
100	1	3977	1559657693501685907
1	1	3977	1559657693501694084
100	1	3977	1559657693501786479
1	1	3977	1559657693501794760
100	1	3977	1559657693501856843
1	1	3977	1559657693501867051
100	1	3977	1559657693501963769
1	1	3977	1559657693501972310
100	1	3977	1559657693502035851
1	1	3977	1559657693502044706
100	1	3977	1559657693502137986
1	1	3977	1559657693502146475
100	1	3977	1559657693502206110
1	1	3977	1559657693502214079
100	1	3977	1559657693502305119
1	1	3977	1559657693502313296
100	1	3977	1559657693502373140
1	1	3977	1559657693502381733
100	1	3977	1559657693502472357
1	1	3977	1559657693502480638
100	1	3977	1559657693502541523
1	1	3977	1559657693502566002
100	1	3977	1559657693502656053
1	1	3977	1559657693502664387
100	1	3977	1559657693502725115
1	1	3977	1559657693502808864
100	1	3977	1559657693502947977
1	1	3977	1559657693502957665
100	1	3977	1559657693503018549
1	1	3977	1559657693503026935
100	1	3977	1559657693503125267
1	1	3977	1559657693503133809
100	1	3977	1559657693503192610
1	1	3977	1559657693503200631
100	1	3977	1559657693503294067
1	1	3977	1559657693503303234
100	1	3977	1559657693503375525
1	1	3977	1559657693503385837
100	1	3977	1559657693503491826
1	1	3977	1559657693503500159
100	1	3977	1559657693503568231
1	1	3977	1559657693503576252
100	1	3977	1559657693503668803
1	1	3977	1559657693503676928
100	1	3977	1559657693503740261
1	1	3977	1559657693503748698
100	1	3977	1559657693503841822
1	1	3977	1559657693503849843
100	1	3977	1559657693503917550
1	1	3977	1559657693503945519
100	1	3977	1559657693504044528
1	1	3977	1559657693504052861
100	1	3977	1559657693504114163
1	1	3977	1559657693504122444
100	1	3977	1559657693504215099
1	1	3977	1559657693504223485
100	1	3977	1559657693504286453
1	1	3977	1559657693504294682
100	1	3977	1559657693504389681
1	1	3977	1559657693504397910
100	1	3977	1559657693504458847
1	1	3977	1559657693504467024
100	1	3977	1559657693504563012
1	1	3977	1559657693504571502
100	1	3977	1559657693504628949
1	1	3977	1559657693504637230
100	1	3977	1559657693504731083
1	1	3977	1559657693504740771
100	1	3977	1559657693504800197
1	1	3977	1559657693504808218
100	1	3977	1559657693504903009
1	1	3977	1559657693504911081
100	1	3977	1559657693504975872
1	1	3977	1559657693504985404
100	1	3977	1559657693505081184
1	1	3977	1559657693505089413
100	1	3977	1559657693505147485
1	1	3977	1559657693505155818
100	1	3977	1559657693505266963
1	1	3977	1559657693505275453
100	1	3977	1559657693505334567
1	1	3977	1559657693505342744
100	1	3977	1559657693505436545
1	1	3977	1559657693505444878
100	1	3977	1559657693505503784
1	1	3977	1559657693505511804
100	1	3977	1559657693505604616
1	1	3977	1559657693505614199
100	1	3977	1559657693505672844
1	1	3977	1559657693505680813
100	1	3977	1559657693505788364
1	1	3977	1559657693505799353
100	1	3977	1559657693505865551
1	1	3977	1559657693505873675
100	1	3977	1559657693505966331
1	1	3977	1559657693505974560
100	1	3977	1559657693506038622
1	1	3977	1559657693506052528
100	1	3977	1559657693506151433
1	1	3977	1559657693506159922
100	1	3977	1559657693506220443
1	1	3977	1559657693506228724
100	1	3977	1559657693506326952
1	1	3977	1559657693506335598
100	1	3977	1559657693506404503
1	1	3977	1559657693506412420
100	1	3977	1559657693506508929
1	1	3977	1559657693506533825
100	1	3977	1559657693506602261
1	1	3977	1559657693506613615
100	1	3977	1559657693506704500
1	1	3977	1559657693506712729
100	1	3977	1559657693506770853
1	1	3977	1559657693506778770
100	1	3977	1559657693506868873
1	1	3977	1559657693506877102
100	1	3977	1559657693506937518
1	1	3977	1559657693506945591
100	1	3977	1559657693507035799
1	1	3977	1559657693507044080
100	1	3977	1559657693507115641
1	1	3977	1559657693507123975
100	1	3977	1559657693507219234
1	1	3977	1559657693507227619
100	1	3977	1559657693507286994
1	1	3977	1559657693507295171
100	1	3977	1559657693507384545
1	1	3977	1559657693507392774
100	1	3977	1559657693507452409
1	1	3977	1559657693507460742
100	1	3977	1559657693507549960
1	1	3977	1559657693507558137
100	1	3977	1559657693507618084
1	1	3977	1559657693507626157
100	1	3977	1559657693507715114
1	1	3977	1559657693507723239
100	1	3977	1559657693507791832
1	1	3977	1559657693507801103
100	1	3977	1559657693507890894
1	1	3977	1559657693507898966
100	1	3977	1559657693507957455
1	1	3977	1559657693507965632
100	1	3977	1559657693508055736
1	1	3977	1559657693508063965
100	1	3977	1559657693508124797
1	1	3977	1559657693508133131
100	1	3977	1559657693508223651
1	1	3977	1559657693508232088
100	1	3977	1559657693508292452
1	1	3977	1559657693508300629
100	1	3977	1559657693508389638
1	1	3977	1559657693508398232
100	1	3977	1559657693508455731
1	1	3977	1559657693508463752
100	1	3977	1559657693508553022
1	1	3977	1559657693508561303
100	1	3977	1559657693508621042
1	1	3977	1559657693508629480
100	1	3977	1559657693508731978
1	1	3977	1559657693508742708
100	1	3977	1559657693508813592
1	1	3977	1559657693508822238
100	1	3977	1559657693508917393
1	1	3977	1559657693508925622
100	1	3977	1559657693508984476
1	1	3977	1559657693509002288
100	1	3977	1559657693509093641
1	1	3977	1559657693509101975
100	1	3977	1559657693509162286
1	1	3977	1559657693509170463
100	1	3977	1559657693509262390
1	1	3977	1559657693509270671
100	1	3977	1559657693509332597
1	1	3977	1559657693509341035
100	1	3977	1559657693509438013
1	1	3977	1559657693509446190
100	1	3977	1559657693522893599
1	1	3977	1559657693522934901
100	1	3977	1559657693523240939
1	1	3977	1559657693523254064
100	1	3977	1559657693523342553
1	1	3977	1559657693523355313
100	1	3977	1559657693523464427
1	1	3977	1559657693523473541
100	1	3977	1559657693523541770
1	1	3977	1559657693523551144
100	1	3977	1559657693523647341
1	1	3977	1559657693523656664
100	1	3977	1559657693523720622
1	1	3977	1559657693523729632
100	1	3977	1559657693523826298
1	1	3977	1559657693523834943
100	1	3977	1559657693523900568
1	1	3977	1559657693523932234
100	1	3977	1559657693524027129
1	1	3977	1559657693524035723
100	1	3977	1559657693524097962
1	1	3977	1559657693524106503
100	1	3977	1559657693524200408
1	1	3977	1559657693524209054
100	1	3977	1559657693524272439
1	1	3977	1559657693524280928
100	1	3977	1559657693524413271
1	1	3977	1559657693524421812
100	1	3977	1559657693524483426
1	1	3977	1559657693524492905
100	1	3977	1559657693524585665
1	1	3977	1559657693524594102
100	1	3977	1559657693524657070
1	1	3977	1559657693524665403
100	1	3977	1559657693524760611
1	1	3977	1559657693524769465
100	1	3977	1559657693524831600
1	1	3977	1559657693524839881
100	1	3977	1559657693524937432
1	1	3977	1559657693524946078
100	1	3977	1559657693525008994
1	1	3977	1559657693525017379
100	1	3977	1559657693525111232
1	1	3977	1559657693525119722
100	1	3977	1559657693525181283
1	1	3977	1559657693525189773
100	1	3977	1559657693525292324
1	1	3977	1559657693525300761
100	1	3977	1559657693525363990
1	1	3977	1559657693525372636
100	1	3977	1559657693525466905
1	1	3977	1559657693525480134
100	1	3977	1559657693525546123
1	1	3977	1559657693525556071
100	1	3977	1559657693525650289
1	1	3977	1559657693525659039
100	1	3977	1559657693525729194
1	1	3977	1559657693525740861
100	1	3977	1559657693525838516
1	1	3977	1559657693525847214
100	1	3977	1559657693525922526
1	1	3977	1559657693525931848
100	1	3977	1559657693526031899
1	1	3977	1559657693526040545
100	1	3977	1559657693526105857
1	1	3977	1559657693526116430
100	1	3977	1559657693526213043
1	1	3977	1559657693526221689
100	1	3977	1559657693526287522
1	1	3977	1559657693526296376
100	1	3977	1559657693526396114
1	1	3977	1559657693526405385
100	1	3977	1559657693526511061
1	1	3977	1559657693526521425
100	1	3977	1559657693526624289
1	1	3977	1559657693526633299
100	1	3977	1559657693526700330
1	1	3977	1559657693526708819
100	1	3977	1559657693526809235
1	1	3977	1559657693526817724
100	1	3977	1559657693526882828
1	1	3977	1559657693526891213
100	1	3977	1559657693526988868
1	1	3977	1559657693526998087
100	1	3977	1559657693527067305
1	1	3977	1559657693527076263
100	1	3977	1559657693527179387
1	1	3977	1559657693527187773
100	1	3977	1559657693527256991
1	1	3977	1559657693527266834
100	1	3977	1559657693527369698
1	1	3977	1559657693527380427
100	1	3977	1559657693527444749
1	1	3977	1559657693527454436
100	1	3977	1559657693527552873
1	1	3977	1559657693527561727
100	1	3977	1559657693527631049
1	1	3977	1559657693527639955
100	1	3977	1559657693527740475
1	1	3977	1559657693527751100
100	1	3977	1559657693527815943
1	1	3977	1559657693527855943
100	1	3977	1559657693527960681
1	1	3977	1559657693527970889
100	1	3977	1559657693528038909
1	1	3977	1559657693528049066
100	1	3977	1559657693528155158
1	1	3977	1559657693528163804
100	1	3977	1559657693528231199
1	1	3977	1559657693528241407
100	1	3977	1559657693528338490
1	1	3977	1559657693528349114
100	1	3977	1559657693528416666
1	1	3977	1559657693528424999
100	1	3977	1559657693528523696
1	1	3977	1559657693528532185
100	1	3977	1559657693528598903
1	1	3977	1559657693528610882
100	1	3977	1559657693528707444
1	1	3977	1559657693528716038
100	1	3977	1559657693528780464
1	1	3977	1559657693528789891
100	1	3977	1559657693528890307
1	1	3977	1559657693528898952
100	1	3977	1559657693528964056
1	1	3977	1559657693528973431
100	1	3977	1559657693529071815
1	1	3977	1559657693529082648
100	1	3977	1559657693529151866
1	1	3977	1559657693529186710
100	1	3977	1559657693529290823
1	1	3977	1559657693529299677
100	1	3977	1559657693529368843
1	1	3977	1559657693529379312
100	1	3977	1559657693529479467
1	1	3977	1559657693529489779
100	1	3977	1559657693529552487
1	1	3977	1559657693529561445
100	1	3977	1559657693529661653
1	1	3977	1559657693529670715
100	1	3977	1559657693529739152
1	1	3977	1559657693529747902
100	1	3977	1559657693529844515
1	1	3977	1559657693529855140
100	1	3977	1559657693529921754
1	1	3977	1559657693529931962
100	1	3977	1559657693530032274
1	1	3977	1559657693530041232
100	1	3977	1559657693530115971
1	1	3977	1559657693530128731
100	1	3977	1559657693530232115
1	1	3977	1559657693530242428
100	1	3977	1559657693530306542
1	1	3977	1559657693530317844
100	1	3977	1559657693530418155
1	1	3977	1559657693530426540
100	1	3977	1559657693530494821
1	1	3977	1559657693530527008
100	1	3977	1559657693530629247
1	1	3977	1559657693530638726
100	1	3977	1559657693530705756
1	1	3977	1559657693530714402
100	1	3977	1559657693530813984
1	1	3977	1559657693530822682
100	1	3977	1559657693530887004
1	1	3977	1559657693530895390
100	1	3977	1559657693530995961
1	1	3977	1559657693531004711
100	1	3977	1559657693531071117
1	1	3977	1559657693531080283
100	1	3977	1559657693531176949
1	1	3977	1559657693531186324
100	1	3977	1559657693531258459
1	1	3977	1559657693531267209
100	1	3977	1559657693531370385
1	1	3977	1559657693531378874
100	1	3977	1559657693531445540
1	1	3977	1559657693531454186
100	1	3977	1559657693531557674
1	1	3977	1559657693531566112
100	1	3977	1559657693531631580
1	1	3977	1559657693531640955
100	1	3977	1559657693531746943
1	1	3977	1559657693531755589
100	1	3977	1559657693531826057
1	1	3977	1559657693531834338
100	1	3977	1559657693531937358
1	1	3977	1559657693531974493
100	1	3977	1559657693532058086
1	1	3977	1559657693532067929
100	1	3977	1559657693532167459
1	1	3977	1559657693532176366
100	1	3977	1559657693532248344
1	1	3977	1559657693532257146
100	1	3977	1559657693532360739
1	1	3977	1559657693532369176
100	1	3977	1559657693532433446
1	1	3977	1559657693532442561
100	1	3977	1559657693532543028
1	1	3977	1559657693532552195
100	1	3977	1559657693532637923
1	1	3977	1559657693532647611
100	1	3977	1559657693532794067
1	1	3977	1559657693532807401
100	1	3977	1559657693532886983
1	1	3977	1559657693532899118
100	1	3977	1559657693533013023
1	1	3977	1559657693533021461
100	1	3977	1559657693533099064
1	1	3977	1559657693533113543
100	1	3977	1559657693533224323
1	1	3977	1559657693533235209
100	1	3977	1559657693533323385
1	1	3977	1559657693533333541
100	1	3977	1559657693533457602
1	1	3977	1559657693533469164
100	1	3977	1559657693533616611
1	1	3977	1559657693533626454
100	1	3977	1559657693533766245
1	1	3977	1559657693533775932
100	1	3977	1559657693533863952
1	1	3977	1559657693533875150
100	1	3977	1559657693534001555
1	1	3977	1559657693534011346
100	1	3977	1559657693534092804
1	1	3977	1559657693534102803
100	1	3977	1559657693534228844
1	1	3977	1559657693534241552
100	1	3977	1559657693534305874
1	1	3977	1559657693534316707
100	1	3977	1559657693534446550
1	1	3977	1559657693534455873
100	1	3977	1559657693534537434
1	1	3977	1559657693534548840
100	1	3977	1559657693534685193
1	1	3977	1559657693534694776
100	1	3977	1559657693534772223
1	1	3977	1559657693534783421
100	1	3977	1559657693534909930
1	1	3977	1559657693534921961
100	1	3977	1559657693535003627
1	1	3977	1559657693535013679
100	1	3977	1559657693535141699
1	1	3977	1559657693535150449
100	1	3977	1559657693535235812
1	1	3977	1559657693535295603
100	1	3977	1559657693535429508
1	1	3977	1559657693535442477
100	1	3977	1559657693535528465
1	1	3977	1559657693535538622
100	1	3977	1559657693535664870
1	1	3977	1559657693535675860
100	1	3977	1559657693535759140
1	1	3977	1559657693535771588
100	1	3977	1559657693535895232
1	1	3977	1559657693535904868
100	1	3977	1559657693535989294
1	1	3977	1559657693535998877
100	1	3977	1559657693536125334
1	1	3977	1559657693536137105
100	1	3977	1559657693536218354
1	1	3977	1559657693536231323
100	1	3977	1559657693536357050
1	1	3977	1559657693536368665
100	1	3977	1559657693536461268
1	1	3977	1559657693536471008
100	1	3977	1559657693536574496
1	1	3977	1559657693536584079
100	1	3977	1559657693536653141
1	1	3977	1559657693536663193
100	1	3977	1559657693536770223
1	1	3977	1559657693536778869
100	1	3977	1559657693536840379
1	1	3977	1559657693536881212
100	1	3977	1559657693536979127
1	1	3977	1559657693536988815
100	1	3977	1559657693537054491
1	1	3977	1559657693537062616
100	1	3977	1559657693537159125
1	1	3977	1559657693537167771
100	1	3977	1559657693537236208
1	1	3977	1559657693537245270
100	1	3977	1559657693537347040
1	1	3977	1559657693537355477
100	1	3977	1559657693537417143
1	1	3977	1559657693537425477
100	1	3977	1559657693537520840
1	1	3977	1559657693537529330
100	1	3977	1559657693537592819
1	1	3977	1559657693537601100
100	1	3977	1559657693537696203
1	1	3977	1559657693537704692
100	1	3977	1559657693537768442
1	1	3977	1559657693537776619
100	1	3977	1559657693537871357
1	1	3977	1559657693537879638
100	1	3977	1559657693537942607
1	1	3977	1559657693537950992
100	1	3977	1559657693538052553
1	1	3977	1559657693538060782
100	1	3977	1559657693538126667
1	1	3977	1559657693538135625
100	1	3977	1559657693538248489
1	1	3977	1559657693538256926
100	1	3977	1559657693538318175
1	1	3977	1559657693538326248
100	1	3977	1559657693538418852
1	1	3977	1559657693538434320
100	1	3977	1559657693538498955
1	1	3977	1559657693538507809
100	1	3977	1559657693538609735
1	1	3977	1559657693538618276
100	1	3977	1559657693538689786
1	1	3977	1559657693538698224
100	1	3977	1559657693538794368
1	1	3977	1559657693538802962
100	1	3977	1559657693538878326
1	1	3977	1559657693538886919
100	1	3977	1559657693538980721
1	1	3977	1559657693538990408
100	1	3977	1559657693539051084
1	1	3977	1559657693539059522
100	1	3977	1559657693539154781
1	1	3977	1559657693539163114
100	1	3977	1559657693539223010
1	1	3977	1559657693539231447
100	1	3977	1559657693539325925
1	1	3977	1559657693539334311
100	1	3977	1559657693539396289
1	1	3977	1559657693539405091
100	1	3977	1559657693539500871
1	1	3977	1559657693539520611
100	1	3977	1559657693539582641
1	1	3977	1559657693539591131
100	1	3977	1559657693539687796
1	1	3977	1559657693539696182
100	1	3977	1559657693539756910
1	1	3977	1559657693539764983
100	1	3977	1559657693539858524
1	1	3977	1559657693539867065
100	1	3977	1559657693539927481
1	1	3977	1559657693539935763
100	1	3977	1559657693540030293
1	1	3977	1559657693540038470
100	1	3977	1559657693540098990
1	1	3977	1559657693540108365
100	1	3977	1559657693540524715
1	1	3977	1559657693540537683
100	1	3977	1559657693540613047
1	1	3977	1559657693540623203
100	1	3977	1559657693540725754
1	1	3977	1559657693540735806
100	1	3977	1559657693540799191
1	1	3977	1559657693540808514
100	1	3977	1559657693540905336
1	1	3977	1559657693540913825
100	1	3977	1559657693540975387
1	1	3977	1559657693540985647
100	1	3977	1559657693541081427
1	1	3977	1559657693541090334
100	1	3977	1559657693541173302
1	1	3977	1559657693541181947
100	1	3977	1559657693541276425
1	1	3977	1559657693541284967
100	1	3977	1559657693541347050
1	1	3977	1559657693541355487
100	1	3977	1559657693541452153
1	1	3977	1559657693541460642
100	1	3977	1559657693541522100
1	1	3977	1559657693541530485
100	1	3977	1559657693541626422
1	1	3977	1559657693541636005
100	1	3977	1559657693541699129
1	1	3977	1559657693541707515
100	1	3977	1559657693541803243
1	1	3977	1559657693541812045
100	1	3977	1559657693541875690
1	1	3977	1559657693541884023
100	1	3977	1559657693541977876
1	1	3977	1559657693541987720
100	1	3977	1559657693542051001
1	1	3977	1559657693542059490
100	1	3977	1559657693542152927
1	1	3977	1559657693542161676
100	1	3977	1559657693542223863
1	1	3977	1559657693542234488
100	1	3977	1559657693542329331
1	1	3977	1559657693542337768
100	1	3977	1559657693542408913
1	1	3977	1559657693542436049
100	1	3977	1559657693542532766
1	1	3977	1559657693542541152
100	1	3977	1559657693542602557
1	1	3977	1559657693542612088
100	1	3977	1559657693542706827
1	1	3977	1559657693542715369
100	1	3977	1559657693542839690
1	1	3977	1559657693542849586
100	1	3977	1559657693542947293
1	1	3977	1559657693542956199
100	1	3977	1559657693543018490
1	1	3977	1559657693543027136
100	1	3977	1559657693543123020
1	1	3977	1559657693543131406
100	1	3977	1559657693543193488
1	1	3977	1559657693543201822
100	1	3977	1559657693543297185
1	1	3977	1559657693543305623
100	1	3977	1559657693543371351
1	1	3977	1559657693543381611
100	1	3977	1559657693543476246
1	1	3977	1559657693543485933
100	1	3977	1559657693543547651
1	1	3977	1559657693543556349
100	1	3977	1559657693543651192
1	1	3977	1559657693543659734
100	1	3977	1559657693543721295
1	1	3977	1559657693543761607
100	1	3977	1559657693543862440
1	1	3977	1559657693543871085
100	1	3977	1559657693543934887
1	1	3977	1559657693543943272
100	1	3977	1559657693544037490
1	1	3977	1559657693544046084
100	1	3977	1559657693544109520
1	1	3977	1559657693544117958
100	1	3977	1559657693544212488
1	1	3977	1559657693544220925
100	1	3977	1559657693544286602
1	1	3977	1559657693544294935
100	1	3977	1559657693544389934
1	1	3977	1559657693544398424
100	1	3977	1559657693544461392
1	1	3977	1559657693544469725
100	1	3977	1559657693544566130
1	1	3977	1559657693544574828
100	1	3977	1559657693544637536
1	1	3977	1559657693544646338
100	1	3977	1559657693544743212
1	1	3977	1559657693544751701
100	1	3977	1559657693544815086
1	1	3977	1559657693544823784
100	1	3977	1559657693544920345
1	1	3977	1559657693544928835
100	1	3977	1559657693545005344
1	1	3977	1559657693545015344
100	1	3977	1559657693545119093
1	1	3977	1559657693545127791
100	1	3977	1559657693545190134
1	1	3977	1559657693545198571
100	1	3977	1559657693545292581
1	1	3977	1559657693545301122
100	1	3977	1559657693545365184
1	1	3977	1559657693545373465
100	1	3977	1559657693545468100
1	1	3977	1559657693545476746
100	1	3977	1559657693545539922
1	1	3977	1559657693545548516
100	1	3977	1559657693545644035
1	1	3977	1559657693545652473
100	1	3977	1559657693545713670
1	1	3977	1559657693545722055
100	1	3977	1559657693545816429
1	1	3977	1559657693545824815
100	1	3977	1559657693545889502
1	1	3977	1559657693545899449
100	1	3977	1559657693546002990
1	1	3977	1559657693546011636
100	1	3977	1559657693546073927
1	1	3977	1559657693546082208
100	1	3977	1559657693546176321
1	1	3977	1559657693546184915
100	1	3977	1559657693546248300
1	1	3977	1559657693546257310
100	1	3977	1559657693546352726
1	1	3977	1559657693546376319
100	1	3977	1559657693546439548
1	1	3977	1559657693546448662
100	1	3977	1559657693546543193
1	1	3977	1559657693546551995
100	1	3977	1559657693546618244
1	1	3977	1559657693546626629
100	1	3977	1559657693546721107
1	1	3977	1559657693546729753
100	1	3977	1559657693546793242
1	1	3977	1559657693546801836
100	1	3977	1559657693546896105
1	1	3977	1559657693546904803
100	1	3977	1559657693546969386
1	1	3977	1559657693546978188
100	1	3977	1559657693547073343
1	1	3977	1559657693547081729
100	1	3977	1559657693547144228
1	1	3977	1559657693547152717
100	1	3977	1559657693547255893
1	1	3977	1559657693547265841
100	1	3977	1559657693547342507
1	1	3977	1559657693547351569
100	1	3977	1559657693547463027
1	1	3977	1559657693547472610
100	1	3977	1559657693547535474
1	1	3977	1559657693547543755
100	1	3977	1559657693547637400
1	1	3977	1559657693547646306
100	1	3977	1559657693547720836
1	1	3977	1559657693547729482
100	1	3977	1559657693547827814
1	1	3977	1559657693547836356
100	1	3977	1559657693547899480
1	1	3977	1559657693547908282
100	1	3977	1559657693548011458
1	1	3977	1559657693548020156
100	1	3977	1559657693548083124
1	1	3977	1559657693548091509
100	1	3977	1559657693548187758
1	1	3977	1559657693548196196
100	1	3977	1559657693548260518
1	1	3977	1559657693548268903
100	1	3977	1559657693548366142
1	1	3977	1559657693548374684
100	1	3977	1559657693548437704
1	1	3977	1559657693548446922
100	1	3977	1559657693548542494
1	1	3977	1559657693548551036
100	1	3977	1559657693548618431
1	1	3977	1559657693548626920
100	1	3977	1559657693548721711
1	1	3977	1559657693548730305
100	1	3977	1559657693548793377
1	1	3977	1559657693548804262
100	1	3977	1559657693548904209
1	1	3977	1559657693548913011
100	1	3977	1559657693548975563
1	1	3977	1559657693549002437
100	1	3977	1559657693549101290
1	1	3977	1559657693549112176
100	1	3977	1559657693549178477
1	1	3977	1559657693549186862
100	1	3977	1559657693549283997
1	1	3977	1559657693549292538
100	1	3977	1559657693549354934
1	1	3977	1559657693549365038
100	1	3977	1559657693549458630
1	1	3977	1559657693549467016
100	1	3977	1559657693549530244
1	1	3977	1559657693549538577
100	1	3977	1559657693549633733
1	1	3977	1559657693549642274
100	1	3977	1559657693549708159
1	1	3977	1559657693549717898
100	1	3977	1559657693549820502
1	1	3977	1559657693549829095
100	1	3977	1559657693549891855
1	1	3977	1559657693549900240
100	1	3977	1559657693549995708
1	1	3977	1559657693550004666
100	1	3977	1559657693550068259
1	1	3977	1559657693550076593
100	1	3977	1559657693550174196
1	1	3977	1559657693550182789
100	1	3977	1559657693550246747
1	1	3977	1559657693550270913
100	1	3977	1559657693550371746
1	1	3977	1559657693550387891
100	1	3977	1559657693550453359
1	1	3977	1559657693550464505
100	1	3977	1559657693550561952
1	1	3977	1559657693550570598
100	1	3977	1559657693550632212
1	1	3977	1559657693550640701
100	1	3977	1559657693550736169
1	1	3977	1559657693550744971
100	1	3977	1559657693550816741
1	1	3977	1559657693550825283
100	1	3977	1559657693550925386
1	1	3977	1559657693550934761
100	1	3977	1559657693551003197
1	1	3977	1559657693551011895
100	1	3977	1559657693551105748
1	1	3977	1559657693551116113
100	1	3977	1559657693551182466
1	1	3977	1559657693551191372
100	1	3977	1559657693551290121
1	1	3977	1559657693551298767
100	1	3977	1559657693551364131
1	1	3977	1559657693551372673
100	1	3977	1559657693551467099
1	1	3977	1559657693551475536
100	1	3977	1559657693551538088
1	1	3977	1559657693551546629
100	1	3977	1559657693551648607
1	1	3977	1559657693551657097
100	1	3977	1559657693551718034
1	1	3977	1559657693551726731
100	1	3977	1559657693551826053
1	1	3977	1559657693551834751
100	1	3977	1559657693551896677
1	1	3977	1559657693551905740
100	1	3977	1559657693552001572
1	1	3977	1559657693552010062
100	1	3977	1559657693552071259
1	1	3977	1559657693552079644
100	1	3977	1559657693552175529
1	1	3977	1559657693552184018
100	1	3977	1559657693552248132
1	1	3977	1559657693552256726
100	1	3977	1559657693552350631
1	1	3977	1559657693552360266
100	1	3977	1559657693552421620
1	1	3977	1559657693552430057
100	1	3977	1559657693552525942
1	1	3977	1559657693552537452
100	1	3977	1559657693552617712
1	1	3977	1559657693552626566
100	1	3977	1559657693552787397
1	1	3977	1559657693552800887
100	1	3977	1559657693552869480
1	1	3977	1559657693552877761
100	1	3977	1559657693552972031
1	1	3977	1559657693552989999
100	1	3977	1559657693553055051
1	1	3977	1559657693553063592
100	1	3977	1559657693553159945
1	1	3977	1559657693553168487
100	1	3977	1559657693553235934
1	1	3977	1559657693553244372
100	1	3977	1559657693553339058
1	1	3977	1559657693553347860
100	1	3977	1559657693553411609
1	1	3977	1559657693553420151
100	1	3977	1559657693553514785
1	1	3977	1559657693553523483
100	1	3977	1559657693553587024
1	1	3977	1559657693553595253
100	1	3977	1559657693553694054
1	1	3977	1559657693553702856
100	1	3977	1559657693553766606
1	1	3977	1559657693553775199
100	1	3977	1559657693553871813
1	1	3977	1559657693553880615
100	1	3977	1559657693553944364
1	1	3977	1559657693553952854
100	1	3977	1559657693554056915
1	1	3977	1559657693554065352
100	1	3977	1559657693554136550
1	1	3977	1559657693554145612
100	1	3977	1559657693554244309
1	1	3977	1559657693554253892
100	1	3977	1559657693554337381
1	1	3977	1559657693554346391
100	1	3977	1559657693554445453
1	1	3977	1559657693554453994
100	1	3977	1559657693554518316
1	1	3977	1559657693554526598
100	1	3977	1559657693554624774
1	1	3977	1559657693554633263
100	1	3977	1559657693554696492
1	1	3977	1559657693554704929
100	1	3977	1559657693554803886
1	1	3977	1559657693554812272
100	1	3977	1559657693554877167
1	1	3977	1559657693555597836
100	1	3977	1559657693555755074
1	1	3977	1559657693555768564
100	1	3977	1559657693555836792
1	1	3977	1559657693555848406
100	1	3977	1559657693555957103
1	1	3977	1559657693555966166
100	1	3977	1559657693556031165
1	1	3977	1559657693556040071
100	1	3977	1559657693556136945
1	1	3977	1559657693556145643
100	1	3977	1559657693556208976
1	1	3977	1559657693556218455
100	1	3977	1559657693556316370
1	1	3977	1559657693556325329
100	1	3977	1559657693556388557
1	1	3977	1559657693556427932
100	1	3977	1559657693556525899
1	1	3977	1559657693556534545
100	1	3977	1559657693556602721
1	1	3977	1559657693556612930
100	1	3977	1559657693556710741
1	1	3977	1559657693556719179
100	1	3977	1559657693556784126
1	1	3977	1559657693556792667
100	1	3977	1559657693556888552
1	1	3977	1559657693556896937
100	1	3977	1559657693556959176
1	1	3977	1559657693556967665
100	1	3977	1559657693557066258
1	1	3977	1559657693557074800
100	1	3977	1559657693557136049
1	1	3977	1559657693557144643
100	1	3977	1559657693557240110
1	1	3977	1559657693557248756
100	1	3977	1559657693557310318
1	1	3977	1559657693557318651
100	1	3977	1559657693557416202
1	1	3977	1559657693557424796
100	1	3977	1559657693557505316
1	1	3977	1559657693557514222
100	1	3977	1559657693557610836
1	1	3977	1559657693557619586
100	1	3977	1559657693557681512
1	1	3977	1559657693557704897
100	1	3977	1559657693557808177
1	1	3977	1559657693557816771
100	1	3977	1559657693557880312
1	1	3977	1559657693557890312
100	1	3977	1559657693557986196
1	1	3977	1559657693557994686
100	1	3977	1559657693558058435
1	1	3977	1559657693558067029
100	1	3977	1559657693558163278
1	1	3977	1559657693558172392
100	1	3977	1559657693558236506
1	1	3977	1559657693558245152
100	1	3977	1559657693558341765
1	1	3977	1559657693558350151
100	1	3977	1559657693558416765
1	1	3977	1559657693558425358
100	1	3977	1559657693558525201
1	1	3977	1559657693558534003
100	1	3977	1559657693558603065
1	1	3977	1559657693558614367
100	1	3977	1559657693558713012
1	1	3977	1559657693558721345
100	1	3977	1559657693558785927
1	1	3977	1559657693558795094
100	1	3977	1559657693558890562
1	1	3977	1559657693558898999
100	1	3977	1559657693558963946
1	1	3977	1559657693558972488
100	1	3977	1559657693559163163
1	1	3977	1559657693559172330
100	1	3977	1559657693559238423
1	1	3977	1559657693559246964
100	1	3977	1559657693559342276
1	1	3977	1559657693559351234
100	1	3977	1559657693559414827
1	1	3977	1559657693559423369
100	1	3977	1559657693559521545
1	1	3977	1559657693559529982
100	1	3977	1559657693559592377
1	1	3977	1559657693559600971
100	1	3977	1559657693559698991
1	1	3977	1559657693559710345
100	1	3977	1559657693559788781
1	1	3977	1559657693559799458
100	1	3977	1559657693559909405
1	1	3977	1559657693559917947
100	1	3977	1559657693559979873
1	1	3977	1559657693559991227
100	1	3977	1559657693560089612
1	1	3977	1559657693560098101
100	1	3977	1559657693560162319
1	1	3977	1559657693560170809
100	1	3977	1559657693560265860
1	1	3977	1559657693560274401
100	1	3977	1559657693560336328
1	1	3977	1559657693560344765
100	1	3977	1559657693560445858
1	1	3977	1559657693560457056
100	1	3977	1559657693560574398
1	1	3977	1559657693560584138
100	1	3977	1559657693560682678
1	1	3977	1559657693560691220
100	1	3977	1559657693560758042
1	1	3977	1559657693560766584
100	1	3977	1559657693560865124
1	1	3977	1559657693560873562
100	1	3977	1559657693560936790
1	1	3977	1559657693560945019
100	1	3977	1559657693561041424
1	1	3977	1559657693561050018
100	1	3977	1559657693561122309
1	1	3977	1559657693561130746
100	1	3977	1559657693561225381
1	1	3977	1559657693561235641
100	1	3977	1559657693561297307
1	1	3977	1559657693561306005
100	1	3977	1559657693561400639
1	1	3977	1559657693561409545
100	1	3977	1559657693561474597
1	1	3977	1559657693561485430
100	1	3977	1559657693561580273
1	1	3977	1559657693561588919
100	1	3977	1559657693561654595
1	1	3977	1559657693561662928
100	1	3977	1559657693561758708
1	1	3977	1559657693561767406
100	1	3977	1559657693561858395
1	1	3977	1559657693561867405
100	1	3977	1559657693561964800
1	1	3977	1559657693561973081
100	1	3977	1559657693562039278
1	1	3977	1559657693562054070
100	1	3977	1559657693562151048
1	1	3977	1559657693562159642
100	1	3977	1559657693562222662
1	1	3977	1559657693562231464
100	1	3977	1559657693562328598
1	1	3977	1559657693562337036
100	1	3977	1559657693562399587
1	1	3977	1559657693562407972
100	1	3977	1559657693562504169
1	1	3977	1559657693562512659
100	1	3977	1559657693562576564
1	1	3977	1559657693562585054
100	1	3977	1559657693562681720
1	1	3977	1559657693562690105
100	1	3977	1559657693562809270
1	1	3977	1559657693562819895
100	1	3977	1559657693562919998
1	1	3977	1559657693562928436
100	1	3977	1559657693562993695
1	1	3977	1559657693563002289
100	1	3977	1559657693563098903
1	1	3977	1559657693563144579
100	1	3977	1559657693563211401
1	1	3977	1559657693563222443
100	1	3977	1559657693563325619
1	1	3977	1559657693563334786
100	1	3977	1559657693563431295
1	1	3977	1559657693563439732
100	1	3977	1559657693563543794
1	1	3977	1559657693563552544
100	1	3977	1559657693563628741
1	1	3977	1559657693563637491
100	1	3977	1559657693563735563
1	1	3977	1559657693563744052
100	1	3977	1559657693563806708
1	1	3977	1559657693563814989
100	1	3977	1559657693563910873
1	1	3977	1559657693563919467
100	1	3977	1559657693563981185
1	1	3977	1559657693563990768
100	1	3977	1559657693564091028
1	1	3977	1559657693564099673
100	1	3977	1559657693564173214
1	1	3977	1559657693564183735
100	1	3977	1559657693564289984
1	1	3977	1559657693564299202
100	1	3977	1559657693564367639
1	1	3977	1559657693564377222
100	1	3977	1559657693564481753
1	1	3977	1559657693564492117
100	1	3977	1559657693564559043
1	1	3977	1559657693564624564
100	1	3977	1559657693564736646
1	1	3977	1559657693564747948
100	1	3977	1559657693564823416
1	1	3977	1559657693564831853
100	1	3977	1559657693564933362
1	1	3977	1559657693564941904
100	1	3977	1559657693565009247
1	1	3977	1559657693565017632
100	1	3977	1559657693565128204
1	1	3977	1559657693565136850
100	1	3977	1559657693565203412
1	1	3977	1559657693565211953
100	1	3977	1559657693565311640
1	1	3977	1559657693565322004
100	1	3977	1559657693565387941
1	1	3977	1559657693565396482
100	1	3977	1559657693565500648
1	1	3977	1559657693565509190
100	1	3977	1559657693565578147
1	1	3977	1559657693565586585
100	1	3977	1559657693565690281
1	1	3977	1559657693565699031
100	1	3977	1559657693565769603
1	1	3977	1559657693565778718
100	1	3977	1559657693565881529
1	1	3977	1559657693565890123
100	1	3977	1559657693565962310
1	1	3977	1559657693565971320
100	1	3977	1559657693566132048
1	1	3977	1559657693566142308
100	1	3977	1559657693566210068
1	1	3977	1559657693566218609
100	1	3977	1559657693566319546
1	1	3977	1559657693566327931
100	1	3977	1559657693566393607
1	1	3977	1559657693566402149
100	1	3977	1559657693566502512
1	1	3977	1559657693566510898
100	1	3977	1559657693566577720
1	1	3977	1559657693566586522
100	1	3977	1559657693566689646
1	1	3977	1559657693566698239
100	1	3977	1559657693566764645
1	1	3977	1559657693566773187
100	1	3977	1559657693566877665
1	1	3977	1559657693566886206
100	1	3977	1559657693566957143
1	1	3977	1559657693566965372
100	1	3977	1559657693567066204
1	1	3977	1559657693567075006
100	1	3977	1559657693567144068
1	1	3977	1559657693567153287
100	1	3977	1559657693567256150
1	1	3977	1559657693567265317
100	1	3977	1559657693567335889
1	1	3977	1559657693567345472
100	1	3977	1559657693567451252
1	1	3977	1559657693567501877
100	1	3977	1559657693567616094
1	1	3977	1559657693567624948
100	1	3977	1559657693567726458
1	1	3977	1559657693567738281
100	1	3977	1559657693567806874
1	1	3977	1559657693567815415
100	1	3977	1559657693567923070
1	1	3977	1559657693567931768
100	1	3977	1559657693567999736
1	1	3977	1559657693568008382
100	1	3977	1559657693568109839
1	1	3977	1559657693568118329
100	1	3977	1559657693568187078
1	1	3977	1559657693568196922
100	1	3977	1559657693568298848
1	1	3977	1559657693568307285
100	1	3977	1559657693568379315
1	1	3977	1559657693568388065
100	1	3977	1559657693568490043
1	1	3977	1559657693568499158
100	1	3977	1559657693568565876
1	1	3977	1559657693568575095
100	1	3977	1559657693568677385
1	1	3977	1559657693568686448
100	1	3977	1559657693568749780
1	1	3977	1559657693568759520
100	1	3977	1559657693568855925
1	1	3977	1559657693568867644
100	1	3977	1559657693568984257
1	1	3977	1559657693568993788
100	1	3977	1559657693569090350
1	1	3977	1559657693569099099
100	1	3977	1559657693569162432
1	1	3977	1559657693569170817
100	1	3977	1559657693569264462
1	1	3977	1559657693569273160
100	1	3977	1559657693569334878
1	1	3977	1559657693569343472
100	1	3977	1559657693569440138
1	1	3977	1559657693569448419
100	1	3977	1559657693569510397
1	1	3977	1559657693569518939
100	1	3977	1559657693569650083
1	1	3977	1559657693569659198
100	1	3977	1559657693569721124
1	1	3977	1559657693569729770
100	1	3977	1559657693569825811
1	1	3977	1559657693569834508
100	1	3977	1559657693569907997
1	1	3977	1559657693569916591
100	1	3977	1559657693570014559
1	1	3977	1559657693570023100
100	1	3977	1559657693570084662
1	1	3977	1559657693570093047
100	1	3977	1559657693570190390
1	1	3977	1559657693570198984
100	1	3977	1559657693570260285
1	1	3977	1559657693570285337
100	1	3977	1559657693570382107
1	1	3977	1559657693570391482
100	1	3977	1559657693570452991
1	1	3977	1559657693570461481
100	1	3977	1559657693570556480
1	1	3977	1559657693570564969
100	1	3977	1559657693570627885
1	1	3977	1559657693570636271
100	1	3977	1559657693570734186
1	1	3977	1559657693570742936
100	1	3977	1559657693570804498
1	1	3977	1559657693570813040
100	1	3977	1559657693570906945
1	1	3977	1559657693570915382
100	1	3977	1559657693570976527
1	1	3977	1559657693570986111
100	1	3977	1559657693571081422
1	1	3977	1559657693571089964
100	1	3977	1559657693571154859
1	1	3977	1559657693571163557
100	1	3977	1559657693571259649
1	1	3977	1559657693571268243
100	1	3977	1559657693571329336
1	1	3977	1559657693571337826
100	1	3977	1559657693571431471
1	1	3977	1559657693571440012
100	1	3977	1559657693571502043
1	1	3977	1559657693571524647
100	1	3977	1559657693571621885
1	1	3977	1559657693571630687
100	1	3977	1559657693571692145
1	1	3977	1559657693571700582
100	1	3977	1559657693571795008
1	1	3977	1559657693571803394
100	1	3977	1559657693571865528
1	1	3977	1559657693571873653
100	1	3977	1559657693571968496
1	1	3977	1559657693571976777
100	1	3977	1559657693572038808
1	1	3977	1559657693572047245
100	1	3977	1559657693572142401
1	1	3977	1559657693572150942
100	1	3977	1559657693572212921
1	1	3977	1559657693572221358
100	1	3977	1559657693572317190
1	1	3977	1559657693572325940
100	1	3977	1559657693572387085
1	1	3977	1559657693572395731
100	1	3977	1559657693572489949
1	1	3977	1559657693572498386
100	1	3977	1559657693572559948
1	1	3977	1559657693572568438
100	1	3977	1559657693572662447
1	1	3977	1559657693572671041
100	1	3977	1559657693572783331
1	1	3977	1559657693572792185
100	1	3977	1559657693572906455
1	1	3977	1559657693572915153
100	1	3977	1559657693572976975
1	1	3977	1559657693572986662
100	1	3977	1559657693573080932
1	1	3977	1559657693573089578
100	1	3977	1559657693573153744
1	1	3977	1559657693573162338
100	1	3977	1559657693573258170
1	1	3977	1559657693573266555
100	1	3977	1559657693573327023
1	1	3977	1559657693573335357
100	1	3977	1559657693573429522
1	1	3977	1559657693573438012
100	1	3977	1559657693573500459
1	1	3977	1559657693573508949
100	1	3977	1559657693573602229
1	1	3977	1559657693573611864
100	1	3977	1559657693573673270
1	1	3977	1559657693573681707
100	1	3977	1559657693573776550
1	1	3977	1559657693573785091
100	1	3977	1559657693573846445
1	1	3977	1559657693573854778
100	1	3977	1559657693573949100
1	1	3977	1559657693573957642
100	1	3977	1559657693574018995
1	1	3977	1559657693574027589
100	1	3977	1559657693574121963
1	1	3977	1559657693574145661
100	1	3977	1559657693574210920
1	1	3977	1559657693574219462
100	1	3977	1559657693574315450
1	1	3977	1559657693574323992
100	1	3977	1559657693574385762
1	1	3977	1559657693574394408
100	1	3977	1559657693574489355
1	1	3977	1559657693574497688
100	1	3977	1559657693574559302
1	1	3977	1559657693574567583
100	1	3977	1559657693574660968
1	1	3977	1559657693574669301
100	1	3977	1559657693574730394
1	1	3977	1559657693574739769
100	1	3977	1559657693574833466
1	1	3977	1559657693574841799
100	1	3977	1559657693574904142
1	1	3977	1559657693574912580
100	1	3977	1559657693575007110
1	1	3977	1559657693575015547
100	1	3977	1559657693575076484
1	1	3977	1559657693575084869
100	1	3977	1559657693575178306
1	1	3977	1559657693575193149
100	1	3977	1559657693575258045
1	1	3977	1559657693575266899
100	1	3977	1559657693575362523
1	1	3977	1559657693575371481
100	1	3977	1559657693575459761
1	1	3977	1559657693575468615
100	1	3977	1559657693575564968
1	1	3977	1559657693575573354
100	1	3977	1559657693575643457
1	1	3977	1559657693575651895
100	1	3977	1559657693575746373
1	1	3977	1559657693575754654
100	1	3977	1559657693575816007
1	1	3977	1559657693575824341
100	1	3977	1559657693575917361
1	1	3977	1559657693575925850
100	1	3977	1559657693575987568
1	1	3977	1559657693575996006
100	1	3977	1559657693576089598
1	1	3977	1559657693576098244
100	1	3977	1559657693576160483
1	1	3977	1559657693576168764
100	1	3977	1559657693576262096
1	1	3977	1559657693576270482
100	1	3977	1559657693576334283
1	1	3977	1559657693576342564
100	1	3977	1559657693576437928
1	1	3977	1559657693576446417
100	1	3977	1559657693576507615
1	1	3977	1559657693576516104
100	1	3977	1559657693576610374
1	1	3977	1559657693576619124
100	1	3977	1559657693576680217
1	1	3977	1559657693576703186
100	1	3977	1559657693576797716
1	1	3977	1559657693576806414
100	1	3977	1559657693576868653
1	1	3977	1559657693576876882
100	1	3977	1559657693576970735
1	1	3977	1559657693576979016
100	1	3977	1559657693577041307
1	1	3977	1559657693577049796
100	1	3977	1559657693577142660
1	1	3977	1559657693577151306
100	1	3977	1559657693577212139
1	1	3977	1559657693577220524
100	1	3977	1559657693577316252
1	1	3977	1559657693577324741
100	1	3977	1559657693577387814
1	1	3977	1559657693577396407
100	1	3977	1559657693577492136
1	1	3977	1559657693577500625
100	1	3977	1559657693577562395
1	1	3977	1559657693577570937
100	1	3977	1559657693577664842
1	1	3977	1559657693577673384
100	1	3977	1559657693577735779
1	1	3977	1559657693577744008
100	1	3977	1559657693577836924
1	1	3977	1559657693577845569
100	1	3977	1559657693577907860
1	1	3977	1559657693577930933
100	1	3977	1559657693578029109
1	1	3977	1559657693578037911
100	1	3977	1559657693578099629
1	1	3977	1559657693578109942
100	1	3977	1559657693578205722
1	1	3977	1559657693578214211
100	1	3977	1559657693578276398
1	1	3977	1559657693578284888
100	1	3977	1559657693578380616
1	1	3977	1559657693578388897
100	1	3977	1559657693578451292
1	1	3977	1559657693578459834
100	1	3977	1559657693578553583
1	1	3977	1559657693578562072
100	1	3977	1559657693578624571
1	1	3977	1559657693578633113
100	1	3977	1559657693578726393
1	1	3977	1559657693578735872
100	1	3977	1559657693578796653
1	1	3977	1559657693578805195
100	1	3977	1559657693578898735
1	1	3977	1559657693578907121
100	1	3977	1559657693578967693
1	1	3977	1559657693578976026
100	1	3977	1559657693579071129
1	1	3977	1559657693579079723
100	1	3977	1559657693579141128
1	1	3977	1559657693579165555
100	1	3977	1559657693579262013
1	1	3977	1559657693579270919
100	1	3977	1559657693579331960
1	1	3977	1559657693579340501
100	1	3977	1559657693579436334
1	1	3977	1559657693579444823
100	1	3977	1559657693579507479
1	1	3977	1559657693579516020
100	1	3977	1559657693579611540
1	1	3977	1559657693579620082
100	1	3977	1559657693579680967
1	1	3977	1559657693579689508
100	1	3977	1559657693579784038
1	1	3977	1559657693579792632
100	1	3977	1559657693579853621
1	1	3977	1559657693579863308
100	1	3977	1559657693579956641
1	1	3977	1559657693579965286
100	1	3977	1559657693580027421
1	1	3977	1559657693580035911
100	1	3977	1559657693580129816
1	1	3977	1559657693580138462
100	1	3977	1559657693580199451
1	1	3977	1559657693580207992
100	1	3977	1559657693580301064
1	1	3977	1559657693580309814
100	1	3977	1559657693580372053
1	1	3977	1559657693580380751
100	1	3977	1559657693580491218
1	1	3977	1559657693580500020
100	1	3977	1559657693580563041
1	1	3977	1559657693580571374
100	1	3977	1559657693580665019
1	1	3977	1559657693580673508
100	1	3977	1559657693580736268
1	1	3977	1559657693580744705
100	1	3977	1559657693580837933
1	1	3977	1559657693580846579
100	1	3977	1559657693580908141
1	1	3977	1559657693580916526
100	1	3977	1559657693581010692
1	1	3977	1559657693581021317
100	1	3977	1559657693581082618
1	1	3977	1559657693581091056
100	1	3977	1559657693581186367
1	1	3977	1559657693581194961
100	1	3977	1559657693581265116
1	1	3977	1559657693581273658
100	1	3977	1559657693581368292
1	1	3977	1559657693581376678
100	1	3977	1559657693581438083
1	1	3977	1559657693581446312
100	1	3977	1559657693581541676
1	1	3977	1559657693581550113
100	1	3977	1559657693581612769
1	1	3977	1559657693581621102
100	1	3977	1559657693581714539
1	1	3977	1559657693581724643
100	1	3977	1559657693581800892
1	1	3977	1559657693581809434
100	1	3977	1559657693581903755
1	1	3977	1559657693581912245
100	1	3977	1559657693581973703
1	1	3977	1559657693581984015
100	1	3977	1559657693582077139
1	1	3977	1559657693582085733
100	1	3977	1559657693582146930
1	1	3977	1559657693582155263
100	1	3977	1559657693582250679
1	1	3977	1559657693582259064
100	1	3977	1559657693582320001
1	1	3977	1559657693582328595
100	1	3977	1559657693582421458
1	1	3977	1559657693582429687
100	1	3977	1559657693582491562
1	1	3977	1559657693582500208
100	1	3977	1559657693582594894
1	1	3977	1559657693582603279
100	1	3977	1559657693582666143
1	1	3977	1559657693582674476
100	1	3977	1559657693582798017
1	1	3977	1559657693582806350
100	1	3977	1559657693582869995
1	1	3977	1559657693582878328
100	1	3977	1559657693582973536
1	1	3977	1559657693582983536
100	1	3977	1559657693583062754
1	1	3977	1559657693583071712
100	1	3977	1559657693583166086
1	1	3977	1559657693583174888
100	1	3977	1559657693583237596
1	1	3977	1559657693583245773
100	1	3977	1559657693583339209
1	1	3977	1559657693583347594
100	1	3977	1559657693583410094
1	1	3977	1559657693583418635
100	1	3977	1559657693583511863
1	1	3977	1559657693583520405
100	1	3977	1559657693583581863
1	1	3977	1559657693583590508
100	1	3977	1559657693583687487
1	1	3977	1559657693583695976
100	1	3977	1559657693583757590
1	1	3977	1559657693583765975
100	1	3977	1559657693583860558
1	1	3977	1559657693583869047
100	1	3977	1559657693583931026
1	1	3977	1559657693583939671
100	1	3977	1559657693584034462
1	1	3977	1559657693584042899
100	1	3977	1559657693584104357
1	1	3977	1559657693584114097
100	1	3977	1559657693584207533
1	1	3977	1559657693584216023
100	1	3977	1559657693584278626
1	1	3977	1559657693584303782
100	1	3977	1559657693584399458
1	1	3977	1559657693584407896
100	1	3977	1559657693584469301
1	1	3977	1559657693584477843
100	1	3977	1559657693584572581
1	1	3977	1559657693584581123
100	1	3977	1559657693584642216
1	1	3977	1559657693584650601
100	1	3977	1559657693584748205
1	1	3977	1559657693584756486
100	1	3977	1559657693584818100
1	1	3977	1559657693584826381
100	1	3977	1559657693584919921
1	1	3977	1559657693584928359
100	1	3977	1559657693584990233
1	1	3977	1559657693584998566
100	1	3977	1559657693585091586
1	1	3977	1559657693585100024
100	1	3977	1559657693585161846
1	1	3977	1559657693585170231
100	1	3977	1559657693585264032
1	1	3977	1559657693585272470
100	1	3977	1559657693585333407
1	1	3977	1559657693585341896
100	1	3977	1559657693585436791
1	1	3977	1559657693585445176
100	1	3977	1559657693585506634
1	1	3977	1559657693585529238
100	1	3977	1559657693585625279
1	1	3977	1559657693585634185
100	1	3977	1559657693585695330
1	1	3977	1559657693585703663
100	1	3977	1559657693585798714
1	1	3977	1559657693585807100
100	1	3977	1559657693585869755
1	1	3977	1559657693585878297
100	1	3977	1559657693585971264
1	1	3977	1559657693585979962
100	1	3977	1559657693586042201
1	1	3977	1559657693586050847
100	1	3977	1559657693586148398
1	1	3977	1559657693586156992
100	1	3977	1559657693586218501
1	1	3977	1559657693586226783
100	1	3977	1559657693586321730
1	1	3977	1559657693586330323
100	1	3977	1559657693586391833
1	1	3977	1559657693586400114
100	1	3977	1559657693586494280
1	1	3977	1559657693586506103
100	1	3977	1559657693586567560
1	1	3977	1559657693586576414
100	1	3977	1559657693586671726
1	1	3977	1559657693586680632
100	1	3977	1559657693586742558
1	1	3977	1559657693586752350
100	1	3977	1559657693586864328
1	1	3977	1559657693586873026
100	1	3977	1559657693586942400
1	1	3977	1559657693586950733
100	1	3977	1559657693587044118
1	1	3977	1559657693587052607
100	1	3977	1559657693587116513
1	1	3977	1559657693587125002
100	1	3977	1559657693587218543
1	1	3977	1559657693587227032
100	1	3977	1559657693587289532
1	1	3977	1559657693587297969
100	1	3977	1559657693587391406
1	1	3977	1559657693587399739
100	1	3977	1559657693587461197
1	1	3977	1559657693587469790
100	1	3977	1559657693587564425
1	1	3977	1559657693587572966
100	1	3977	1559657693587634320
1	1	3977	1559657693587642549
100	1	3977	1559657693587736715
1	1	3977	1559657693587744996
100	1	3977	1559657693587806141
1	1	3977	1559657693587814214
100	1	3977	1559657693587909786
1	1	3977	1559657693587918223
100	1	3977	1559657693587980306
1	1	3977	1559657693587989941
100	1	3977	1559657693588098794
1	1	3977	1559657693588108846
100	1	3977	1559657693588170720
1	1	3977	1559657693588179210
100	1	3977	1559657693588273115
1	1	3977	1559657693588281605
100	1	3977	1559657693588343062
1	1	3977	1559657693588351604
100	1	3977	1559657693588445405
1	1	3977	1559657693588453738
100	1	3977	1559657693588514883
1	1	3977	1559657693588523008
100	1	3977	1559657693588617643
1	1	3977	1559657693588625976
100	1	3977	1559657693588686965
1	1	3977	1559657693588695090
100	1	3977	1559657693588788735
1	1	3977	1559657693588797172
100	1	3977	1559657693588859932
1	1	3977	1559657693588868213
100	1	3977	1559657693588962847
1	1	3977	1559657693588971337
100	1	3977	1559657693589033940
1	1	3977	1559657693589042326
100	1	3977	1559657693589136700
1	1	3977	1559657693589145398
100	1	3977	1559657693589206543
1	1	3977	1559657693589214928
100	1	3977	1559657693589310083
1	1	3977	1559657693589320344
100	1	3977	1559657693589405499
1	1	3977	1559657693589414457
100	1	3977	1559657693589509352
1	1	3977	1559657693589518050
100	1	3977	1559657693589578778
1	1	3977	1559657693589587007
100	1	3977	1559657693589680131
1	1	3977	1559657693589688621
100	1	3977	1559657693589750079
1	1	3977	1559657693589758516
100	1	3977	1559657693589851536
1	1	3977	1559657693589861067
100	1	3977	1559657693589923358
1	1	3977	1559657693589931743
100	1	3977	1559657693590026482
1	1	3977	1559657693590034711
100	1	3977	1559657693590095648
1	1	3977	1559657693590104189
100	1	3977	1559657693590198511
1	1	3977	1559657693590207209
100	1	3977	1559657693590268406
1	1	3977	1559657693590276792
100	1	3977	1559657693590371218
1	1	3977	1559657693590379499
100	1	3977	1559657693590440384
1	1	3977	1559657693590448457
100	1	3977	1559657693590541945
1	1	3977	1559657693590550383
100	1	3977	1559657693590628507
1	1	3977	1559657693590637621
100	1	3977	1559657693590731110
1	1	3977	1559657693590740433
100	1	3977	1559657693590801526
1	1	3977	1559657693590809963
100	1	3977	1559657693590902410
1	1	3977	1559657693590910848
100	1	3977	1559657693590973972
1	1	3977	1559657693590983347
100	1	3977	1559657693591079648
1	1	3977	1559657693591088294
100	1	3977	1559657693591149595
1	1	3977	1559657693591157980
100	1	3977	1559657693591252511
1	1	3977	1559657693591261052
100	1	3977	1559657693591321520
1	1	3977	1559657693591330322
100	1	3977	1559657693591423655
1	1	3977	1559657693591432248
100	1	3977	1559657693591494018
1	1	3977	1559657693591502456
100	1	3977	1559657693591595788
1	1	3977	1559657693591604174
100	1	3977	1559657693591666308
1	1	3977	1559657693591674433
100	1	3977	1559657693591767349
1	1	3977	1559657693591775838
100	1	3977	1559657693591836515
1	1	3977	1559657693591861046
100	1	3977	1559657693591955680
1	1	3977	1559657693591964170
100	1	3977	1559657693592028648
1	1	3977	1559657693592036981
100	1	3977	1559657693592133491
1	1	3977	1559657693592142032
100	1	3977	1559657693592202709
1	1	3977	1559657693592210730
100	1	3977	1559657693592302864
1	1	3977	1559657693592311197
100	1	3977	1559657693592372915
1	1	3977	1559657693592381197
100	1	3977	1559657693592474841
1	1	3977	1559657693592484529
100	1	3977	1559657693592553591
1	1	3977	1559657693592561976
100	1	3977	1559657693592655100
1	1	3977	1559657693592663589
100	1	3977	1559657693592724683
1	1	3977	1559657693592759318
100	1	3977	1559657693592858535
1	1	3977	1559657693592867025
100	1	3977	1559657693592928274
1	1	3977	1559657693592936816
100	1	3977	1559657693593029523
1	1	3977	1559657693593038013
100	1	3977	1559657693593187646
1	1	3977	1559657693593211136
100	1	3977	1559657693593309364
1	1	3977	1559657693593318270
100	1	3977	1559657693593380926
1	1	3977	1559657693593389363
100	1	3977	1559657693593483633
1	1	3977	1559657693593491862
100	1	3977	1559657693593552799
1	1	3977	1559657693593561080
100	1	3977	1559657693593653839
1	1	3977	1559657693593662433
100	1	3977	1559657693593722953
1	1	3977	1559657693593731078
100	1	3977	1559657693593825556
1	1	3977	1559657693593834046
100	1	3977	1559657693593895347
1	1	3977	1559657693593903628
100	1	3977	1559657693593999669
1	1	3977	1559657693594007846
100	1	3977	1559657693594070606
1	1	3977	1559657693594079043
100	1	3977	1559657693594174146
1	1	3977	1559657693594182636
100	1	3977	1559657693594245396
1	1	3977	1559657693594253885
100	1	3977	1559657693594320603
1	1	3977	1559657693594324770
100	1	3977	1559657693594355082
1	1	3977	1559657693594360342
100	1	3977	1559657693594415238
1	1	3977	1559657693594419456
100	1	3977	1559657693594450133
1	1	3977	1559657693594454352
100	1	3977	1559657693594501695
1	1	3977	1559657693594505862
100	1	3977	1559657693594536382
1	1	3977	1559657693594540653
100	1	3977	1559657693594587267
1	1	3977	1559657693594591434
100	1	3977	1559657693594622006
1	1	3977	1559657693594626329
100	1	3977	1559657693594672995
1	1	3977	1559657693594677214
100	1	3977	1559657693594724297
1	1	3977	1559657693594728515
100	1	3977	1559657693594776640
1	1	3977	1559657693594780911
100	1	3977	1559657693594811275
1	1	3977	1559657693594815442
100	1	3977	1559657693594863254
1	1	3977	1559657693594867629
100	1	3977	1559657693594897837
1	1	3977	1559657693594902055
100	1	3977	1559657693594948565
1	1	3977	1559657693594952628
100	1	3977	1559657693594983409
1	1	3977	1559657693594987679
100	1	3977	1559657693595034033
1	1	3977	1559657693595045752
100	1	3977	1559657693595077106
1	1	3977	1559657693595081533
100	1	3977	1559657693595128251
1	1	3977	1559657693595132470
100	1	3977	1559657693595164605
1	1	3977	1559657693595168823
100	1	3977	1559657693595216114
1	1	3977	1559657693595220333
100	1	3977	1559657693595251218
1	1	3977	1559657693595255593
100	1	3977	1559657693595302311
1	1	3977	1559657693595306426
100	1	3977	1559657693595336738
1	1	3977	1559657693595340957
100	1	3977	1559657693595387415
1	1	3977	1559657693595391529
100	1	3977	1559657693595422102
1	1	3977	1559657693595426373
100	1	3977	1559657693595473039
1	1	3977	1559657693595477153
100	1	3977	1559657693595508351
1	1	3977	1559657693595512518
100	1	3977	1559657693595559288
1	1	3977	1559657693595563402
100	1	3977	1559657693595593871
1	1	3977	1559657693595598038
100	1	3977	1559657693595645225
1	1	3977	1559657693595649443
100	1	3977	1559657693595687620
1	1	3977	1559657693595692047
100	1	3977	1559657693595739703
1	1	3977	1559657693595743921
100	1	3977	1559657693595774234
1	1	3977	1559657693595778504
100	1	3977	1559657693595825118
1	1	3977	1559657693595829337
100	1	3977	1559657693595860170
1	1	3977	1559657693595864389
100	1	3977	1559657693595910795
1	1	3977	1559657693595914961
100	1	3977	1559657693595945169
1	1	3977	1559657693595949180
100	1	3977	1559657693595996210
1	1	3977	1559657693596000377
100	1	3977	1559657693596030950
1	1	3977	1559657693596035064
100	1	3977	1559657693596081262
1	1	3977	1559657693596086834
100	1	3977	1559657693596117980
1	1	3977	1559657693596122355
100	1	3977	1559657693596168969
1	1	3977	1559657693596173396
100	1	3977	1559657693596204750
1	1	3977	1559657693596208969
100	1	3977	1559657693596256572
1	1	3977	1559657693596260843
100	1	3977	1559657693596295634
1	1	3977	1559657693596307457
100	1	3977	1559657693596354748
1	1	3977	1559657693596359748
100	1	3977	1559657693596390321
1	1	3977	1559657693596394435
100	1	3977	1559657693596440789
1	1	3977	1559657693596445060
100	1	3977	1559657693596475580
1	1	3977	1559657693596479747
100	1	3977	1559657693596527038
1	1	3977	1559657693596531257
100	1	3977	1559657693596561829
1	1	3977	1559657693596566100
100	1	3977	1559657693596613131
1	1	3977	1559657693596617350
100	1	3977	1559657693596648131
1	1	3977	1559657693596652349
100	1	3977	1559657693596698599
1	1	3977	1559657693596702870
100	1	3977	1559657693596734015
1	1	3977	1559657693596738130
100	1	3977	1559657693596784535
1	1	3977	1559657693596788754
100	1	3977	1559657693596819170
1	1	3977	1559657693596823389
100	1	3977	1559657693596870576
1	1	3977	1559657693596874847
100	1	3977	1559657693596905419
1	1	3977	1559657693596917190
100	1	3977	1559657693596965211
1	1	3977	1559657693596969481
100	1	3977	1559657693597000262
1	1	3977	1559657693597004429
100	1	3977	1559657693597052241
1	1	3977	1559657693597056460
100	1	3977	1559657693597086824
1	1	3977	1559657693597091095
100	1	3977	1559657693597138594
1	1	3977	1559657693597142813
100	1	3977	1559657693597173229
1	1	3977	1559657693597177500
100	1	3977	1559657693597224114
1	1	3977	1559657693597228437
100	1	3977	1559657693597260676
1	1	3977	1559657693597264947
100	1	3977	1559657693597312290
1	1	3977	1559657693597316613
100	1	3977	1559657693597347654
1	1	3977	1559657693597351821
100	1	3977	1559657693597398852
1	1	3977	1559657693597403018
100	1	3977	1559657693597433956
1	1	3977	1559657693597438174
100	1	3977	1559657693597485309
1	1	3977	1559657693597489476
100	1	3977	1559657693597520048
1	1	3977	1559657693597531663
100	1	3977	1559657693597579475
1	1	3977	1559657693597583850
100	1	3977	1559657693597614891
1	1	3977	1559657693597619162
100	1	3977	1559657693597666245
1	1	3977	1559657693597670463
100	1	3977	1559657693597700776
1	1	3977	1559657693597705099
100	1	3977	1559657693597751817
1	1	3977	1559657693597756088
100	1	3977	1559657693597786608
1	1	3977	1559657693597790827
100	1	3977	1559657693597837493
1	1	3977	1559657693597841712
100	1	3977	1559657693597872024
1	1	3977	1559657693597876138
100	1	3977	1559657693597922700
1	1	3977	1559657693597926971
100	1	3977	1559657693597957335
1	1	3977	1559657693597961606
100	1	3977	1559657693598008116
1	1	3977	1559657693598012283
100	1	3977	1559657693598042647
1	1	3977	1559657693598046918
100	1	3977	1559657693598093271
1	1	3977	1559657693598097542
100	1	3977	1559657693598128011
1	1	3977	1559657693598132229
100	1	3977	1559657693598186708
1	1	3977	1559657693598191083
100	1	3977	1559657693598221708
1	1	3977	1559657693598225978
100	1	3977	1559657693598273738
1	1	3977	1559657693598278061
100	1	3977	1559657693598309207
1	1	3977	1559657693598313530
100	1	3977	1559657693598361133
1	1	3977	1559657693598365352
100	1	3977	1559657693598396497
1	1	3977	1559657693598400872
100	1	3977	1559657693598447226
1	1	3977	1559657693598451549
100	1	3977	1559657693598482434
1	1	3977	1559657693598486809
100	1	3977	1559657693598533475
1	1	3977	1559657693598537850
100	1	3977	1559657693598568475
1	1	3977	1559657693598572589
100	1	3977	1559657693598619724
1	1	3977	1559657693598623891
100	1	3977	1559657693598654516
1	1	3977	1559657693598658734
100	1	3977	1559657693598705244
1	1	3977	1559657693598709411
100	1	3977	1559657693598740713
1	1	3977	1559657693598744775
100	1	3977	1559657693598791389
1	1	3977	1559657693598796389
100	1	3977	1559657693598833889
1	1	3977	1559657693598838159
100	1	3977	1559657693598884878
1	1	3977	1559657693598889148
100	1	3977	1559657693598919461
1	1	3977	1559657693598923784
100	1	3977	1559657693598970137
1	1	3977	1559657693598974460
100	1	3977	1559657693599005762
1	1	3977	1559657693599011022
100	1	3977	1559657693599057897
1	1	3977	1559657693599062220
100	1	3977	1559657693599092792
1	1	3977	1559657693599096907
100	1	3977	1559657693599143625
1	1	3977	1559657693599147792
100	1	3977	1559657693599178208
1	1	3977	1559657693599182427
100	1	3977	1559657693599228937
1	1	3977	1559657693599233884
100	1	3977	1559657693599264197
1	1	3977	1559657693599268519
100	1	3977	1559657693599315134
1	1	3977	1559657693599319404
100	1	3977	1559657693599350914
1	1	3977	1559657693599355081
100	1	3977	1559657693599402528
1	1	3977	1559657693599406747
100	1	3977	1559657693599449611
1	1	3977	1559657693599453986
100	1	3977	1559657693599500809
1	1	3977	1559657693599505340
100	1	3977	1559657693599536069
1	1	3977	1559657693599540340
100	1	3977	1559657693599586589
1	1	3977	1559657693599590860
100	1	3977	1559657693599621537
1	1	3977	1559657693599625807
100	1	3977	1559657693599672369
1	1	3977	1559657693599676640
100	1	3977	1559657693599707473
1	1	3977	1559657693599711744
100	1	3977	1559657693599759139
1	1	3977	1559657693599763254
100	1	3977	1559657693599794139
1	1	3977	1559657693599798410
100	1	3977	1559657693599845076
1	1	3977	1559657693599849295
100	1	3977	1559657693599880336
1	1	3977	1559657693599884450
100	1	3977	1559657693599930804
1	1	3977	1559657693599935075
100	1	3977	1559657693599965647
1	1	3977	1559657693599969762
100	1	3977	1559657693600016272
1	1	3977	1559657693600020595
100	1	3977	1559657693600051115
1	1	3977	1559657693600062782
100	1	3977	1559657693600111219
1	1	3977	1559657693600115542
100	1	3977	1559657693600146739
1	1	3977	1559657693600150958
100	1	3977	1559657693600197728
1	1	3977	1559657693600201895
100	1	3977	1559657693600233145
1	1	3977	1559657693600237520
100	1	3977	1559657693600283821
1	1	3977	1559657693600287988
100	1	3977	1559657693600318404
1	1	3977	1559657693600322519
100	1	3977	1559657693600369497
1	1	3977	1559657693600373612
100	1	3977	1559657693600405018
1	1	3977	1559657693600409184
100	1	3977	1559657693600457674
1	1	3977	1559657693600461840
100	1	3977	1559657693600493038
1	1	3977	1559657693600497309
100	1	3977	1559657693600543923
1	1	3977	1559657693600548193
100	1	3977	1559657693600578662
1	1	3977	1559657693600582933
100	1	3977	1559657693600629651
1	1	3977	1559657693600633765
